 *********************************************************************************************************
 **                                                                                                     **
 **           .?888888888+.                                                                             **
 **         =88888888888888~.                                                                           **
 **      .78888888888888887                                                                             **
 **     :888888O+. .. .+ZO                                                                              **
 **    ,88888? $,8.8=.                                                                                  **
 **   .8888I=,8:$Z.,+7ZI=.                               88888                       8888:              **
 **   =888~$~7=:888888888888Z                            88888                       8888:              **
 **   I88Z~=~78888888888888888?                          88888                       8888:              **
 **   788:7?:8888888: . I8888888                                        888888       8888:              **
 **   =88,$.88888I         888888    ,8888:     88888    88888        888888888I     8888:    888888    **
 **   .88+.88888$           88888:   ,8888:     88888    88888      $888888888888    8888:   888888     **
 **    I8Z 88888             88888   ,8888:     88888    88888    .888888     8888   8888: 888888       **
 **    .8Z 88888             88888   ,8888:     88888    88888    $88888             8888:88888         **
 **     8I 88888      .=88. .88888   ,8888:     88888    88888    88888              8888888888         **
 **    :8  88888      888888$8888$   ,8888:     88888    88888    8888O              88888888888        **
 **   ,7   +88888.     8888888888.   ,8888:     88888    88888    888888             88888O888888       **
 **         $888888:.   .8888888      88888....888888    88888     888888     8888   8888:  888888      **
 **          I8888888888888888888~    888888888888888    88888     O888888888888O    8888:   888888     **
 **            O88888888888888888=     88888888888888    88888       88888888888$    8888:    888888    **
 **              .~888888Z    O8        .8888I  88888    88888         8888888       8888:     888888   **
 **                                                                                                     **
 **                                                                                                     **
 **                                         Copyright (c) 2011                                          **
 **                                 Regents of the University of Florida                                **
 **                                        All Rights Reserved.                                         **
 **                                                                                                     **
 **                   This software provided pursuant to a license agreement containing                 **
 **                   restrictions on its disclosure, duplication, and use. This software               **
 **                   contains confidential and proprietary information, and may not be                 **
 **                   extracted or distributed, in whole or in part, for any purpose                    **
 **                   whatsoever, without the express written permission of the authors.                **
 **                   This notice, and the associated author list, must be attached to                  **
 **                   all copies, or extracts, of this software. Any additional                         **
 **                   restrictions set forth in the license agreement also apply to this                **
 **                   software.                                                                         **
 *********************************************************************************************************

 Cite this work as:                                                                                       
 Manathunga, M.; Miao, Y.; Mu, D.; He, X.; Ayers,K; Brothers, E.; Götz, A.; Merz,K. M. QUICK             
 University of Florida, Gainesville, FL, 2019 and Michigan State University, East Lansing, MI, 2019       

 If you have any comments or queries, please send us an email for technical support:                      
 quick.merzlab@gmail.com                                                                                  

 TASK STARTS ON: Fri Sep  6 08:29:20 2019
 INPUT FILE :    ch4_b3lyp_opt.in
 OUTPUT FILE:    ch4_b3lyp_opt.out
 DATE FILE  :    ch4_b3lyp_opt.dat
 BASIS SET PATH: /server-home1/madu/bin/quick/ifort18/basis

|------------ CUDA INFORMATION ---------------
|  CUDA version of Quick in use
|  Implemented by
|                      Yipu Miao (Florida)
|  CAUTION: CUDA Quick is currently experimental
|           and you may at risk to use it. Be sure
|           to check result carelly. Advise or 
|           bug report are welcome.
|---------------------------------------------

|------------ GPU INFORMATION ---------------
| CUDA ENABLED DEVICE         :        4
| CUDA DEVICE IN USE          :        0
| CUDA DEVICE NAME            : TITAN V
| CUDA DEVICE PM              :       80
| CUDA DEVICE CORE FREQ(GHZ)  :     1.46
| CUDA DEVICE MEMORY SIZE (MB):    12036
| SUPPORTING CUDA VERSION     :      7.0
|--------------------------------------------

 @ Read Job And Atom

  -------------------------------------
KEYWORD= DFT B3LYP BASIS=STO-3G CUTOFF=1.0D-10 DENSERMS=1.0D-6 OPTIMIZE                                                                                                                                         
  -------------------------------------
 ============== JOB CARD =============
| METHOD = DENSTITY FUNCTIONAL THEORY
| DENSITY FUNCTIONAL = B3LYP
| DIRECT SCF 
| SAD INITAL GUESS 
| USE DIIS SCF
| PRINT ENERGY EVERY CYCLE
| STANDARD GRID = SG1
| GEOMETRY OPTIMIZATION| NUMERICAL GRADIENT
| REQUEST CRITERIA FOR GEOMETRY CONVERGENCE: 
|      MAX ALLOWED GEO CHANGE  =  0.189E+00
|      MAX GEOMETRY CHANGE     =  0.180E-02
|      GEOMETRY CHANGE RMS     =  0.120E-02
|      MAX GRADIENT CHANGE     =  0.100E-02
|      GRADIENT NORMALIZATION  =  0.300E-03
| GRADIENT CALCULATION
| MAX SCF CYCLES =    200
| MAX DIIS CYCLES =   10
| DELTA DENSITY START CYCLE = 1000
| COMPUATIONAL CUTOFF: 
|      TWO-e INTEGRAL   =  0.100E-09
|      BASIS SET PRIME  =  0.100E-19
|      MATRIX ELEMENTS  =  0.100E-09
|      BASIS FUNCTION   =  0.100E-09
|      GRADIENT CUTOFF  =  0.100E-09
| DENSITY MATRIX MAXIMUM RMS FOR CONVERGENCE  =  0.100E-05
| BASIS SET = STO-3G
| BASIS FILE = /server-home1/madu/bin/quick/ifort18/basis/STO-3G

 @ Finish reading job


 @ Begin SAD initial guess

 For Atom Kind =    1
 ELEMENT = C 

 ! WARNING:  ONLY ONE ATOM, TURN OFF OPTIMIZATION.

BASIS FUNCTIONS =    5

 @ Begin Energy Calculation

TOL:    0.000000000100000

SCF CYCLE      =        1      TIME      =     0.01
RMS CHANGE     = 0.245482E+00  MAX CHANGE= 0.665739E+00

SCF CYCLE      =        2      TIME      =     0.01
RMS CHANGE     = 0.632563E-10  MAX CHANGE= 0.150058E-09
CONVERGED!!!!!
ELECTRONIC ENERGY    =     0.000000000
CORE_CORE REPULSION  =     0.000000000
TOTAL ENERGY         =     0.000000000

 @ End Energy calculation

 For Atom Kind =    2
 ELEMENT = H 
BASIS FUNCTIONS =    1

 @ Begin Energy Calculation

TOL:    0.000000000100000

SCF CYCLE      =        1      TIME      =     0.00
RMS CHANGE     = 0.100000E-07  MAX CHANGE= 0.100000E-07
CONVERGED!!!!!
ELECTRONIC ENERGY    =     0.000000000
CORE_CORE REPULSION  =     0.000000000
TOTAL ENERGY         =     0.000000000

 @ End Energy calculation


 @ Finish SAD initial guess


 @ Begin to Read Mol Info


 =========== Molecule Input ==========
| TOTAL MOLECULAR CHARGE  =    0    MULTIPLICITY                =    1
| TOTOAL ATOM NUMBER      =    5    NUMBER OF ATOM TYPES        =    2
| NUMBER OF HYDROGEN ATOM =    4    NUMBER OF NON-HYDROGEN ATOM =    1
| NUMBER OF ELECTRONS     =   10

 -- INPUT GEOMETRY -- :
    C           4.5916       2.6127       4.3145
    H           6.8049       4.5138      -2.5775
    H           8.3134       7.7325      -1.0688
    H           4.3547       2.9911       3.3201
    H           4.5176       3.5187       3.7129

 -- DISTANCE MATRIX -- :
              1           2           3           4           5
      1     0.00000
      2    14.14300     0.00000
      3    15.70226     7.29732     0.00000
      4     2.05984    12.40671    14.31892     0.00000
      5     2.05992    12.78761    14.01826     1.28055     0.00000

============== BASIS INFOS ==============
| BASIS FUNCTIONS =    9
| NSHELL =    6 NPRIM  =   18
| JSHELL =    6 JBASIS =   18


RADII OF SIGNifIGANCE FOR THE BASIS FUNCTIONS
   1           2.587000
   2           9.848000
   3          10.232000
   4          10.232000
   5          10.232000
   6          11.245000
   7          11.245000
   8          11.245000
   9          11.245000

 @ End Reading Mol Info 


 @ Begin Optimization Job


 @ Optimize for New Step


============  GEOMETRY FOR OPTIMIZATION STEP   1 OUT OF   45  ============

GEOMETRY INPUT
ELEMENT      X              Y              Z
  C           4.591600       2.612700       4.314500
  H           6.804901       4.513800      -2.577500
  H           8.313401       7.732501      -1.068800
  H           4.354700       2.991100       3.320100
  H           4.517600       3.518700       3.712900

 @ Begin Energy Calculation

TOL:    0.000000000100000
                                         SCF ENERGY
------------------------------------------------------------------------------------------------------------------------
NCYC       ENERGY         DELTA_E      SCF_TIME  DII_CYC   DII_TIME   O_TIME  DIAG_TIME    MAX_ERR    RMS_CHG    MAX_CHG
------------------------------------------------------------------------------------------------------------------------
  1    -39.299355899      ------         0.397     1        0.33      0.07      0.00    0.1217E+01  0.2753E+00  0.1000E+01
  2    -37.647817245  -.165154E+01       0.058     2        0.00      0.06      0.00    0.1138E+00  0.4446E+00  0.2000E+01
  3    -37.148345106  -.499472E+00       0.058     3        0.00      0.06      0.00    0.5905E+00  0.5832E-01  0.2217E+00
  4    -37.345457716  0.197113E+00       0.058     4        0.00      0.06      0.00    0.4315E+00  0.5191E-01  0.2199E+00
  5    -37.475036129  0.129578E+00       0.058     5        0.00      0.06      0.00    0.2588E+00  0.4559E+00  0.2000E+01
  6    -37.551528115  0.764920E-01       0.058     6        0.00      0.06      0.00    0.2672E+00  0.1822E-01  0.5502E-01
  7    -37.493769789  -.577583E-01       0.058     7        0.00      0.06      0.00    0.3129E+00  0.3954E-01  0.1213E+00
  8    -37.608550697  0.114781E+00       0.058     8        0.00      0.06      0.00    0.2110E+00  0.5183E+00  0.2000E+01
  9    -35.395830699  -.221272E+01       0.058     9        0.00      0.06      0.00    0.9476E+00  0.1248E+00  0.4162E+00
 10    -36.218524932  0.822694E+00       0.058    10        0.00      0.06      0.00    0.9486E+00  0.2329E+00  0.7904E+00
 11    -37.447904708  0.122938E+01       0.058     1        0.00      0.06      0.00    0.3026E+00  0.2761E-01  0.1227E+00
 12    -37.381818909  -.660858E-01       0.058     2        0.00      0.06      0.00    0.3862E+00  0.4534E+00  0.2000E+01
 13    -37.481111177  0.992923E-01       0.058     3        0.00      0.06      0.00    0.3185E+00  0.1211E-01  0.3658E-01
 14    -37.521081406  0.399702E-01       0.058     4        0.00      0.06      0.00    0.2913E+00  0.4557E+00  0.2000E+01
 15    -37.456147469  -.649339E-01       0.058     5        0.00      0.06      0.00    0.2910E+00  0.1009E-01  0.4525E-01
 16    -37.436031184  -.201163E-01       0.058     6        0.00      0.06      0.00    0.3192E+00  0.4525E+00  0.2000E+01
 17    -37.580449157  0.144418E+00       0.058     7        0.00      0.06      0.00    0.2383E+00  0.8923E-02  0.2697E-01
 18    -37.555268670  -.251805E-01       0.058     8        0.00      0.06      0.00    0.2628E+00  0.4712E-02  0.1420E-01
 19    -37.541230418  -.140383E-01       0.058     9        0.00      0.06      0.00    0.2751E+00  0.5119E+00  0.2320E+01
 20    -36.295028232  -.124620E+01       0.058    10        0.00      0.06      0.00    0.5901E+00  0.8172E-01  0.4042E+00
 21    -35.916098695  -.378930E+00       0.058     1        0.00      0.06      0.00    0.6436E+00  0.6228E+00  0.2327E+01
 22    -37.378776921  0.146268E+01       0.058     2        0.00      0.06      0.00    0.3859E+00  0.7333E-01  0.2874E+00
 23    -37.107808216  -.270969E+00       0.058     3        0.00      0.06      0.00    0.6102E+00  0.7633E-02  0.2967E-01
 24    -37.121940169  0.141320E-01       0.058     4        0.00      0.06      0.00    0.6055E+00  0.4479E+00  0.2000E+01
 25    -37.573840826  0.451901E+00       0.059     5        0.00      0.06      0.00    0.2452E+00  0.4474E+00  0.2000E+01
 26    -37.192492824  -.381348E+00       0.058     6        0.00      0.06      0.00    0.5563E+00  0.8025E-01  0.2755E+00
 27    -36.763199922  -.429293E+00       0.058     7        0.00      0.06      0.00    0.7948E+00  0.1435E+00  0.5198E+00
 28    -37.405636534  0.642437E+00       0.058     8        0.00      0.06      0.00    0.3604E+00  0.4517E+00  0.2000E+01
 29    -37.562336317  0.156700E+00       0.058     9        0.00      0.06      0.00    0.2572E+00  0.4219E-02  0.1252E-01
 30    -37.549888672  -.124476E-01       0.058    10        0.00      0.06      0.00    0.2685E+00  0.4492E+00  0.2000E+01
 31    -37.191099997  -.358789E+00       0.058     1        0.00      0.06      0.00    0.5628E+00  0.1685E-01  0.6090E-01
 32    -37.114254019  -.768460E-01       0.058     2        0.00      0.06      0.00    0.6178E+00  0.4477E+00  0.2000E+01
 33    -37.585085146  0.470831E+00       0.058     3        0.00      0.06      0.00    0.2343E+00  0.1052E-01  0.3249E-01
 34    -37.610496875  0.254117E-01       0.058     4        0.00      0.06      0.00    0.2035E+00  0.4464E+00  0.2000E+01
 35    -37.284369381  -.326127E+00       0.058     5        0.00      0.06      0.00    0.4855E+00  0.3220E+00  0.1855E+01
 36    -39.179198776  0.189483E+01       0.058     6        0.00      0.06      0.00    0.6565E-01  0.3314E+00  0.1072E+01
 37    -37.558137957  -.162106E+01       0.058     7        0.00      0.06      0.00    0.2612E+00  0.4532E+00  0.2000E+01
 38    -37.438809589  -.119328E+00       0.058     8        0.00      0.06      0.00    0.3156E+00  0.4534E+00  0.2000E+01
 39    -37.552621749  0.113812E+00       0.058     9        0.00      0.06      0.00    0.2664E+00  0.1840E-01  0.5524E-01
 40    -37.602199672  0.495779E-01       0.059    10        0.00      0.06      0.00    0.2151E+00  0.4506E+00  0.2000E+01
 41    -37.408052579  -.194147E+00       0.058     1        0.00      0.06      0.00    0.3569E+00  0.5586E-01  0.2327E+00
 42    -37.227867878  -.180185E+00       0.058     2        0.00      0.06      0.00    0.5328E+00  0.2158E-01  0.8514E-01
 43    -37.307237496  0.793696E-01       0.058     3        0.00      0.06      0.00    0.4640E+00  0.1496E+00  0.5128E+00
 44    -36.501533461  -.805704E+00       0.058     4        0.00      0.06      0.00    0.8843E+00  0.1557E-01  0.5640E-01
 45    -36.397829564  -.103704E+00       0.058     5        0.00      0.06      0.00    0.9104E+00  0.6286E-01  0.2295E+00
 46    -36.805337866  0.407508E+00       0.058     6        0.00      0.06      0.00    0.7778E+00  0.4501E+00  0.2000E+01
 47    -37.620759413  0.815422E+00       0.058     7        0.00      0.06      0.00    0.1870E+00  0.4489E+00  0.2000E+01
 48    -36.859912096  -.760847E+00       0.058     8        0.00      0.06      0.00    0.7627E+00  0.4499E+00  0.2000E+01
 49    -37.610469344  0.750557E+00       0.058     9        0.00      0.06      0.00    0.2031E+00  0.2241E-01  0.6775E-01
 50    -37.550566484  -.599029E-01       0.058    10        0.00      0.06      0.00    0.2667E+00  0.1355E-01  0.4147E-01
 51    -37.587719196  0.371527E-01       0.058     1        0.00      0.06      0.00    0.2299E+00  0.4482E+00  0.2000E+01
 52    -37.033866866  -.553852E+00       0.058     2        0.00      0.06      0.00    0.6666E+00  0.4764E-01  0.1728E+00
 53    -37.246409214  0.212542E+00       0.058     3        0.00      0.06      0.00    0.5198E+00  0.7038E-01  0.2437E+00
 54    -36.910790925  -.335618E+00       0.058     4        0.00      0.06      0.00    0.7324E+00  0.1625E-02  0.5758E-02
 55    -36.918087640  0.729672E-02       0.058     5        0.00      0.06      0.00    0.7281E+00  0.6774E-02  0.2273E-01
 56    -36.954991289  0.369036E-01       0.058     6        0.00      0.06      0.00    0.7089E+00  0.1726E-01  0.6070E-01
 57    -36.856786238  -.982051E-01       0.058     7        0.00      0.06      0.00    0.7573E+00  0.1515E-01  0.5549E-01
 58    -36.767710913  -.890753E-01       0.058     8        0.00      0.06      0.00    0.7942E+00  0.8479E-02  0.3115E-01
 59    -36.818852338  0.511414E-01       0.058     9        0.00      0.06      0.00    0.7732E+00  0.1608E+00  0.6215E+00
 60    -37.469052041  0.650200E+00       0.058    10        0.00      0.06      0.00    0.2708E+00  0.4565E+00  0.2000E+01
 61    -37.522666595  0.536146E-01       0.058     1        0.00      0.06      0.00    0.2906E+00  0.2448E-03  0.6987E-03
 62    -37.523448318  0.781723E-03       0.058     2        0.00      0.06      0.00    0.2900E+00  0.3747E-02  0.1121E-01
 63    -37.535236158  0.117878E-01       0.058     3        0.00      0.06      0.00    0.2809E+00  0.3641E-02  0.1010E-01
 64    -37.523897334  -.113388E-01       0.058     4        0.00      0.06      0.00    0.2898E+00  0.6575E-02  0.3112E-01
 65    -37.538689156  0.147918E-01       0.058     5        0.00      0.06      0.00    0.2789E+00  0.1398E-02  0.3906E-02
 66    -37.542470296  0.378114E-02       0.058     6        0.00      0.06      0.00    0.2756E+00  0.5891E-02  0.2812E-01
 67    -37.552733635  0.102633E-01       0.058     7        0.00      0.06      0.00    0.2674E+00  0.9294E-02  0.4654E-01
 68    -37.538360790  -.143728E-01       0.058     8        0.00      0.06      0.00    0.2775E+00  0.4521E+00  0.2000E+01
 69    -37.029025744  -.509335E+00       0.058     9        0.00      0.06      0.00    0.6674E+00  0.8738E-02  0.2914E-01
 70    -37.073699924  0.446742E-01       0.058    10        0.00      0.06      0.00    0.6402E+00  0.2053E-01  0.6721E-01
 71    -36.965789194  -.107911E+00       0.058     1        0.00      0.06      0.00    0.7040E+00  0.3887E-01  0.1357E+00
 72    -36.738639990  -.227149E+00       0.058     2        0.00      0.06      0.00    0.8093E+00  0.7701E-02  0.2869E-01
 73    -36.691298771  -.473412E-01       0.058     3        0.00      0.06      0.00    0.8264E+00  0.1376E+00  0.4719E+00
 74    -37.345316522  0.654018E+00       0.058     4        0.00      0.06      0.00    0.4320E+00  0.4497E+00  0.2000E+01
 75    -37.572523001  0.227206E+00       0.058     5        0.00      0.06      0.00    0.2493E+00  0.2993E-01  0.9085E-01
 76    -37.493332045  -.791910E-01       0.058     6        0.00      0.06      0.00    0.3141E+00  0.3449E+00  0.1289E+01
 77    -39.116100996  0.162277E+01       0.058     7        0.00      0.06      0.00    0.2614E+00  0.3145E+00  0.1842E+01
 78    -37.491845070  -.162426E+01       0.058     8        0.00      0.06      0.00    0.2317E+00  0.4616E+00  0.2000E+01
 79    -37.582785072  0.909400E-01       0.058     9        0.00      0.06      0.00    0.2368E+00  0.9201E-02  0.2596E-01
 80    -37.557017679  -.257674E-01       0.058    10        0.00      0.06      0.00    0.2617E+00  0.7137E-02  0.2196E-01
 81    -37.576243642  0.192260E-01       0.058     1        0.00      0.06      0.00    0.2428E+00  0.4479E+00  0.2000E+01
 82    -37.307272480  -.268971E+00       0.058     2        0.00      0.06      0.00    0.4627E+00  0.6074E-01  0.2249E+00
 83    -37.043918333  -.263354E+00       0.058     3        0.00      0.06      0.00    0.6610E+00  0.4542E-02  0.1338E-01
 84    -37.027635028  -.162833E-01       0.058     4        0.00      0.06      0.00    0.6690E+00  0.8715E-01  0.3175E+00
 85    -36.498240845  -.529394E+00       0.058     5        0.00      0.06      0.00    0.8847E+00  0.1151E+00  0.4142E+00
 86    -37.151976797  0.653736E+00       0.058     6        0.00      0.06      0.00    0.5962E+00  0.8750E-02  0.3126E-01
 87    -37.114281569  -.376952E-01       0.058     7        0.00      0.06      0.00    0.6214E+00  0.1365E-01  0.4710E-01
 88    -37.048922443  -.653591E-01       0.058     8        0.00      0.06      0.00    0.6624E+00  0.6015E-01  0.2251E+00
 89    -37.305981390  0.257059E+00       0.058     9        0.00      0.06      0.00    0.4689E+00  0.1850E-01  0.7611E-01
 90    -37.365770342  0.597890E-01       0.058    10        0.00      0.06      0.00    0.4075E+00  0.4517E+00  0.2000E+01
 91    -37.529281078  0.163511E+00       0.058     1        0.00      0.06      0.00    0.2856E+00  0.1095E-02  0.3234E-02
 92    -37.526166428  -.311465E-02       0.058     2        0.00      0.06      0.00    0.2881E+00  0.1816E-01  0.4990E-01
 93    -37.579019993  0.528536E-01       0.058     3        0.00      0.06      0.00    0.2414E+00  0.4554E+00  0.2000E+01
 94    -37.465288229  -.113732E+00       0.058     4        0.00      0.06      0.00    0.2791E+00  0.4565E+00  0.2000E+01
 95    -37.534167048  0.688788E-01       0.058     5        0.00      0.06      0.00    0.2815E+00  0.7764E-02  0.2341E-01
 96    -37.510285848  -.238812E-01       0.058     6        0.00      0.06      0.00    0.2996E+00  0.2305E-02  0.6830E-02
 97    -37.502658425  -.762742E-02       0.058     7        0.00      0.06      0.00    0.3049E+00  0.2564E-02  0.7984E-02
 98    -37.510823027  0.816460E-02       0.058     8        0.00      0.06      0.00    0.2994E+00  0.4039E-01  0.1385E+00
 99    -37.433485331  -.773377E-01       0.058     9        0.00      0.06      0.00    0.3346E+00  0.5384E+00  0.2000E+01
100    -35.316858382  -.211663E+01       0.058    10        0.00      0.06      0.00    0.9396E+00  0.2724E+00  0.9730E+00
101    -37.106809787  0.178995E+01       0.058     1        0.00      0.06      0.00    0.6237E+00  0.2245E-01  0.8210E-01
102    -37.206080991  0.992712E-01       0.058     2        0.00      0.06      0.00    0.5533E+00  0.4453E+00  0.2000E+01
103    -37.621793717  0.415713E+00       0.058     3        0.00      0.06      0.00    0.1874E+00  0.4551E+00  0.2000E+01
104    -37.470176470  -.151617E+00       0.058     4        0.00      0.06      0.00    0.2702E+00  0.1549E-01  0.7107E-01
105    -37.439078794  -.310977E-01       0.058     5        0.00      0.06      0.00    0.3165E+00  0.4545E+00  0.2000E+01
106    -37.530194326  0.911155E-01       0.058     6        0.00      0.06      0.00    0.2843E+00  0.2175E-01  0.6619E-01
107    -37.591010421  0.608161E-01       0.058     7        0.00      0.06      0.00    0.2266E+00  0.6487E-02  0.1986E-01
108    -37.574302412  -.167080E-01       0.059     8        0.00      0.06      0.00    0.2446E+00  0.5032E-02  0.1531E-01
109    -37.560626928  -.136755E-01       0.058     9        0.00      0.06      0.00    0.2580E+00  0.3586E-03  0.9977E-03
110    -37.559602179  -.102475E-02       0.059    10        0.00      0.06      0.00    0.2589E+00  0.1859E-01  0.5470E-01
111    -37.608714106  0.491119E-01       0.058     1        0.00      0.06      0.00    0.2060E+00  0.4866E+00  0.2000E+01
112    -35.918385581  -.169033E+01       0.058     2        0.00      0.06      0.00    0.9699E+00  0.2056E+00  0.7522E+00
113    -37.208765973  0.129038E+01       0.058     3        0.00      0.06      0.00    0.5487E+00  0.9462E-02  0.3528E-01
114    -37.168987527  -.397784E-01       0.058     4        0.00      0.06      0.00    0.5783E+00  0.3235E-01  0.1117E+00
115    -37.014224836  -.154763E+00       0.058     5        0.00      0.06      0.00    0.6770E+00  0.1117E-01  0.3385E-01
116    -37.071209009  0.569842E-01       0.058     6        0.00      0.06      0.00    0.6406E+00  0.2296E-04  0.5964E-04
117    -37.071231136  0.221262E-04       0.058     7        0.00      0.06      0.00    0.6406E+00  0.1592E-02  0.5390E-02
118    -37.079068723  0.783759E-02       0.058     8        0.00      0.06      0.00    0.6357E+00  0.1585E-01  0.5525E-01
119    -37.149524368  0.704556E-01       0.058     9        0.00      0.06      0.00    0.5910E+00  0.8373E-01  0.2937E+00
120    -36.685577123  -.463947E+00       0.058    10        0.00      0.06      0.00    0.8252E+00  0.4571E+00  0.2000E+01
121    -37.577838969  0.892262E+00       0.058     1        0.00      0.06      0.00    0.2369E+00  0.2989E-02  0.8834E-02
122    -37.570956600  -.688237E-02       0.058     2        0.00      0.06      0.00    0.2443E+00  0.2330E-01  0.1004E+00
123    -37.619665506  0.487089E-01       0.058     3        0.00      0.06      0.00    0.1908E+00  0.4507E+00  0.2000E+01
124    -36.795696293  -.823969E+00       0.058     4        0.00      0.06      0.00    0.7833E+00  0.1268E-01  0.4655E-01
125    -36.871034052  0.753378E-01       0.058     5        0.00      0.06      0.00    0.7504E+00  0.2465E-01  0.8648E-01
126    -37.006188093  0.135154E+00       0.058     6        0.00      0.06      0.00    0.6819E+00  0.1091E-01  0.3794E-01
127    -37.060394826  0.542067E-01       0.058     7        0.00      0.06      0.00    0.6509E+00  0.1213E-01  0.4145E-01
128    -37.118395282  0.580005E-01       0.058     8        0.00      0.06      0.00    0.6139E+00  0.3484E-01  0.1186E+00
129    -36.942507065  -.175888E+00       0.058     9        0.00      0.06      0.00    0.7155E+00  0.1682E-01  0.5866E-01
130    -37.031103152  0.885961E-01       0.058    10        0.00      0.06      0.00    0.6678E+00  0.1718E-01  0.5692E-01
131    -37.106990046  0.758869E-01       0.058     1        0.00      0.06      0.00    0.6237E+00  0.1336E+00  0.4966E+00
132    -36.316032089  -.790958E+00       0.058     2        0.00      0.06      0.00    0.9067E+00  0.4728E+00  0.2000E+01
133    -37.577899002  0.126187E+01       0.058     3        0.00      0.06      0.00    0.2410E+00  0.6118E-02  0.1888E-01
134    -37.561487442  -.164116E-01       0.058     4        0.00      0.06      0.00    0.2573E+00  0.4486E+00  0.2000E+01
135    -37.265641471  -.295846E+00       0.058     5        0.00      0.06      0.00    0.5039E+00  0.6638E-01  0.2854E+00
136    -37.456401743  0.190760E+00       0.058     6        0.00      0.06      0.00    0.2914E+00  0.4551E+00  0.2000E+01
137    -37.547069137  0.906674E-01       0.058     7        0.00      0.06      0.00    0.2709E+00  0.1350E-01  0.4114E-01
138    -37.584686120  0.376170E-01       0.058     8        0.00      0.06      0.00    0.2348E+00  0.2392E-02  0.7338E-02
139    -37.578474380  -.621174E-02       0.058     9        0.00      0.06      0.00    0.2412E+00  0.1502E-01  0.4546E-01
140    -37.535783819  -.426906E-01       0.058    10        0.00      0.06      0.00    0.2808E+00  0.3106E-01  0.9494E-01
141    -37.617849971  0.820662E-01       0.058     1        0.00      0.06      0.00    0.1939E+00  0.4455E+00  0.2000E+01
142    -37.131718713  -.486131E+00       0.058     2        0.00      0.06      0.00    0.6036E+00  0.6521E-02  0.2296E-01
143    -37.101386659  -.303321E-01       0.058     3        0.00      0.06      0.00    0.6236E+00  0.1365E+00  0.5000E+00
144    -36.255083855  -.846303E+00       0.058     4        0.00      0.06      0.00    0.9353E+00  0.4691E+00  0.2000E+01
145    -37.619864109  0.136478E+01       0.058     5        0.00      0.06      0.00    0.1899E+00  0.4504E+00  0.2000E+01
146    -37.412100629  -.207763E+00       0.058     6        0.00      0.06      0.00    0.3517E+00  0.5647E-01  0.2359E+00
147    -37.228478696  -.183622E+00       0.058     7        0.00      0.06      0.00    0.5334E+00  0.1640E-01  0.6126E-01
148    -37.163705903  -.647728E-01       0.058     8        0.00      0.06      0.00    0.5808E+00  0.3299E+00  0.1863E+01
149    -39.176775926  0.201307E+01       0.058     9        0.00      0.06      0.00    0.9554E-01  0.3143E+00  0.1842E+01
150    -37.447353175  -.172942E+01       0.058    10        0.00      0.06      0.00    0.3017E+00  0.4543E+00  0.2000E+01
151    -37.536802396  0.894492E-01       0.058     1        0.00      0.06      0.00    0.2801E+00  0.1000E-01  0.2753E-01
152    -37.566141403  0.293390E-01       0.058     2        0.00      0.06      0.00    0.2546E+00  0.2676E-01  0.7656E-01
153    -37.619360679  0.532193E-01       0.058     3        0.00      0.06      0.00    0.1899E+00  0.4456E+00  0.2000E+01
154    -37.221328135  -.398033E+00       0.058     4        0.00      0.06      0.00    0.5425E+00  0.5894E-01  0.2448E+00
155    -37.416866100  0.195538E+00       0.058     5        0.00      0.06      0.00    0.3459E+00  0.1946E-01  0.8752E-01
156    -37.459473777  0.426077E-01       0.058     6        0.00      0.06      0.00    0.2867E+00  0.4549E+00  0.2000E+01
157    -37.565368579  0.105895E+00       0.058     7        0.00      0.06      0.00    0.2540E+00  0.1154E-01  0.3433E-01
158    -37.530768089  -.346005E-01       0.058     8        0.00      0.06      0.00    0.2839E+00  0.1411E-01  0.4150E-01
159    -37.484238266  -.465298E-01       0.058     9        0.00      0.06      0.00    0.3166E+00  0.7928E-03  0.2377E-02
160    -37.481534462  -.270380E-02       0.058    10        0.00      0.06      0.00    0.3183E+00  0.4845E+00  0.2296E+01
161    -36.521207090  -.960327E+00       0.058     1        0.00      0.06      0.00    0.5476E+00  0.1187E-01  0.6296E-01
162    -36.570344423  0.491373E-01       0.058     2        0.00      0.06      0.00    0.5400E+00  0.9215E-02  0.4788E-01
163    -36.535185409  -.351590E-01       0.058     3        0.00      0.06      0.00    0.5437E+00  0.8696E-01  0.4400E+00
164    -36.145519568  -.389666E+00       0.058     4        0.00      0.06      0.00    0.6141E+00  0.9361E-01  0.4553E+00
165    -35.714526602  -.430993E+00       0.058     5        0.00      0.06      0.00    0.6603E+00  0.6330E+00  0.2413E+01
166    -37.454744483  0.174022E+01       0.058     6        0.00      0.06      0.00    0.2944E+00  0.4535E+00  0.2000E+01
167    -37.618870002  0.164126E+00       0.058     7        0.00      0.06      0.00    0.1922E+00  0.1129E-01  0.3496E-01
168    -37.595584326  -.232857E-01       0.058     8        0.00      0.06      0.00    0.2241E+00  0.4271E-02  0.1261E-01
169    -37.586069065  -.951526E-02       0.058     9        0.00      0.06      0.00    0.2347E+00  0.3322E+00  0.1014E+01
170    -39.175595412  0.158953E+01       0.058    10        0.00      0.06      0.00    0.5740E-01  0.3144E+00  0.1838E+01
171    -37.476050856  -.169954E+01       0.059     1        0.00      0.06      0.00    0.2587E+00  0.4257E-01  0.1535E+00
172    -37.451006180  -.250447E-01       0.058     2        0.00      0.06      0.00    0.2963E+00  0.2245E-01  0.8131E-01
173    -37.417524325  -.334819E-01       0.058     3        0.00      0.06      0.00    0.3364E+00  0.9331E-01  0.3703E+00
174    -37.067624830  -.349899E+00       0.058     4        0.00      0.06      0.00    0.6368E+00  0.2875E-02  0.9641E-02
175    -37.081060637  0.134358E-01       0.058     5        0.00      0.06      0.00    0.6288E+00  0.3909E-01  0.1408E+00
176    -37.244258700  0.163198E+00       0.058     6        0.00      0.06      0.00    0.5160E+00  0.1477E-01  0.5861E-01
177    -37.300346206  0.560875E-01       0.058     7        0.00      0.06      0.00    0.4660E+00  0.4503E+00  0.2000E+01
178    -37.518969089  0.218623E+00       0.058     8        0.00      0.06      0.00    0.2931E+00  0.1208E-01  0.3764E-01
179    -37.478821929  -.401472E-01       0.058     9        0.00      0.06      0.00    0.3203E+00  0.3952E-01  0.1206E+00
180    -37.597983043  0.119161E+00       0.059    10        0.00      0.06      0.00    0.2192E+00  0.4469E+00  0.2000E+01
181    -37.094660950  -.503322E+00       0.058     1        0.00      0.06      0.00    0.6284E+00  0.2743E-02  0.9345E-02
182    -37.082132407  -.125285E-01       0.058     2        0.00      0.06      0.00    0.6360E+00  0.3574E-01  0.1310E+00
183    -37.236756789  0.154624E+00       0.058     3        0.00      0.06      0.00    0.5270E+00  0.5392E-02  0.1699E-01
184    -37.250064019  0.133072E-01       0.058     4        0.00      0.06      0.00    0.5175E+00  0.8453E-01  0.2858E+00
185    -36.835458921  -.414605E+00       0.058     5        0.00      0.06      0.00    0.7666E+00  0.4952E-01  0.1859E+00
186    -36.525509800  -.309949E+00       0.058     6        0.00      0.06      0.00    0.8726E+00  0.1352E+00  0.4754E+00
187    -37.264536286  0.739026E+00       0.058     7        0.00      0.06      0.00    0.5030E+00  0.6773E-02  0.2663E-01
188    -37.238798898  -.257374E-01       0.058     8        0.00      0.06      0.00    0.5244E+00  0.4488E+00  0.2000E+01
189    -37.554061455  0.315263E+00       0.058     9        0.00      0.06      0.00    0.2650E+00  0.2191E-02  0.6502E-02
190    -37.547631798  -.642966E-02       0.058    10        0.00      0.06      0.00    0.2707E+00  0.1553E-02  0.4542E-02
191    -37.542928131  -.470367E-02       0.058     1        0.00      0.06      0.00    0.2747E+00  0.1862E-01  0.5659E-01
192    -37.594543229  0.516151E-01       0.058     2        0.00      0.06      0.00    0.2234E+00  0.4471E+00  0.2000E+01
193    -37.102219883  -.492323E+00       0.058     3        0.00      0.06      0.00    0.6227E+00  0.3510E-01  0.1219E+00
194    -36.917495546  -.184724E+00       0.058     4        0.00      0.06      0.00    0.7280E+00  0.2476E-01  0.8891E-01
195    -36.772152893  -.145343E+00       0.058     5        0.00      0.06      0.00    0.7931E+00  0.5035E-02  0.1836E-01
196    -36.743239325  -.289136E-01       0.058     6        0.00      0.06      0.00    0.8036E+00  0.2149E-02  0.6224E-02
197    -36.755331999  0.120927E-01       0.058     7        0.00      0.06      0.00    0.7981E+00  0.4568E-02  0.1347E-01
198    -36.729460180  -.258718E-01       0.058     8        0.00      0.06      0.00    0.8098E+00  0.1411E-01  0.5274E-01
199    -36.816499886  0.870397E-01       0.058     9        0.00      0.06      0.00    0.7745E+00  0.1022E-01  0.3519E-01
RAN OUT OF CYCLES.  NO CONVERGENCE.
PERFORM FINAL NO INTERPOLATION ITERATION
ELECTRONIC ENERGY    =   -44.666368582
CORE_CORE REPULSION  =     7.849868697
TOTAL ENERGY         =   -36.816499886

 @ End Energy calculation

  GRADIENT CALCULATION TIME    0.104263000 S
