 *********************************************************************************************************
 **                                                                                                     **
 **           .?888888888+.                                                                             **
 **         =88888888888888~.                                                                           **
 **      .78888888888888887                                                                             **
 **     :888888O+. .. .+ZO                                                                              **
 **    ,88888? $,8.8=.                                                                                  **
 **   .8888I=,8:$Z.,+7ZI=.                               88888                       8888:              **
 **   =888~$~7=:888888888888Z                            88888                       8888:              **
 **   I88Z~=~78888888888888888?                          88888                       8888:              **
 **   788:7?:8888888: . I8888888                                        888888       8888:              **
 **   =88,$.88888I         888888    ,8888:     88888    88888        888888888I     8888:    888888    **
 **   .88+.88888$           88888:   ,8888:     88888    88888      $888888888888    8888:   888888     **
 **    I8Z 88888             88888   ,8888:     88888    88888    .888888     8888   8888: 888888       **
 **    .8Z 88888             88888   ,8888:     88888    88888    $88888             8888:88888         **
 **     8I 88888      .=88. .88888   ,8888:     88888    88888    88888              8888888888         **
 **    :8  88888      888888$8888$   ,8888:     88888    88888    8888O              88888888888        **
 **   ,7   +88888.     8888888888.   ,8888:     88888    88888    888888             88888O888888       **
 **         $888888:.   .8888888      88888....888888    88888     888888     8888   8888:  888888      **
 **          I8888888888888888888~    888888888888888    88888     O888888888888O    8888:   888888     **
 **            O88888888888888888=     88888888888888    88888       88888888888$    8888:    888888    **
 **              .~888888Z    O8        .8888I  88888    88888         8888888       8888:     888888   **
 **                                                                                                     **
 **                                                                                                     **
 **                                         Copyright (c) 2011                                          **
 **                                 Regents of the University of Florida                                **
 **                                        All Rights Reserved.                                         **
 **                                                                                                     **
 **                   This software provided pursuant to a license agreement containing                 **
 **                   restrictions on its disclosure, duplication, and use. This software               **
 **                   contains confidential and proprietary information, and may not be                 **
 **                   extracted or distributed, in whole or in part, for any purpose                    **
 **                   whatsoever, without the express written permission of the authors.                **
 **                   This notice, and the associated author list, must be attached to                  **
 **                   all copies, or extracts, of this software. Any additional                         **
 **                   restrictions set forth in the license agreement also apply to this                **
 **                   software.                                                                         **
 *********************************************************************************************************

 Cite this work as:                                                                                       
 Manathunga, M.; Miao, Y.; Mu, D.; He, X.; Ayers,K; Brothers, E.; Götz, A.; Merz,K. M. QUICK             
 University of Florida, Gainesville, FL, 2019 and Michigan State University, East Lansing, MI, 2019       

 If you have any comments or queries, please send us an email for technical support:                      
 quick.merzlab@gmail.com                                                                                  

 TASK STARTS ON: Wed Aug 14 05:55:59 2019
 INPUT FILE :    lbxc_waterb3lyp_opt.in
 OUTPUT FILE:    lbxc_waterb3lyp_opt.out
 DATE FILE  :    lbxc_waterb3lyp_opt.dat
 BASIS SET PATH: /server-home1/madu/bin/quick/ifort18/basis

 - MPI Enabled -
 TOTAL PROCESSOR =     4
 MASTER NAME     = chinotto                      

 @ Read Job And Atom

  -------------------------------------
KEYWORD= LIBXC HYB_GGA_XC_B3LYP BASIS=6-31G CUTOFF=1.0D-10 DENSERMS=1.0D-6 OPTIMIZE                                                                                                                             
  -------------------------------------
 ============== JOB CARD =============
| METHOD = DENSTITY FUNCTIONAL THEORY
| USING LIBXC VERSION: 4.3.4
| FUNCTIONAL INFORMATION:
| NAME = B3LYP FAMILY = HYBRID GGA KIND = EXCHANGE CORRELATION
| DIRECT SCF 
| SAD INITAL GUESS 
| USE DIIS SCF
| PRINT ENERGY EVERY CYCLE
| STANDARD GRID = SG1
| GEOMETRY OPTIMIZATION| NUMERICAL GRADIENT
| REQUEST CRITERIA FOR GEOMETRY CONVERGENCE: 
|      MAX ALLOWED GEO CHANGE  =  0.189E+00
|      MAX GEOMETRY CHANGE     =  0.180E-02
|      GEOMETRY CHANGE RMS     =  0.120E-02
|      MAX GRADIENT CHANGE     =  0.100E-02
|      GRADIENT NORMALIZATION  =  0.300E-03
| GRADIENT CALCULATION
| MAX SCF CYCLES =    200
| MAX DIIS CYCLES =   10
| DELTA DENSITY START CYCLE = 1000
| COMPUATIONAL CUTOFF: 
|      TWO-e INTEGRAL   =  0.100E-09
|      BASIS SET PRIME  =  0.100E-19
|      MATRIX ELEMENTS  =  0.100E-09
|      BASIS FUNCTION   =  0.100E-09
|      GRADIENT CUTOFF  =  0.100E-09
| DENSITY MATRIX MAXIMUM RMS FOR CONVERGENCE  =  0.100E-05
| BASIS SET = 6-31G
| BASIS FILE = /server-home1/madu/bin/quick/ifort18/basis/6-31G

 @ Finish reading job


 @ Begin SAD initial guess

 For Atom Kind =    1
 ELEMENT = O 

 ! WARNING:  ONLY ONE ATOM, TURN OFF OPTIMIZATION.

BASIS FUNCTIONS =    9

 @ Begin Energy Calculation

TOL:    0.000000000100000

SCF CYCLE      =        1      TIME      =     0.05
RMS CHANGE     = 0.150543E+00  MAX CHANGE= 0.709514E+00

SCF CYCLE      =        2      TIME      =     0.04
RMS CHANGE     = 0.813251E-01  MAX CHANGE= 0.292791E+00

SCF CYCLE      =        3      TIME      =   0.04
DIIS CYCLE     =        1      MAX ERROR = 0.237253E-01
RMS CHANGE     = 0.640345E-02  MAX CHANGE= 0.247217E-01

SCF CYCLE      =        4      TIME      =   0.04
DIIS CYCLE     =        2      MAX ERROR = 0.717996E-02
RMS CHANGE     = 0.233510E-02  MAX CHANGE= 0.921819E-02

SCF CYCLE      =        5      TIME      =   0.04
DIIS CYCLE     =        3      MAX ERROR = 0.298399E-02
RMS CHANGE     = 0.133240E-02  MAX CHANGE= 0.503608E-02

SCF CYCLE      =        6      TIME      =   0.04
DIIS CYCLE     =        4      MAX ERROR = 0.110807E-02
RMS CHANGE     = 0.986522E-03  MAX CHANGE= 0.381572E-02

SCF CYCLE      =        7      TIME      =   0.04
DIIS CYCLE     =        5      MAX ERROR = 0.364363E-04
RMS CHANGE     = 0.292852E-04  MAX CHANGE= 0.127867E-03
DIIS FAILED !! RETURN TO NORMAL SCF. (NOT FATAL.)

SCF CYCLE      =        8      TIME      =     0.04
RMS CHANGE     = 0.515945E-05  MAX CHANGE= 0.209008E-04

SCF CYCLE      =        9      TIME      =   0.04
DIIS CYCLE     =        1      MAX ERROR = 0.502509E-05
RMS CHANGE     = 0.228262E-05  MAX CHANGE= 0.102358E-04

SCF CYCLE      =       10      TIME      =   0.04
DIIS CYCLE     =        2      MAX ERROR = 0.121250E-05
RMS CHANGE     = 0.882888E-06  MAX CHANGE= 0.354765E-05
PREPARED FOR FINAL NO INTERPOLATION ITERATION

SCF CYCLE      =       11      TIME      =     0.04
RMS CHANGE     = 0.761164E-06  MAX CHANGE= 0.302067E-05
CONVERGED!!!!!
ELECTRONIC ENERGY    =     0.000000000
CORE_CORE REPULSION  =     0.000000000
TOTAL ENERGY         =     0.000000000

 @ End Energy calculation

 For Atom Kind =    2
 ELEMENT = H 
BASIS FUNCTIONS =    2

 @ Begin Energy Calculation

TOL:    0.000000000100000

SCF CYCLE      =        1      TIME      =     0.00
RMS CHANGE     = 0.256654E+00  MAX CHANGE= 0.291569E+00

SCF CYCLE      =        2      TIME      =     0.00
RMS CHANGE     = 0.152139E-01  MAX CHANGE= 0.238378E-01

SCF CYCLE      =        3      TIME      =   0.00
DIIS CYCLE     =        1      MAX ERROR = 0.543720E-02
RMS CHANGE     = 0.492246E-02  MAX CHANGE= 0.776945E-02

SCF CYCLE      =        4      TIME      =   0.00
DIIS CYCLE     =        2      MAX ERROR = 0.175010E-02
RMS CHANGE     = 0.234112E-02  MAX CHANGE= 0.370386E-02
DIIS FAILED !! RETURN TO NORMAL SCF. (NOT FATAL.)

SCF CYCLE      =        5      TIME      =     0.00
RMS CHANGE     = 0.142040E-10  MAX CHANGE= 0.224882E-10
CONVERGED!!!!!
ELECTRONIC ENERGY    =     0.000000000
CORE_CORE REPULSION  =     0.000000000
TOTAL ENERGY         =     0.000000000

 @ End Energy calculation


 @ Finish SAD initial guess


 @ Begin to Read Mol Info


 =========== Molecule Input ==========
| TOTAL MOLECULAR CHARGE  =    0    MULTIPLICITY                =    1
| TOTOAL ATOM NUMBER      =    3    NUMBER OF ATOM TYPES        =    2
| NUMBER OF HYDROGEN ATOM =    2    NUMBER OF NON-HYDROGEN ATOM =    1
| NUMBER OF ELECTRONS     =   10

 -- INPUT GEOMETRY -- :
    O          -0.0676      -0.3153       0.0000
    H           0.8924      -0.3153       0.0000
    H          -0.3880       0.5896       0.0000

 -- DISTANCE MATRIX -- :
              1           2           3
      1     0.00000
      2     1.81414     0.00000
      3     1.81414     2.96300     0.00000

============== BASIS INFOS ==============
| BASIS FUNCTIONS =   13
| NSHELL =    7 NPRIM  =   18
| JSHELL =    7 JBASIS =   18


RADII OF SIGNifIGANCE FOR THE BASIS FUNCTIONS
   1           2.034000
   2           4.731000
   3           4.909000
   4           4.909000
   5           4.909000
   6           8.965000
   7           9.314000
   8           9.314000
   9           9.314000
  10           5.909000
  11          11.497000
  12           5.909000
  13          11.497000

 @ End Reading Mol Info 


 @ Begin Optimization Job


 @ Optimize for New Step


============  GEOMETRY FOR OPTIMIZATION STEP   1 OUT OF   27  ============

GEOMETRY INPUT
ELEMENT      X              Y              Z
  O          -0.067568      -0.315315       0.000000
  H           0.892433      -0.315315       0.000000
  H          -0.388022       0.589621       0.000000

 @ Begin Energy Calculation

TOL:    0.000000000100000
                                         SCF ENERGY
------------------------------------------------------------------------------------------------------------------------
NCYC       ENERGY         DELTA_E      SCF_TIME  DII_CYC   DII_TIME   O_TIME  DIAG_TIME    MAX_ERR    RMS_CHG    MAX_CHG
------------------------------------------------------------------------------------------------------------------------
  1    -76.406957533      ------         0.023     1        0.00      0.02      0.00    0.1671E+01  0.1072E+00  0.4244E+00
  2    -76.315625637  -.913319E-01       0.020     2        0.00      0.02      0.00    0.2761E+00  0.7099E-01  0.3222E+00
  3    -76.283135998  -.324896E-01       0.019     3        0.00      0.02      0.00    0.3306E+00  0.3897E-01  0.1910E+00
  4    -76.385675404  0.102539E+00       0.016     4        0.00      0.02      0.00    0.2855E-02  0.7437E-03  0.2928E-02
  5    -76.385686395  0.109914E-04       0.019     5        0.00      0.02      0.00    0.6109E-03  0.1239E-03  0.3751E-03
  6    -76.385686799  0.403878E-06       0.019     6        0.00      0.02      0.00    0.7456E-04  0.1734E-04  0.5257E-04
  7    -76.385686807  0.781620E-08       0.018     7        0.00      0.02      0.00    0.2366E-05  0.1616E-05  0.7527E-05
    --------------- 2E-INT CUTOFF CHANGE TO 0.1000E-08 -------------
  8    -76.385686792  -.146577E-07       0.019     8        0.00      0.02      0.00    0.9754E-06  0.2013E-06  0.9955E-06
------------------------------------------------------------------------------------------------------------------------
 REACH CONVERGENCE AFTER   8 CYLCES
 MAX ERROR = 0.975368E-06   RMS CHANGE = 0.201325E-06   MAX CHANGE = 0.995548E-06
 -----------------------------------------------
ALPHA ELECTRON DENSITY    =    0.2678430888
BETA ELECTRON DENSITY     =    0.2678430888
ELECTRONIC ENERGY    =   -85.542802775
CORE_CORE REPULSION  =     9.157115983
TOTAL ENERGY         =   -76.385686792

 @ End Energy calculation

  GRADIENT CALCULATION TIME    0.042190000 S

 ANALYTICAL GRADIENT: 
----------------------------------------------------------------------------
 VARIBLES    OLD_X            OLD_GRAD        NEW_GRAD          NEW_X
----------------------------------------------------------------------------
    1X    -0.0675675652     0.0000000000     0.0097420009    -0.1675675652
    1Y    -0.3153153341     0.0000000000     0.0140256750    -0.4153153341
    1Z     0.0000000000     0.0000000000     0.0000000031    -0.0000000619
    2X     0.8924325081     0.0000000000    -0.0140638532     0.9924325081
    2Y    -0.3153153341     0.0000000000    -0.0004533077    -0.3061956796
    2Z     0.0000000000     0.0000000000    -0.0000000055     0.0000001112
    3X    -0.3880221796     0.0000000000     0.0043463430    -0.4754619989
    3Y     0.5896205650     0.0000000000    -0.0135413206     0.6896205650
    3Z     0.0000000000     0.0000000000     0.0000000024    -0.0000000492
----------------------------------------------------------------------------
 OPTIMZATION STATISTICS:
 MAXIMUM GRADIENT ELEMENT=    0.1406385323E-01(REQUEST=    0.1000000000E-02)

 @ Finish Optimization for This Step


 @ Optimize for New Step


============  GEOMETRY FOR OPTIMIZATION STEP   2 OUT OF   27  ============

GEOMETRY INPUT
ELEMENT      X              Y              Z
  O          -0.167568      -0.415315      -0.000000
  H           0.992433      -0.306196       0.000000
  H          -0.475462       0.689621      -0.000000

 @ Begin Energy Calculation

TOL:    0.000000000100000
                                         SCF ENERGY
------------------------------------------------------------------------------------------------------------------------
NCYC       ENERGY         DELTA_E      SCF_TIME  DII_CYC   DII_TIME   O_TIME  DIAG_TIME    MAX_ERR    RMS_CHG    MAX_CHG
------------------------------------------------------------------------------------------------------------------------
  1    -76.202163136      ------         0.019     1        0.00      0.02      0.00    0.1112E+01  0.1013E+00  0.3955E+00
  2    -76.277051363  0.748882E-01       0.016     2        0.00      0.02      0.00    0.2910E+00  0.8389E-01  0.3891E+00
  3    -76.189365957  -.876854E-01       0.018     3        0.00      0.02      0.00    0.3884E+00  0.4988E-01  0.2549E+00
  4    -76.350489267  0.161123E+00       0.018     4        0.00      0.02      0.00    0.8910E-02  0.1355E-02  0.5558E-02
  5    -76.350547071  0.578038E-04       0.019     5        0.00      0.02      0.00    0.1680E-02  0.2858E-03  0.9989E-03
  6    -76.350549639  0.256829E-05       0.019     6        0.00      0.02      0.00    0.2640E-03  0.4917E-04  0.1649E-03
  7    -76.350549711  0.717507E-07       0.018     7        0.00      0.02      0.00    0.1001E-04  0.6135E-05  0.2969E-04
    --------------- 2E-INT CUTOFF CHANGE TO 0.1000E-08 -------------
  8    -76.350549647  -.634945E-07       0.018     8        0.00      0.02      0.00    0.6042E-05  0.1055E-05  0.3956E-05
  9    -76.350549648  0.393872E-10       0.018     9        0.00      0.02      0.00    0.1224E-06  0.5894E-07  0.3048E-06
------------------------------------------------------------------------------------------------------------------------
 REACH CONVERGENCE AFTER   9 CYLCES
 MAX ERROR = 0.122388E-06   RMS CHANGE = 0.589367E-07   MAX CHANGE = 0.304756E-06
 -----------------------------------------------
ALPHA ELECTRON DENSITY    =    0.2675104089
BETA ELECTRON DENSITY     =    0.2675104089
ELECTRONIC ENERGY    =   -83.973095359
CORE_CORE REPULSION  =     7.622545712
TOTAL ENERGY         =   -76.350549648

 @ End Energy calculation

  GRADIENT CALCULATION TIME    0.037721000 S

 ANALYTICAL GRADIENT: 
----------------------------------------------------------------------------
 VARIBLES    OLD_X            OLD_GRAD        NEW_GRAD          NEW_X
----------------------------------------------------------------------------
    1X    -0.1675675652     0.0097420009    -0.0650314540    -0.1266297242
    1Y    -0.4153153341     0.0140256750    -0.0881590123    -0.4003478295
    1Z    -0.0000000619     0.0000000031    -0.0000000206    -0.0000000187
    2X     0.9924325081    -0.0140638532     0.0872894635     0.9776964640
    2Y    -0.3061956796    -0.0004533077     0.0082012473    -0.3125670964
    2Z     0.0000001112    -0.0000000055     0.0000000208     0.0000000335
    3X    -0.4754619989     0.0043463430    -0.0222752794    -0.4143724544
    3Y     0.6896205650    -0.0135413206     0.0799835445     0.6717165981
    3Z    -0.0000000492     0.0000000024    -0.0000000002    -0.0000000148
----------------------------------------------------------------------------
 OPTIMZATION STATISTICS:
 ENERGY CHANGE           =    0.3513714463E-01 (REQUEST= 0.10000E-05)
 MAXIMUM GEOMETRY CHANGE =    0.6108954449E-01 (REQUEST= 0.18000E-02)
 GEOMETRY CHANGE RMS     =    0.2626819675E-01 (REQUEST= 0.12000E-02)
 GRADIENT NORM           =    0.5434597789E-01 (REQUEST= 0.30000E-03)

 @ Finish Optimization for This Step


 @ Optimize for New Step


============  GEOMETRY FOR OPTIMIZATION STEP   3 OUT OF   27  ============

GEOMETRY INPUT
ELEMENT      X              Y              Z
  O          -0.126630      -0.400348      -0.000000
  H           0.977696      -0.312567       0.000000
  H          -0.414372       0.671717      -0.000000

 @ Begin Energy Calculation

TOL:    0.000000000100000
                                         SCF ENERGY
------------------------------------------------------------------------------------------------------------------------
NCYC       ENERGY         DELTA_E      SCF_TIME  DII_CYC   DII_TIME   O_TIME  DIAG_TIME    MAX_ERR    RMS_CHG    MAX_CHG
------------------------------------------------------------------------------------------------------------------------
  1    -76.249400396      ------         0.016     1        0.00      0.02      0.00    0.1228E+01  0.1023E+00  0.4036E+00
  2    -76.293963145  0.445627E-01       0.017     2        0.00      0.02      0.00    0.2863E+00  0.8122E-01  0.3900E+00
  3    -76.221465499  -.724976E-01       0.016     3        0.00      0.02      0.00    0.3674E+00  0.4759E-01  0.2501E+00
  4    -76.364688514  0.143223E+00       0.018     4        0.00      0.02      0.00    0.7101E-02  0.1196E-02  0.4925E-02
  5    -76.364726711  0.381961E-04       0.018     5        0.00      0.02      0.00    0.1324E-02  0.2375E-03  0.7960E-03
  6    -76.364728403  0.169204E-05       0.017     6        0.00      0.02      0.00    0.1831E-03  0.3709E-04  0.1235E-03
  7    -76.364728441  0.383646E-07       0.016     7        0.00      0.02      0.00    0.7175E-05  0.4621E-05  0.2116E-04
    --------------- 2E-INT CUTOFF CHANGE TO 0.1000E-08 -------------
  8    -76.364728415  -.262118E-07       0.017     8        0.00      0.02      0.00    0.4264E-05  0.7639E-06  0.3047E-05
------------------------------------------------------------------------------------------------------------------------
 REACH CONVERGENCE AFTER   8 CYLCES
 MAX ERROR = 0.426382E-05   RMS CHANGE = 0.763883E-06   MAX CHANGE = 0.304750E-05
 -----------------------------------------------
ALPHA ELECTRON DENSITY    =    0.2675804202
BETA ELECTRON DENSITY     =    0.2675804202
ELECTRONIC ENERGY    =   -84.310408984
CORE_CORE REPULSION  =     7.945680569
TOTAL ENERGY         =   -76.364728415

 @ End Energy calculation

  GRADIENT CALCULATION TIME    0.035698000 S

 ANALYTICAL GRADIENT: 
----------------------------------------------------------------------------
 VARIBLES    OLD_X            OLD_GRAD        NEW_GRAD          NEW_X
----------------------------------------------------------------------------
    1X    -0.1266297242    -0.0650314540    -0.0545034885    -0.0741793084
    1Y    -0.4003478295    -0.0881590123    -0.0783899547    -0.3248343397
    1Z    -0.0000000187    -0.0000000206     0.0000000147    -0.0000000021
    2X     0.9776964640     0.0872894635     0.0713386017     0.9019774248
    2Y    -0.3125670964     0.0082012473     0.0077998950    -0.3150076812
    2Z     0.0000000335     0.0000000208    -0.0000000198     0.0000000038
    3X    -0.4143724544    -0.0222752794    -0.0168470509    -0.3909719745
    3Y     0.6717165981     0.0799835445     0.0706158225     0.5988108469
    3Z    -0.0000000148    -0.0000000002     0.0000000051    -0.0000000017
----------------------------------------------------------------------------
 OPTIMZATION STATISTICS:
 ENERGY CHANGE           =   -0.1417876724E-01 (REQUEST= 0.10000E-05)
 MAXIMUM GEOMETRY CHANGE =    0.7571903923E-01 (REQUEST= 0.18000E-02)
 GEOMETRY CHANGE RMS     =    0.4720580663E-01 (REQUEST= 0.12000E-02)
 GRADIENT NORM           =    0.4659049406E-01 (REQUEST= 0.30000E-03)

 @ Finish Optimization for This Step


 @ Optimize for New Step


============  GEOMETRY FOR OPTIMIZATION STEP   4 OUT OF   27  ============

GEOMETRY INPUT
ELEMENT      X              Y              Z
  O          -0.074179      -0.324834      -0.000000
  H           0.901977      -0.315008       0.000000
  H          -0.390972       0.598811      -0.000000

 @ Begin Energy Calculation

TOL:    0.000000000100000
                                         SCF ENERGY
------------------------------------------------------------------------------------------------------------------------
NCYC       ENERGY         DELTA_E      SCF_TIME  DII_CYC   DII_TIME   O_TIME  DIAG_TIME    MAX_ERR    RMS_CHG    MAX_CHG
------------------------------------------------------------------------------------------------------------------------
  1    -76.389283840      ------         0.015     1        0.00      0.02      0.00    0.1616E+01  0.1065E+00  0.4225E+00
  2    -76.316625678  -.726582E-01       0.018     2        0.00      0.02      0.00    0.2771E+00  0.7207E-01  0.3342E+00
  3    -76.280767203  -.358585E-01       0.020     3        0.00      0.02      0.00    0.3332E+00  0.3986E-01  0.1998E+00
  4    -76.386096064  0.105329E+00       0.017     4        0.00      0.02      0.00    0.3026E-02  0.7790E-03  0.3065E-02
  5    -76.386108249  0.121844E-04       0.017     5        0.00      0.02      0.00    0.6631E-03  0.1333E-03  0.4058E-03
  6    -76.386108720  0.470989E-06       0.017     6        0.00      0.02      0.00    0.8233E-04  0.1895E-04  0.5787E-04
  7    -76.386108729  0.932657E-08       0.017     7        0.00      0.02      0.00    0.2685E-05  0.1828E-05  0.8438E-05
    --------------- 2E-INT CUTOFF CHANGE TO 0.1000E-08 -------------
  8    -76.386108696  -.327659E-07       0.017     8        0.00      0.02      0.00    0.1150E-05  0.2332E-06  0.1129E-05
------------------------------------------------------------------------------------------------------------------------
 REACH CONVERGENCE AFTER   8 CYLCES
 MAX ERROR = 0.114965E-05   RMS CHANGE = 0.233220E-06   MAX CHANGE = 0.112886E-05
 -----------------------------------------------
ALPHA ELECTRON DENSITY    =    0.2677993111
BETA ELECTRON DENSITY     =    0.2677993111
ELECTRONIC ENERGY    =   -85.392405201
CORE_CORE REPULSION  =     9.006296504
TOTAL ENERGY         =   -76.386108696

 @ End Energy calculation

  GRADIENT CALCULATION TIME    0.041840000 S

 ANALYTICAL GRADIENT: 
----------------------------------------------------------------------------
 VARIBLES    OLD_X            OLD_GRAD        NEW_GRAD          NEW_X
----------------------------------------------------------------------------
    1X    -0.0741793084    -0.0545034885    -0.0002484111    -0.0740153341
    1Y    -0.3248343397    -0.0783899547    -0.0003134955    -0.3246263391
    1Z    -0.0000000021     0.0000000147     0.0000000038    -0.0000000045
    2X     0.9019774248     0.0713386017     0.0005634251     0.9016104517
    2Y    -0.3150076812     0.0077998950    -0.0001355566    -0.3149217494
    2Z     0.0000000038    -0.0000000198    -0.0000000065     0.0000000079
    3X    -0.3909719745    -0.0168470509    -0.0003027308    -0.3907767723
    3Y     0.5988108469     0.0706158225     0.0005033578     0.5984823964
    3Z    -0.0000000017     0.0000000051     0.0000000027    -0.0000000034
----------------------------------------------------------------------------
 OPTIMZATION STATISTICS:
 ENERGY CHANGE           =   -0.2138028151E-01 (REQUEST= 0.10000E-05)
 MAXIMUM GEOMETRY CHANGE =    0.3669731135E-03 (REQUEST= 0.18000E-02)
 GEOMETRY CHANGE RMS     =    0.1994963065E-03 (REQUEST= 0.12000E-02)
 GRADIENT NORM           =    0.3056552098E-03 (REQUEST= 0.30000E-03)

 @ Finish Optimization for This Step


 @ Optimize for New Step


============  GEOMETRY FOR OPTIMIZATION STEP   5 OUT OF   27  ============

GEOMETRY INPUT
ELEMENT      X              Y              Z
  O          -0.074015      -0.324626      -0.000000
  H           0.901610      -0.314922       0.000000
  H          -0.390777       0.598482      -0.000000

 @ Begin Energy Calculation

TOL:    0.000000000100000
                                         SCF ENERGY
------------------------------------------------------------------------------------------------------------------------
NCYC       ENERGY         DELTA_E      SCF_TIME  DII_CYC   DII_TIME   O_TIME  DIAG_TIME    MAX_ERR    RMS_CHG    MAX_CHG
------------------------------------------------------------------------------------------------------------------------
  1    -76.389864202      ------         0.017     1        0.00      0.02      0.00    0.1617E+01  0.1066E+00  0.4226E+00
  2    -76.316608944  -.732553E-01       0.019     2        0.00      0.02      0.00    0.2771E+00  0.7204E-01  0.3339E+00
  3    -76.280852510  -.357564E-01       0.019     3        0.00      0.02      0.00    0.3331E+00  0.3983E-01  0.1996E+00
  4    -76.386096643  0.105244E+00       0.017     4        0.00      0.02      0.00    0.3021E-02  0.7779E-03  0.3062E-02
  5    -76.386108793  0.121493E-04       0.016     5        0.00      0.02      0.00    0.6612E-03  0.1330E-03  0.4048E-03
  6    -76.386109261  0.468647E-06       0.017     6        0.00      0.02      0.00    0.8207E-04  0.1890E-04  0.5770E-04
  7    -76.386109270  0.927366E-08       0.017     7        0.00      0.02      0.00    0.2675E-05  0.1822E-05  0.8409E-05
    --------------- 2E-INT CUTOFF CHANGE TO 0.1000E-08 -------------
  8    -76.386109238  -.329206E-07       0.019     8        0.00      0.02      0.00    0.1143E-05  0.2322E-06  0.1125E-05
------------------------------------------------------------------------------------------------------------------------
 REACH CONVERGENCE AFTER   8 CYLCES
 MAX ERROR = 0.114321E-05   RMS CHANGE = 0.232209E-06   MAX CHANGE = 0.112472E-05
 -----------------------------------------------
ALPHA ELECTRON DENSITY    =    0.2678010539
BETA ELECTRON DENSITY     =    0.2678010539
ELECTRONIC ENERGY    =   -85.397217583
CORE_CORE REPULSION  =     9.011108345
TOTAL ENERGY         =   -76.386109238

 @ End Energy calculation

  GRADIENT CALCULATION TIME    0.041473000 S

 ANALYTICAL GRADIENT: 
----------------------------------------------------------------------------
 VARIBLES    OLD_X            OLD_GRAD        NEW_GRAD          NEW_X
----------------------------------------------------------------------------
    1X    -0.0740153341    -0.0002484111     0.0000533194    -0.0740482696
    1Y    -0.3246263391    -0.0003134955     0.0000890008    -0.3246852203
    1Z    -0.0000000045     0.0000000038     0.0000000038    -0.0000000077
    2X     0.9016104517     0.0005634251     0.0000941332     0.9015123693
    2Y    -0.3149217494    -0.0001355566    -0.0001176007    -0.3148219068
    2Z     0.0000000079    -0.0000000065    -0.0000000065     0.0000000134
    3X    -0.3907767723    -0.0003027308    -0.0001345631    -0.3906566095
    3Y     0.5984823964     0.0005033578     0.0000828250     0.5983956653
    3Z    -0.0000000034     0.0000000027     0.0000000027    -0.0000000057
----------------------------------------------------------------------------
 OPTIMZATION STATISTICS:
 ENERGY CHANGE           =   -0.5413106550E-06 (REQUEST= 0.10000E-05)
 MAXIMUM GEOMETRY CHANGE =    0.1201628193E-03 (REQUEST= 0.18000E-02)
 GEOMETRY CHANGE RMS     =    0.7157109463E-04 (REQUEST= 0.12000E-02)
 GRADIENT NORM           =    0.8056900951E-04 (REQUEST= 0.30000E-03)

 GEOMETRY OPTIMIZED AFTER    5 CYCLES

 @ Finish Optimization for This Step

================ OPTIMIZED GEOMETRY INFORMATION ==============

 OPTIMIZED GEOMETRY IN CARTESIAN
 ELEMENT      X         Y         Z
  O       -0.0740   -0.3247   -0.0000
  H        0.9015   -0.3148    0.0000
  H       -0.3907    0.5984   -0.0000

 FORCE
 ELEMENT      X         Y         Z
  O       -0.0000   -0.0000   -0.0000
  H       -0.0000    0.0001    0.0000
  H        0.0001   -0.0000   -0.0000

 MINIMIZED ENERGY= -76.3861092376
===============================================================

 @ Finish Optimization Job


 @ Output Timing Infomration

------------- TIMING ---------------
INITIAL GUESS TIME =     0.497486000( 31.86%)
TOTAL SCF TIME     =     0.150840000(  9.66%)
      TOTAL OP TIME      =     0.150169000(  9.62%)
            TOTAL 1e TIME      =     0.008710000(  0.56%)
            TOTAL 2e TIME      =     0.167107000( 10.70%)
            TOTAL Exchange TIME=     0.561060000( 35.93%)
            TOTAL ENERGY TIME  =     0.000112000(  0.01%)
      TOTAL DII TIME     =     0.003377000(  0.22%)
            TOTAL DIAG TIME    =     0.001170000(  0.07%)
GRADIENT TIME      =     0.198922000( 12.74%)
TOTAL TIME         =     1.561326000
----------- MPI TIMING -------------
MPI SCF TIME               =     0.150840000 (MASTER=100.00%)
      MPI Op TIME                =     0.150169000 (MASTER=100.00%)
            MPI 1e TIME                =     0.008710000 (MASTER=100.00%, MAX=100.00%)
            MPI 2e TIME                =     0.167107000 (MASTER=100.00%, MAX=100.00%)
      MPI DIIS TIME              =     0.003377000 (MASTER=100.00%)
            MPI DIAG TIME              =     0.001170000 (MASTER=100.00%, MAX=100.00%)
MPI GRAD TIME              =     0.198922000 (MASTER=100.00%, MAX=100.00%)
MPI TOTAL CPU TIME         =     1.561326000 (MASTER=100.00%)
------------------------------------
 Job cpu time:  0 days  0 hours  0 minutes  1.6 seconds.

 @ Finish Output Timing Infomration

 Normal Terminatation. Task Finished on: Wed Aug 14 05:56:06 2019
