 *********************************************************************************************************
 **                                                                                                     **
 **           .?888888888+.                                                                             **
 **         =88888888888888~.                                                                           **
 **      .78888888888888887                                                                             **
 **     :888888O+. .. .+ZO                                                                              **
 **    ,88888? $,8.8=.                                                                                  **
 **   .8888I=,8:$Z.,+7ZI=.                               88888                       8888:              **
 **   =888~$~7=:888888888888Z                            88888                       8888:              **
 **   I88Z~=~78888888888888888?                          88888                       8888:              **
 **   788:7?:8888888: . I8888888                                        888888       8888:              **
 **   =88,$.88888I         888888    ,8888:     88888    88888        888888888I     8888:    888888    **
 **   .88+.88888$           88888:   ,8888:     88888    88888      $888888888888    8888:   888888     **
 **    I8Z 88888             88888   ,8888:     88888    88888    .888888     8888   8888: 888888       **
 **    .8Z 88888             88888   ,8888:     88888    88888    $88888             8888:88888         **
 **     8I 88888      .=88. .88888   ,8888:     88888    88888    88888              8888888888         **
 **    :8  88888      888888$8888$   ,8888:     88888    88888    8888O              88888888888        **
 **   ,7   +88888.     8888888888.   ,8888:     88888    88888    888888             88888O888888       **
 **         $888888:.   .8888888      88888....888888    88888     888888     8888   8888:  888888      **
 **          I8888888888888888888~    888888888888888    88888     O888888888888O    8888:   888888     **
 **            O88888888888888888=     88888888888888    88888       88888888888$    8888:    888888    **
 **              .~888888Z    O8        .8888I  88888    88888         8888888       8888:     888888   **
 **                                                                                                     **
 **                                                                                                     **
 **                                         Copyright (c) 2011                                          **
 **                                 Regents of the University of Florida                                **
 **                                        All Rights Reserved.                                         **
 **                                                                                                     **
 **                   This software provided pursuant to a license agreement containing                 **
 **                   restrictions on its disclosure, duplication, and use. This software               **
 **                   contains confidential and proprietary information, and may not be                 **
 **                   extracted or distributed, in whole or in part, for any purpose                    **
 **                   whatsoever, without the express written permission of the authors.                **
 **                   This notice, and the associated author list, must be attached to                  **
 **                   all copies, or extracts, of this software. Any additional                         **
 **                   restrictions set forth in the license agreement also apply to this                **
 **                   software.                                                                         **
 *********************************************************************************************************

 Cite this work as:                                                                                       
 Manathunga, M.; Miao, Y.; Mu, D.; He, X.; Ayers,K; Brothers, E.; Götz, A.; Merz,K. M. QUICK             
 University of Florida, Gainesville, FL, 2019 and Michigan State University, East Lansing, MI, 2019       

 If you have any comments or queries, please send us an email for technical support:                      
 quick.merzlab@gmail.com                                                                                  

 TASK STARTS ON: Fri Sep  6 12:41:11 2019
 INPUT FILE :    psb3_b3lyp_opt.in
 OUTPUT FILE:    psb3_b3lyp_opt.out
 DATE FILE  :    psb3_b3lyp_opt.dat
 BASIS SET PATH: /server-home1/madu/bin/quick/ifort18/basis

|------------ CUDA INFORMATION ---------------
|  CUDA version of Quick in use
|  Implemented by
|                      Yipu Miao (Florida)
|  CAUTION: CUDA Quick is currently experimental
|           and you may at risk to use it. Be sure
|           to check result carelly. Advise or 
|           bug report are welcome.
|---------------------------------------------

|------------ GPU INFORMATION ---------------
| CUDA ENABLED DEVICE         :        4
| CUDA DEVICE IN USE          :        0
| CUDA DEVICE NAME            : TITAN V
| CUDA DEVICE PM              :       80
| CUDA DEVICE CORE FREQ(GHZ)  :     1.46
| CUDA DEVICE MEMORY SIZE (MB):    12036
| SUPPORTING CUDA VERSION     :      7.0
|--------------------------------------------

 @ Read Job And Atom

  -------------------------------------
KEYWORD= DFT B3LYP BASIS=6-31G CUTOFF=1.0D-10 DENSERMS=1.0D-6 CHARGE=+1 OPTIMIZE                                                                                                                                
  -------------------------------------
 ============== JOB CARD =============
| METHOD = DENSTITY FUNCTIONAL THEORY
| DENSITY FUNCTIONAL = B3LYP
| DIRECT SCF 
| SAD INITAL GUESS 
| USE DIIS SCF
| PRINT ENERGY EVERY CYCLE
| STANDARD GRID = SG1
| GEOMETRY OPTIMIZATION| NUMERICAL GRADIENT
| REQUEST CRITERIA FOR GEOMETRY CONVERGENCE: 
|      MAX ALLOWED GEO CHANGE  =  0.189E+00
|      MAX GEOMETRY CHANGE     =  0.180E-02
|      GEOMETRY CHANGE RMS     =  0.120E-02
|      MAX GRADIENT CHANGE     =  0.100E-02
|      GRADIENT NORMALIZATION  =  0.300E-03
| GRADIENT CALCULATION
| MAX SCF CYCLES =    200
| MAX DIIS CYCLES =   10
| DELTA DENSITY START CYCLE = 1000
| COMPUATIONAL CUTOFF: 
|      TWO-e INTEGRAL   =  0.100E-09
|      BASIS SET PRIME  =  0.100E-19
|      MATRIX ELEMENTS  =  0.100E-09
|      BASIS FUNCTION   =  0.100E-09
|      GRADIENT CUTOFF  =  0.100E-09
| DENSITY MATRIX MAXIMUM RMS FOR CONVERGENCE  =  0.100E-05
| BASIS SET = 6-31G
| BASIS FILE = /server-home1/madu/bin/quick/ifort18/basis/6-31G

 @ Finish reading job


 @ Begin SAD initial guess

 For Atom Kind =    1
 ELEMENT = C 

 ! WARNING:  ONLY ONE ATOM, TURN OFF OPTIMIZATION.

BASIS FUNCTIONS =    9

 @ Begin Energy Calculation

TOL:    0.000000000100000

SCF CYCLE      =        1      TIME      =     0.04
RMS CHANGE     = 0.149950E+00  MAX CHANGE= 0.820200E+00

SCF CYCLE      =        2      TIME      =     0.04
RMS CHANGE     = 0.797517E-01  MAX CHANGE= 0.320914E+00

SCF CYCLE      =        3      TIME      =   0.04
DIIS CYCLE     =        1      MAX ERROR = 0.394445E-01
RMS CHANGE     = 0.137215E-01  MAX CHANGE= 0.589123E-01

SCF CYCLE      =        4      TIME      =   0.04
DIIS CYCLE     =        2      MAX ERROR = 0.746633E-02
RMS CHANGE     = 0.375529E-02  MAX CHANGE= 0.263871E-01

SCF CYCLE      =        5      TIME      =   0.04
DIIS CYCLE     =        3      MAX ERROR = 0.308852E-02
RMS CHANGE     = 0.262949E-02  MAX CHANGE= 0.183148E-01

SCF CYCLE      =        6      TIME      =   0.04
DIIS CYCLE     =        4      MAX ERROR = 0.299208E-03
RMS CHANGE     = 0.311349E-03  MAX CHANGE= 0.215704E-02
DIIS FAILED !! RETURN TO NORMAL SCF. (NOT FATAL.)

SCF CYCLE      =        7      TIME      =     0.03
RMS CHANGE     = 0.153492E-04  MAX CHANGE= 0.106143E-03

SCF CYCLE      =        8      TIME      =   0.03
DIIS CYCLE     =        1      MAX ERROR = 0.789983E-05
RMS CHANGE     = 0.460369E-05  MAX CHANGE= 0.296430E-04

SCF CYCLE      =        9      TIME      =   0.03
DIIS CYCLE     =        2      MAX ERROR = 0.309476E-05
RMS CHANGE     = 0.280492E-05  MAX CHANGE= 0.193991E-04

SCF CYCLE      =       10      TIME      =   0.03
DIIS CYCLE     =        3      MAX ERROR = 0.113360E-05
RMS CHANGE     = 0.145469E-05  MAX CHANGE= 0.100644E-04
DIIS FAILED !! RETURN TO NORMAL SCF. (NOT FATAL.)

SCF CYCLE      =       11      TIME      =     0.03
RMS CHANGE     = 0.122690E-06  MAX CHANGE= 0.848305E-06
CONVERGED!!!!!
ELECTRONIC ENERGY    =     0.000000000
CORE_CORE REPULSION  =     0.000000000
TOTAL ENERGY         =     0.000000000

 @ End Energy calculation

 For Atom Kind =    2
 ELEMENT = N 
BASIS FUNCTIONS =    9

 @ Begin Energy Calculation

TOL:    0.000000000100000

SCF CYCLE      =        1      TIME      =     0.03
RMS CHANGE     = 0.150709E+00  MAX CHANGE= 0.817290E+00

SCF CYCLE      =        2      TIME      =     0.03
RMS CHANGE     = 0.903365E-01  MAX CHANGE= 0.322206E+00

SCF CYCLE      =        3      TIME      =   0.03
DIIS CYCLE     =        1      MAX ERROR = 0.232146E-01
RMS CHANGE     = 0.717180E-02  MAX CHANGE= 0.254087E-01

SCF CYCLE      =        4      TIME      =   0.03
DIIS CYCLE     =        2      MAX ERROR = 0.696787E-02
RMS CHANGE     = 0.238394E-02  MAX CHANGE= 0.162489E-01

SCF CYCLE      =        5      TIME      =   0.03
DIIS CYCLE     =        3      MAX ERROR = 0.203040E-02
RMS CHANGE     = 0.112750E-02  MAX CHANGE= 0.763565E-02

SCF CYCLE      =        6      TIME      =   0.03
DIIS CYCLE     =        4      MAX ERROR = 0.546784E-03
RMS CHANGE     = 0.310240E-03  MAX CHANGE= 0.209245E-02
DIIS FAILED !! RETURN TO NORMAL SCF. (NOT FATAL.)

SCF CYCLE      =        7      TIME      =     0.03
RMS CHANGE     = 0.309606E-05  MAX CHANGE= 0.208862E-04

SCF CYCLE      =        8      TIME      =   0.03
DIIS CYCLE     =        1      MAX ERROR = 0.183130E-05
RMS CHANGE     = 0.808789E-06  MAX CHANGE= 0.533082E-05
PREPARED FOR FINAL NO INTERPOLATION ITERATION

SCF CYCLE      =        9      TIME      =     0.03
RMS CHANGE     = 0.462530E-06  MAX CHANGE= 0.311564E-05
CONVERGED!!!!!
ELECTRONIC ENERGY    =     0.000000000
CORE_CORE REPULSION  =     0.000000000
TOTAL ENERGY         =     0.000000000

 @ End Energy calculation

 For Atom Kind =    3
 ELEMENT = H 
BASIS FUNCTIONS =    2

 @ Begin Energy Calculation

TOL:    0.000000000100000

SCF CYCLE      =        1      TIME      =     0.00
RMS CHANGE     = 0.256654E+00  MAX CHANGE= 0.291569E+00

SCF CYCLE      =        2      TIME      =     0.00
RMS CHANGE     = 0.152139E-01  MAX CHANGE= 0.238378E-01

SCF CYCLE      =        3      TIME      =   0.00
DIIS CYCLE     =        1      MAX ERROR = 0.543720E-02
RMS CHANGE     = 0.492246E-02  MAX CHANGE= 0.776945E-02

SCF CYCLE      =        4      TIME      =   0.00
DIIS CYCLE     =        2      MAX ERROR = 0.175010E-02
RMS CHANGE     = 0.234112E-02  MAX CHANGE= 0.370386E-02
DIIS FAILED !! RETURN TO NORMAL SCF. (NOT FATAL.)

SCF CYCLE      =        5      TIME      =     0.00
RMS CHANGE     = 0.142040E-10  MAX CHANGE= 0.224882E-10
CONVERGED!!!!!
ELECTRONIC ENERGY    =     0.000000000
CORE_CORE REPULSION  =     0.000000000
TOTAL ENERGY         =     0.000000000

 @ End Energy calculation


 @ Finish SAD initial guess


 @ Begin to Read Mol Info


 =========== Molecule Input ==========
| TOTAL MOLECULAR CHARGE  =    1    MULTIPLICITY                =    1
| TOTOAL ATOM NUMBER      =   14    NUMBER OF ATOM TYPES        =    3
| NUMBER OF HYDROGEN ATOM =    8    NUMBER OF NON-HYDROGEN ATOM =    6
| NUMBER OF ELECTRONS     =   44

 -- INPUT GEOMETRY -- :
    C          -2.7472      -0.8366       0.8589
    C          -1.4569      -0.4717       0.9992
    C          -0.6277      -0.2215      -0.1532
    C           0.6894       0.1526      -0.2017
    C           1.4882       0.3645       0.9508
    N           2.7314       0.7179       0.9037
    H           1.1530       0.2966      -1.1612
    H          -1.1103      -0.3463      -1.1067
    H           1.0827       0.2367       1.9358
    H          -1.0483      -0.3680       1.9877
    H           3.2687       0.8596       1.7368
    H           3.2084       0.8645       0.0338
    H          -3.3689      -1.0241       1.7130
    H          -3.2011      -0.9533      -0.1081

 -- DISTANCE MATRIX -- :
              1           2           3           4           5
      1     0.00000
      2     2.54783     0.00000
      3     4.58824     2.72422     0.00000
      4     7.04901     4.79509     2.58914     0.00000
      5     8.32128     5.78618     4.64407     2.67996     0.00000
      6    10.76215     8.22979     6.88736     4.51608     2.44398
      7     8.57213     6.56504     3.98880     2.03203     4.04312
      8     4.92184     4.03998     2.03309     3.92175     6.40577
      9     7.78692     5.28737     5.17510     4.11025     2.02752
     10     3.95505     2.03091     4.13247     5.37308     5.36018
     11    11.92755     9.38174     8.43475     6.24179     3.79493
     12    11.80796     9.35025     7.54235     4.96652     3.80289
     13     2.02747     3.99549     6.44755     8.76653     9.65437
     14     2.03075     4.00891     5.05659     7.64543     9.41987
              6           7           8           9          10
      6     0.00000
      7     4.97571     0.00000
      8     8.43691     4.44738     0.00000
      9     3.78663     5.85521     7.17246     0.00000
     10     7.70867     7.36830     5.84893     4.18703     0.00000
     11     1.89227     6.86346    10.12627     4.31181     8.49450
     12     1.89512     4.61928     8.74549     5.51933     9.15220
     13    12.08582    10.42828     6.94621     8.75320     4.58667
     14    11.80313     8.78871     4.52637     9.24709     5.78457
             11          12          13          14
     11     0.00000
     12     3.22015     0.00000
     13    13.03851    13.31509     0.00000
     14    13.16700    12.59278     3.45864     0.00000

============== BASIS INFOS ==============
| BASIS FUNCTIONS =   70
| NSHELL =   34 NPRIM  =   92
| JSHELL =   34 JBASIS =   92


RADII OF SIGNifIGANCE FOR THE BASIS FUNCTIONS
   1           2.728000
   2           6.391000
   3           6.635000
   4           6.635000
   5           6.635000
   6          11.249000
   7          11.692000
   8          11.692000
   9          11.692000
  10           2.728000
  11           6.391000
  12           6.635000
  13           6.635000
  14           6.635000
  15          11.249000
  16          11.692000
  17          11.692000
  18          11.692000
  19           2.728000
  20           6.391000
  21           6.635000
  22           6.635000
  23           6.635000
  24          11.249000
  25          11.692000
  26          11.692000
  27          11.692000
  28           2.728000
  29           6.391000
  30           6.635000
  31           6.635000
  32           6.635000
  33          11.249000
  34          11.692000
  35          11.692000
  36          11.692000
  37           2.728000
  38           6.391000
  39           6.635000
  40           6.635000
  41           6.635000
  42          11.249000
  43          11.692000
  44          11.692000
  45          11.692000
  46           2.328000
  47           5.397000
  48           5.601000
  49           5.601000
  50           5.601000
  51          10.075000
  52          10.469000
  53          10.469000
  54          10.469000
  55           5.909000
  56          11.497000
  57           5.909000
  58          11.497000
  59           5.909000
  60          11.497000
  61           5.909000
  62          11.497000
  63           5.909000
  64          11.497000
  65           5.909000
  66          11.497000
  67           5.909000
  68          11.497000
  69           5.909000
  70          11.497000

 @ End Reading Mol Info 


 @ Begin Optimization Job


 @ Optimize for New Step


============  GEOMETRY FOR OPTIMIZATION STEP   1 OUT OF  126  ============

GEOMETRY INPUT
ELEMENT      X              Y              Z
  C          -2.747242      -0.836555       0.858919
  C          -1.456903      -0.471664       0.999173
  C          -0.627728      -0.221453      -0.153241
  C           0.689445       0.152602      -0.201719
  C           1.488234       0.364489       0.950780
  N           2.731403       0.717943       0.903705
  H           1.152990       0.296627      -1.161230
  H          -1.110287      -0.346295      -1.106677
  H           1.082664       0.236725       1.935837
  H          -1.048250      -0.368046       1.987744
  H           3.268668       0.859591       1.736755
  H           3.208389       0.864456       0.033798
  H          -3.368855      -1.024119       1.713032
  H          -3.201134      -0.953314      -0.108125

 @ Begin Energy Calculation

TOL:    0.000000000100000
                                         SCF ENERGY
------------------------------------------------------------------------------------------------------------------------
NCYC       ENERGY         DELTA_E      SCF_TIME  DII_CYC   DII_TIME   O_TIME  DIAG_TIME    MAX_ERR    RMS_CHG    MAX_CHG
------------------------------------------------------------------------------------------------------------------------
  1   -252.234266195      ------         0.388     1        0.26      0.13      0.00    0.2526E+01  0.5353E-01  0.4842E+00
  2   -249.724045374  -.251022E+01       0.123     2        0.00      0.12      0.00    0.9331E-01  0.1469E-01  0.1957E+00
  3   -249.682946363  -.410990E-01       0.123     3        0.00      0.12      0.00    0.1530E+00  0.9954E-02  0.1495E+00
  4   -249.761590042  0.786437E-01       0.124     4        0.00      0.12      0.00    0.2964E-01  0.2505E-02  0.3486E-01
  5   -249.766472293  0.488225E-02       0.124     5        0.00      0.12      0.00    0.9128E-02  0.7090E-03  0.1187E-01
  6   -249.766811831  0.339539E-03       0.123     6        0.00      0.12      0.00    0.4084E-02  0.2871E-03  0.4251E-02
  7   -249.766887875  0.760435E-04       0.124     7        0.00      0.12      0.00    0.1015E-02  0.8279E-04  0.1231E-02
  8   -249.766892409  0.453442E-05       0.123     8        0.00      0.12      0.00    0.3421E-03  0.2393E-04  0.2392E-03
  9   -249.766892982  0.572782E-06       0.124     9        0.00      0.12      0.00    0.7007E-04  0.5200E-05  0.6089E-04
    --------------- 2E-INT CUTOFF CHANGE TO 0.1000E-08 -------------
 10   -249.766895437  0.245514E-05       0.125    10        0.00      0.12      0.00    0.3262E-04  0.4458E-05  0.4589E-04
 11   -249.766895444  0.734548E-08       0.129     1        0.01      0.12      0.00    0.1825E-04  0.1852E-04  0.1944E-03
 12   -249.766895451  0.676772E-08       0.129     2        0.01      0.12      0.00    0.2020E-04  0.2833E-05  0.2806E-04
 13   -249.766895453  0.162839E-08       0.129     3        0.01      0.12      0.00    0.1238E-05  0.4353E-06  0.4480E-05
------------------------------------------------------------------------------------------------------------------------
 REACH CONVERGENCE AFTER  13 CYLCES
 MAX ERROR = 0.123784E-05   RMS CHANGE = 0.435348E-06   MAX CHANGE = 0.447970E-05
 -----------------------------------------------
ALPHA ELECTRON DENSITY    =   22.0000138283
BETA ELECTRON DENSITY     =   22.0000138283
ELECTRONIC ENERGY    =  -456.952073821
CORE_CORE REPULSION  =   207.185178368
TOTAL ENERGY         =  -249.766895453

 @ End Energy calculation

  GRADIENT CALCULATION TIME    0.882982000 S
