  ******************************************************************************
 ***************************
  **             . .. ...                                                       
                          **
  **         . .?888888888+.                                                    
                          **
  **         =88888888888888~.                                                  
                          **
  **      .78888888888888887                                                    
                          **
  **     :888888O+. .. .+ZO  .                                                  
                          **
  **    ,88888? $,8.8=.                                    .  .                 
          . .             **
  **   .8888I=,8:$Z.,+7ZI=.                               Z8888:                
      ,8888:              **
  **   =888~$~7=:888888888888Z  .                         Z8888:                
      ,8888:              **
  **   I88Z~=~78888888888888888?                          Z8888:          . .   
      ,8888:              **
  **   788:7?:8888888: . I8888888 .                            ..               
      ,8888:              **
  **   =88,$.88888I         888888    ,8888:     88888    ?8888.       888888888
 I.   ,8888:   .888888.   **
  **   .88+.88888$           88888:   ,8888:     88888    ?8888.     $8888888888
 88.  ,8888: . 88888=.    **
  **    I8Z 88888..          .88888   ,8888:     88888    ?8888   ..888888I.~888
 8..  ,8888: Z88888       **
  **    .8Z 88888     .  ..   88888   ,8888:     88888    ?8888    $8888+      ~
      ,8888:88888.        **
  **     8I 88888      .=88. .88888   ,8888:     88888    ?8888    88888       .
      ,888888888?.        **
  **  ..:8..88888      888888$8888$   ,8888:     88888    ?8888    8888O        
      ,8888888888$ .      **
  **  .,7.. +88888..    8888888888.   ,8888?     88888    ?8888  ..88888        
      ,88888O88888O       **
  **    .    $888888:. . .8888888      88888....$88888    ?8888  . ,88888......8
 ~..  ,8888: .Z88888      **
  **          I8888888888888888888~    888888888888888    ?8888     O88888888888
 8O   ,8888:   88888Z .   **
  **            O88888888888888888=     88888888888888    ?8888     ..8888888888
 8$ . ,8888:  ..888888.   **
  **              .~888888Z..  O8        .8888I. 88888   .?8888 .      .=88888Z 
     .,8888:     O88888   **
  **                ..  .   . .  ...   .. .    .  .. .        ..          . .   
      .   ..     .        **
  **                                                                            
                          **
  **                                         Copyright (c) 2011                 
                          **
  **                                 Regents of the University of Florida       
                          **
  **                                        All Rights Reserved.                
                          **
  **                                                                            
                          **
  **                   This software provided pursuant to a license agreement co
 ntaining                 **
  **                   restrictions on its disclosure, duplication, and use. Thi
 s software               **
  **                   contains confidential and proprietary information, and ma
 y not be                 **
  **                   extracted or distributed, in whole or in part, for any pu
 rpose                    **
  **                   whatsoever, without the express written permission of the
  authors.                **
  **                   This notice, and the associated author list, must be atta
 ched to                  **
  **                   all copies, or extracts, of this software. Any additional
                          **
  **                   restrictions set forth in the license agreement also appl
 y to this                **
  **                   software.                                                
                          **
  ******************************************************************************
 ***************************
 
  Cite this work as:
  Manathunga, M.; Mu, D.; Miao,Y.; He, X.; Ayers,K; Brothers, E.; Götz, A.; Mer
 z,K. M. QUICK
  University of Florida, Gainesville, FL, 2019 and Michigan State University, Ea
 st Lansing, MI, 2019
 
  If you have any comments or queries, please send us an email for technical sup
 port:
  quick.merzlab@gmail.com
 
 TASK STARTS ON: Thu Apr  4 18:51:53 2019
 INPUT FILE :    tst.in
 OUTPUT FILE:    tst.out
 DATE FILE  :    tst.dat
 BASIS SET PATH: /users/PCS0202/bgs0374/bin/quick/ifort18/basis

 ! WARNING: NODE=1, TURN OFF MPI


 @ Read Job And Atom

  -------------------------------------
KEYWORD=HF BASIS=STO-3G CUTOFF=1.0D-10 ENERGY DENSERMS=1.0D-8 OPTIMIZE                                                                                                                                          
  -------------------------------------
 ============== JOB CARD =============
| METHOD = HATREE FOCK
| DIRECT SCF 
| SAD INITAL GUESS 
| USE DIIS SCF
| PRINT ENERGY EVERY CYCLE
| GEOMETRY OPTIMIZATION| NUMERICAL GRADIENT
| REQUEST CRITERIA FOR GEOMETRY CONVERGENCE: 
|      MAX ALLOWED GEO CHANGE  =  0.189E+00
|      MAX GEOMETRY CHANGE     =  0.180E-02
|      GEOMETRY CHANGE RMS     =  0.120E-02
|      MAX GRADIENT CHANGE     =  0.100E-02
|      GRADIENT NORMALIZATION  =  0.300E-03
| GRADIENT CALCULATION
| MAX SCF CYCLES =    200
| MAX DIIS CYCLES =   10
| DELTA DENSITY START CYCLE = 1000
| COMPUATIONAL CUTOFF: 
|      TWO-e INTEGRAL   =  0.100E-09
|      BASIS SET PRIME  =  0.100E-19
|      MATRIX ELEMENTS  =  0.100E-09
|      BASIS FUNCTION   =  0.100E-09
|      GRADIENT CUTOFF  =  0.100E-09
| DENSITY MATRIX MAXIMUM RMS FOR CONVERGENCE  =  0.100E-07
| BASIS SET = STO-3G
| BASIS FILE = /users/PCS0202/bgs0374/bin/quick/ifort18/basis/STO-3G

 @ Finish reading job


 @ Begin SAD initial guess

 For Atom Kind =    1
 ELEMENT = O 

 ! WARNING:  ONLY ONE ATOM, TURN OFF OPTIMIZATION.

BASIS FUNCTIONS =    5

 @ Begin Energy Calculation

TOL:    0.000000000100000

SCF CYCLE      =        1      TIME      =     0.01
RMS CHANGE     = 0.238978E+00  MAX CHANGE= 0.597245E+00

SCF CYCLE      =        2      TIME      =     0.01
RMS CHANGE     = 0.343603E-10  MAX CHANGE= 0.977190E-10
CONVERGED!!!!!
ELECTRONIC ENERGY    =     0.000000000
CORE_CORE REPULSION  =     0.000000000
TOTAL ENERGY         =     0.000000000

 @ End Energy calculation

 For Atom Kind =    2
 ELEMENT = H 
BASIS FUNCTIONS =    1

 @ Begin Energy Calculation

TOL:    0.000000000100000

SCF CYCLE      =        1      TIME      =     0.00
RMS CHANGE     = 0.100000E-07  MAX CHANGE= 0.100000E-07

SCF CYCLE      =        2      TIME      =   0.00
DIIS CYCLE     =        1      MAX ERROR = 0.000000E+00
RMS CHANGE     = 0.000000E+00  MAX CHANGE= 0.000000E+00
PREPARED FOR FINAL NO INTERPOLATION ITERATION

SCF CYCLE      =        3      TIME      =     0.00
RMS CHANGE     = 0.000000E+00  MAX CHANGE= 0.000000E+00
CONVERGED!!!!!
ELECTRONIC ENERGY    =     0.000000000
CORE_CORE REPULSION  =     0.000000000
TOTAL ENERGY         =     0.000000000

 @ End Energy calculation


 @ Finish SAD initial guess


 @ Begin to Read Mol Info


 =========== Molecule Input ==========
| TOTAL MOLECULAR CHARGE  =    0    MULTIPLICITY                =    1
| TOTOAL ATOM NUMBER      =    3    NUMBER OF ATOM TYPES        =    2
| NUMBER OF HYDROGEN ATOM =    2    NUMBER OF NON-HYDROGEN ATOM =    1
| NUMBER OF ELECTRONS     =   10
 
 -- INPUT GEOMETRY -- :
    O          -0.0676      -0.3153       0.0000
    H           0.8924      -0.3153       0.0000
    H          -0.3880       0.5896       0.0000
 
 -- DISTANCE MATRIX -- :
              1           2           3
      1     0.00000
      2     1.81414     0.00000
      3     1.81414     2.96300     0.00000
 
============== BASIS INFOS ==============
| BASIS FUNCTIONS =    7
| NSHELL =    4 NPRIM  =   12
| JSHELL =    4 JBASIS =   12
 

 @ End Reading Mol Info 


 @ Begin Optimization Job


 @ Optimize for New Step

 
============  GEOMETRY FOR OPTIMIZATION STEP   1 OUT OF   27  ============
 
GEOMETRY INPUT
ELEMENT      X              Y              Z
  O          -0.067568      -0.315315       0.000000
  H           0.892433      -0.315315       0.000000
  H          -0.388022       0.589621       0.000000

 @ Begin Energy Calculation

TOL:    0.000000000100000
                                         SCF ENERGY
------------------------------------------------------------------------------------------------------------------------
NCYC       ENERGY         DELTA_E      SCF_TIME  DII_CYC   DII_TIME   O_TIME  DIAG_TIME    MAX_ERR    RMS_CHG    MAX_CHG
------------------------------------------------------------------------------------------------------------------------
  1    -74.801373082      ------         0.001     1        0.00      0.00      0.00    0.1580E+01  0.2968E+00  0.9971E+00
  2    -74.908205731  0.106833E+00       0.002     2        0.00      0.00      0.00    0.2212E+00  0.8146E-01  0.3016E+00
  3    -74.958862043  0.506563E-01       0.002     3        0.00      0.00      0.00    0.2455E-01  0.1452E-01  0.4594E-01
  4    -74.960474235  0.161219E-02       0.002     4        0.00      0.00      0.00    0.7541E-02  0.7761E-02  0.2321E-01
  5    -74.960697300  0.223066E-03       0.002     5        0.00      0.00      0.00    0.1343E-02  0.1178E-02  0.2600E-02
  6    -74.960702383  0.508245E-05       0.002     6        0.00      0.00      0.00    0.7318E-04  0.1231E-03  0.3368E-03
  7    -74.960702424  0.410574E-07       0.002     7        0.00      0.00      0.00    0.2959E-04  0.1880E-04  0.6241E-04
  8    -74.960702425  0.152210E-08       0.002     8        0.00      0.00      0.00    0.5413E-05  0.4191E-05  0.9798E-05
    --------------- 2E-INT CUTOFF CHANGE TO 0.1000E-08 -------------
  9    -74.960702486  0.606721E-07       0.002     9        0.00      0.00      0.00    0.8136E-06         NaN         NaN
 10              NaN           NaN       0.000    10        0.00      0.00      0.00    0.0000E+00         NaN         NaN
 11              NaN           NaN       0.000     1        0.00      0.00      0.00    0.0000E+00         NaN         NaN
 12              NaN           NaN       0.000     2        0.00      0.00      0.00    0.0000E+00         NaN         NaN
 13              NaN           NaN       0.000     3        0.00      0.00      0.00    0.0000E+00         NaN         NaN
 14              NaN           NaN       0.000     4        0.00      0.00      0.00    0.0000E+00         NaN         NaN
 15              NaN           NaN       0.000     5        0.00      0.00      0.00    0.0000E+00         NaN         NaN
 16              NaN           NaN       0.000     6        0.00      0.00      0.00    0.0000E+00         NaN         NaN
 17              NaN           NaN       0.000     7        0.00      0.00      0.00    0.0000E+00         NaN         NaN
 18              NaN           NaN       0.000     8        0.00      0.00      0.00    0.0000E+00         NaN         NaN
 19              NaN           NaN       0.000     9        0.00      0.00      0.00    0.0000E+00         NaN         NaN
 20              NaN           NaN       0.000    10        0.00      0.00      0.00    0.0000E+00         NaN         NaN
 21              NaN           NaN       0.000     1        0.00      0.00      0.00    0.0000E+00         NaN         NaN
 22              NaN           NaN       0.000     2        0.00      0.00      0.00    0.0000E+00         NaN         NaN
 23              NaN           NaN       0.000     3        0.00      0.00      0.00    0.0000E+00         NaN         NaN
 24              NaN           NaN       0.000     4        0.00      0.00      0.00    0.0000E+00         NaN         NaN
 25              NaN           NaN       0.000     5        0.00      0.00      0.00    0.0000E+00         NaN         NaN
 26              NaN           NaN       0.000     6        0.00      0.00      0.00    0.0000E+00         NaN         NaN
 27              NaN           NaN       0.000     7        0.00      0.00      0.00    0.0000E+00         NaN         NaN
 28              NaN           NaN       0.000     8        0.00      0.00      0.00    0.0000E+00         NaN         NaN
 29              NaN           NaN       0.000     9        0.00      0.00      0.00    0.0000E+00         NaN         NaN
 30              NaN           NaN       0.000    10        0.00      0.00      0.00    0.0000E+00         NaN         NaN
 31              NaN           NaN       0.000     1        0.00      0.00      0.00    0.0000E+00         NaN         NaN
 32              NaN           NaN       0.000     2        0.00      0.00      0.00    0.0000E+00         NaN         NaN
 33              NaN           NaN       0.000     3        0.00      0.00      0.00    0.0000E+00         NaN         NaN
 34              NaN           NaN       0.000     4        0.00      0.00      0.00    0.0000E+00         NaN         NaN
 35              NaN           NaN       0.000     5        0.00      0.00      0.00    0.0000E+00         NaN         NaN
 36              NaN           NaN       0.000     6        0.00      0.00      0.00    0.0000E+00         NaN         NaN
 37              NaN           NaN       0.000     7        0.00      0.00      0.00    0.0000E+00         NaN         NaN
 38              NaN           NaN       0.000     8        0.00      0.00      0.00    0.0000E+00         NaN         NaN
 39              NaN           NaN       0.000     9        0.00      0.00      0.00    0.0000E+00         NaN         NaN
 40              NaN           NaN       0.000    10        0.00      0.00      0.00    0.0000E+00         NaN         NaN
 41              NaN           NaN       0.000     1        0.00      0.00      0.00    0.0000E+00         NaN         NaN
 42              NaN           NaN       0.000     2        0.00      0.00      0.00    0.0000E+00         NaN         NaN
 43              NaN           NaN       0.000     3        0.00      0.00      0.00    0.0000E+00         NaN         NaN
 44              NaN           NaN       0.000     4        0.00      0.00      0.00    0.0000E+00         NaN         NaN
 45              NaN           NaN       0.000     5        0.00      0.00      0.00    0.0000E+00         NaN         NaN
 46              NaN           NaN       0.000     6        0.00      0.00      0.00    0.0000E+00         NaN         NaN
 47              NaN           NaN       0.000     7        0.00      0.00      0.00    0.0000E+00         NaN         NaN
 48              NaN           NaN       0.000     8        0.00      0.00      0.00    0.0000E+00         NaN         NaN
 49              NaN           NaN       0.000     9        0.00      0.00      0.00    0.0000E+00         NaN         NaN
 50              NaN           NaN       0.000    10        0.00      0.00      0.00    0.0000E+00         NaN         NaN
 51              NaN           NaN       0.000     1        0.00      0.00      0.00    0.0000E+00         NaN         NaN
 52              NaN           NaN       0.000     2        0.00      0.00      0.00    0.0000E+00         NaN         NaN
 53              NaN           NaN       0.000     3        0.00      0.00      0.00    0.0000E+00         NaN         NaN
 54              NaN           NaN       0.000     4        0.00      0.00      0.00    0.0000E+00         NaN         NaN
 55              NaN           NaN       0.000     5        0.00      0.00      0.00    0.0000E+00         NaN         NaN
 56              NaN           NaN       0.000     6        0.00      0.00      0.00    0.0000E+00         NaN         NaN
 57              NaN           NaN       0.000     7        0.00      0.00      0.00    0.0000E+00         NaN         NaN
 58              NaN           NaN       0.000     8        0.00      0.00      0.00    0.0000E+00         NaN         NaN
 59              NaN           NaN       0.000     9        0.00      0.00      0.00    0.0000E+00         NaN         NaN
 60              NaN           NaN       0.000    10        0.00      0.00      0.00    0.0000E+00         NaN         NaN
 61              NaN           NaN       0.000     1        0.00      0.00      0.00    0.0000E+00         NaN         NaN
 62              NaN           NaN       0.000     2        0.00      0.00      0.00    0.0000E+00         NaN         NaN
 63              NaN           NaN       0.000     3        0.00      0.00      0.00    0.0000E+00         NaN         NaN
 64              NaN           NaN       0.000     4        0.00      0.00      0.00    0.0000E+00         NaN         NaN
 65              NaN           NaN       0.000     5        0.00      0.00      0.00    0.0000E+00         NaN         NaN
 66              NaN           NaN       0.000     6        0.00      0.00      0.00    0.0000E+00         NaN         NaN
 67              NaN           NaN       0.000     7        0.00      0.00      0.00    0.0000E+00         NaN         NaN
 68              NaN           NaN       0.000     8        0.00      0.00      0.00    0.0000E+00         NaN         NaN
 69              NaN           NaN       0.000     9        0.00      0.00      0.00    0.0000E+00         NaN         NaN
 70              NaN           NaN       0.000    10        0.00      0.00      0.00    0.0000E+00         NaN         NaN
 71              NaN           NaN       0.000     1        0.00      0.00      0.00    0.0000E+00         NaN         NaN
 72              NaN           NaN       0.000     2        0.00      0.00      0.00    0.0000E+00         NaN         NaN
 73              NaN           NaN       0.000     3        0.00      0.00      0.00    0.0000E+00         NaN         NaN
 74              NaN           NaN       0.000     4        0.00      0.00      0.00    0.0000E+00         NaN         NaN
 75              NaN           NaN       0.000     5        0.00      0.00      0.00    0.0000E+00         NaN         NaN
 76              NaN           NaN       0.000     6        0.00      0.00      0.00    0.0000E+00         NaN         NaN
 77              NaN           NaN       0.000     7        0.00      0.00      0.00    0.0000E+00         NaN         NaN
 78              NaN           NaN       0.000     8        0.00      0.00      0.00    0.0000E+00         NaN         NaN
 79              NaN           NaN       0.000     9        0.00      0.00      0.00    0.0000E+00         NaN         NaN
 80              NaN           NaN       0.000    10        0.00      0.00      0.00    0.0000E+00         NaN         NaN
 81              NaN           NaN       0.000     1        0.00      0.00      0.00    0.0000E+00         NaN         NaN
 82              NaN           NaN       0.000     2        0.00      0.00      0.00    0.0000E+00         NaN         NaN
 83              NaN           NaN       0.000     3        0.00      0.00      0.00    0.0000E+00         NaN         NaN
 84              NaN           NaN       0.000     4        0.00      0.00      0.00    0.0000E+00         NaN         NaN
 85              NaN           NaN       0.000     5        0.00      0.00      0.00    0.0000E+00         NaN         NaN
 86              NaN           NaN       0.000     6        0.00      0.00      0.00    0.0000E+00         NaN         NaN
 87              NaN           NaN       0.000     7        0.00      0.00      0.00    0.0000E+00         NaN         NaN
 88              NaN           NaN       0.000     8        0.00      0.00      0.00    0.0000E+00         NaN         NaN
 89              NaN           NaN       0.000     9        0.00      0.00      0.00    0.0000E+00         NaN         NaN
 90              NaN           NaN       0.000    10        0.00      0.00      0.00    0.0000E+00         NaN         NaN
 91              NaN           NaN       0.000     1        0.00      0.00      0.00    0.0000E+00         NaN         NaN
 92              NaN           NaN       0.000     2        0.00      0.00      0.00    0.0000E+00         NaN         NaN
 93              NaN           NaN       0.000     3        0.00      0.00      0.00    0.0000E+00         NaN         NaN
 94              NaN           NaN       0.000     4        0.00      0.00      0.00    0.0000E+00         NaN         NaN
 95              NaN           NaN       0.000     5        0.00      0.00      0.00    0.0000E+00         NaN         NaN
 96              NaN           NaN       0.000     6        0.00      0.00      0.00    0.0000E+00         NaN         NaN
 97              NaN           NaN       0.000     7        0.00      0.00      0.00    0.0000E+00         NaN         NaN
 98              NaN           NaN       0.000     8        0.00      0.00      0.00    0.0000E+00         NaN         NaN
 99              NaN           NaN       0.000     9        0.00      0.00      0.00    0.0000E+00         NaN         NaN
100              NaN           NaN       0.000    10        0.00      0.00      0.00    0.0000E+00         NaN         NaN
101              NaN           NaN       0.000     1        0.00      0.00      0.00    0.0000E+00         NaN         NaN
102              NaN           NaN       0.000     2        0.00      0.00      0.00    0.0000E+00         NaN         NaN
103              NaN           NaN       0.000     3        0.00      0.00      0.00    0.0000E+00         NaN         NaN
104              NaN           NaN       0.000     4        0.00      0.00      0.00    0.0000E+00         NaN         NaN
105              NaN           NaN       0.000     5        0.00      0.00      0.00    0.0000E+00         NaN         NaN
106              NaN           NaN       0.000     6        0.00      0.00      0.00    0.0000E+00         NaN         NaN
107              NaN           NaN       0.000     7        0.00      0.00      0.00    0.0000E+00         NaN         NaN
108              NaN           NaN       0.000     8        0.00      0.00      0.00    0.0000E+00         NaN         NaN
109              NaN           NaN       0.000     9        0.00      0.00      0.00    0.0000E+00         NaN         NaN
110              NaN           NaN       0.000    10        0.00      0.00      0.00    0.0000E+00         NaN         NaN
111              NaN           NaN       0.000     1        0.00      0.00      0.00    0.0000E+00         NaN         NaN
112              NaN           NaN       0.000     2        0.00      0.00      0.00    0.0000E+00         NaN         NaN
113              NaN           NaN       0.000     3        0.00      0.00      0.00    0.0000E+00         NaN         NaN
114              NaN           NaN       0.000     4        0.00      0.00      0.00    0.0000E+00         NaN         NaN
115              NaN           NaN       0.000     5        0.00      0.00      0.00    0.0000E+00         NaN         NaN
116              NaN           NaN       0.000     6        0.00      0.00      0.00    0.0000E+00         NaN         NaN
117              NaN           NaN       0.000     7        0.00      0.00      0.00    0.0000E+00         NaN         NaN
118              NaN           NaN       0.000     8        0.00      0.00      0.00    0.0000E+00         NaN         NaN
119              NaN           NaN       0.000     9        0.00      0.00      0.00    0.0000E+00         NaN         NaN
120              NaN           NaN       0.000    10        0.00      0.00      0.00    0.0000E+00         NaN         NaN
