 *********************************************************************************************************
 **                                                                                                     **
 **           .?888888888+.                                                                             **
 **         =88888888888888~.                                                                           **
 **      .78888888888888887                                                                             **
 **     :888888O+. .. .+ZO                                                                              **
 **    ,88888? $,8.8=.                                                                                  **
 **   .8888I=,8:$Z.,+7ZI=.                               88888                       8888:              **
 **   =888~$~7=:888888888888Z                            88888                       8888:              **
 **   I88Z~=~78888888888888888?                          88888                       8888:              **
 **   788:7?:8888888: . I8888888                                        888888       8888:              **
 **   =88,$.88888I         888888    ,8888:     88888    88888        888888888I     8888:    888888    **
 **   .88+.88888$           88888:   ,8888:     88888    88888      $888888888888    8888:   888888     **
 **    I8Z 88888             88888   ,8888:     88888    88888    .888888     8888   8888: 888888       **
 **    .8Z 88888             88888   ,8888:     88888    88888    $88888             8888:88888         **
 **     8I 88888      .=88. .88888   ,8888:     88888    88888    88888              8888888888         **
 **    :8  88888      888888$8888$   ,8888:     88888    88888    8888O              88888888888        **
 **   ,7   +88888.     8888888888.   ,8888:     88888    88888    888888             88888O888888       **
 **         $888888:.   .8888888      88888....888888    88888     888888     8888   8888:  888888      **
 **          I8888888888888888888~    888888888888888    88888     O888888888888O    8888:   888888     **
 **            O88888888888888888=     88888888888888    88888       88888888888$    8888:    888888    **
 **              .~888888Z    O8        .8888I  88888    88888         8888888       8888:     888888   **
 **                                                                                                     **
 **                                                                                                     **
 **                                         Copyright (c) 2011                                          **
 **                                 Regents of the University of Florida                                **
 **                                        All Rights Reserved.                                         **
 **                                                                                                     **
 **                   This software provided pursuant to a license agreement containing                 **
 **                   restrictions on its disclosure, duplication, and use. This software               **
 **                   contains confidential and proprietary information, and may not be                 **
 **                   extracted or distributed, in whole or in part, for any purpose                    **
 **                   whatsoever, without the express written permission of the authors.                **
 **                   This notice, and the associated author list, must be attached to                  **
 **                   all copies, or extracts, of this software. Any additional                         **
 **                   restrictions set forth in the license agreement also apply to this                **
 **                   software.                                                                         **
 *********************************************************************************************************

 Cite this work as:                                                                                       
 Manathunga, M.; Miao, Y.; Mu, D.; He, X.; Ayers,K; Brothers, E.; Gรถtz, A.; Merz,K. M. QUICK             
 University of Florida, Gainesville, FL, 2019 and Michigan State University, East Lansing, MI, 2019       

 If you have any comments or queries, please send us an email for technical support:                      
 quick.merzlab@gmail.com                                                                                  

 TASK STARTS ON: Wed Aug 14 15:37:56 2019
 INPUT FILE :    waterhf_grad.in
 OUTPUT FILE:    waterhf_grad.out
 DATE FILE  :    waterhf_grad.dat
 BASIS SET PATH: /server-home1/madu/bin/quick/ifort18/basis

 ! WARNING: NODE=1, TURN OFF MPI


 @ Read Job And Atom

  -------------------------------------
KEYWORD= HF BASIS=6-31G CUTOFF=1.0D-10 DENSERMS=1.0D-6 GRADIENT                                                                                                                                                 
  -------------------------------------
 ============== JOB CARD =============
| METHOD = HATREE FOCK
| DIRECT SCF 
| SAD INITAL GUESS 
| USE DIIS SCF
| PRINT ENERGY EVERY CYCLE
| GRADIENT CALCULATION
| MAX SCF CYCLES =    200
| MAX DIIS CYCLES =   10
| DELTA DENSITY START CYCLE = 1000
| COMPUATIONAL CUTOFF: 
|      TWO-e INTEGRAL   =  0.100E-09
|      BASIS SET PRIME  =  0.100E-19
|      MATRIX ELEMENTS  =  0.100E-09
|      BASIS FUNCTION   =  0.100E-09
|      GRADIENT CUTOFF  =  0.100E-09
| DENSITY MATRIX MAXIMUM RMS FOR CONVERGENCE  =  0.100E-05
| BASIS SET = 6-31G
| BASIS FILE = /server-home1/madu/bin/quick/ifort18/basis/6-31G

 @ Finish reading job


 @ Begin SAD initial guess

 For Atom Kind =    1
 ELEMENT = O 
BASIS FUNCTIONS =    9

 @ Begin Energy Calculation

TOL:    0.000000000100000

SCF CYCLE      =        1      TIME      =     0.06
RMS CHANGE     = 0.150543E+00  MAX CHANGE= 0.709514E+00

SCF CYCLE      =        2      TIME      =     0.04
RMS CHANGE     = 0.813251E-01  MAX CHANGE= 0.292791E+00

SCF CYCLE      =        3      TIME      =   0.04
DIIS CYCLE     =        1      MAX ERROR = 0.237253E-01
RMS CHANGE     = 0.640345E-02  MAX CHANGE= 0.247217E-01

SCF CYCLE      =        4      TIME      =   0.04
DIIS CYCLE     =        2      MAX ERROR = 0.717996E-02
RMS CHANGE     = 0.233510E-02  MAX CHANGE= 0.921819E-02

SCF CYCLE      =        5      TIME      =   0.04
DIIS CYCLE     =        3      MAX ERROR = 0.298399E-02
RMS CHANGE     = 0.133240E-02  MAX CHANGE= 0.503608E-02

SCF CYCLE      =        6      TIME      =   0.04
DIIS CYCLE     =        4      MAX ERROR = 0.110807E-02
RMS CHANGE     = 0.986522E-03  MAX CHANGE= 0.381572E-02

SCF CYCLE      =        7      TIME      =   0.04
DIIS CYCLE     =        5      MAX ERROR = 0.364363E-04
RMS CHANGE     = 0.292852E-04  MAX CHANGE= 0.127867E-03
DIIS FAILED !! RETURN TO NORMAL SCF. (NOT FATAL.)

SCF CYCLE      =        8      TIME      =     0.04
RMS CHANGE     = 0.515945E-05  MAX CHANGE= 0.209008E-04

SCF CYCLE      =        9      TIME      =   0.04
DIIS CYCLE     =        1      MAX ERROR = 0.502509E-05
RMS CHANGE     = 0.228262E-05  MAX CHANGE= 0.102358E-04

SCF CYCLE      =       10      TIME      =   0.04
DIIS CYCLE     =        2      MAX ERROR = 0.121250E-05
RMS CHANGE     = 0.882888E-06  MAX CHANGE= 0.354765E-05
PREPARED FOR FINAL NO INTERPOLATION ITERATION

SCF CYCLE      =       11      TIME      =     0.04
RMS CHANGE     = 0.761164E-06  MAX CHANGE= 0.302067E-05
CONVERGED!!!!!
ELECTRONIC ENERGY    =     0.000000000
CORE_CORE REPULSION  =     0.000000000
TOTAL ENERGY         =     0.000000000

 @ End Energy calculation

 For Atom Kind =    2
 ELEMENT = H 
BASIS FUNCTIONS =    2

 @ Begin Energy Calculation

TOL:    0.000000000100000

SCF CYCLE      =        1      TIME      =     0.00
RMS CHANGE     = 0.256654E+00  MAX CHANGE= 0.291569E+00

SCF CYCLE      =        2      TIME      =     0.00
RMS CHANGE     = 0.152139E-01  MAX CHANGE= 0.238378E-01

SCF CYCLE      =        3      TIME      =   0.00
DIIS CYCLE     =        1      MAX ERROR = 0.543720E-02
RMS CHANGE     = 0.492246E-02  MAX CHANGE= 0.776945E-02

SCF CYCLE      =        4      TIME      =   0.00
DIIS CYCLE     =        2      MAX ERROR = 0.175010E-02
RMS CHANGE     = 0.234112E-02  MAX CHANGE= 0.370386E-02
DIIS FAILED !! RETURN TO NORMAL SCF. (NOT FATAL.)

SCF CYCLE      =        5      TIME      =     0.00
RMS CHANGE     = 0.142040E-10  MAX CHANGE= 0.224882E-10
CONVERGED!!!!!
ELECTRONIC ENERGY    =     0.000000000
CORE_CORE REPULSION  =     0.000000000
TOTAL ENERGY         =     0.000000000

 @ End Energy calculation


 @ Finish SAD initial guess


 @ Begin to Read Mol Info


 =========== Molecule Input ==========
| TOTAL MOLECULAR CHARGE  =    0    MULTIPLICITY                =    1
| TOTOAL ATOM NUMBER      =    3    NUMBER OF ATOM TYPES        =    2
| NUMBER OF HYDROGEN ATOM =    2    NUMBER OF NON-HYDROGEN ATOM =    1
| NUMBER OF ELECTRONS     =   10

 -- INPUT GEOMETRY -- :
    O          -0.0676      -0.3153       0.0000
    H           0.8924      -0.3153       0.0000
    H          -0.3880       0.5896       0.0000

 -- DISTANCE MATRIX -- :
              1           2           3
      1     0.00000
      2     1.81414     0.00000
      3     1.81414     2.96300     0.00000

============== BASIS INFOS ==============
| BASIS FUNCTIONS =   13
| NSHELL =    7 NPRIM  =   18
| JSHELL =    7 JBASIS =   18


 @ End Reading Mol Info 


 @ Begin Energy Calculation

TOL:    0.000000000100000
                                         SCF ENERGY
------------------------------------------------------------------------------------------------------------------------
NCYC       ENERGY         DELTA_E      SCF_TIME  DII_CYC   DII_TIME   O_TIME  DIAG_TIME    MAX_ERR    RMS_CHG    MAX_CHG
------------------------------------------------------------------------------------------------------------------------
  1    -75.997864871      ------         0.004     1        0.00      0.00      0.00    0.1742E+01  0.1019E+00  0.4164E+00
  2    -75.948035296  -.498296E-01       0.007     2        0.00      0.01      0.00    0.2147E+00  0.2851E-01  0.1494E+00
  3    -75.977378701  0.293434E-01       0.007     3        0.00      0.01      0.00    0.9140E-01  0.9934E-02  0.5368E-01
  4    -75.984413384  0.703468E-02       0.007     4        0.00      0.01      0.00    0.1902E-01  0.3975E-02  0.1582E-01
  5    -75.985010188  0.596804E-03       0.007     5        0.00      0.01      0.00    0.4400E-02  0.1962E-02  0.9553E-02
  6    -75.985078876  0.686876E-04       0.007     6        0.00      0.01      0.00    0.6858E-03  0.3392E-03  0.1855E-02
  7    -75.985080683  0.180739E-05       0.007     7        0.00      0.01      0.00    0.1379E-03  0.8356E-04  0.4348E-03
  8    -75.985080784  0.100946E-06       0.007     8        0.00      0.01      0.00    0.1499E-04  0.7209E-05  0.2035E-04
  9    -75.985080785  0.101530E-08       0.007     9        0.00      0.01      0.00    0.2221E-05  0.1071E-05  0.3205E-05
 10    -75.985080785  0.279865E-10       0.007    10        0.00      0.01      0.00    0.5656E-06  0.2532E-06  0.8813E-06
------------------------------------------------------------------------------------------------------------------------
 REACH CONVERGENCE AFTER  10 CYLCES
 MAX ERROR = 0.565562E-06   RMS CHANGE = 0.253215E-06   MAX CHANGE = 0.881267E-06
 -----------------------------------------------
ELECTRONIC ENERGY    =   -85.142196769
CORE_CORE REPULSION  =     9.157115983
TOTAL ENERGY         =   -75.985080785

 @ End Energy calculation


 @ Begin Energy Calculation

TOL:    0.000000000100000
                                         SCF ENERGY
------------------------------------------------------------------------------------------------------------------------
NCYC       ENERGY         DELTA_E      SCF_TIME  DII_CYC   DII_TIME   O_TIME  DIAG_TIME    MAX_ERR    RMS_CHG    MAX_CHG
------------------------------------------------------------------------------------------------------------------------
  1    -75.985080785      ------         0.007     1        0.00      0.01      0.00    0.1269E-06  0.3690E-07  0.1818E-06
    --------------- 2E-INT CUTOFF CHANGE TO 0.1000E-10 -------------
  2    -75.985080785  0.479616E-13       0.007     2        0.00      0.01      0.00    0.6364E-07  0.1841E-07  0.9396E-07
  3    -75.985080785  -.888178E-14       0.007     3        0.00      0.01      0.00    0.3223E-07  0.1872E-13  0.9037E-13
  4    -75.985080785  0.621725E-13       0.007     4        0.00      0.01      0.00    0.3223E-07  0.2443E-13  0.1340E-12
------------------------------------------------------------------------------------------------------------------------
 REACH CONVERGENCE AFTER   4 CYLCES
 MAX ERROR = 0.322295E-07   RMS CHANGE = 0.244338E-13   MAX CHANGE = 0.134004E-12
 -----------------------------------------------
ELECTRONIC ENERGY    =   -85.142196769
CORE_CORE REPULSION  =     9.157115983
TOTAL ENERGY         =   -75.985080785

 @ End Energy calculation

  GRADIENT CALCULATION TIME    0.035643000 S

 ANALYTICAL GRADIENT: 
----------------------------------------
 VARIBLES    XYZ            GRADIENT
----------------------------------------
    1เ    -0.0675675652    -0.0089731283
    1c    -0.3153153341    -0.0126966841
    1เ     0.0000000000     0.0000000186
    2เ     0.8924325081     0.0096732023
    2c    -0.3153153341     0.0026827889
    2เ     0.0000000000    -0.0000000023
    3เ    -0.3880221796    -0.0007000740
    3c     0.5896205650     0.0100138951
    3เ     0.0000000000    -0.0000000163
----------------------------------------

 @ Output Timing Infomration

------------- TIMING ---------------
INITIAL GUESS TIME =     0.510627000( 75.40%)
TOTAL SCF TIME     =     0.031184000(  4.60%)
      TOTAL OP TIME      =     0.030734000(  4.54%)
            TOTAL 1e TIME      =     0.003964000(  0.59%)
            TOTAL 2e TIME      =     0.091463000( 13.51%)
            TOTAL ENERGY TIME  =     0.000058000(  0.01%)
      TOTAL DII TIME     =     0.001585000(  0.23%)
            TOTAL DIAG TIME    =     0.000538000(  0.08%)
TOTAL TIME         =     0.677233000
------------------------------------
 Job cpu time:  0 days  0 hours  0 minutes  0.7 seconds.

 @ Finish Output Timing Infomration

 Normal Terminatation. Task Finished on: Wed Aug 14 15:37:59 2019
