  **************************************************************************
  **                            QUICK                                     **
  **                                                                      **
  **                        Copyright (c) 2011                            **
  **                Regents of the University of Florida                  **
  **                       All Rights Reserved.                           **
  **                                                                      **
  **  This software provided pursuant to a license agreement containing   **
  **  restrictions on its disclosure, duplication, and use. This software **
  **  contains confidential and proprietary information, and may not be   **
  **  extracted or distributed, in whole or in part, for any purpose      **
  **  whatsoever, without the express written permission of the authors.  **
  **  This notice, and the associated author list, must be attached to    **
  **  all copies, or extracts, of this software. Any additional           **
  **  restrictions set forth in the license agreement also apply to this  **
  **  software.                                                           **
  **************************************************************************

  Cite this work as:
  Miao, Y.: He, X.: Ayers,K: Brothers, E.: Merz,K. M. QUICK;
  University of Florida, Gainesville, FL, 2010

  If you have any comment or queries, please send email for technic support:
  quick@qtp.ufl.edu

 TASK STARTS ON: Thu Mar 21 20:38:22 2019
 INPUT FILE :    waterblyp.in
 OUTPUT FILE:    waterblyp.out
 DATE FILE  :    waterblyp.dat
 BASIS SET PATH: /users/PCS0202/bgs0374/bin/quick/ifort18/basis

 @ Read Job And Atom

  -------------------------------------
KEYWORD=BLYP BASIS=STO-3G CUTOFF=1.0D-10 ENERGY DENSERMS=1.0D-8 DEBUG                                                                                                                                           
  -------------------------------------
 ============== JOB CARD =============
| METHOD = DENSTITY FUNCTIONAL THEORY
| DENSITY FUNCTIONAL = B3YP
| DIRECT SCF 
| SAD INITAL GUESS 
| USE DIIS SCF
| PRINT ENERGY EVERY CYCLE
| DEBUG MODE
| STANDARD GRID = SG1
| MAX SCF CYCLES =    200
| MAX DIIS CYCLES =   10
| DELTA DENSITY START CYCLE = 1000
| COMPUATIONAL CUTOFF: 
|      TWO-e INTEGRAL   =  0.100E-09
|      BASIS SET PRIME  =  0.100E-19
|      MATRIX ELEMENTS  =  0.100E-09
|      BASIS FUNCTION   =  0.100E-09
| DENSITY MATRIX MAXIMUM RMS FOR CONVERGENCE  =  0.100E-07
| BASIS SET = STO-3G
| BASIS FILE = /users/PCS0202/bgs0374/bin/quick/ifort18/basis/STO-3G

 @ Finish reading job


 @ Begin SAD initial guess

 For Atom Kind =    1
 ELEMENT = O 
FOR BASIS SET     1
BASIS FUNCTON    1 ON ATOM    1
THIS IS AN 000 FUNCTION
THERE ARE    3 CONTRACTED GAUSSIANS
130.709320        0.154329
 23.808861        0.535328
  6.443608        0.444635
CONS =   1.000000
KLMN =    0     0     0
FOR BASIS SET     2
BASIS FUNCTON    2 ON ATOM    1
THIS IS AN 000 FUNCTION
THERE ARE    3 CONTRACTED GAUSSIANS
  5.033151       -0.099967
  1.169596        0.399513
  0.380389        0.700115
CONS =   1.000000
KLMN =    0     0     0
FOR BASIS SET     3
BASIS FUNCTON    3 ON ATOM    1
THIS IS AN 100 FUNCTION
THERE ARE    3 CONTRACTED GAUSSIANS
  5.033151        0.155916
  1.169596        0.607684
  0.380389        0.391957
CONS =   1.000000
KLMN =    1     0     0
FOR BASIS SET     4
BASIS FUNCTON    4 ON ATOM    1
THIS IS AN 010 FUNCTION
THERE ARE    3 CONTRACTED GAUSSIANS
  5.033151        0.155916
  1.169596        0.607684
  0.380389        0.391957
CONS =   1.000000
KLMN =    0     1     0
FOR BASIS SET     5
BASIS FUNCTON    5 ON ATOM    1
THIS IS AN 001 FUNCTION
THERE ARE    3 CONTRACTED GAUSSIANS
  5.033151        0.155916
  1.169596        0.607684
  0.380389        0.391957
CONS =   1.000000
KLMN =    0     0     1
 FOR ATOM    1
 FIRST BASIS    1 LAST BASIS   5
 FIRST SHELL BASIS **** LAST SHELL BASIS****

 FOR SHELL    1
 KSTART =     1
 KATOM =     1
 KTYPE =     1
 KPRIM =     3
 QNUMBER =     0
 QSTART =     0
 QFINAL =     0
 KSUMTYPE =     1
 Qsbasis =     0     0     0     0
 Qfbasis =     0     0     0     0

 FOR SHELL    2
 KSTART =     4
 KATOM =     1
 KTYPE =     4
 KPRIM =     3
 QNUMBER =     1
 QSTART =     0
 QFINAL =     1
 KSUMTYPE =     2
 Qsbasis =     0     1     0     0
 Qfbasis =     0     3     0     0

BASIS FUNCTIONS =    5

 @ Begin Energy Calculation

TOL:    0.000000000000001
THE OVERLAP MATRIX
                    1                 2                 3                 4                 5
      1      1.0000000000
      2      0.2367039365      1.0000000000
      3      0.0000000000      0.0000000000      1.0000000000
      4      0.0000000000      0.0000000000      0.0000000000      1.0000000000
      5      0.0000000000      0.0000000000      0.0000000000      0.0000000000      1.0000000000
THE X MATRIX
                    1                 2                 3                 4                 5
      1      1.0219108788
      2     -0.1226884548      1.0219108788
      3      0.0000000000      0.0000000000      1.0000000000
      4     -0.0000000000     -0.0000000000     -0.0000000000      1.0000000000
      5     -0.0000000000     -0.0000000000     -0.0000000000     -0.0000000000      1.0000000000


ALPHA DENSITY MATRIX AT START OF CYCLE   1
DENSEA[   1,   1]=      1.0000000000
DENSEA[   2,   1]=      0.0000000000
DENSEA[   3,   1]=      0.0000000000
DENSEA[   4,   1]=      0.0000000000
DENSEA[   5,   1]=      0.0000000000
DENSEA[   1,   2]=      0.0000000000
DENSEA[   2,   2]=      1.0000000000
DENSEA[   3,   2]=      0.0000000000
DENSEA[   4,   2]=      0.0000000000
DENSEA[   5,   2]=      0.0000000000
DENSEA[   1,   3]=      0.0000000000
DENSEA[   2,   3]=      0.0000000000
DENSEA[   3,   3]=      1.0000000000
DENSEA[   4,   3]=      0.0000000000
DENSEA[   5,   3]=      0.0000000000
DENSEA[   1,   4]=      0.0000000000
DENSEA[   2,   4]=      0.0000000000
DENSEA[   3,   4]=      0.0000000000
DENSEA[   4,   4]=      1.0000000000
DENSEA[   5,   4]=      0.0000000000
DENSEA[   1,   5]=      0.0000000000
DENSEA[   2,   5]=      0.0000000000
DENSEA[   3,   5]=      0.0000000000
DENSEA[   4,   5]=      0.0000000000
DENSEA[   5,   5]=      1.0000000000


BETA DENSITY MATRIX AT START OF CYCLE   1
DENSEB[   1,   1]=      0.6000000100
DENSEB[   2,   1]=      0.0000000000
DENSEB[   3,   1]=      0.0000000000
DENSEB[   4,   1]=      0.0000000000
DENSEB[   5,   1]=      0.0000000000
DENSEB[   1,   2]=      0.0000000000
DENSEB[   2,   2]=      0.6000000100
DENSEB[   3,   2]=      0.0000000000
DENSEB[   4,   2]=      0.0000000000
DENSEB[   5,   2]=      0.0000000000
DENSEB[   1,   3]=      0.0000000000
DENSEB[   2,   3]=      0.0000000000
DENSEB[   3,   3]=      0.6000000100
DENSEB[   4,   3]=      0.0000000000
DENSEB[   5,   3]=      0.0000000000
DENSEB[   1,   4]=      0.0000000000
DENSEB[   2,   4]=      0.0000000000
DENSEB[   3,   4]=      0.0000000000
DENSEB[   4,   4]=      0.6000000100
DENSEB[   5,   4]=      0.0000000000
DENSEB[   1,   5]=      0.0000000000
DENSEB[   2,   5]=      0.0000000000
DENSEB[   3,   5]=      0.0000000000
DENSEB[   4,   5]=      0.0000000000
DENSEB[   5,   5]=      0.6000000100


ALPHA OPERATOR MATRIX AT START OF CYCLE   1
OPERATORA[   1,   1]=    -21.8082999622
OPERATORA[   2,   1]=     -5.6336248087
OPERATORA[   3,   1]=      0.0000000000
OPERATORA[   4,   1]=      0.0000000000
OPERATORA[   5,   1]=      0.0000000000
OPERATORA[   1,   2]=     -5.6336248087
OPERATORA[   2,   2]=     -2.7198719517
OPERATORA[   3,   2]=      0.0000000000
OPERATORA[   4,   2]=      0.0000000000
OPERATORA[   5,   2]=      0.0000000000
OPERATORA[   1,   3]=      0.0000000000
OPERATORA[   2,   3]=      0.0000000000
OPERATORA[   3,   3]=     -0.6171098051
OPERATORA[   4,   3]=      0.0000000000
OPERATORA[   5,   3]=      0.0000000000
OPERATORA[   1,   4]=      0.0000000000
OPERATORA[   2,   4]=      0.0000000000
OPERATORA[   3,   4]=      0.0000000000
OPERATORA[   4,   4]=     -0.6171098051
OPERATORA[   5,   4]=      0.0000000000
OPERATORA[   1,   5]=      0.0000000000
OPERATORA[   2,   5]=      0.0000000000
OPERATORA[   3,   5]=      0.0000000000
OPERATORA[   4,   5]=      0.0000000000
OPERATORA[   5,   5]=     -0.6171098051

SCF CYCLE      =        1      TIME      =     0.02
RMS CHANGE     = 0.238978E+00  MAX CHANGE= 0.599755E+00


ALPHA DENSITY MATRIX AT START OF CYCLE   2
DENSEA[   1,   1]=      1.0593543011
DENSEA[   2,   1]=     -0.2507533332
DENSEA[   3,   1]=      0.0000000000
DENSEA[   4,   1]=     -0.0000000000
DENSEA[   5,   1]=     -0.0000000000
DENSEA[   1,   2]=     -0.2507533332
DENSEA[   2,   2]=      1.0593543011
DENSEA[   3,   2]=      0.0000000000
DENSEA[   4,   2]=     -0.0000000000
DENSEA[   5,   2]=     -0.0000000000
DENSEA[   1,   3]=      0.0000000000
DENSEA[   2,   3]=      0.0000000000
DENSEA[   3,   3]=      1.0000000000
DENSEA[   4,   3]=     -0.0000000000
DENSEA[   5,   3]=     -0.0000000000
DENSEA[   1,   4]=     -0.0000000000
DENSEA[   2,   4]=     -0.0000000000
DENSEA[   3,   4]=     -0.0000000000
DENSEA[   4,   4]=      1.0000000000
DENSEA[   5,   4]=      0.0000000000
DENSEA[   1,   5]=     -0.0000000000
DENSEA[   2,   5]=     -0.0000000000
DENSEA[   3,   5]=     -0.0000000000
DENSEA[   4,   5]=      0.0000000000
DENSEA[   5,   5]=      1.0000000000


BETA DENSITY MATRIX AT START OF CYCLE   2
DENSEB[   1,   1]=      1.0593543011
DENSEB[   2,   1]=     -0.2507533332
DENSEB[   3,   1]=      0.0000000000
DENSEB[   4,   1]=     -0.0000000000
DENSEB[   5,   1]=     -0.0000000000
DENSEB[   1,   2]=     -0.2507533332
DENSEB[   2,   2]=      1.0593543011
DENSEB[   3,   2]=      0.0000000000
DENSEB[   4,   2]=     -0.0000000000
DENSEB[   5,   2]=     -0.0000000000
DENSEB[   1,   3]=      0.0000000000
DENSEB[   2,   3]=      0.0000000000
DENSEB[   3,   3]=      0.0002450901
DENSEB[   4,   3]=      0.0046124416
DENSEB[   5,   3]=     -0.0149584569
DENSEB[   1,   4]=     -0.0000000000
DENSEB[   2,   4]=     -0.0000000000
DENSEB[   3,   4]=      0.0046124416
DENSEB[   4,   4]=      0.0868032451
DENSEB[   5,   4]=     -0.2815087337
DENSEB[   1,   5]=     -0.0000000000
DENSEB[   2,   5]=     -0.0000000000
DENSEB[   3,   5]=     -0.0149584569
DENSEB[   4,   5]=     -0.2815087337
DENSEB[   5,   5]=      0.9129516647


ALPHA OPERATOR MATRIX AT START OF CYCLE   2
OPERATORA[   1,   1]=    -20.3024345780
OPERATORA[   2,   1]=     -5.2029148243
OPERATORA[   3,   1]=     -0.0000000000
OPERATORA[   4,   1]=      0.0000000000
OPERATORA[   5,   1]=      0.0000000000
OPERATORA[   1,   2]=     -5.2029148243
OPERATORA[   2,   2]=     -2.5545228587
OPERATORA[   3,   2]=     -0.0000000000
OPERATORA[   4,   2]=      0.0000000000
OPERATORA[   5,   2]=      0.0000000000
OPERATORA[   1,   3]=     -0.0000000000
OPERATORA[   2,   3]=     -0.0000000000
OPERATORA[   3,   3]=     -0.5503207872
OPERATORA[   4,   3]=      0.0004376695
OPERATORA[   5,   3]=     -0.0014193914
OPERATORA[   1,   4]=      0.0000000000
OPERATORA[   2,   4]=      0.0000000000
OPERATORA[   3,   4]=      0.0004376695
OPERATORA[   4,   4]=     -0.5421073799
OPERATORA[   5,   4]=     -0.0267120513
OPERATORA[   1,   5]=      0.0000000000
OPERATORA[   2,   5]=      0.0000000000
OPERATORA[   3,   5]=     -0.0014193914
OPERATORA[   4,   5]=     -0.0267120513
OPERATORA[   5,   5]=     -0.4637150732

SCF CYCLE      =        2      TIME      =     0.02
RMS CHANGE     = 0.553160E-14  MAX CHANGE= 0.144728E-13
CONVERGED!!!!!
ELECTRONIC ENERGY    =     0.000000000
CORE_CORE REPULSION  =     0.000000000
TOTAL ENERGY         =     0.000000000

 @ End Energy calculation

 For Atom Kind =    2
 ELEMENT = H 
FOR BASIS SET     1
BASIS FUNCTON    1 ON ATOM    1
THIS IS AN 000 FUNCTION
THERE ARE    3 CONTRACTED GAUSSIANS
  3.425251        0.154329
  0.623914        0.535328
  0.168855        0.444635
CONS =   1.000000
KLMN =    0     0     0
 FOR ATOM    1
 FIRST BASIS    1 LAST BASIS   1
 FIRST SHELL BASIS **** LAST SHELL BASIS****

 FOR SHELL    1
 KSTART =     1
 KATOM =     1
 KTYPE =     1
 KPRIM =     3
 QNUMBER =     0
 QSTART =     0
 QFINAL =     0
 KSUMTYPE =     1
 Qsbasis =     0     0     0     0
 Qfbasis =     0     0     0     0

BASIS FUNCTIONS =    1

 @ Begin Energy Calculation

TOL:    0.000000000000001
THE OVERLAP MATRIX
                    1
      1      1.0000000000
THE X MATRIX
                    1
      1      1.0000000000


ALPHA DENSITY MATRIX AT START OF CYCLE   1
DENSEA[   1,   1]=      1.0000000000


BETA DENSITY MATRIX AT START OF CYCLE   1
DENSEB[   1,   1]=      0.0000000100


ALPHA OPERATOR MATRIX AT START OF CYCLE   1
OPERATORA[   1,   1]=     -0.4665818418

SCF CYCLE      =        1      TIME      =     0.00
RMS CHANGE     = 0.100000E-07  MAX CHANGE= 0.100000E-07

SCF CYCLE      =        2      TIME      =   0.00
DIIS CYCLE     =        1      MAX ERROR = 0.000000E+00
RMS CHANGE     = 0.000000E+00  MAX CHANGE= 0.000000E+00
PREPARED FOR FINAL NO INTERPOLATION ITERATION


ALPHA DENSITY MATRIX AT START OF CYCLE   3
DENSEA[   1,   1]=      1.0000000000


BETA DENSITY MATRIX AT START OF CYCLE   3
DENSEB[   1,   1]=      0.0000000000


ALPHA OPERATOR MATRIX AT START OF CYCLE   3
OPERATORA[   1,   1]=     -0.4665818496

SCF CYCLE      =        3      TIME      =     0.00
RMS CHANGE     = 0.000000E+00  MAX CHANGE= 0.000000E+00
CONVERGED!!!!!
ELECTRONIC ENERGY    =     0.000000000
CORE_CORE REPULSION  =     0.000000000
TOTAL ENERGY         =     0.000000000

 @ End Energy calculation


 @ Finish SAD initial guess


 @ Begin to Read Mol Info

FOR BASIS SET     1
BASIS FUNCTON    1 ON ATOM    1
THIS IS AN 000 FUNCTION
THERE ARE    3 CONTRACTED GAUSSIANS
130.709320        0.154329
 23.808861        0.535328
  6.443608        0.444635
CONS =   1.000000
KLMN =    0     0     0
FOR BASIS SET     2
BASIS FUNCTON    2 ON ATOM    1
THIS IS AN 000 FUNCTION
THERE ARE    3 CONTRACTED GAUSSIANS
  5.033151       -0.099967
  1.169596        0.399513
  0.380389        0.700115
CONS =   1.000000
KLMN =    0     0     0
FOR BASIS SET     3
BASIS FUNCTON    3 ON ATOM    1
THIS IS AN 100 FUNCTION
THERE ARE    3 CONTRACTED GAUSSIANS
  5.033151        0.155916
  1.169596        0.607684
  0.380389        0.391957
CONS =   1.000000
KLMN =    1     0     0
FOR BASIS SET     4
BASIS FUNCTON    4 ON ATOM    1
THIS IS AN 010 FUNCTION
THERE ARE    3 CONTRACTED GAUSSIANS
  5.033151        0.155916
  1.169596        0.607684
  0.380389        0.391957
CONS =   1.000000
KLMN =    0     1     0
FOR BASIS SET     5
BASIS FUNCTON    5 ON ATOM    1
THIS IS AN 001 FUNCTION
THERE ARE    3 CONTRACTED GAUSSIANS
  5.033151        0.155916
  1.169596        0.607684
  0.380389        0.391957
CONS =   1.000000
KLMN =    0     0     1
FOR BASIS SET     6
BASIS FUNCTON    6 ON ATOM    2
THIS IS AN 000 FUNCTION
THERE ARE    3 CONTRACTED GAUSSIANS
  3.425251        0.154329
  0.623914        0.535328
  0.168855        0.444635
CONS =   1.000000
KLMN =    0     0     0
FOR BASIS SET     7
BASIS FUNCTON    7 ON ATOM    3
THIS IS AN 000 FUNCTION
THERE ARE    3 CONTRACTED GAUSSIANS
  3.425251        0.154329
  0.623914        0.535328
  0.168855        0.444635
CONS =   1.000000
KLMN =    0     0     0
 FOR ATOM    1
 FIRST BASIS    1 LAST BASIS   5
 FIRST SHELL BASIS **** LAST SHELL BASIS****

 FOR ATOM    2
 FIRST BASIS    6 LAST BASIS   6
 FIRST SHELL BASIS **** LAST SHELL BASIS****

 FOR ATOM    3
 FIRST BASIS    7 LAST BASIS   7
 FIRST SHELL BASIS **** LAST SHELL BASIS****

 FOR SHELL    1
 KSTART =     1
 KATOM =     1
 KTYPE =     1
 KPRIM =     3
 QNUMBER =     0
 QSTART =     0
 QFINAL =     0
 KSUMTYPE =     1
 Qsbasis =     0     0     0     0
 Qfbasis =     0     0     0     0

 FOR SHELL    2
 KSTART =     4
 KATOM =     1
 KTYPE =     4
 KPRIM =     3
 QNUMBER =     1
 QSTART =     0
 QFINAL =     1
 KSUMTYPE =     2
 Qsbasis =     0     1     0     0
 Qfbasis =     0     3     0     0

 FOR SHELL    3
 KSTART =     7
 KATOM =     2
 KTYPE =     1
 KPRIM =     3
 QNUMBER =     0
 QSTART =     0
 QFINAL =     0
 KSUMTYPE =     6
 Qsbasis =     0     0     0     0
 Qfbasis =     0     0     0     0

 FOR SHELL    4
 KSTART =    10
 KATOM =     3
 KTYPE =     1
 KPRIM =     3
 QNUMBER =     0
 QSTART =     0
 QFINAL =     0
 KSUMTYPE =     7
 Qsbasis =     0     0     0     0
 Qfbasis =     0     0     0     0


 =========== Molecule Input ==========
| TOTAL MOLECULAR CHARGE  =    0    MULTIPLICITY                =    1
| TOTOAL ATOM NUMBER      =    3    NUMBER OF ATOM TYPES        =    2
| NUMBER OF HYDROGEN ATOM =    2    NUMBER OF NON-HYDROGEN ATOM =    1
| NUMBER OF ELECTRONS     =   10

 -- INPUT GEOMETRY -- :
    O          -0.0676      -0.3153       0.0000
    H           0.8924      -0.3153       0.0000
    H          -0.3880       0.5896       0.0000

 -- DISTANCE MATRIX -- :
              1           2           3
      1     0.00000
      2     1.81414     0.00000
      3     1.81414     2.96300     0.00000

============== BASIS INFOS ==============
| BASIS FUNCTIONS =    7
| NSHELL =    4 NPRIM  =   12
| JSHELL =    4 JBASIS =   12


RADII OF SIGNifIGANCE FOR THE BASIS FUNCTIONS
   1           1.933000
   2           7.598000
   3           7.891000
   4           7.891000
   5           7.891000
   6          11.245000
   7          11.245000
 DENSITY MATRIX AFTER INITIAL GUESS
                1             2             3             4             5
      1    2.11870860
      2   -0.50150667    2.11870860
      3    0.00000000    0.00000000    1.00024509
      4   -0.00000000   -0.00000000    0.00461244    1.08680325
      5   -0.00000000   -0.00000000   -0.01495846   -0.28150873    1.91295166
      6    0.00000000    0.00000000    0.00000000    0.00000000    0.00000000
      7    0.00000000    0.00000000    0.00000000    0.00000000    0.00000000
                6             7
      6    1.00000000
      7    0.00000000    1.00000000

 @ End Reading Mol Info 


 @ Begin Energy Calculation

TOL:    0.000000000000001
THE OVERLAP MATRIX
                    1                 2                 3                 4                 5
      1      1.0000000000
      2      0.2367039365      1.0000000000
      3      0.0000000000      0.0000000000      1.0000000000
      4      0.0000000000      0.0000000000      0.0000000000      1.0000000000
      5      0.0000000000      0.0000000000      0.0000000000      0.0000000000      1.0000000000
      6      0.0536200859      0.4729709187      0.3924766548     -0.0000000000      0.0000000000
      7      0.0536200859      0.4729709185     -0.1310114015      0.3699647783      0.0000000000
                    6                 7
      6      1.0000000000
      7      0.2327636224      1.0000000000
THE X MATRIX
                    1                 2                 3                 4                 5
      1      1.0242127426
      2     -0.1434400116      1.2471259914
      3     -0.0055945828      0.0609806046      1.0963494186
      4     -0.0079161517      0.0862855600     -0.0330573009      1.0729370097
      5      0.0000000000     -0.0000000000      0.0000000000      0.0000000000      1.0000000000
      6      0.0221312282     -0.2968065820     -0.2738664019      0.0224568576     -0.0000000000
      7      0.0221312282     -0.2968065817      0.1125872506     -0.2506615796     -0.0000000000
                    6                 7
      6      1.2079339654
      7     -0.0836107167      1.2079339651
                                         SCF ENERGY
------------------------------------------------------------------------------------------------------------------------
NCYC       ENERGY         DELTA_E      SCF_TIME  DII_CYC   DII_TIME   O_TIME  DIAG_TIME    MAX_ERR    RMS_CHG    MAX_CHG
------------------------------------------------------------------------------------------------------------------------
 ONE ELECTRON MATRIX
                1             2             3             4             5
      1  -32.71770748
      2   -7.61204523   -9.33189989
      3   -0.01028146   -0.12106011   -7.59328742
      4   -0.01454793   -0.17129609    0.03907439   -7.56561348
      5    0.00000000    0.00000000    0.00000000    0.00000000   -7.45527080
      6   -1.73773814   -3.71886800   -2.59595981   -0.05326886    0.00000000
      7   -1.73773814   -3.71886800    0.81633577   -2.46484094    0.00000000
                6             7
      6   -5.05429720
      7   -1.49908562   -5.05429720
 before hf
DENSITY MATRIX AT START OF CYCLE   1
                1             2             3             4             5
      1    2.11870860
      2   -0.50150667    2.11870860
      3    0.00000000    0.00000000    1.00024509
      4   -0.00000000   -0.00000000    0.00461244    1.08680325
      5   -0.00000000   -0.00000000   -0.01495846   -0.28150873    1.91295166
      6    0.00000000    0.00000000    0.00000000    0.00000000    0.00000000
      7    0.00000000    0.00000000    0.00000000    0.00000000    0.00000000
                6             7
      6    1.00000000
      7    0.00000000    1.00000000
OPERATOR MATRIX FOR CYCLE   1
                1             2             3             4             5
      1  -32.71770748
      2   -7.61204523   -9.33189989
      3   -0.01028146   -0.12106011   -7.59328742
      4   -0.01454793   -0.17129609    0.03907439   -7.56561348
      5    0.00000000    0.00000000    0.00000000    0.00000000   -7.45527080
      6   -1.73773814   -3.71886800   -2.59595981   -0.05326886    0.00000000
      7   -1.73773814   -3.71886800    0.81633577   -2.46484094    0.00000000
                6             7
      6   -5.05429720
      7   -1.49908562   -5.05429720
MOLECULAR ORBITAL ENERGIES FOR CYCLE   1
   1      0.0000000000
   2      0.0000000000
   3      0.0000000000
   4      0.0000000000
   5      0.0000000000
   6      0.0000000000
   7      0.0000000000
C MATRIX FOR CYCLE   1
                1             2             3             4             5
      1    0.00000000
      2    0.00000000    0.00000000
      3    0.00000000    0.00000000    0.00000000
      4    0.00000000    0.00000000    0.00000000    0.00000000
      5    0.00000000    0.00000000    0.00000000    0.00000000    0.00000000
      6    0.00000000    0.00000000    0.00000000    0.00000000    0.00000000
      7    0.00000000    0.00000000    0.00000000    0.00000000    0.00000000
                6             7
      6    0.00000000
      7    0.00000000    0.00000000
TOTAL NUMBER OF ELECTRONS=     10.0000000000
 hehe hf
DENSITY MATRIX AT START OF CYCLE   1
                1             2             3             4             5
      1    2.11870860
      2   -0.50150667    2.11870860
      3    0.00000000    0.00000000    1.00024509
      4   -0.00000000   -0.00000000    0.00461244    1.08680325
      5   -0.00000000   -0.00000000   -0.01495846   -0.28150873    1.91295166
      6    0.00000000    0.00000000    0.00000000    0.00000000    0.00000000
      7    0.00000000    0.00000000    0.00000000    0.00000000    0.00000000
                6             7
      6    1.00000000
      7    0.00000000    1.00000000
OPERATOR MATRIX FOR CYCLE   1
                1             2             3             4             5
      1  -18.54802875
      2   -4.78392747   -2.00307902
      3   -0.00209440   -0.04452246   -0.26000379
      4   -0.00295994   -0.06283096    0.02506595   -0.23861436
      5   -0.00000635   -0.00021541   -0.00056943   -0.01182870   -0.13444571
      6   -1.09348342   -0.76569491   -0.31798209   -0.01670257   -0.00024138
      7   -1.09347602   -0.76485690    0.09011102   -0.30364372   -0.00319590
                6             7
      6   -0.39648162
      7   -0.27887552   -0.39276922
MOLECULAR ORBITAL ENERGIES FOR CYCLE   1
   1      0.0000000000
   2      0.0000000000
   3      0.0000000000
   4      0.0000000000
   5      0.0000000000
   6      0.0000000000
   7      0.0000000000
C MATRIX FOR CYCLE   1
                1             2             3             4             5
      1    0.00000000
      2    0.00000000    0.00000000
      3    0.00000000    0.00000000    0.00000000
      4    0.00000000    0.00000000    0.00000000    0.00000000
      5    0.00000000    0.00000000    0.00000000    0.00000000    0.00000000
      6    0.00000000    0.00000000    0.00000000    0.00000000    0.00000000
      7    0.00000000    0.00000000    0.00000000    0.00000000    0.00000000
                6             7
      6    0.00000000
      7    0.00000000    0.00000000
TOTAL NUMBER OF ELECTRONS=     10.0000000000
  1    -75.177439494      ------         0.054     1        0.00      0.05      0.00    0.1499E+01  0.2677E+00  0.6713E+00
 after hf
DENSITY MATRIX AT START OF CYCLE   1
                1             2             3             4             5
      1    2.10311281
      2   -0.42932459    1.88284514
      3    0.06148325   -0.33878083    1.04529759
      4    0.08618626   -0.47571208    0.23067078    1.20814695
      5   -0.00262207    0.01720453   -0.00301290    0.01801300    1.99973023
      6   -0.04137935    0.02693102    0.67130892    0.05865152   -0.00387726
      7   -0.04077827    0.02470776   -0.16681848    0.65294687   -0.02690146
                6             7
      6    0.46625885
      7   -0.13270252    0.46580293
OPERATOR MATRIX FOR CYCLE   1
                1             2             3             4             5
      1  -18.18275087
      2   -5.11789032   -1.04245279
      3   -0.01508962   -0.42350382    0.04870650
      4   -0.02133736   -0.03010630   -0.39356924   -0.19123255
      5    0.00004515    0.00048481   -0.00008322    0.02083013   -0.06416242
      6   -0.17795268    0.28337082   -0.10124485    0.00227261    0.30605052
      7   -0.17800626    0.28295520   -0.09851696    0.00461347   -0.18889974
                6             7
      6    0.23314766
      7   -0.08142128   -0.31787004
MOLECULAR ORBITAL ENERGIES FOR CYCLE   1
   1    -18.5586053750
   2     -0.8571076775
   3     -0.4130230463
   4     -0.2622150187
   5     -0.1337704455
   6      0.3095802611
   7      0.3985267896
C MATRIX FOR CYCLE   1
                1             2             3             4             5
      1   -0.99326855
      2   -0.03046691    0.85229866
      3   -0.00200885    0.06005262    0.54670579
      4   -0.00284269    0.08389845   -0.37702261   -0.67289342
      5   -0.00000124    0.00237811   -0.01896369   -0.07029643    0.99727541
      6    0.00722135    0.15066059    0.38934764   -0.24216485   -0.01196938
      7    0.00722218    0.14816418   -0.38393534   -0.24898446   -0.03869204
                6             7
      6   -0.82502413
      7   -0.79563238    0.87421618
TOTAL NUMBER OF ELECTRONS=     10.0000000000
 before hf
DENSITY MATRIX AT START OF CYCLE   2
                1             2             3             4             5
      1    2.10311281
      2   -0.42932459    1.88284514
      3    0.06148325   -0.33878083    1.04529759
      4    0.08618626   -0.47571208    0.23067078    1.20814695
      5   -0.00262207    0.01720453   -0.00301290    0.01801300    1.99973023
      6   -0.04137935    0.02693102    0.67130892    0.05865152   -0.00387726
      7   -0.04077827    0.02470776   -0.16681848    0.65294687   -0.02690146
                6             7
      6    0.46625885
      7   -0.13270252    0.46580293
OPERATOR MATRIX FOR CYCLE   2
                1             2             3             4             5
      1  -18.18275087
      2   -5.11789032   -1.04245279
      3   -0.01508962   -0.42350382    0.04870650
      4   -0.02133736   -0.03010630   -0.39356924   -0.19123255
      5    0.00004515    0.00048481   -0.00008322    0.02083013   -0.06416242
      6   -0.17795268    0.28337082   -0.10124485    0.00227261    0.30605052
      7   -0.17800626    0.28295520   -0.09851696    0.00461347   -0.18889974
                6             7
      6    0.23314766
      7   -0.08142128   -0.31787004
MOLECULAR ORBITAL ENERGIES FOR CYCLE   2
   1    -18.5586053750
   2     -0.8571076775
   3     -0.4130230463
   4     -0.2622150187
   5     -0.1337704455
   6      0.3095802611
   7      0.3985267896
C MATRIX FOR CYCLE   2
                1             2             3             4             5
      1   -0.99326855
      2   -0.03046691    0.85229866
      3   -0.00200885    0.06005262    0.54670579
      4   -0.00284269    0.08389845   -0.37702261   -0.67289342
      5   -0.00000124    0.00237811   -0.01896369   -0.07029643    0.99727541
      6    0.00722135    0.15066059    0.38934764   -0.24216485   -0.01196938
      7    0.00722218    0.14816418   -0.38393534   -0.24898446   -0.03869204
                6             7
      6   -0.82502413
      7   -0.79563238    0.87421618
TOTAL NUMBER OF ELECTRONS=     10.0000000000
 hehe hf
DENSITY MATRIX AT START OF CYCLE   2
                1             2             3             4             5
      1    2.10311281
      2   -0.42932459    1.88284514
      3    0.06148325   -0.33878083    1.04529759
      4    0.08618626   -0.47571208    0.23067078    1.20814695
      5   -0.00262207    0.01720453   -0.00301290    0.01801300    1.99973023
      6   -0.04137935    0.02693102    0.67130892    0.05865152   -0.00387726
      7   -0.04077827    0.02470776   -0.16681848    0.65294687   -0.02690146
                6             7
      6    0.46625885
      7   -0.13270252    0.46580293
OPERATOR MATRIX FOR CYCLE   2
                1             2             3             4             5
      1  -18.32788756
      2   -4.73218900   -1.85928923
      3   -0.01344705   -0.10379404   -0.11737349
      4   -0.01891293   -0.14644147    0.03469512   -0.09287480
      5    0.00046920    0.00192448   -0.00007250    0.00045415    0.00820228
      6   -1.08255828   -0.73743438   -0.32185274   -0.04216511    0.00057314
      7   -1.08255100   -0.73735710    0.06755761   -0.31736203    0.00071753
                6             7
      6   -0.41305635
      7   -0.27771058   -0.41299143
MOLECULAR ORBITAL ENERGIES FOR CYCLE   2
   1    -18.5586053750
   2     -0.8571076775
   3     -0.4130230463
   4     -0.2622150187
   5     -0.1337704455
   6      0.3095802611
   7      0.3985267896
C MATRIX FOR CYCLE   2
                1             2             3             4             5
      1   -0.99326855
      2   -0.03046691    0.85229866
      3   -0.00200885    0.06005262    0.54670579
      4   -0.00284269    0.08389845   -0.37702261   -0.67289342
      5   -0.00000124    0.00237811   -0.01896369   -0.07029643    0.99727541
      6    0.00722135    0.15066059    0.38934764   -0.24216485   -0.01196938
      7    0.00722218    0.14816418   -0.38393534   -0.24898446   -0.03869204
                6             7
      6   -0.82502413
      7   -0.79563238    0.87421618
TOTAL NUMBER OF ELECTRONS=     10.0000000000
  2    -75.256735312  0.792958E-01       0.061     2        0.00      0.06      0.00    0.1151E+00  0.9912E-01  0.2785E+00
 after hf
DENSITY MATRIX AT START OF CYCLE   2
                1             2             3             4             5
      1    2.10751226
      2   -0.45753562    2.06363935
      3    0.06819088   -0.38594276    0.77135438
      4    0.09667706   -0.54697554    0.23667025    0.93942865
      5    0.00066006   -0.00434176   -0.00156223   -0.00370543    1.99998676
      6   -0.01857133   -0.11779847    0.73881878    0.12602933    0.00325793
      7   -0.01872014   -0.11715105   -0.12829570    0.73826563    0.00461364
                6             7
      6    0.74437546
      7   -0.18802268    0.74426230
OPERATOR MATRIX FOR CYCLE   2
                1             2             3             4             5
      1  -17.96440588
      2   -5.10408782   -0.89728115
      3   -0.02011987    0.44010459   -0.09212306
      4   -0.02839749    0.04474369    0.41323750    0.07905484
      5    0.00022896   -0.00190443    0.00107349    0.00196716    0.03149235
      6   -0.17439884    0.28600811   -0.10993468   -0.00025039    0.23676796
      7   -0.17441922    0.28600344   -0.11029464   -0.00012106   -0.04605972
                6             7
      6    0.32453202
      7   -0.08072543   -0.23974228
MOLECULAR ORBITAL ENERGIES FOR CYCLE   2
   1    -18.3397774605
   2     -0.7826296305
   3     -0.3592471464
   4     -0.0782892418
   5      0.0074935198
   6      0.3259361138
   7      0.4680406729
C MATRIX FOR CYCLE   2
                1             2             3             4             5
      1    0.99318967
      2    0.03092652   -0.75003028
      3    0.00278466   -0.11897874    0.44874100
      4    0.00393163   -0.16781937   -0.31741697    0.58373702
      5   -0.00002805    0.00208918    0.00060198    0.00760726   -0.99996539
      6   -0.00756871   -0.20579437    0.48259795    0.31125228    0.00059962
      7   -0.00756536   -0.20564053   -0.48297939    0.31067082   -0.00066364
                6             7
      6   -0.77551532
      7   -0.77507593   -0.81074806
TOTAL NUMBER OF ELECTRONS=     10.0000000000
 before hf
DENSITY MATRIX AT START OF CYCLE   3
                1             2             3             4             5
      1    2.10751226
      2   -0.45753562    2.06363935
      3    0.06819088   -0.38594276    0.77135438
      4    0.09667706   -0.54697554    0.23667025    0.93942865
      5    0.00066006   -0.00434176   -0.00156223   -0.00370543    1.99998676
      6   -0.01857133   -0.11779847    0.73881878    0.12602933    0.00325793
      7   -0.01872014   -0.11715105   -0.12829570    0.73826563    0.00461364
                6             7
      6    0.74437546
      7   -0.18802268    0.74426230
OPERATOR MATRIX FOR CYCLE   3
                1             2             3             4             5
      1  -17.96440588
      2   -5.10408782   -0.89728115
      3   -0.02011987    0.44010459   -0.09212306
      4   -0.02839749    0.04474369    0.41323750    0.07905484
      5    0.00022896   -0.00190443    0.00107349    0.00196716    0.03149235
      6   -0.17439884    0.28600811   -0.10993468   -0.00025039    0.23676796
      7   -0.17441922    0.28600344   -0.11029464   -0.00012106   -0.04605972
                6             7
      6    0.32453202
      7   -0.08072543   -0.23974228
MOLECULAR ORBITAL ENERGIES FOR CYCLE   3
   1    -18.3397774605
   2     -0.7826296305
   3     -0.3592471464
   4     -0.0782892418
   5      0.0074935198
   6      0.3259361138
   7      0.4680406729
C MATRIX FOR CYCLE   3
                1             2             3             4             5
      1    0.99318967
      2    0.03092652   -0.75003028
      3    0.00278466   -0.11897874    0.44874100
      4    0.00393163   -0.16781937   -0.31741697    0.58373702
      5   -0.00002805    0.00208918    0.00060198    0.00760726   -0.99996539
      6   -0.00756871   -0.20579437    0.48259795    0.31125228    0.00059962
      7   -0.00756536   -0.20564053   -0.48297939    0.31067082   -0.00066364
                6             7
      6   -0.77551532
      7   -0.77507593   -0.81074806
TOTAL NUMBER OF ELECTRONS=     10.0000000000
 hehe hf
DENSITY MATRIX AT START OF CYCLE   3
                1             2             3             4             5
      1    2.10751226
      2   -0.45753562    2.06363935
      3    0.06819088   -0.38594276    0.77135438
      4    0.09667706   -0.54697554    0.23667025    0.93942865
      5    0.00066006   -0.00434176   -0.00156223   -0.00370543    1.99998676
      6   -0.01857133   -0.11779847    0.73881878    0.12602933    0.00325793
      7   -0.01872014   -0.11715105   -0.12829570    0.73826563    0.00461364
                6             7
      6    0.74437546
      7   -0.18802268    0.74426230
OPERATOR MATRIX FOR CYCLE   3
                1             2             3             4             5
      1  -18.60759977
      2   -4.79288841   -2.00015574
      3   -0.01294461   -0.09140769   -0.25604615
      4   -0.01834775   -0.12947588    0.03160505   -0.23363563
      5   -0.00011527   -0.00046834   -0.00004132   -0.00009604   -0.13482767
      6   -1.09626273   -0.77643440   -0.33978198   -0.03609217   -0.00015616
      7   -1.09626449   -0.77646985    0.07944977   -0.33238872   -0.00016623
                6             7
      6   -0.42077460
      7   -0.28665559   -0.42085449
MOLECULAR ORBITAL ENERGIES FOR CYCLE   3
   1    -18.3397774605
   2     -0.7826296305
   3     -0.3592471464
   4     -0.0782892418
   5      0.0074935198
   6      0.3259361138
   7      0.4680406729
C MATRIX FOR CYCLE   3
                1             2             3             4             5
      1    0.99318967
      2    0.03092652   -0.75003028
      3    0.00278466   -0.11897874    0.44874100
      4    0.00393163   -0.16781937   -0.31741697    0.58373702
      5   -0.00002805    0.00208918    0.00060198    0.00760726   -0.99996539
      6   -0.00756871   -0.20579437    0.48259795    0.31125228    0.00059962
      7   -0.00756536   -0.20564053   -0.48297939    0.31067082   -0.00066364
                6             7
      6   -0.77551532
      7   -0.77507593   -0.81074806
TOTAL NUMBER OF ELECTRONS=     10.0000000000
  3    -75.259060649  0.232534E-02       0.042     3        0.00      0.04      0.00    0.1172E+00  0.4651E-01  0.1404E+00
 after hf
DENSITY MATRIX AT START OF CYCLE   3
                1             2             3             4             5
      1    2.10653082
      2   -0.44964472    2.00223471
      3    0.06279099   -0.35487317    0.89374532
      4    0.08891309   -0.50244394    0.24970792    1.07067286
      5    0.00024067   -0.00159300   -0.00039212   -0.00134699    1.99999823
      6   -0.02712592   -0.05296660    0.71460091    0.09178401    0.00107401
      7   -0.02717107   -0.05278868   -0.15218939    0.70417744    0.00183281
                6             7
      6    0.60398083
      7   -0.18113017    0.60403763
OPERATOR MATRIX FOR CYCLE   3
                1             2             3             4             5
      1  -18.10332350
      2   -5.11395804   -0.97034067
      3   -0.02033421    0.43381891   -0.08190078
      4   -0.02874557    0.04030281    0.42795676   -0.00101412
      5    0.00008582   -0.00072422    0.00026769    0.00056892   -0.05231492
      6   -0.17579809    0.28440626   -0.11239816   -0.00004253    0.14598138
      7   -0.17580475    0.28440770   -0.11248194    0.00000300   -0.00233445
                6             7
      6    0.41787227
      7   -0.08111630   -0.39099575
MOLECULAR ORBITAL ENERGIES FOR CYCLE   3
   1    -18.4787464575
   2     -0.8319312401
   3     -0.3910918713
   4     -0.1431638431
   5     -0.0633849245
   6      0.2972619169
   7      0.4290389473
C MATRIX FOR CYCLE   3
                1             2             3             4             5
      1   -0.99326705
      2   -0.03058588   -0.78949777
      3   -0.00274543   -0.11754183   -0.48899798
      4   -0.00388162   -0.16614242    0.34572834   -0.62304664
      5    0.00001055    0.00085098   -0.00043516   -0.00209948    0.99999690
      6    0.00747646   -0.17820031   -0.44295229   -0.27197872   -0.00007520
      7    0.00747527   -0.17819418    0.44312827   -0.27174737    0.00069027
                6             7
      6    0.79650088
      7    0.79653100   -0.83289004
TOTAL NUMBER OF ELECTRONS=     10.0000000000
 before hf
DENSITY MATRIX AT START OF CYCLE   4
                1             2             3             4             5
      1    2.10653082
      2   -0.44964472    2.00223471
      3    0.06279099   -0.35487317    0.89374532
      4    0.08891309   -0.50244394    0.24970792    1.07067286
      5    0.00024067   -0.00159300   -0.00039212   -0.00134699    1.99999823
      6   -0.02712592   -0.05296660    0.71460091    0.09178401    0.00107401
      7   -0.02717107   -0.05278868   -0.15218939    0.70417744    0.00183281
                6             7
      6    0.60398083
      7   -0.18113017    0.60403763
OPERATOR MATRIX FOR CYCLE   4
                1             2             3             4             5
      1  -18.10332350
      2   -5.11395804   -0.97034067
      3   -0.02033421    0.43381891   -0.08190078
      4   -0.02874557    0.04030281    0.42795676   -0.00101412
      5    0.00008582   -0.00072422    0.00026769    0.00056892   -0.05231492
      6   -0.17579809    0.28440626   -0.11239816   -0.00004253    0.14598138
      7   -0.17580475    0.28440770   -0.11248194    0.00000300   -0.00233445
                6             7
      6    0.41787227
      7   -0.08111630   -0.39099575
MOLECULAR ORBITAL ENERGIES FOR CYCLE   4
   1    -18.4787464575
   2     -0.8319312401
   3     -0.3910918713
   4     -0.1431638431
   5     -0.0633849245
   6      0.2972619169
   7      0.4290389473
C MATRIX FOR CYCLE   4
                1             2             3             4             5
      1   -0.99326705
      2   -0.03058588   -0.78949777
      3   -0.00274543   -0.11754183   -0.48899798
      4   -0.00388162   -0.16614242    0.34572834   -0.62304664
      5    0.00001055    0.00085098   -0.00043516   -0.00209948    0.99999690
      6    0.00747646   -0.17820031   -0.44295229   -0.27197872   -0.00007520
      7    0.00747527   -0.17819418    0.44312827   -0.27174737    0.00069027
                6             7
      6    0.79650088
      7    0.79653100   -0.83289004
TOTAL NUMBER OF ELECTRONS=     10.0000000000
 hehe hf
DENSITY MATRIX AT START OF CYCLE   4
                1             2             3             4             5
      1    2.10653082
      2   -0.44964472    2.00223471
      3    0.06279099   -0.35487317    0.89374532
      4    0.08891309   -0.50244394    0.24970792    1.07067286
      5    0.00024067   -0.00159300   -0.00039212   -0.00134699    1.99999823
      6   -0.02712592   -0.05296660    0.71460091    0.09178401    0.00107401
      7   -0.02717107   -0.05278868   -0.15218939    0.70417744    0.00183281
                6             7
      6    0.60398083
      7   -0.18113017    0.60403763
OPERATOR MATRIX FOR CYCLE   4
                1             2             3             4             5
      1  -18.46449853
      2   -4.76189115   -1.92821423
      3   -0.01280826   -0.09584000   -0.18555322
      4   -0.01813289   -0.13564378    0.03361229   -0.16173222
      5   -0.00004233   -0.00017190   -0.00001046   -0.00003480   -0.06145047
      6   -1.08923786   -0.75599258   -0.32972247   -0.03823210   -0.00005575
      7   -1.08923823   -0.75599870    0.07403515   -0.32357932   -0.00006103
                6             7
      6   -0.41592906
      7   -0.28166519   -0.41593172
MOLECULAR ORBITAL ENERGIES FOR CYCLE   4
   1    -18.4787464575
   2     -0.8319312401
   3     -0.3910918713
   4     -0.1431638431
   5     -0.0633849245
   6      0.2972619169
   7      0.4290389473
C MATRIX FOR CYCLE   4
                1             2             3             4             5
      1   -0.99326705
      2   -0.03058588   -0.78949777
      3   -0.00274543   -0.11754183   -0.48899798
      4   -0.00388162   -0.16614242    0.34572834   -0.62304664
      5    0.00001055    0.00085098   -0.00043516   -0.00209948    0.99999690
      6    0.00747646   -0.17820031   -0.44295229   -0.27197872   -0.00007520
      7    0.00747527   -0.17819418    0.44312827   -0.27174737    0.00069027
                6             7
      6    0.79650088
      7    0.79653100   -0.83289004
TOTAL NUMBER OF ELECTRONS=     10.0000000000
  4    -75.274841470  0.157808E-01       0.040     4        0.00      0.04      0.00    0.1853E-02  0.1100E-02  0.3222E-02
 after hf
DENSITY MATRIX AT START OF CYCLE   4
                1             2             3             4             5
      1    2.10639296
      2   -0.44894516    1.99901260
      3    0.06313293   -0.35639417    0.89377601
      4    0.08932429   -0.50425482    0.24854458    1.06976664
      5   -0.00002848    0.00018835    0.00010078    0.00012076    1.99999998
      6   -0.02747233   -0.05202356    0.71479102    0.09202653   -0.00018206
      7   -0.02746515   -0.05205826   -0.15183300    0.70452731   -0.00016112
                6             7
      6    0.60465053
      7   -0.17947717    0.60467196
OPERATOR MATRIX FOR CYCLE   4
                1             2             3             4             5
      1  -18.10129002
      2   -5.11383125   -0.96933787
      3   -0.02015113    0.43159014   -0.07755473
      4   -0.02851649    0.03789166    0.42943734   -0.00373434
      5   -0.00001047    0.00008367   -0.00003041   -0.00006200   -0.06064694
      6   -0.17584614    0.28436520   -0.11189353    0.00000265    0.08589715
      7   -0.17584490    0.28436645   -0.11188124    0.00000211   -0.02515566
                6             7
      6    0.22052093
      7   -0.08104550   -0.18365002
MOLECULAR ORBITAL ENERGIES FOR CYCLE   4
   1    -18.4767163792
   2     -0.8298635325
   3     -0.3905349468
   4     -0.1441890074
   5     -0.0623026355
   6      0.2988519377
   7      0.4290615636
C MATRIX FOR CYCLE   4
                1             2             3             4             5
      1   -0.99326616
      2   -0.03058620   -0.78997875
      3   -0.00271935   -0.11557700   -0.48935264
      4   -0.00384815   -0.16355712    0.34581601   -0.62332081
      5   -0.00000125   -0.00009906   -0.00001149    0.00021711    0.99999997
      6    0.00746855   -0.17857629   -0.44276491   -0.27265220   -0.00005460
      7    0.00746870   -0.17858258    0.44275098   -0.27269035   -0.00003395
                6             7
      6    0.79616521
      7    0.79614305    0.83307055
TOTAL NUMBER OF ELECTRONS=     10.0000000000
 before hf
DENSITY MATRIX AT START OF CYCLE   5
                1             2             3             4             5
      1    2.10639296
      2   -0.44894516    1.99901260
      3    0.06313293   -0.35639417    0.89377601
      4    0.08932429   -0.50425482    0.24854458    1.06976664
      5   -0.00002848    0.00018835    0.00010078    0.00012076    1.99999998
      6   -0.02747233   -0.05202356    0.71479102    0.09202653   -0.00018206
      7   -0.02746515   -0.05205826   -0.15183300    0.70452731   -0.00016112
                6             7
      6    0.60465053
      7   -0.17947717    0.60467196
OPERATOR MATRIX FOR CYCLE   5
                1             2             3             4             5
      1  -18.10129002
      2   -5.11383125   -0.96933787
      3   -0.02015113    0.43159014   -0.07755473
      4   -0.02851649    0.03789166    0.42943734   -0.00373434
      5   -0.00001047    0.00008367   -0.00003041   -0.00006200   -0.06064694
      6   -0.17584614    0.28436520   -0.11189353    0.00000265    0.08589715
      7   -0.17584490    0.28436645   -0.11188124    0.00000211   -0.02515566
                6             7
      6    0.22052093
      7   -0.08104550   -0.18365002
MOLECULAR ORBITAL ENERGIES FOR CYCLE   5
   1    -18.4767163792
   2     -0.8298635325
   3     -0.3905349468
   4     -0.1441890074
   5     -0.0623026355
   6      0.2988519377
   7      0.4290615636
C MATRIX FOR CYCLE   5
                1             2             3             4             5
      1   -0.99326616
      2   -0.03058620   -0.78997875
      3   -0.00271935   -0.11557700   -0.48935264
      4   -0.00384815   -0.16355712    0.34581601   -0.62332081
      5   -0.00000125   -0.00009906   -0.00001149    0.00021711    0.99999997
      6    0.00746855   -0.17857629   -0.44276491   -0.27265220   -0.00005460
      7    0.00746870   -0.17858258    0.44275098   -0.27269035   -0.00003395
                6             7
      6    0.79616521
      7    0.79614305    0.83307055
TOTAL NUMBER OF ELECTRONS=     10.0000000000
 hehe hf
DENSITY MATRIX AT START OF CYCLE   5
                1             2             3             4             5
      1    2.10639296
      2   -0.44894516    1.99901260
      3    0.06313293   -0.35639417    0.89377601
      4    0.08932429   -0.50425482    0.24854458    1.06976664
      5   -0.00002848    0.00018835    0.00010078    0.00012076    1.99999998
      6   -0.02747233   -0.05202356    0.71479102    0.09202653   -0.00018206
      7   -0.02746515   -0.05205826   -0.15183300    0.70452731   -0.00016112
                6             7
      6    0.60465053
      7   -0.17947717    0.60467196
OPERATOR MATRIX FOR CYCLE   5
                1             2             3             4             5
      1  -18.46612521
      2   -4.76223349   -1.92896696
      3   -0.01286157   -0.09603673   -0.18626501
      4   -0.01819688   -0.13587728    0.03356503   -0.16248592
      5    0.00000501    0.00002037    0.00000261    0.00000314   -0.06224480
      6   -1.08931899   -0.75627564   -0.32995146   -0.03831638    0.00000699
      7   -1.08931865   -0.75627262    0.07401738   -0.32381099    0.00000685
                6             7
      6   -0.41615404
      7   -0.28176838   -0.41614455
MOLECULAR ORBITAL ENERGIES FOR CYCLE   5
   1    -18.4767163792
   2     -0.8298635325
   3     -0.3905349468
   4     -0.1441890074
   5     -0.0623026355
   6      0.2988519377
   7      0.4290615636
C MATRIX FOR CYCLE   5
                1             2             3             4             5
      1   -0.99326616
      2   -0.03058620   -0.78997875
      3   -0.00271935   -0.11557700   -0.48935264
      4   -0.00384815   -0.16355712    0.34581601   -0.62332081
      5   -0.00000125   -0.00009906   -0.00001149    0.00021711    0.99999997
      6    0.00746855   -0.17857629   -0.44276491   -0.27265220   -0.00005460
      7    0.00746870   -0.17858258    0.44275098   -0.27269035   -0.00003395
                6             7
      6    0.79616521
      7    0.79614305    0.83307055
TOTAL NUMBER OF ELECTRONS=     10.0000000000
  5    -75.274848703  0.723318E-05       0.040     5        0.00      0.04      0.00    0.8961E-04  0.9433E-04  0.2105E-03
 after hf
DENSITY MATRIX AT START OF CYCLE   5
                1             2             3             4             5
      1    2.10639768
      2   -0.44897233    1.99916516
      3    0.06312840   -0.35638598    0.89364441
      4    0.08932680   -0.50428367    0.24852188    1.06965893
      5    0.00000334   -0.00002210   -0.00001111   -0.00001468    2.00000000
      6   -0.02744929   -0.05214238    0.71482925    0.09207998    0.00002064
      7   -0.02745117   -0.05213493   -0.15181882    0.70456290    0.00001964
                6             7
      6    0.60477497
      7   -0.17948842    0.60477594
OPERATOR MATRIX FOR CYCLE   5
                1             2             3             4             5
      1  -18.10138912
      2   -5.11384328   -0.96934491
      3   -0.02015688    0.43163074   -0.07770706
      4   -0.02852128    0.03793315    0.42937432   -0.00365125
      5    0.00000126   -0.00001042    0.00000389    0.00002357    0.20979950
      6   -0.17584651    0.28435610   -0.11187951   -0.00001649    0.56694180
      7   -0.17584637    0.28435713   -0.11189465   -0.00000855   -0.27545245
                6             7
      6   -0.15180624
      7   -0.08103913   -0.08187481
MOLECULAR ORBITAL ENERGIES FOR CYCLE   5
   1    -18.4768152924
   2     -0.8298961916
   3     -0.3905814270
   4     -0.1441521796
   5     -0.0622988777
   6      0.2987713241
   7      0.4289987594
C MATRIX FOR CYCLE   5
                1             2             3             4             5
      1   -0.99326627
      2   -0.03058581   -0.78994405
      3   -0.00272007   -0.11562479   -0.48930807
      4   -0.00384872   -0.16359006    0.34580516    0.62327501
      5    0.00000015    0.00001214    0.00000062    0.00003338    1.00000000
      6    0.00746872   -0.17859576   -0.44279277    0.27270830    0.00000366
      7    0.00746870   -0.17858903    0.44279397    0.27271167    0.00000261
                6             7
      6    0.79617467
      7    0.79610125    0.83307929
TOTAL NUMBER OF ELECTRONS=     10.0000000000
 before hf
DENSITY MATRIX AT START OF CYCLE   6
                1             2             3             4             5
      1    2.10639768
      2   -0.44897233    1.99916516
      3    0.06312840   -0.35638598    0.89364441
      4    0.08932680   -0.50428367    0.24852188    1.06965893
      5    0.00000334   -0.00002210   -0.00001111   -0.00001468    2.00000000
      6   -0.02744929   -0.05214238    0.71482925    0.09207998    0.00002064
      7   -0.02745117   -0.05213493   -0.15181882    0.70456290    0.00001964
                6             7
      6    0.60477497
      7   -0.17948842    0.60477594
OPERATOR MATRIX FOR CYCLE   6
                1             2             3             4             5
      1  -18.10138912
      2   -5.11384328   -0.96934491
      3   -0.02015688    0.43163074   -0.07770706
      4   -0.02852128    0.03793315    0.42937432   -0.00365125
      5    0.00000126   -0.00001042    0.00000389    0.00002357    0.20979950
      6   -0.17584651    0.28435610   -0.11187951   -0.00001649    0.56694180
      7   -0.17584637    0.28435713   -0.11189465   -0.00000855   -0.27545245
                6             7
      6   -0.15180624
      7   -0.08103913   -0.08187481
MOLECULAR ORBITAL ENERGIES FOR CYCLE   6
   1    -18.4768152924
   2     -0.8298961916
   3     -0.3905814270
   4     -0.1441521796
   5     -0.0622988777
   6      0.2987713241
   7      0.4289987594
C MATRIX FOR CYCLE   6
                1             2             3             4             5
      1   -0.99326627
      2   -0.03058581   -0.78994405
      3   -0.00272007   -0.11562479   -0.48930807
      4   -0.00384872   -0.16359006    0.34580516    0.62327501
      5    0.00000015    0.00001214    0.00000062    0.00003338    1.00000000
      6    0.00746872   -0.17859576   -0.44279277    0.27270830    0.00000366
      7    0.00746870   -0.17858903    0.44279397    0.27271167    0.00000261
                6             7
      6    0.79617467
      7    0.79610125    0.83307929
TOTAL NUMBER OF ELECTRONS=     10.0000000000
 hehe hf
DENSITY MATRIX AT START OF CYCLE   6
                1             2             3             4             5
      1    2.10639768
      2   -0.44897233    1.99916516
      3    0.06312840   -0.35638598    0.89364441
      4    0.08932680   -0.50428367    0.24852188    1.06965893
      5    0.00000334   -0.00002210   -0.00001111   -0.00001468    2.00000000
      6   -0.02744929   -0.05214238    0.71482925    0.09207998    0.00002064
      7   -0.02745117   -0.05213493   -0.15181882    0.70456290    0.00001964
                6             7
      6    0.60477497
      7   -0.17948842    0.60477594
OPERATOR MATRIX FOR CYCLE   6
                1             2             3             4             5
      1  -18.46622672
      2   -4.76225577   -1.92901960
      3   -0.01286012   -0.09602560   -0.18631732
      4   -0.01819650   -0.13587012    0.03356328   -0.16253861
      5   -0.00000059   -0.00000239   -0.00000029   -0.00000038   -0.06229763
      6   -1.08932393   -0.75628815   -0.32995449   -0.03831400   -0.00000082
      7   -1.08932370   -0.75628773    0.07402403   -0.32381671   -0.00000081
                6             7
      6   -0.41615105
      7   -0.28177117   -0.41614903
MOLECULAR ORBITAL ENERGIES FOR CYCLE   6
   1    -18.4768152924
   2     -0.8298961916
   3     -0.3905814270
   4     -0.1441521796
   5     -0.0622988777
   6      0.2987713241
   7      0.4289987594
C MATRIX FOR CYCLE   6
                1             2             3             4             5
      1   -0.99326627
      2   -0.03058581   -0.78994405
      3   -0.00272007   -0.11562479   -0.48930807
      4   -0.00384872   -0.16359006    0.34580516    0.62327501
      5    0.00000015    0.00001214    0.00000062    0.00003338    1.00000000
      6    0.00746872   -0.17859576   -0.44279277    0.27270830    0.00000366
      7    0.00746870   -0.17858903    0.44279397    0.27271167    0.00000261
                6             7
      6    0.79617467
      7    0.79610125    0.83307929
TOTAL NUMBER OF ELECTRONS=     10.0000000000
  6    -75.274848726  0.228709E-07       0.074     6        0.00      0.07      0.00    0.4723E-05  0.8837E-05  0.2197E-04
 after hf
DENSITY MATRIX AT START OF CYCLE   6
                1             2             3             4             5
      1    2.10639795
      2   -0.44897382    1.99917322
      3    0.06312885   -0.35638834    0.89364467
      4    0.08932615   -0.50428161    0.24852411    1.06964807
      5    0.00000002   -0.00000013   -0.00000020    0.00000000    2.00000000
      6   -0.02744934   -0.05214183    0.71482903    0.09207910    0.00000026
      7   -0.02744923   -0.05214464   -0.15181616    0.70456698   -0.00000001
                6             7
      6    0.60477527
      7   -0.17949016    0.60478573
OPERATOR MATRIX FOR CYCLE   6
                1             2             3             4             5
      1  -18.10139638
      2   -5.11384420   -0.96934644
      3   -0.02015703    0.43163046   -0.07771688
      4   -0.02852186    0.03793800    0.42936962   -0.00364758
      5    0.00000001   -0.00000008    0.00000003    0.00001146    0.26377066
      6   -0.17584665    0.28435549   -0.11188419   -0.00001041    0.46472724
      7   -0.17584634    0.28435651   -0.11189164   -0.00000468   -0.29939559
                6             7
      6   -0.22535334
      7   -0.08103874   -0.06230672
MOLECULAR ORBITAL ENERGIES FOR CYCLE   6
   1    -18.4768225639
   2     -0.8298991078
   3     -0.3905845004
   4     -0.1441511731
   5     -0.0622993743
   6      0.2987655509
   7      0.4289944745
C MATRIX FOR CYCLE   6
                1             2             3             4             5
      1   -0.99326627
      2   -0.03058579   -0.78994231
      3   -0.00272008   -0.11562365    0.48930778
      4   -0.00384880   -0.16359565   -0.34580157   -0.62327117
      5    0.00000000    0.00000008   -0.00000016   -0.00000036    1.00000000
      6    0.00746871   -0.17859391    0.44279469   -0.27270667    0.00000011
      7    0.00746872   -0.17859164   -0.44279588   -0.27271582   -0.00000016
                6             7
      6    0.79616351
      7    0.79611138   -0.83306667
TOTAL NUMBER OF ELECTRONS=     10.0000000000
 before hf
DENSITY MATRIX AT START OF CYCLE   7
                1             2             3             4             5
      1    2.10639795
      2   -0.44897382    1.99917322
      3    0.06312885   -0.35638834    0.89364467
      4    0.08932615   -0.50428161    0.24852411    1.06964807
      5    0.00000002   -0.00000013   -0.00000020    0.00000000    2.00000000
      6   -0.02744934   -0.05214183    0.71482903    0.09207910    0.00000026
      7   -0.02744923   -0.05214464   -0.15181616    0.70456698   -0.00000001
                6             7
      6    0.60477527
      7   -0.17949016    0.60478573
OPERATOR MATRIX FOR CYCLE   7
                1             2             3             4             5
      1  -18.10139638
      2   -5.11384420   -0.96934644
      3   -0.02015703    0.43163046   -0.07771688
      4   -0.02852186    0.03793800    0.42936962   -0.00364758
      5    0.00000001   -0.00000008    0.00000003    0.00001146    0.26377066
      6   -0.17584665    0.28435549   -0.11188419   -0.00001041    0.46472724
      7   -0.17584634    0.28435651   -0.11189164   -0.00000468   -0.29939559
                6             7
      6   -0.22535334
      7   -0.08103874   -0.06230672
MOLECULAR ORBITAL ENERGIES FOR CYCLE   7
   1    -18.4768225639
   2     -0.8298991078
   3     -0.3905845004
   4     -0.1441511731
   5     -0.0622993743
   6      0.2987655509
   7      0.4289944745
C MATRIX FOR CYCLE   7
                1             2             3             4             5
      1   -0.99326627
      2   -0.03058579   -0.78994231
      3   -0.00272008   -0.11562365    0.48930778
      4   -0.00384880   -0.16359565   -0.34580157   -0.62327117
      5    0.00000000    0.00000008   -0.00000016   -0.00000036    1.00000000
      6    0.00746871   -0.17859391    0.44279469   -0.27270667    0.00000011
      7    0.00746872   -0.17859164   -0.44279588   -0.27271582   -0.00000016
                6             7
      6    0.79616351
      7    0.79611138   -0.83306667
TOTAL NUMBER OF ELECTRONS=     10.0000000000
 hehe hf
DENSITY MATRIX AT START OF CYCLE   7
                1             2             3             4             5
      1    2.10639795
      2   -0.44897382    1.99917322
      3    0.06312885   -0.35638834    0.89364467
      4    0.08932615   -0.50428161    0.24852411    1.06964807
      5    0.00000002   -0.00000013   -0.00000020    0.00000000    2.00000000
      6   -0.02744934   -0.05214183    0.71482903    0.09207910    0.00000026
      7   -0.02744923   -0.05214464   -0.15181616    0.70456698   -0.00000001
                6             7
      6    0.60477527
      7   -0.17949016    0.60478573
OPERATOR MATRIX FOR CYCLE   7
                1             2             3             4             5
      1  -18.46623075
      2   -4.76225666   -1.92902172
      3   -0.01286021   -0.09602615   -0.18631939
      4   -0.01819632   -0.13586885    0.03356325   -0.16254078
      5   -0.00000000   -0.00000001   -0.00000001    0.00000000   -0.06229975
      6   -1.08932414   -0.75628905   -0.32995530   -0.03831355   -0.00000001
      7   -1.08932389   -0.75628787    0.07402382   -0.32381624   -0.00000000
                6             7
      6   -0.41615231
      7   -0.28177125   -0.41614764
MOLECULAR ORBITAL ENERGIES FOR CYCLE   7
   1    -18.4768225639
   2     -0.8298991078
   3     -0.3905845004
   4     -0.1441511731
   5     -0.0622993743
   6      0.2987655509
   7      0.4289944745
C MATRIX FOR CYCLE   7
                1             2             3             4             5
      1   -0.99326627
      2   -0.03058579   -0.78994231
      3   -0.00272008   -0.11562365    0.48930778
      4   -0.00384880   -0.16359565   -0.34580157   -0.62327117
      5    0.00000000    0.00000008   -0.00000016   -0.00000036    1.00000000
      6    0.00746871   -0.17859391    0.44279469   -0.27270667    0.00000011
      7    0.00746872   -0.17859164   -0.44279588   -0.27271582   -0.00000016
                6             7
      6    0.79616351
      7    0.79611138   -0.83306667
TOTAL NUMBER OF ELECTRONS=     10.0000000000
  7    -75.274848726  0.181279E-09       0.057     7        0.00      0.06      0.00    0.7653E-06  0.4738E-06  0.1401E-05
 after hf
DENSITY MATRIX AT START OF CYCLE   7
                1             2             3             4             5
      1    2.10639795
      2   -0.44897383    1.99917324
      3    0.06312877   -0.35638801    0.89364361
      4    0.08932616   -0.50428161    0.24852382    1.06964947
      5   -0.00000001    0.00000006    0.00000001    0.00000005    2.00000000
      6   -0.02744918   -0.05214269    0.71482931    0.09207933   -0.00000003
      7   -0.02744941   -0.05214363   -0.15181639    0.70456648   -0.00000007
                6             7
      6    0.60477623
      7   -0.17949029    0.60478443
OPERATOR MATRIX FOR CYCLE   7
                1             2             3             4             5
      1  -18.10139703
      2   -5.11384428   -0.96934674
      3   -0.02015705    0.43163079   -0.07771723
      4   -0.02852188    0.03793784    0.42936960   -0.00364784
      5   -0.00000000    0.00000002   -0.00000001   -0.00001293    0.25033137
      6   -0.17584664    0.28435544   -0.11188336   -0.00001167   -0.48344472
      7   -0.17584635    0.28435647   -0.11189232   -0.00000553    0.30572359
                6             7
      6   -0.21192179
      7   -0.08103872   -0.06229971
MOLECULAR ORBITAL ENERGIES FOR CYCLE   7
   1    -18.4768232145
   2     -0.8298993592
   3     -0.3905847141
   4     -0.1441514403
   5     -0.0622995566
   6      0.2987651783
   7      0.4289941397
C MATRIX FOR CYCLE   7
                1             2             3             4             5
      1    0.99326627
      2    0.03058579    0.78994236
      3    0.00272008    0.11562427   -0.48930759
      4    0.00384880    0.16359536    0.34580187   -0.62327165
      5    0.00000000    0.00000003    0.00000003    0.00000005    1.00000000
      6   -0.00746871    0.17859434   -0.44279490   -0.27270695    0.00000000
      7   -0.00746872    0.17859110    0.44279566   -0.27271534   -0.00000004
                6             7
      6    0.79616598
      7    0.79610900    0.83306933
TOTAL NUMBER OF ELECTRONS=     10.0000000000
 before hf
DENSITY MATRIX AT START OF CYCLE   8
                1             2             3             4             5
      1    2.10639795
      2   -0.44897383    1.99917324
      3    0.06312877   -0.35638801    0.89364361
      4    0.08932616   -0.50428161    0.24852382    1.06964947
      5   -0.00000001    0.00000006    0.00000001    0.00000005    2.00000000
      6   -0.02744918   -0.05214269    0.71482931    0.09207933   -0.00000003
      7   -0.02744941   -0.05214363   -0.15181639    0.70456648   -0.00000007
                6             7
      6    0.60477623
      7   -0.17949029    0.60478443
OPERATOR MATRIX FOR CYCLE   8
                1             2             3             4             5
      1  -18.10139703
      2   -5.11384428   -0.96934674
      3   -0.02015705    0.43163079   -0.07771723
      4   -0.02852188    0.03793784    0.42936960   -0.00364784
      5   -0.00000000    0.00000002   -0.00000001   -0.00001293    0.25033137
      6   -0.17584664    0.28435544   -0.11188336   -0.00001167   -0.48344472
      7   -0.17584635    0.28435647   -0.11189232   -0.00000553    0.30572359
                6             7
      6   -0.21192179
      7   -0.08103872   -0.06229971
MOLECULAR ORBITAL ENERGIES FOR CYCLE   8
   1    -18.4768232145
   2     -0.8298993592
   3     -0.3905847141
   4     -0.1441514403
   5     -0.0622995566
   6      0.2987651783
   7      0.4289941397
C MATRIX FOR CYCLE   8
                1             2             3             4             5
      1    0.99326627
      2    0.03058579    0.78994236
      3    0.00272008    0.11562427   -0.48930759
      4    0.00384880    0.16359536    0.34580187   -0.62327165
      5    0.00000000    0.00000003    0.00000003    0.00000005    1.00000000
      6   -0.00746871    0.17859434   -0.44279490   -0.27270695    0.00000000
      7   -0.00746872    0.17859110    0.44279566   -0.27271534   -0.00000004
                6             7
      6    0.79616598
      7    0.79610900    0.83306933
TOTAL NUMBER OF ELECTRONS=     10.0000000000
 hehe hf
DENSITY MATRIX AT START OF CYCLE   8
                1             2             3             4             5
      1    2.10639795
      2   -0.44897383    1.99917324
      3    0.06312877   -0.35638801    0.89364361
      4    0.08932616   -0.50428161    0.24852382    1.06964947
      5   -0.00000001    0.00000006    0.00000001    0.00000005    2.00000000
      6   -0.02744918   -0.05214269    0.71482931    0.09207933   -0.00000003
      7   -0.02744941   -0.05214363   -0.15181639    0.70456648   -0.00000007
                6             7
      6    0.60477623
      7   -0.17949029    0.60478443
OPERATOR MATRIX FOR CYCLE   8
                1             2             3             4             5
      1  -18.46623053
      2   -4.76225661   -1.92902161
      3   -0.01286019   -0.09602597   -0.18631929
      4   -0.01819633   -0.13586896    0.03356326   -0.16254067
      5    0.00000000    0.00000001    0.00000000    0.00000000   -0.06229963
      6   -1.08932413   -0.75628894   -0.32995515   -0.03831359    0.00000000
      7   -1.08932388   -0.75628791    0.07402390   -0.32381633    0.00000000
                6             7
      6   -0.41615200
      7   -0.28177124   -0.41614792
MOLECULAR ORBITAL ENERGIES FOR CYCLE   8
   1    -18.4768232145
   2     -0.8298993592
   3     -0.3905847141
   4     -0.1441514403
   5     -0.0622995566
   6      0.2987651783
   7      0.4289941397
C MATRIX FOR CYCLE   8
                1             2             3             4             5
      1    0.99326627
      2    0.03058579    0.78994236
      3    0.00272008    0.11562427   -0.48930759
      4    0.00384880    0.16359536    0.34580187   -0.62327165
      5    0.00000000    0.00000003    0.00000003    0.00000005    1.00000000
      6   -0.00746871    0.17859434   -0.44279490   -0.27270695    0.00000000
      7   -0.00746872    0.17859110    0.44279566   -0.27271534   -0.00000004
                6             7
      6    0.79616598
      7    0.79610900    0.83306933
TOTAL NUMBER OF ELECTRONS=     10.0000000000
  8    -75.274848726  0.886402E-12       0.067     8        0.00      0.07      0.00    0.1274E-06  0.7050E-07  0.2054E-06
    --------------- 2E-INT CUTOFF CHANGE TO 0.1000E-10 -------------
 after hf
DENSITY MATRIX AT START OF CYCLE   8
                1             2             3             4             5
      1    2.10639795
      2   -0.44897383    1.99917322
      3    0.06312877   -0.35638802    0.89364382
      4    0.08932615   -0.50428155    0.24852390    1.06964938
      5    0.00000000   -0.00000000    0.00000000   -0.00000000    2.00000000
      6   -0.02744920   -0.05214253    0.71482925    0.09207926   -0.00000000
      7   -0.02744939   -0.05214372   -0.15181638    0.70456651    0.00000000
                6             7
      6    0.60477603
      7   -0.17949032    0.60478453
OPERATOR MATRIX FOR CYCLE   8
                1             2             3             4             5
      1  -18.10139716
      2   -5.11384430   -0.96934680
      3   -0.02015705    0.43163074   -0.07771728
      4   -0.02852188    0.03793788    0.42936957   -0.00364792
      5    0.00000000   -0.00000000    0.00000000    0.00001272    0.25194428
      6   -0.17584665    0.28435543   -0.11188347   -0.00001150    0.48097164
      7   -0.17584635    0.28435646   -0.11189223   -0.00000542   -0.30514443
                6             7
      6   -0.21353496
      7   -0.08103872   -0.06229960
MOLECULAR ORBITAL ENERGIES FOR CYCLE   8
   1    -18.4768233502
   2     -0.8298994112
   3     -0.3905847567
   4     -0.1441515071
   5     -0.0622995987
   6      0.2987651050
   7      0.4289940713
C MATRIX FOR CYCLE   8
                1             2             3             4             5
      1    0.99326627
      2    0.03058579    0.78994237
      3    0.00272008    0.11562420    0.48930762
      4    0.00384880    0.16359543   -0.34580184    0.62327161
      5   -0.00000000   -0.00000000    0.00000000    0.00000000    1.00000000
      6   -0.00746871    0.17859426    0.44279486    0.27270686   -0.00000000
      7   -0.00746872    0.17859115   -0.44279567    0.27271537    0.00000000
                6             7
      6    0.79616566
      7    0.79610934   -0.83306898
TOTAL NUMBER OF ELECTRONS=     10.0000000000
 before hf
DENSITY MATRIX AT START OF CYCLE   9
                1             2             3             4             5
      1    2.10639795
      2   -0.44897383    1.99917322
      3    0.06312877   -0.35638802    0.89364382
      4    0.08932615   -0.50428155    0.24852390    1.06964938
      5    0.00000000   -0.00000000    0.00000000   -0.00000000    2.00000000
      6   -0.02744920   -0.05214253    0.71482925    0.09207926   -0.00000000
      7   -0.02744939   -0.05214372   -0.15181638    0.70456651    0.00000000
                6             7
      6    0.60477603
      7   -0.17949032    0.60478453
OPERATOR MATRIX FOR CYCLE   9
                1             2             3             4             5
      1  -18.10139716
      2   -5.11384430   -0.96934680
      3   -0.02015705    0.43163074   -0.07771728
      4   -0.02852188    0.03793788    0.42936957   -0.00364792
      5    0.00000000   -0.00000000    0.00000000    0.00001272    0.25194428
      6   -0.17584665    0.28435543   -0.11188347   -0.00001150    0.48097164
      7   -0.17584635    0.28435646   -0.11189223   -0.00000542   -0.30514443
                6             7
      6   -0.21353496
      7   -0.08103872   -0.06229960
MOLECULAR ORBITAL ENERGIES FOR CYCLE   9
   1    -18.4768233502
   2     -0.8298994112
   3     -0.3905847567
   4     -0.1441515071
   5     -0.0622995987
   6      0.2987651050
   7      0.4289940713
C MATRIX FOR CYCLE   9
                1             2             3             4             5
      1    0.99326627
      2    0.03058579    0.78994237
      3    0.00272008    0.11562420    0.48930762
      4    0.00384880    0.16359543   -0.34580184    0.62327161
      5   -0.00000000   -0.00000000    0.00000000    0.00000000    1.00000000
      6   -0.00746871    0.17859426    0.44279486    0.27270686   -0.00000000
      7   -0.00746872    0.17859115   -0.44279567    0.27271537    0.00000000
                6             7
      6    0.79616566
      7    0.79610934   -0.83306898
TOTAL NUMBER OF ELECTRONS=     10.0000000000
 hehe hf
DENSITY MATRIX AT START OF CYCLE   9
                1             2             3             4             5
      1    2.10639795
      2   -0.44897383    1.99917322
      3    0.06312877   -0.35638802    0.89364382
      4    0.08932615   -0.50428155    0.24852390    1.06964938
      5    0.00000000   -0.00000000    0.00000000   -0.00000000    2.00000000
      6   -0.02744920   -0.05214253    0.71482925    0.09207926   -0.00000000
      7   -0.02744939   -0.05214372   -0.15181638    0.70456651    0.00000000
                6             7
      6    0.60477603
      7   -0.17949032    0.60478453
OPERATOR MATRIX FOR CYCLE   9
                1             2             3             4             5
      1  -18.46623046
      2   -4.76225659   -1.92902158
      3   -0.01286019   -0.09602599   -0.18631925
      4   -0.01819633   -0.13586895    0.03356326   -0.16254063
      5   -0.00000000   -0.00000000    0.00000000   -0.00000000   -0.06229960
      6   -1.08932412   -0.75628894   -0.32995516   -0.03831359   -0.00000000
      7   -1.08932387   -0.75628789    0.07402389   -0.32381631   -0.00000000
                6             7
      6   -0.41615204
      7   -0.28177124   -0.41614787
MOLECULAR ORBITAL ENERGIES FOR CYCLE   9
   1    -18.4768233502
   2     -0.8298994112
   3     -0.3905847567
   4     -0.1441515071
   5     -0.0622995987
   6      0.2987651050
   7      0.4289940713
C MATRIX FOR CYCLE   9
                1             2             3             4             5
      1    0.99326627
      2    0.03058579    0.78994237
      3    0.00272008    0.11562420    0.48930762
      4    0.00384880    0.16359543   -0.34580184    0.62327161
      5   -0.00000000   -0.00000000    0.00000000    0.00000000    1.00000000
      6   -0.00746871    0.17859426    0.44279486    0.27270686   -0.00000000
      7   -0.00746872    0.17859115   -0.44279567    0.27271537    0.00000000
                6             7
      6    0.79616566
      7    0.79610934   -0.83306898
TOTAL NUMBER OF ELECTRONS=     10.0000000000
  9    -75.274848726  0.119016E-12       0.057     9        0.00      0.06      0.00    0.7614E-09  0.6276E-09  0.1599E-08
------------------------------------------------------------------------------------------------------------------------
 REACH CONVERGENCE AFTER   9 CYLCES
 MAX ERROR = 0.761360E-09   RMS CHANGE = 0.627574E-09   MAX CHANGE = 0.159885E-08
 -----------------------------------------------
ALPHA ELECTRON DENSITY    =    4.9999973010
BETA ELECTRON DENSITY     =    4.9999973010
 after hf
DENSITY MATRIX AT START OF CYCLE   9
                1             2             3             4             5
      1    2.10639795
      2   -0.44897383    1.99917322
      3    0.06312877   -0.35638802    0.89364382
      4    0.08932615   -0.50428155    0.24852390    1.06964938
      5   -0.00000000    0.00000000    0.00000000    0.00000000    2.00000000
      6   -0.02744920   -0.05214253    0.71482925    0.09207926   -0.00000000
      7   -0.02744939   -0.05214372   -0.15181638    0.70456651   -0.00000000
                6             7
      6    0.60477603
      7   -0.17949032    0.60478453
OPERATOR MATRIX FOR CYCLE   9
                1             2             3             4             5
      1  -18.10139716
      2   -5.11384430   -0.96934680
      3   -0.02015705    0.43163074   -0.07771728
      4   -0.02852188    0.03793788    0.42936957   -0.00364792
      5   -0.00000000    0.00000000   -0.00000000   -0.00001272    0.25195115
      6   -0.17584665    0.28435543   -0.11188347   -0.00001150   -0.48095777
      7   -0.17584635    0.28435646   -0.11189223   -0.00000542    0.30514349
                6             7
      6   -0.21354184
      7   -0.08103872   -0.06229960
MOLECULAR ORBITAL ENERGIES FOR CYCLE   9
   1    -18.4768233515
   2     -0.8298994117
   3     -0.3905847571
   4     -0.1441515076
   5     -0.0622995990
   6      0.2987651041
   7      0.4289940706
C MATRIX FOR CYCLE   9
                1             2             3             4             5
      1   -0.99326627
      2   -0.03058579   -0.78994237
      3   -0.00272008   -0.11562420    0.48930762
      4   -0.00384880   -0.16359543   -0.34580184   -0.62327161
      5   -0.00000000   -0.00000000    0.00000000    0.00000000   -1.00000000
      6    0.00746871   -0.17859426    0.44279486   -0.27270686    0.00000000
      7    0.00746872   -0.17859115   -0.44279568   -0.27271537   -0.00000000
                6             7
      6    0.79616566
      7    0.79610934    0.83306898
TOTAL NUMBER OF ELECTRONS=     10.0000000000
DENSITY MATRIX AT START OF CYCLE  10
                1             2             3             4             5
      1    2.10639795
      2   -0.44897383    1.99917322
      3    0.06312877   -0.35638802    0.89364382
      4    0.08932615   -0.50428155    0.24852390    1.06964938
      5   -0.00000000    0.00000000    0.00000000    0.00000000    2.00000000
      6   -0.02744920   -0.05214253    0.71482925    0.09207926   -0.00000000
      7   -0.02744939   -0.05214372   -0.15181638    0.70456651   -0.00000000
                6             7
      6    0.60477603
      7   -0.17949032    0.60478453
OPERATOR MATRIX FOR CYCLE  10
                1             2             3             4             5
      1  -18.10139716
      2   -5.11384430   -0.96934680
      3   -0.02015705    0.43163074   -0.07771728
      4   -0.02852188    0.03793788    0.42936957   -0.00364792
      5   -0.00000000    0.00000000   -0.00000000   -0.00001272    0.25195115
      6   -0.17584665    0.28435543   -0.11188347   -0.00001150   -0.48095777
      7   -0.17584635    0.28435646   -0.11189223   -0.00000542    0.30514349
                6             7
      6   -0.21354184
      7   -0.08103872   -0.06229960
MOLECULAR ORBITAL ENERGIES FOR CYCLE  10
   1    -18.4768233515
   2     -0.8298994117
   3     -0.3905847571
   4     -0.1441515076
   5     -0.0622995990
   6      0.2987651041
   7      0.4289940706
C MATRIX FOR CYCLE  10
                1             2             3             4             5
      1   -0.99326627
      2   -0.03058579   -0.78994237
      3   -0.00272008   -0.11562420    0.48930762
      4   -0.00384880   -0.16359543   -0.34580184   -0.62327161
      5   -0.00000000   -0.00000000    0.00000000    0.00000000   -1.00000000
      6    0.00746871   -0.17859426    0.44279486   -0.27270686    0.00000000
      7    0.00746872   -0.17859115   -0.44279568   -0.27271537   -0.00000000
                6             7
      6    0.79616566
      7    0.79610934    0.83306898
TOTAL NUMBER OF ELECTRONS=     10.0000000000
ELECTRONIC ENERGY    =   -84.431964709
CORE_CORE REPULSION  =     9.157115983
TOTAL ENERGY         =   -75.274848726

 @ End Energy calculation


 @ Output Timing Infomration

------------- TIMING ---------------
INITIAL GUESS TIME =     0.071030000( 12.26%)
TOTAL SCF TIME     =     0.492978000( 85.09%)
      TOTAL OP TIME      =     0.492554000( 85.02%)
            TOTAL 1e TIME      =     0.012548000(  2.17%)
            TOTAL 2e TIME      =     0.028671000(  4.95%)
            TOTAL Exchange TIME=     0.446655000( 77.10%)
            TOTAL ENERGY TIME  =     0.000009000(  0.00%)
      TOTAL DII TIME     =     0.000371000(  0.06%)
            TOTAL DIAG TIME    =     0.000127000(  0.02%)
TOTAL TIME         =     0.579331000
------------------------------------
 Job cpu time:  0 days  0 hours  0 minutes  0.6 seconds.

 @ Finish Output Timing Infomration

 Normal Terminatation. Task Finished on: Thu Mar 21 20:38:23 2019
