  **************************************************************************
  **                            QUICK                                     **
  **                                                                      **
  **                        Copyright (c) 2011                            **
  **                Regents of the University of Florida                  **
  **                       All Rights Reserved.                           **
  **                                                                      **
  **  This software provided pursuant to a license agreement containing   **
  **  restrictions on its disclosure, duplication, and use. This software **
  **  contains confidential and proprietary information, and may not be   **
  **  extracted or distributed, in whole or in part, for any purpose      **
  **  whatsoever, without the express written permission of the authors.  **
  **  This notice, and the associated author list, must be attached to    **
  **  all copies, or extracts, of this software. Any additional           **
  **  restrictions set forth in the license agreement also apply to this  **
  **  software.                                                           **
  **************************************************************************

  Cite this work as:
  Miao, Y.: He, X.: Ayers,K: Brothers, E.: Merz,K. M. QUICK;
  University of Florida, Gainesville, FL, 2010

  If you have any comment or queries, please send email for technic support:
  quick@qtp.ufl.edu

 TASK STARTS ON: Thu Mar 28 14:27:18 2019
 INPUT FILE :    waterb3lypopt.in
 OUTPUT FILE:    waterb3lypopt.out
 DATE FILE  :    waterb3lypopt.dat
 BASIS SET PATH: /users/PCS0202/bgs0374/bin/quick/ifort18/basis

 @ Read Job And Atom

  -------------------------------------
KEYWORD=B3LYP BASIS=6-31GSS CUTOFF=1.0D-10 DENSERMS=1.0D-8 OPTIMIZE                                                                                                                                             
  -------------------------------------

 ! WARNING: GEOMETRY OPTIMIZATION is only available with HF, DFT/BLYP

 ============== JOB CARD =============
| METHOD = DENSTITY FUNCTIONAL THEORY
| DENSITY FUNCTIONAL = B3LYP
| DIRECT SCF 
| SAD INITAL GUESS 
| USE DIIS SCF
| PRINT ENERGY EVERY CYCLE
| STANDARD GRID = SG1
| GRADIENT CALCULATION
| MAX SCF CYCLES =    200
| MAX DIIS CYCLES =   10
| DELTA DENSITY START CYCLE = 1000
| COMPUATIONAL CUTOFF: 
|      TWO-e INTEGRAL   =  0.100E-09
|      BASIS SET PRIME  =  0.100E-19
|      MATRIX ELEMENTS  =  0.100E-09
|      BASIS FUNCTION   =  0.100E-09
|      GRADIENT CUTOFF  =  0.100E-09
| DENSITY MATRIX MAXIMUM RMS FOR CONVERGENCE  =  0.100E-07
| BASIS SET = 6-31GSS
| BASIS FILE = /users/PCS0202/bgs0374/bin/quick/ifort18/basis/6-31GSS

 @ Finish reading job


 @ Begin SAD initial guess

 For Atom Kind =    1
 ELEMENT = O 
BASIS FUNCTIONS =   15

 @ Begin Energy Calculation

TOL:    0.000000000100000

SCF CYCLE      =        1      TIME      =     0.16
RMS CHANGE     = 0.118420E+00  MAX CHANGE= 0.838819E+00

SCF CYCLE      =        2      TIME      =     0.11
RMS CHANGE     = 0.664019E-01  MAX CHANGE= 0.387316E+00

SCF CYCLE      =        3      TIME      =   0.11
DIIS CYCLE     =        1      MAX ERROR = 0.360626E-01
RMS CHANGE     = 0.560015E-02  MAX CHANGE= 0.349127E-01

SCF CYCLE      =        4      TIME      =   0.11
DIIS CYCLE     =        2      MAX ERROR = 0.993170E-02
RMS CHANGE     = 0.202861E-02  MAX CHANGE= 0.142921E-01

SCF CYCLE      =        5      TIME      =   0.11
DIIS CYCLE     =        3      MAX ERROR = 0.471497E-02
RMS CHANGE     = 0.128176E-02  MAX CHANGE= 0.854475E-02

SCF CYCLE      =        6      TIME      =   0.11
DIIS CYCLE     =        4      MAX ERROR = 0.173561E-02
RMS CHANGE     = 0.829530E-03  MAX CHANGE= 0.492449E-02

SCF CYCLE      =        7      TIME      =   0.11
DIIS CYCLE     =        5      MAX ERROR = 0.801345E-04
RMS CHANGE     = 0.452638E-04  MAX CHANGE= 0.271115E-03

SCF CYCLE      =        8      TIME      =   0.11
DIIS CYCLE     =        6      MAX ERROR = 0.875509E-05
RMS CHANGE     = 0.806399E-05  MAX CHANGE= 0.489958E-04
DIIS FAILED !! RETURN TO NORMAL SCF. (NOT FATAL.)

SCF CYCLE      =        9      TIME      =     0.11
RMS CHANGE     = 0.228871E-05  MAX CHANGE= 0.125110E-04

SCF CYCLE      =       10      TIME      =   0.11
DIIS CYCLE     =        1      MAX ERROR = 0.350605E-05
RMS CHANGE     = 0.100656E-05  MAX CHANGE= 0.659253E-05

SCF CYCLE      =       11      TIME      =   0.11
DIIS CYCLE     =        2      MAX ERROR = 0.831771E-06
RMS CHANGE     = 0.384784E-06  MAX CHANGE= 0.207243E-05
DIIS FAILED !! RETURN TO NORMAL SCF. (NOT FATAL.)

SCF CYCLE      =       12      TIME      =     0.11
RMS CHANGE     = 0.341064E-06  MAX CHANGE= 0.180674E-05

SCF CYCLE      =       13      TIME      =   0.11
DIIS CYCLE     =        1      MAX ERROR = 0.501836E-06
RMS CHANGE     = 0.142549E-06  MAX CHANGE= 0.942891E-06
DIIS FAILED !! RETURN TO NORMAL SCF. (NOT FATAL.)

SCF CYCLE      =       14      TIME      =     0.11
RMS CHANGE     = 0.843431E-07  MAX CHANGE= 0.441120E-06

SCF CYCLE      =       15      TIME      =   0.11
DIIS CYCLE     =        1      MAX ERROR = 0.131169E-06
RMS CHANGE     = 0.340839E-07  MAX CHANGE= 0.226377E-06
DIIS FAILED !! RETURN TO NORMAL SCF. (NOT FATAL.)

SCF CYCLE      =       16      TIME      =     0.11
RMS CHANGE     = 0.206223E-07  MAX CHANGE= 0.108898E-06

SCF CYCLE      =       17      TIME      =   0.11
DIIS CYCLE     =        1      MAX ERROR = 0.336181E-07
RMS CHANGE     = 0.821451E-08  MAX CHANGE= 0.545836E-07
PREPARED FOR FINAL NO INTERPOLATION ITERATION

SCF CYCLE      =       18      TIME      =     0.11
RMS CHANGE     = 0.502488E-08  MAX CHANGE= 0.267566E-07
CONVERGED!!!!!
ELECTRONIC ENERGY    =     0.000000000
CORE_CORE REPULSION  =     0.000000000
TOTAL ENERGY         =     0.000000000

 @ End Energy calculation

 For Atom Kind =    2
 ELEMENT = H 
BASIS FUNCTIONS =    5

 @ Begin Energy Calculation

TOL:    0.000000000100000

SCF CYCLE      =        1      TIME      =     0.00
RMS CHANGE     = 0.124770E+00  MAX CHANGE= 0.375230E+00

SCF CYCLE      =        2      TIME      =     0.00
RMS CHANGE     = 0.225650E-01  MAX CHANGE= 0.909848E-01

SCF CYCLE      =        3      TIME      =   0.00
DIIS CYCLE     =        1      MAX ERROR = 0.192500E-01
RMS CHANGE     = 0.706671E-02  MAX CHANGE= 0.282222E-01

SCF CYCLE      =        4      TIME      =   0.00
DIIS CYCLE     =        2      MAX ERROR = 0.619788E-02
RMS CHANGE     = 0.332676E-02  MAX CHANGE= 0.132001E-01
DIIS FAILED !! RETURN TO NORMAL SCF. (NOT FATAL.)

SCF CYCLE      =        5      TIME      =     0.00
RMS CHANGE     = 0.643466E-10  MAX CHANGE= 0.254611E-09
CONVERGED!!!!!
ELECTRONIC ENERGY    =     0.000000000
CORE_CORE REPULSION  =     0.000000000
TOTAL ENERGY         =     0.000000000

 @ End Energy calculation


 @ Finish SAD initial guess


 @ Begin to Read Mol Info


 =========== Molecule Input ==========
| TOTAL MOLECULAR CHARGE  =    0    MULTIPLICITY                =    1
| TOTOAL ATOM NUMBER      =    3    NUMBER OF ATOM TYPES        =    2
| NUMBER OF HYDROGEN ATOM =    2    NUMBER OF NON-HYDROGEN ATOM =    1
| NUMBER OF ELECTRONS     =   10

 -- INPUT GEOMETRY -- :
    O          -0.0676      -0.3153       0.0000
    H           0.8924      -0.3153       0.0000
    H          -0.3880       0.5896       0.0000

 -- DISTANCE MATRIX -- :
              1           2           3
      1     0.00000
      2     1.81414     0.00000
      3     1.81414     2.96300     0.00000

============== BASIS INFOS ==============
| BASIS FUNCTIONS =   25
| NSHELL =   10 NPRIM  =   21
| JSHELL =   10 JBASIS =   21


RADII OF SIGNifIGANCE FOR THE BASIS FUNCTIONS
   1           2.034000
   2           4.731000
   3           4.909000
   4           4.909000
   5           4.909000
   6           8.965000
   7           9.314000
   8           9.314000
   9           9.314000
  10           5.679000
  11           5.679000
  12           5.679000
  13           5.679000
  14           5.679000
  15           5.679000
  16           5.909000
  17          11.497000
  18           4.719000
  19           4.719000
  20           4.719000
  21           5.909000
  22          11.497000
  23           4.719000
  24           4.719000
  25           4.719000

 @ End Reading Mol Info 


 @ Begin Energy Calculation

