  ******************************************************************************
 ***************************
  **             . .. ...                                                       
                          **
  **         . .?888888888+.                                                    
                          **
  **         =88888888888888~.                                                  
                          **
  **      .78888888888888887                                                    
                          **
  **     :888888O+. .. .+ZO  .                                                  
                          **
  **    ,88888? $,8.8=.                                    .  .                 
          . .             **
  **   .8888I=,8:$Z.,+7ZI=.                               Z8888:                
      ,8888:              **
  **   =888~$~7=:888888888888Z  .                         Z8888:                
      ,8888:              **
  **   I88Z~=~78888888888888888?                          Z8888:          . .   
      ,8888:              **
  **   788:7?:8888888: . I8888888 .                            ..               
      ,8888:              **
  **   =88,$.88888I         888888    ,8888:     88888    ?8888.       888888888
 I.   ,8888:   .888888.   **
  **   .88+.88888$           88888:   ,8888:     88888    ?8888.     $8888888888
 88.  ,8888: . 88888=.    **
  **    I8Z 88888..          .88888   ,8888:     88888    ?8888   ..888888I.~888
 8..  ,8888: Z88888       **
  **    .8Z 88888     .  ..   88888   ,8888:     88888    ?8888    $8888+      ~
      ,8888:88888.        **
  **     8I 88888      .=88. .88888   ,8888:     88888    ?8888    88888       .
      ,888888888?.        **
  **  ..:8..88888      888888$8888$   ,8888:     88888    ?8888    8888O        
      ,8888888888$ .      **
  **  .,7.. +88888..    8888888888.   ,8888?     88888    ?8888  ..88888        
      ,88888O88888O       **
  **    .    $888888:. . .8888888      88888....$88888    ?8888  . ,88888......8
 ~..  ,8888: .Z88888      **
  **          I8888888888888888888~    888888888888888    ?8888     O88888888888
 8O   ,8888:   88888Z .   **
  **            O88888888888888888=     88888888888888    ?8888     ..8888888888
 8$ . ,8888:  ..888888.   **
  **              .~888888Z..  O8        .8888I. 88888   .?8888 .      .=88888Z 
     .,8888:     O88888   **
  **                ..  .   . .  ...   .. .    .  .. .        ..          . .   
      .   ..     .        **
  **                                                                            
                          **
  **                                         Copyright (c) 2011                 
                          **
  **                                 Regents of the University of Florida       
                          **
  **                                        All Rights Reserved.                
                          **
  **                                                                            
                          **
  **                   This software provided pursuant to a license agreement co
 ntaining                 **
  **                   restrictions on its disclosure, duplication, and use. Thi
 s software               **
  **                   contains confidential and proprietary information, and ma
 y not be                 **
  **                   extracted or distributed, in whole or in part, for any pu
 rpose                    **
  **                   whatsoever, without the express written permission of the
  authors.                **
  **                   This notice, and the associated author list, must be atta
 ched to                  **
  **                   all copies, or extracts, of this software. Any additional
                          **
  **                   restrictions set forth in the license agreement also appl
 y to this                **
  **                   software.                                                
                          **
  ******************************************************************************
 ***************************
 
  Cite this work as:
  Manathunga, M.; Mu, D.; Miao,Y.; He, X.; Ayers,K; Brothers, E.; Götz, A.; Mer
 z,K. M. QUICK
  University of Florida, Gainesville, FL, 2019 and Michigan State University, Ea
 st Lansing, MI, 2019
 
  If you have any comments or queries, please send us an email for technical sup
 port:
  quick.merzlab@gmail.com
 
 TASK STARTS ON: Wed Apr 17 22:13:16 2019
 INPUT FILE :    gly12b3lyp.in
 OUTPUT FILE:    gly12b3lyp.out
 DATE FILE  :    gly12b3lyp.dat
 BASIS SET PATH: /users/PCS0202/bgs0374/bin/quick/ifort18/basis

 Madu: main.f90 ifdef test
 
 - MPI Enabled -
 TOTAL PROCESSOR =    28
 MASTER NAME     = owens-login01.hpc.osc.edu     

 @ Read Job And Atom

  -------------------------------------
KEYWORD=B3LYP BASIS=6-31G CUTOFF=1.0E-9 DENSERMS=1.0E-8 NCYC=3 ZMAKE ENERGY                                                                                                                                     
  -------------------------------------
 ============== JOB CARD =============
| METHOD = DENSTITY FUNCTIONAL THEORY
| DENSITY FUNCTIONAL = B3LYP
| DIRECT SCF 
| SAD INITAL GUESS 
| USE DIIS SCF
| PRINT ENERGY EVERY CYCLE
| Z-MATRIX CONSTRUCTION
| STANDARD GRID = SG1
| MAX SCF CYCLES =    200
| MAX DIIS CYCLES =   10
| DELTA DENSITY START CYCLE =    3
| COMPUATIONAL CUTOFF: 
|      TWO-e INTEGRAL   =  0.100E-08
|      BASIS SET PRIME  =  0.100E-19
|      MATRIX ELEMENTS  =  0.100E-09
|      BASIS FUNCTION   =  0.100E-09
| DENSITY MATRIX MAXIMUM RMS FOR CONVERGENCE  =  0.100E-07
| BASIS SET = 6-31G
| BASIS FILE = /users/PCS0202/bgs0374/bin/quick/ifort18/basis/6-31G

 @ Finish reading job


 @ Begin SAD initial guess

 For Atom Kind =    1
 ELEMENT = O 
BASIS FUNCTIONS =    9

 @ Begin Energy Calculation

TOL:    0.000000000100000

SCF CYCLE      =        1      TIME      =     0.02
RMS CHANGE     = 0.150543E+00  MAX CHANGE= 0.709514E+00

SCF CYCLE      =        2      TIME      =     0.02
RMS CHANGE     = 0.813251E-01  MAX CHANGE= 0.297110E+00

SCF CYCLE      =        3      TIME      =   0.02
DIIS CYCLE     =        1      MAX ERROR = 0.237251E-01
RMS CHANGE     = 0.640345E-02  MAX CHANGE= 0.265223E-01

SCF CYCLE      =        4      TIME      =   0.02
DIIS CYCLE     =        2      MAX ERROR = 0.110463E-01
RMS CHANGE     = 0.233510E-02  MAX CHANGE= 0.117274E-01

SCF CYCLE      =        5      TIME      =   0.01
DIIS CYCLE     =        3      MAX ERROR = 0.298177E-02
RMS CHANGE     = 0.133240E-02  MAX CHANGE= 0.728669E-02

SCF CYCLE      =        6      TIME      =   0.01
DIIS CYCLE     =        4      MAX ERROR = 0.124783E-02
RMS CHANGE     = 0.986522E-03  MAX CHANGE= 0.552095E-02

SCF CYCLE      =        7      TIME      =   0.01
DIIS CYCLE     =        5      MAX ERROR = 0.368234E-04
RMS CHANGE     = 0.292852E-04  MAX CHANGE= 0.185010E-03

SCF CYCLE      =        8      TIME      =   0.02
DIIS CYCLE     =        6      MAX ERROR = 0.503962E-05
RMS CHANGE     = 0.583925E-14  MAX CHANGE= 0.163518E-13
PREPARED FOR FINAL NO INTERPOLATION ITERATION

SCF CYCLE      =        9      TIME      =     0.02
RMS CHANGE     = 0.515945E-05  MAX CHANGE= 0.302413E-04
NOT IMPROVING.  TRY MODifYING BETA DENSITY MATRIX.

SCF CYCLE      =       10      TIME      =     0.02
RMS CHANGE     = 0.428244E-05  MAX CHANGE= 0.252186E-04

SCF CYCLE      =       11      TIME      =   0.02
DIIS CYCLE     =        1      MAX ERROR = 0.434237E-05
RMS CHANGE     = 0.162326E-05  MAX CHANGE= 0.849648E-05

SCF CYCLE      =       12      TIME      =   0.02
DIIS CYCLE     =        2      MAX ERROR = 0.236693E-05
RMS CHANGE     = 0.721945E-06  MAX CHANGE= 0.421187E-05

SCF CYCLE      =       13      TIME      =   0.02
DIIS CYCLE     =        3      MAX ERROR = 0.832635E-06
RMS CHANGE     = 0.497515E-14  MAX CHANGE= 0.156526E-13
PREPARED FOR FINAL NO INTERPOLATION ITERATION

SCF CYCLE      =       14      TIME      =     0.02
RMS CHANGE     = 0.586670E-06  MAX CHANGE= 0.336372E-05
NOT IMPROVING.  TRY MODifYING ALPHA DENSITY MATRIX.

SCF CYCLE      =       15      TIME      =     0.02
RMS CHANGE     = 0.466593E-06  MAX CHANGE= 0.237285E-05

SCF CYCLE      =       16      TIME      =   0.02
DIIS CYCLE     =        1      MAX ERROR = 0.360128E-06
RMS CHANGE     = 0.116173E-06  MAX CHANGE= 0.691670E-06

SCF CYCLE      =       17      TIME      =   0.02
DIIS CYCLE     =        2      MAX ERROR = 0.756501E-07
RMS CHANGE     = 0.170373E-13  MAX CHANGE= 0.707212E-13
PREPARED FOR FINAL NO INTERPOLATION ITERATION

SCF CYCLE      =       18      TIME      =     0.02
RMS CHANGE     = 0.615033E-07  MAX CHANGE= 0.351040E-06
NOT IMPROVING.  TRY MODifYING ALPHA DENSITY MATRIX.

SCF CYCLE      =       19      TIME      =     0.02
RMS CHANGE     = 0.458158E-07  MAX CHANGE= 0.271085E-06

SCF CYCLE      =       20      TIME      =   0.02
DIIS CYCLE     =        1      MAX ERROR = 0.613695E-07
RMS CHANGE     = 0.147697E-07  MAX CHANGE= 0.929142E-07

SCF CYCLE      =       21      TIME      =   0.02
DIIS CYCLE     =        2      MAX ERROR = 0.570094E-08
RMS CHANGE     = 0.382897E-14  MAX CHANGE= 0.166256E-13
PREPARED FOR FINAL NO INTERPOLATION ITERATION

SCF CYCLE      =       22      TIME      =     0.02
RMS CHANGE     = 0.650685E-08  MAX CHANGE= 0.374504E-07
CONVERGED!!!!!
ELECTRONIC ENERGY    =     0.000000000
CORE_CORE REPULSION  =     0.000000000
TOTAL ENERGY         =     0.000000000

 @ End Energy calculation

 For Atom Kind =    2
 ELEMENT = C 
BASIS FUNCTIONS =    9

 @ Begin Energy Calculation

TOL:    0.000000000100000

SCF CYCLE      =        1      TIME      =     0.02
RMS CHANGE     = 0.149950E+00  MAX CHANGE= 0.820200E+00

SCF CYCLE      =        2      TIME      =     0.02
RMS CHANGE     = 0.797517E-01  MAX CHANGE= 0.292031E+00

SCF CYCLE      =        3      TIME      =   0.02
DIIS CYCLE     =        1      MAX ERROR = 0.349603E-01
RMS CHANGE     = 0.137215E-01  MAX CHANGE= 0.522149E-01

SCF CYCLE      =        4      TIME      =   0.02
DIIS CYCLE     =        2      MAX ERROR = 0.661752E-02
RMS CHANGE     = 0.375529E-02  MAX CHANGE= 0.263871E-01

SCF CYCLE      =        5      TIME      =   0.02
DIIS CYCLE     =        3      MAX ERROR = 0.308852E-02
RMS CHANGE     = 0.262949E-02  MAX CHANGE= 0.183148E-01

SCF CYCLE      =        6      TIME      =   0.02
DIIS CYCLE     =        4      MAX ERROR = 0.299208E-03
RMS CHANGE     = 0.311349E-03  MAX CHANGE= 0.215704E-02

SCF CYCLE      =        7      TIME      =   0.02
DIIS CYCLE     =        5      MAX ERROR = 0.101858E-04
RMS CHANGE     = 0.222461E-14  MAX CHANGE= 0.738699E-14
PREPARED FOR FINAL NO INTERPOLATION ITERATION

SCF CYCLE      =        8      TIME      =     0.02
RMS CHANGE     = 0.153492E-04  MAX CHANGE= 0.106143E-03
NOT IMPROVING.  TRY MODifYING ALPHA DENSITY MATRIX.

SCF CYCLE      =        9      TIME      =     0.02
RMS CHANGE     = 0.109123E-04  MAX CHANGE= 0.630204E-04

SCF CYCLE      =       10      TIME      =   0.02
DIIS CYCLE     =        1      MAX ERROR = 0.441716E-05
RMS CHANGE     = 0.290132E-05  MAX CHANGE= 0.167346E-04

SCF CYCLE      =       11      TIME      =   0.02
DIIS CYCLE     =        2      MAX ERROR = 0.105069E-05
RMS CHANGE     = 0.104440E-05  MAX CHANGE= 0.721907E-05

SCF CYCLE      =       12      TIME      =   0.02
DIIS CYCLE     =        3      MAX ERROR = 0.536253E-06
RMS CHANGE     = 0.628039E-15  MAX CHANGE= 0.206662E-14
PREPARED FOR FINAL NO INTERPOLATION ITERATION

SCF CYCLE      =       13      TIME      =     0.02
RMS CHANGE     = 0.511332E-06  MAX CHANGE= 0.353595E-05
NOT IMPROVING.  TRY MODifYING BETA DENSITY MATRIX.

SCF CYCLE      =       14      TIME      =     0.02
RMS CHANGE     = 0.420427E-06  MAX CHANGE= 0.290760E-05

SCF CYCLE      =       15      TIME      =   0.02
DIIS CYCLE     =        1      MAX ERROR = 0.194537E-06
RMS CHANGE     = 0.117224E-06  MAX CHANGE= 0.812069E-06

SCF CYCLE      =       16      TIME      =   0.02
DIIS CYCLE     =        2      MAX ERROR = 0.867643E-07
RMS CHANGE     = 0.101749E-14  MAX CHANGE= 0.333067E-14
PREPARED FOR FINAL NO INTERPOLATION ITERATION

SCF CYCLE      =       17      TIME      =     0.02
RMS CHANGE     = 0.650282E-07  MAX CHANGE= 0.449730E-06
NOT IMPROVING.  TRY MODifYING BETA DENSITY MATRIX.

SCF CYCLE      =       18      TIME      =     0.02
RMS CHANGE     = 0.535390E-07  MAX CHANGE= 0.370303E-06

SCF CYCLE      =       19      TIME      =   0.02
DIIS CYCLE     =        1      MAX ERROR = 0.261250E-07
RMS CHANGE     = 0.149290E-07  MAX CHANGE= 0.103423E-06

SCF CYCLE      =       20      TIME      =   0.02
DIIS CYCLE     =        2      MAX ERROR = 0.118376E-07
RMS CHANGE     = 0.912884E-15  MAX CHANGE= 0.306331E-14
PREPARED FOR FINAL NO INTERPOLATION ITERATION

SCF CYCLE      =       21      TIME      =     0.02
RMS CHANGE     = 0.831542E-08  MAX CHANGE= 0.575097E-07
CONVERGED!!!!!
ELECTRONIC ENERGY    =     0.000000000
CORE_CORE REPULSION  =     0.000000000
TOTAL ENERGY         =     0.000000000

 @ End Energy calculation

 For Atom Kind =    3
 ELEMENT = N 
BASIS FUNCTIONS =    9

 @ Begin Energy Calculation

TOL:    0.000000000100000

SCF CYCLE      =        1      TIME      =     0.02
RMS CHANGE     = 0.150709E+00  MAX CHANGE= 0.817290E+00

SCF CYCLE      =        2      TIME      =     0.02
RMS CHANGE     = 0.903365E-01  MAX CHANGE= 0.322206E+00

SCF CYCLE      =        3      TIME      =   0.02
DIIS CYCLE     =        1      MAX ERROR = 0.232146E-01
RMS CHANGE     = 0.717180E-02  MAX CHANGE= 0.254087E-01

SCF CYCLE      =        4      TIME      =   0.02
DIIS CYCLE     =        2      MAX ERROR = 0.696787E-02
RMS CHANGE     = 0.238394E-02  MAX CHANGE= 0.162489E-01

SCF CYCLE      =        5      TIME      =   0.02
DIIS CYCLE     =        3      MAX ERROR = 0.203040E-02
RMS CHANGE     = 0.112750E-02  MAX CHANGE= 0.763565E-02

SCF CYCLE      =        6      TIME      =   0.02
DIIS CYCLE     =        4      MAX ERROR = 0.546784E-03
RMS CHANGE     = 0.310240E-03  MAX CHANGE= 0.209245E-02

SCF CYCLE      =        7      TIME      =   0.01
DIIS CYCLE     =        5      MAX ERROR = 0.386850E-05
RMS CHANGE     = 0.257139E-14  MAX CHANGE= 0.894738E-14
PREPARED FOR FINAL NO INTERPOLATION ITERATION

SCF CYCLE      =        8      TIME      =     0.01
RMS CHANGE     = 0.309606E-05  MAX CHANGE= 0.208862E-04
NOT IMPROVING.  TRY MODifYING ALPHA DENSITY MATRIX.

SCF CYCLE      =        9      TIME      =     0.01
RMS CHANGE     = 0.222610E-05  MAX CHANGE= 0.115717E-04

SCF CYCLE      =       10      TIME      =   0.01
DIIS CYCLE     =        1      MAX ERROR = 0.934952E-06
RMS CHANGE     = 0.417773E-06  MAX CHANGE= 0.245224E-05

SCF CYCLE      =       11      TIME      =   0.02
DIIS CYCLE     =        2      MAX ERROR = 0.127965E-06
RMS CHANGE     = 0.766222E-15  MAX CHANGE= 0.333067E-14
PREPARED FOR FINAL NO INTERPOLATION ITERATION

SCF CYCLE      =       12      TIME      =     0.02
RMS CHANGE     = 0.167075E-06  MAX CHANGE= 0.112515E-05
NOT IMPROVING.  TRY MODifYING ALPHA DENSITY MATRIX.

SCF CYCLE      =       13      TIME      =     0.02
RMS CHANGE     = 0.996819E-07  MAX CHANGE= 0.539800E-06

SCF CYCLE      =       14      TIME      =   0.02
DIIS CYCLE     =        1      MAX ERROR = 0.416274E-07
RMS CHANGE     = 0.208178E-07  MAX CHANGE= 0.121530E-06

SCF CYCLE      =       15      TIME      =   0.02
DIIS CYCLE     =        2      MAX ERROR = 0.737168E-08
RMS CHANGE     = 0.268545E-14  MAX CHANGE= 0.115052E-13
PREPARED FOR FINAL NO INTERPOLATION ITERATION

SCF CYCLE      =       16      TIME      =     0.02
RMS CHANGE     = 0.867929E-08  MAX CHANGE= 0.584524E-07
CONVERGED!!!!!
ELECTRONIC ENERGY    =     0.000000000
CORE_CORE REPULSION  =     0.000000000
TOTAL ENERGY         =     0.000000000

 @ End Energy calculation

 For Atom Kind =    4
 ELEMENT = H 
BASIS FUNCTIONS =    2

 @ Begin Energy Calculation

TOL:    0.000000000100000

SCF CYCLE      =        1      TIME      =     0.00
RMS CHANGE     = 0.256654E+00  MAX CHANGE= 0.291569E+00

SCF CYCLE      =        2      TIME      =     0.00
RMS CHANGE     = 0.152139E-01  MAX CHANGE= 0.238378E-01

SCF CYCLE      =        3      TIME      =   0.00
DIIS CYCLE     =        1      MAX ERROR = 0.543720E-02
RMS CHANGE     = 0.492246E-02  MAX CHANGE= 0.776945E-02

SCF CYCLE      =        4      TIME      =   0.00
DIIS CYCLE     =        2      MAX ERROR = 0.175010E-02
RMS CHANGE     = 0.234112E-02  MAX CHANGE= 0.370386E-02

SCF CYCLE      =        5      TIME      =   0.00
DIIS CYCLE     =        3      MAX ERROR = 0.282663E-10
RMS CHANGE     = 0.000000E+00  MAX CHANGE= 0.000000E+00
PREPARED FOR FINAL NO INTERPOLATION ITERATION

SCF CYCLE      =        6      TIME      =     0.00
RMS CHANGE     = 0.697876E-10  MAX CHANGE= 0.110491E-09
CONVERGED!!!!!
ELECTRONIC ENERGY    =     0.000000000
CORE_CORE REPULSION  =     0.000000000
TOTAL ENERGY         =     0.000000000

 @ End Energy calculation


 @ Finish SAD initial guess


 @ Begin to Read Mol Info


 =========== Molecule Input ==========
| TOTAL MOLECULAR CHARGE  =    0    MULTIPLICITY                =    1
| TOTOAL ATOM NUMBER      =   87    NUMBER OF ATOM TYPES        =    4
| NUMBER OF HYDROGEN ATOM =   38    NUMBER OF NON-HYDROGEN ATOM =   49
| NUMBER OF ELECTRONS     =  370
 
 -- INPUT GEOMETRY -- :
    O         -21.4842      -0.3959      -0.0207
    O         -20.2759       1.4976      -0.0261
    C         -20.3305       0.2868      -0.0213
    C         -19.1460      -0.6252      -0.0153
    N         -17.9409       0.1705      -0.0163
    C         -16.7265      -0.4017      -0.0116
    O         -16.5729      -1.6236      -0.0063
    C         -15.5451       0.5404      -0.0132
    N         -14.3337      -0.2431      -0.0078
    C         -13.1238       0.3313      -0.0079
    O         -12.9701       1.5550      -0.0126
    C         -11.9392      -0.6077      -0.0019
    N         -10.7305       0.1805      -0.0030
    C          -9.5177      -0.3863       0.0014
    O          -9.3545      -1.6089       0.0067
    C          -8.3390       0.5607      -0.0004
    N          -7.1254      -0.2201       0.0047
    C          -5.9158       0.3531       0.0042
    O          -5.7585       1.5766      -0.0006
    C          -4.7322      -0.5878       0.0098
    N          -3.5227       0.1995       0.0082
    C          -2.3100      -0.3667       0.0121
    O          -2.1453      -1.5893       0.0173
    C          -1.1318       0.5812       0.0097
    N           0.0823      -0.1990       0.0141
    C           1.2917       0.3740       0.0130
    O           1.4495       1.5976       0.0082
    C           2.4752      -0.5671       0.0179
    N           3.6849       0.2197       0.0155
    C           4.8976      -0.3468       0.0187
    O           5.0618      -1.5695       0.0240
    C           6.0758       0.6009       0.0154
    N           7.2901      -0.1788       0.0189
    C           8.4994       0.3952       0.0170
    O           8.6554       1.6190       0.0125
    C           9.6832      -0.5453       0.0208
    N          10.8931       0.2406       0.0176
    C          12.1057      -0.3279       0.0204
    C          13.2843       0.6187       0.0159
    O          12.2661      -1.5509       0.0262
    N          14.4994      -0.1583       0.0188
    C          15.7084       0.4206       0.0177
    C          16.8938      -0.5166       0.0173
    O          15.8547       1.6457       0.0159
    N          18.1044       0.2643       0.0255
    C          19.3186      -0.3139       0.0279
    C          20.5054       0.6210       0.1045
    O          19.4592      -1.5376       0.0113
    N          21.6712      -0.0332      -0.4297
    H          22.5487       0.4009      -0.2688
    H           3.5586       1.2082       0.0112
    H          -0.0387      -1.1882       0.0179
    H         -18.0508       1.1597      -0.0206
    H         -19.1933      -1.2730      -0.8812
    H         -19.1966      -1.2659       0.8557
    H         -15.5884       1.1870       0.8554
    H         -15.5852       1.1799      -0.8873
    H         -14.4536      -1.2323      -0.0040
    H         -11.9775      -1.2544      -0.8705
    H         -11.9806      -1.2471       0.8720
    H         -10.8565       1.1690      -0.0073
    H          -8.3843       1.2068       0.8683
    H          -8.3814       1.1999      -0.8744
    H          -7.2463      -1.2092       0.0085
    H          -4.7714      -1.2344      -0.8588
    H          -4.7739      -1.2270       0.8838
    H          -3.6493       1.1879       0.0039
    H          -1.1770       1.2272       0.8784
    H          -1.1750       1.2204      -0.8642
    H         -22.2701       0.1464      -0.0244
    H           2.4352      -1.2138      -0.8507
    H           2.4338      -1.2063       0.8919
    H           6.0310       1.2469       0.8842
    H           6.0317       1.2402      -0.8583
    H           7.1699      -1.1680       0.0225
    H           9.6422      -1.1920      -0.8477
    H           9.6422      -1.1849       0.8946
    H          13.2391       1.2655       0.8843
    H          13.2385       1.2582      -0.8578
    H          14.3840      -1.1477       0.0204
    H          10.7686       1.2292       0.0128
    H          16.8540      -1.1565      -0.8568
    H          16.8478      -1.1659       0.8841
    H          17.9888       1.2523       0.0068
    H          20.6058       0.9088       1.1534
    H          20.2884       1.5260      -0.4506
    H          21.6647      -1.0259      -0.3704
 
============== BASIS INFOS ==============
| BASIS FUNCTIONS =  517
| NSHELL =  223 NPRIM  =  642
| JSHELL =  223 JBASIS =  642
 

RADII OF SIGNifIGANCE FOR THE BASIS FUNCTIONS
   1           2.034400
   2           4.731700
   3           4.909900
   4           4.909900
   5           4.909900
   6           8.965900
   7           9.314500
   8           9.314500
   9           9.314500
  10           2.034400
  11           4.731700
  12           4.909900
  13           4.909900
  14           4.909900
  15           8.965900
  16           9.314500
  17           9.314500
  18           9.314500
  19           2.728200
  20           6.391100
  21           6.635400
  22           6.635400
  23           6.635400
  24          11.249800
  25          11.692400
  26          11.692400
  27          11.692400
  28           2.728200
  29           6.391100
  30           6.635400
  31           6.635400
  32           6.635400
  33          11.249800
  34          11.692400
  35          11.692400
  36          11.692400
  37           2.328100
  38           5.397000
  39           5.601600
  40           5.601600
  41           5.601600
  42          10.075300
  43          10.469400
  44          10.469400
  45          10.469400
  46           2.728200
  47           6.391100
  48           6.635400
  49           6.635400
  50           6.635400
  51          11.249800
  52          11.692400
  53          11.692400
  54          11.692400
  55           2.034400
  56           4.731700
  57           4.909900
  58           4.909900
  59           4.909900
  60           8.965900
  61           9.314500
  62           9.314500
  63           9.314500
  64           2.728200
  65           6.391100
  66           6.635400
  67           6.635400
  68           6.635400
  69          11.249800
  70          11.692400
  71          11.692400
  72          11.692400
  73           2.328100
  74           5.397000
  75           5.601600
  76           5.601600
  77           5.601600
  78          10.075300
  79          10.469400
  80          10.469400
  81          10.469400
  82           2.728200
  83           6.391100
  84           6.635400
  85           6.635400
  86           6.635400
  87          11.249800
  88          11.692400
  89          11.692400
  90          11.692400
  91           2.034400
  92           4.731700
  93           4.909900
  94           4.909900
  95           4.909900
  96           8.965900
  97           9.314500
  98           9.314500
  99           9.314500
 100           2.728200
 101           6.391100
 102           6.635400
 103           6.635400
 104           6.635400
 105          11.249800
 106          11.692400
 107          11.692400
 108          11.692400
 109           2.328100
 110           5.397000
 111           5.601600
 112           5.601600
 113           5.601600
 114          10.075300
 115          10.469400
 116          10.469400
 117          10.469400
 118           2.728200
 119           6.391100
 120           6.635400
 121           6.635400
 122           6.635400
 123          11.249800
 124          11.692400
 125          11.692400
 126          11.692400
 127           2.034400
 128           4.731700
 129           4.909900
 130           4.909900
 131           4.909900
 132           8.965900
 133           9.314500
 134           9.314500
 135           9.314500
 136           2.728200
 137           6.391100
 138           6.635400
 139           6.635400
 140           6.635400
 141          11.249800
 142          11.692400
 143          11.692400
 144          11.692400
 145           2.328100
 146           5.397000
 147           5.601600
 148           5.601600
 149           5.601600
 150          10.075300
 151          10.469400
 152          10.469400
 153          10.469400
 154           2.728200
 155           6.391100
 156           6.635400
 157           6.635400
 158           6.635400
 159          11.249800
 160          11.692400
 161          11.692400
 162          11.692400
 163           2.034400
 164           4.731700
 165           4.909900
 166           4.909900
 167           4.909900
 168           8.965900
 169           9.314500
 170           9.314500
 171           9.314500
 172           2.728200
 173           6.391100
 174           6.635400
 175           6.635400
 176           6.635400
 177          11.249800
 178          11.692400
 179          11.692400
 180          11.692400
 181           2.328100
 182           5.397000
 183           5.601600
 184           5.601600
 185           5.601600
 186          10.075300
 187          10.469400
 188          10.469400
 189          10.469400
 190           2.728200
 191           6.391100
 192           6.635400
 193           6.635400
 194           6.635400
 195          11.249800
 196          11.692400
 197          11.692400
 198          11.692400
 199           2.034400
 200           4.731700
 201           4.909900
 202           4.909900
 203           4.909900
 204           8.965900
 205           9.314500
 206           9.314500
 207           9.314500
 208           2.728200
 209           6.391100
 210           6.635400
 211           6.635400
 212           6.635400
 213          11.249800
 214          11.692400
 215          11.692400
 216          11.692400
 217           2.328100
 218           5.397000
 219           5.601600
 220           5.601600
 221           5.601600
 222          10.075300
 223          10.469400
 224          10.469400
 225          10.469400
 226           2.728200
 227           6.391100
 228           6.635400
 229           6.635400
 230           6.635400
 231          11.249800
 232          11.692400
 233          11.692400
 234          11.692400
 235           2.034400
 236           4.731700
 237           4.909900
 238           4.909900
 239           4.909900
 240           8.965900
 241           9.314500
 242           9.314500
 243           9.314500
 244           2.728200
 245           6.391100
 246           6.635400
 247           6.635400
 248           6.635400
 249          11.249800
 250          11.692400
 251          11.692400
 252          11.692400
 253           2.328100
 254           5.397000
 255           5.601600
 256           5.601600
 257           5.601600
 258          10.075300
 259          10.469400
 260          10.469400
 261          10.469400
 262           2.728200
 263           6.391100
 264           6.635400
 265           6.635400
 266           6.635400
 267          11.249800
 268          11.692400
 269          11.692400
 270          11.692400
 271           2.034400
 272           4.731700
 273           4.909900
 274           4.909900
 275           4.909900
 276           8.965900
 277           9.314500
 278           9.314500
 279           9.314500
 280           2.728200
 281           6.391100
 282           6.635400
 283           6.635400
 284           6.635400
 285          11.249800
 286          11.692400
 287          11.692400
 288          11.692400
 289           2.328100
 290           5.397000
 291           5.601600
 292           5.601600
 293           5.601600
 294          10.075300
 295          10.469400
 296          10.469400
 297          10.469400
 298           2.728200
 299           6.391100
 300           6.635400
 301           6.635400
 302           6.635400
 303          11.249800
 304          11.692400
 305          11.692400
 306          11.692400
 307           2.034400
 308           4.731700
 309           4.909900
 310           4.909900
 311           4.909900
 312           8.965900
 313           9.314500
 314           9.314500
 315           9.314500
 316           2.728200
 317           6.391100
 318           6.635400
 319           6.635400
 320           6.635400
 321          11.249800
 322          11.692400
 323          11.692400
 324          11.692400
 325           2.328100
 326           5.397000
 327           5.601600
 328           5.601600
 329           5.601600
 330          10.075300
 331          10.469400
 332          10.469400
 333          10.469400
 334           2.728200
 335           6.391100
 336           6.635400
 337           6.635400
 338           6.635400
 339          11.249800
 340          11.692400
 341          11.692400
 342          11.692400
 343           2.728200
 344           6.391100
 345           6.635400
 346           6.635400
 347           6.635400
 348          11.249800
 349          11.692400
 350          11.692400
 351          11.692400
 352           2.034400
 353           4.731700
 354           4.909900
 355           4.909900
 356           4.909900
 357           8.965900
 358           9.314500
 359           9.314500
 360           9.314500
 361           2.328100
 362           5.397000
 363           5.601600
 364           5.601600
 365           5.601600
 366          10.075300
 367          10.469400
 368          10.469400
 369          10.469400
 370           2.728200
 371           6.391100
 372           6.635400
 373           6.635400
 374           6.635400
 375          11.249800
 376          11.692400
 377          11.692400
 378          11.692400
 379           2.728200
 380           6.391100
 381           6.635400
 382           6.635400
 383           6.635400
 384          11.249800
 385          11.692400
 386          11.692400
 387          11.692400
 388           2.034400
 389           4.731700
 390           4.909900
 391           4.909900
 392           4.909900
 393           8.965900
 394           9.314500
 395           9.314500
 396           9.314500
 397           2.328100
 398           5.397000
 399           5.601600
 400           5.601600
 401           5.601600
 402          10.075300
 403          10.469400
 404          10.469400
 405          10.469400
 406           2.728200
 407           6.391100
 408           6.635400
 409           6.635400
 410           6.635400
 411          11.249800
 412          11.692400
 413          11.692400
 414          11.692400
 415           2.728200
 416           6.391100
 417           6.635400
 418           6.635400
 419           6.635400
 420          11.249800
 421          11.692400
 422          11.692400
 423          11.692400
 424           2.034400
 425           4.731700
 426           4.909900
 427           4.909900
 428           4.909900
 429           8.965900
 430           9.314500
 431           9.314500
 432           9.314500
 433           2.328100
 434           5.397000
 435           5.601600
 436           5.601600
 437           5.601600
 438          10.075300
 439          10.469400
 440          10.469400
 441          10.469400
 442           5.909200
 443          11.497200
 444           5.909200
 445          11.497200
 446           5.909200
 447          11.497200
 448           5.909200
 449          11.497200
 450           5.909200
 451          11.497200
 452           5.909200
 453          11.497200
 454           5.909200
 455          11.497200
 456           5.909200
 457          11.497200
 458           5.909200
 459          11.497200
 460           5.909200
 461          11.497200
 462           5.909200
 463          11.497200
 464           5.909200
 465          11.497200
 466           5.909200
 467          11.497200
 468           5.909200
 469          11.497200
 470           5.909200
 471          11.497200
 472           5.909200
 473          11.497200
 474           5.909200
 475          11.497200
 476           5.909200
 477          11.497200
 478           5.909200
 479          11.497200
 480           5.909200
 481          11.497200
 482           5.909200
 483          11.497200
 484           5.909200
 485          11.497200
 486           5.909200
 487          11.497200
 488           5.909200
 489          11.497200
 490           5.909200
 491          11.497200
 492           5.909200
 493          11.497200
 494           5.909200
 495          11.497200
 496           5.909200
 497          11.497200
 498           5.909200
 499          11.497200
 500           5.909200
 501          11.497200
 502           5.909200
 503          11.497200
 504           5.909200
 505          11.497200
 506           5.909200
 507          11.497200
 508           5.909200
 509          11.497200
 510           5.909200
 511          11.497200
 512           5.909200
 513          11.497200
 514           5.909200
 515          11.497200
 516           5.909200
 517          11.497200

 @ End Reading Mol Info 


 @ Begin Energy Calculation

TOL:    0.000000000100000
                                         SCF ENERGY
------------------------------------------------------------------------------------------------------------------------
NCYC       ENERGY         DELTA_E      SCF_TIME  DII_CYC   DII_TIME   O_TIME  DIAG_TIME    MAX_ERR    RMS_CHG    MAX_CHG
------------------------------------------------------------------------------------------------------------------------
  1  -2584.176370829      ------        63.034     1        1.19     61.84      0.25    0.2279E+01  0.2102E-01  0.6042E+00
  2  -2570.635645326  -.135407E+02      59.014     2        1.06     57.95      0.16    0.2450E+00  0.1512E-01  0.5691E+00
  3  -2568.284540488  -.235110E+01      56.162     3        1.23     54.93      0.25    0.5570E+00  0.1095E-01  0.4466E+00
  4  -2571.594319475  0.330978E+01      61.112     4        0.91     60.20      0.16    0.7393E-01  0.1830E-02  0.7798E-01
  5  -2571.725778791  0.131459E+00      62.683     5        1.26     61.42      0.25    0.2130E-01  0.4055E-03  0.1829E-01
  6  -2571.733290321  0.751153E-02      60.103     6        1.17     58.93      0.23    0.7304E-02  0.1613E-03  0.6442E-02
  7  -2571.734091232  0.800911E-03      58.466     7        1.14     57.33      0.22    0.3267E-02  0.6615E-04  0.3203E-02
  8  -2571.734214754  0.123523E-03      64.440     8        1.32     63.12      0.25    0.1364E-02  0.2023E-04  0.9958E-03
  9  -2571.734227513  0.127584E-04      63.991     9        1.20     62.79      0.24    0.3798E-03  0.5843E-05  0.3086E-03
 10  -2571.734228637  0.112437E-05      68.258    10        1.29     66.96      0.25    0.1173E-03  0.1616E-05  0.1062E-03
 11  -2571.734228681  0.434075E-07      67.608     1        1.24     66.36      0.20    0.4919E-04  0.8048E-06  0.5056E-04
    --------------- 2E-INT CUTOFF CHANGE TO 0.1000E-09 -------------
 12  -2571.734228734  0.529180E-07      67.607     2        1.37     66.23      0.25    0.2901E-04  0.2553E-06  0.1783E-04
 13  -2571.734228736  0.284126E-08      68.994     3        1.37     67.62      0.22    0.4652E-05  0.6586E-07  0.3171E-05
    --------------- 2E-INT CUTOFF CHANGE TO 0.1000E-10 -------------
 14  -2571.734228744  0.726232E-08      67.302     4        1.42     65.88      0.25    0.1951E-05  0.2170E-07  0.1600E-05
 15  -2571.734228744  0.181899E-09      69.020     5        1.37     67.65      0.24    0.6329E-06  0.9840E-08  0.5720E-06
------------------------------------------------------------------------------------------------------------------------
 REACH CONVERGENCE AFTER  15 CYLCES
 MAX ERROR = 0.632874E-06   RMS CHANGE = 0.983998E-08   MAX CHANGE = 0.571952E-06
 -----------------------------------------------
ALPHA ELECTRON DENSITY    =  184.9992982036
BETA ELECTRON DENSITY     =  184.9992982036
ELECTRONIC ENERGY    = -7438.953688325
CORE_CORE REPULSION  =  4867.219459581
TOTAL ENERGY         = -2571.734228744

 @ End Energy calculation


 @ Begin Zmake conversion

  
 Z-MATRIX:

   ATOM  ELEMENTAL  BOND LENGTH    BOND ANGLE    DIHEDRAL ANGLE
  NUMBER  SYMBOL    (ANGSTROMS)    (DEGREES)       (DEGREES)
     I                 I-NA         I-NA-NB        I-NA-NB-NC      NA   NB   NC

     1      O        0.00000  0     0.00000  0      0.00000  0      0    0    0
     2      O        2.24615  1     0.00000  0      0.00000  0      1    0    0
     3      C        1.34057  1    26.84191  1      0.00000  0      1    2    0
     4      C        2.34943  1    63.05731  1      0.00025  1      1    2    3
     5      N        3.58836  1    48.37520  1      0.00009  1      1    2    3
     6      C        4.75773  1    57.52610  1      0.00040  1      1    2    3
     7      O        5.06249  1    71.49148  1      0.00087  1      1    2    3
     8      C        6.01249  1    48.49754  1      0.00017  1      1    2    3
     9      N        7.15213  1    56.23276  1     -0.00027  1      1    2    3
    10      C        8.39202  1    52.48540  1     -0.00078  1      1    2    3
    11      O        8.73475  1    44.55092  1     -0.00093  1      1    2    3
    12      C        9.54735  1    58.72794  1     -0.00105  1      1    2    3
    13      N       10.76918  1    54.38842  1     -0.00228  1      1    2    3
    14      C       11.96658  1    57.41065  1     -0.00307  1      1    2    3
    15      O       12.19025  1    63.16758  1     -0.00282  1      1    2    3
    16      C       13.17998  1    53.29454  1     -0.00421  1      1    2    3
    17      N       14.35997  1    56.75513  1     -0.00565  1      1    2    3
    18      C       15.58642  1    54.70242  1     -0.00732  1      1    2    3
    19      O       15.84902  1    50.30726  1     -0.00786  1      1    2    3
    20      C       16.75316  1    58.11313  1     -0.00833  1      1    2    3
    21      N       17.97144  1    55.55827  1     -0.01078  1      1    2    3
    22      C       19.17431  1    57.36938  1     -0.01241  1      1    2    3
    23      O       19.37580  1    60.98791  1     -0.01195  1      1    2    3
    24      C       20.37588  1    54.70817  1     -0.01476  1      1    2    3
    25      N       21.56743  1    56.93366  1     -0.01696  1      1    2    3
    26      C       22.78899  1    55.52060  1     -0.01961  1      1    2    3
    27      O       23.02021  1    52.48879  1     -0.02041  1      1    2    3
    28      C       23.96008  1    57.86624  1     -0.02135  1      1    2    3
    29      N       25.17673  1    56.05563  1     -0.02488  1      1    2    3
    30      C       26.38189  1    57.35009  1     -0.02709  1      1    2    3
    31      O       26.57195  1    59.98810  1     -0.02619  1      1    2    3
    32      C       27.57808  1    55.38532  1     -0.03058  1      1    2    3
    33      N       28.77515  1    57.02433  1     -0.03362  1      1    2    3
    34      C       29.99411  1    55.94522  1     -0.03684  1      1    2    3
    35      O       30.20696  1    53.63199  1     -0.03726  1      1    2    3
    36      C       31.16779  1    57.73137  1     -0.03968  1      1    2    3
    37      N       32.38363  1    56.33041  1     -0.04372  1      1    2    3
    38      C       33.59004  1    57.34074  1     -0.04544  1      1    2    3
    39      C       34.78338  1    55.78514  1     -0.05029  1      1    2    3
    40      O       33.77015  1    59.41672  1     -0.04310  1      1    2    3
    41      N       35.98446  1    57.07826  1     -0.05278  1      1    2    3
    42      C       37.20160  1    56.19894  1     -0.05357  1      1    2    3
    43      C       38.37822  1    57.63682  1     -0.06241  1      1    2    3
    44      O       37.39470  1    54.32700  1     -0.04888  1      1    2    3
    45      N       39.59416  1    56.50120  1     -0.04555  1      1    2    3
    46      C       40.80295  1    57.34149  1     -0.04755  1      1    2    3
    47      C       42.00217  1    56.06974  1      0.08169  1      1    2    3
    48      O       40.95938  1    59.05381  1     -0.08217  1      1    2    3
    49      N       43.15891  1    56.97502  1     -0.77494  1      1    2    3
    50      H       44.04081  1    56.41939  1     -0.51295  1      1    2    3
    51      H       25.09419  1    53.79172  1     -0.02580  1      1    2    3
    52      H       21.46018  1    59.57252  1     -0.01649  1      1    2    3
    53      H        3.76936  1    33.08291  1     -0.00097  1      1    2    3
    54      H        2.59968  1    79.02190  1    -19.89443  1      1    2    3
    55      H        2.59969  1    79.02166  1     19.89513  1      1    2    3
    56      H        6.16713  1    43.08887  1     11.93668  1      1    2    3
    57      H        6.16709  1    43.08851  1    -11.93617  1      1    2    3
    58      H        7.08021  1    64.24075  1     -0.00026  1      1    2    3
    59      H        9.58319  1    62.71921  1     -5.87204  1      1    2    3
    60      H        9.58334  1    62.71823  1      5.87074  1      1    2    3
    61      H       10.74233  1    49.08031  1     -0.00267  1      1    2    3
    62      H       13.22753  1    50.59993  1      4.88619  1      1    2    3
    63      H       13.22719  1    50.59931  1     -4.89426  1      1    2    3
    64      H       14.26119  1    60.72614  1     -0.00539  1      1    2    3
    65      H       16.75482  1    60.36135  1     -3.43791  1      1    2    3
    66      H       16.75544  1    60.35989  1      3.42249  1      1    2    3
    67      H       17.90511  1    52.38190  1     -0.01133  1      1    2    3
    68      H       20.39181  1    52.93643  1      3.05490  1      1    2    3
    69      H       20.39086  1    52.93616  1     -3.08434  1      1    2    3
    70      H        0.95480  1    87.93289  1   -179.99912  1      1    2    3
    71      H       23.94782  1    59.42948  1     -2.44242  1      1    2    3
    72      H       23.94918  1    59.42770  1      2.40128  1      1    2    3
    73      H       27.57912  1    54.06758  1      2.20553  1      1    2    3
    74      H       27.57725  1    54.06752  1     -2.26674  1      1    2    3
    75      H       28.66460  1    59.00015  1     -0.03333  1      1    2    3
    76      H       31.14756  1    58.92939  1     -1.91036  1      1    2    3
    77      H       31.14988  1    58.92808  1      1.83216  1      1    2    3
    78      H       34.77488  1    54.73523  1      1.70702  1      1    2    3
    79      H       34.77215  1    54.73668  1     -1.80897  1      1    2    3
    80      H       35.87613  1    58.65745  1     -0.05623  1      1    2    3
    81      H       32.29374  1    54.57222  1     -0.04583  1      1    2    3
    82      H       38.35488  1    58.59772  1     -1.59633  1      1    2    3
    83      H       38.35045  1    58.62077  1      1.45069  1      1    2    3
    84      H       39.50741  1    55.06551  1     -0.07207  1      1    2    3
    85      H       42.12665  1    55.70088  1      1.81044  1      1    2    3
    86      H       41.81902  1    54.82255  1     -0.84045  1      1    2    3
    87      H       43.15498  1    58.29283  1     -0.67761  1      1    2    3

 @ End Zmake conversion


 @ Output Timing Infomration

------------- TIMING ---------------
INITIAL GUESS TIME =     3.194003000(  0.33%)
TOTAL SCF TIME     =   968.071014000( 99.04%)
      TOTAL OP TIME      =   949.486605000( 97.14%)
            TOTAL 1e TIME      =   203.378518000( 20.81%)
            TOTAL 2e TIME      =   107.906467000( 11.04%)
            TOTAL Exchange TIME=   638.149099000( 65.29%)
            TOTAL ENERGY TIME  =     0.011469000(  0.00%)
      TOTAL DII TIME     =    18.553119000(  1.90%)
            TOTAL DIAG TIME    =     3.414194000(  0.35%)
TOTAL TIME         =   977.444615000
----------- MPI TIMING -------------
MPI SCF TIME               =  9312.171602000 (MASTER= 10.40%)
      MPI Op TIME                =  9293.587193000 (MASTER= 10.22%)
            MPI 1e TIME                =   203.378518000 (MASTER=100.00%, MAX=100.00%)
            MPI 2e TIME                =  8452.007055000 (MASTER=  1.28%, MAX=  3.84%)
      MPI DIIS TIME              =    18.553119000 (MASTER=100.00%)
            MPI DIAG TIME              =     3.414194000 (MASTER=100.00%, MAX=100.00%)
MPI TOTAL CPU TIME         =  9321.545203000 (MASTER= 10.49%)
------------------------------------
 Job cpu time:  0 days  0 hours 16 minutes 17.4 seconds.

 @ Finish Output Timing Infomration

 Normal Terminatation. Task Finished on: Wed Apr 17 23:18:37 2019
