 *********************************************************************************************************
 **                                                                                                     **
 **           .?888888888+.                                                                             **
 **         =88888888888888~.                                                                           **
 **      .78888888888888887                                                                             **
 **     :888888O+. .. .+ZO                                                                              **
 **    ,88888? $,8.8=.                                                                                  **
 **   .8888I=,8:$Z.,+7ZI=.                               88888                       8888:              **
 **   =888~$~7=:888888888888Z                            88888                       8888:              **
 **   I88Z~=~78888888888888888?                          88888                       8888:              **
 **   788:7?:8888888: . I8888888                                        888888       8888:              **
 **   =88,$.88888I         888888    ,8888:     88888    88888        888888888I     8888:    888888    **
 **   .88+.88888$           88888:   ,8888:     88888    88888      $888888888888    8888:   888888     **
 **    I8Z 88888             88888   ,8888:     88888    88888    .888888     8888   8888: 888888       **
 **    .8Z 88888             88888   ,8888:     88888    88888    $88888             8888:88888         **
 **     8I 88888      .=88. .88888   ,8888:     88888    88888    88888              8888888888         **
 **    :8  88888      888888$8888$   ,8888:     88888    88888    8888O              88888888888        **
 **   ,7   +88888.     8888888888.   ,8888:     88888    88888    888888             88888O888888       **
 **         $888888:.   .8888888      88888....888888    88888     888888     8888   8888:  888888      **
 **          I8888888888888888888~    888888888888888    88888     O888888888888O    8888:   888888     **
 **            O88888888888888888=     88888888888888    88888       88888888888$    8888:    888888    **
 **              .~888888Z    O8        .8888I  88888    88888         8888888       8888:     888888   **
 **                                                                                                     **
 **                                                                                                     **
 **                                         Copyright (c) 2011                                          **
 **                                 Regents of the University of Florida                                **
 **                                        All Rights Reserved.                                         **
 **                                                                                                     **
 **                   This software provided pursuant to a license agreement containing                 **
 **                   restrictions on its disclosure, duplication, and use. This software               **
 **                   contains confidential and proprietary information, and may not be                 **
 **                   extracted or distributed, in whole or in part, for any purpose                    **
 **                   whatsoever, without the express written permission of the authors.                **
 **                   This notice, and the associated author list, must be attached to                  **
 **                   all copies, or extracts, of this software. Any additional                         **
 **                   restrictions set forth in the license agreement also apply to this                **
 **                   software.                                                                         **
 *********************************************************************************************************

 Cite this work as:                                                                                       
 Manathunga, M.; Miao, Y.; Mu, D.; He, X.; Ayers,K; Brothers, E.; Götz, A.; Merz,K. M. QUICK             
 University of Florida, Gainesville, FL, 2019 and Michigan State University, East Lansing, MI, 2019       

 If you have any comments or queries, please send us an email for technical support:                      
 quick.merzlab@gmail.com                                                                                  

 TASK STARTS ON: Sun Jul 21 18:49:04 2019
 INPUT FILE :    lbxc_gly12blyp.in
 OUTPUT FILE:    lbxc_gly12blyp.out
 DATE FILE  :    lbxc_gly12blyp.dat
 BASIS SET PATH: /server-home1/madu/bin/quick/ifort18/basis

|------------ CUDA INFORMATION ---------------
|  CUDA version of Quick in use
|  Implemented by
|                      Yipu Miao (Florida)
|  CAUTION: CUDA Quick is currently experimental
|           and you may at risk to use it. Be sure
|           to check result carelly. Advise or 
|           bug report are welcome.
|---------------------------------------------

|------------ GPU INFORMATION ---------------
| CUDA ENABLED DEVICE         :        4
| CUDA DEVICE IN USE          :        0
| CUDA DEVICE NAME            : TITAN V
| CUDA DEVICE PM              :       80
| CUDA DEVICE CORE FREQ(GHZ)  :     1.46
| CUDA DEVICE MEMORY SIZE (MB):    12036
| SUPPORTING CUDA VERSION     :      7.0
|--------------------------------------------

 @ Read Job And Atom

  -------------------------------------
KEYWORD= LIBXC GGA_X_B88 GGA_C_LYP BASIS=6-31G CUTOFF=1.0D-10 DENSERMS=1.0D-6 ENERGY                                                                                                                            
  -------------------------------------
 ============== JOB CARD =============
| METHOD = DENSTITY FUNCTIONAL THEORY
| USING LIBXC VERSION: 4.3.4
| FUNCTIONAL INFORMATION:
| NAME = Becke 88 FAMILY = GGA KIND = EXCHANGE
| NAME = Lee, Yang & Parr FAMILY = GGA KIND = CORRELATION
| DIRECT SCF 
| SAD INITAL GUESS 
| USE DIIS SCF
| PRINT ENERGY EVERY CYCLE
| STANDARD GRID = SG1
| MAX SCF CYCLES =    200
| MAX DIIS CYCLES =   10
| DELTA DENSITY START CYCLE = 1000
| COMPUATIONAL CUTOFF: 
|      TWO-e INTEGRAL   =  0.100E-09
|      BASIS SET PRIME  =  0.100E-19
|      MATRIX ELEMENTS  =  0.100E-09
|      BASIS FUNCTION   =  0.100E-09
| DENSITY MATRIX MAXIMUM RMS FOR CONVERGENCE  =  0.100E-05
| BASIS SET = 6-31G
| BASIS FILE = /server-home1/madu/bin/quick/ifort18/basis/6-31G

 @ Finish reading job


 @ Begin SAD initial guess

 For Atom Kind =    1
 ELEMENT = O 
BASIS FUNCTIONS =    9

 @ Begin Energy Calculation

TOL:    0.000000000100000

SCF CYCLE      =        1      TIME      =     0.04
RMS CHANGE     = 0.150543E+00  MAX CHANGE= 0.709514E+00

SCF CYCLE      =        2      TIME      =     0.04
RMS CHANGE     = 0.813251E-01  MAX CHANGE= 0.292791E+00

SCF CYCLE      =        3      TIME      =   0.04
DIIS CYCLE     =        1      MAX ERROR = 0.237253E-01
RMS CHANGE     = 0.640345E-02  MAX CHANGE= 0.247217E-01

SCF CYCLE      =        4      TIME      =   0.04
DIIS CYCLE     =        2      MAX ERROR = 0.717996E-02
RMS CHANGE     = 0.233510E-02  MAX CHANGE= 0.921819E-02

SCF CYCLE      =        5      TIME      =   0.04
DIIS CYCLE     =        3      MAX ERROR = 0.298399E-02
RMS CHANGE     = 0.133240E-02  MAX CHANGE= 0.503608E-02

SCF CYCLE      =        6      TIME      =   0.04
DIIS CYCLE     =        4      MAX ERROR = 0.110807E-02
RMS CHANGE     = 0.986522E-03  MAX CHANGE= 0.381572E-02

SCF CYCLE      =        7      TIME      =   0.04
DIIS CYCLE     =        5      MAX ERROR = 0.364363E-04
RMS CHANGE     = 0.292852E-04  MAX CHANGE= 0.127867E-03
DIIS FAILED !! RETURN TO NORMAL SCF. (NOT FATAL.)

SCF CYCLE      =        8      TIME      =     0.04
RMS CHANGE     = 0.515945E-05  MAX CHANGE= 0.209008E-04

SCF CYCLE      =        9      TIME      =   0.04
DIIS CYCLE     =        1      MAX ERROR = 0.502509E-05
RMS CHANGE     = 0.228262E-05  MAX CHANGE= 0.102358E-04

SCF CYCLE      =       10      TIME      =   0.04
DIIS CYCLE     =        2      MAX ERROR = 0.121250E-05
RMS CHANGE     = 0.882888E-06  MAX CHANGE= 0.354765E-05
PREPARED FOR FINAL NO INTERPOLATION ITERATION

SCF CYCLE      =       11      TIME      =     0.04
RMS CHANGE     = 0.761164E-06  MAX CHANGE= 0.302067E-05
CONVERGED!!!!!
ELECTRONIC ENERGY    =     0.000000000
CORE_CORE REPULSION  =     0.000000000
TOTAL ENERGY         =     0.000000000

 @ End Energy calculation

 For Atom Kind =    2
 ELEMENT = C 
BASIS FUNCTIONS =    9

 @ Begin Energy Calculation

TOL:    0.000000000100000

SCF CYCLE      =        1      TIME      =     0.04
RMS CHANGE     = 0.149950E+00  MAX CHANGE= 0.820200E+00

SCF CYCLE      =        2      TIME      =     0.04
RMS CHANGE     = 0.797517E-01  MAX CHANGE= 0.320914E+00

SCF CYCLE      =        3      TIME      =   0.04
DIIS CYCLE     =        1      MAX ERROR = 0.394445E-01
RMS CHANGE     = 0.137215E-01  MAX CHANGE= 0.589123E-01

SCF CYCLE      =        4      TIME      =   0.03
DIIS CYCLE     =        2      MAX ERROR = 0.746633E-02
RMS CHANGE     = 0.375529E-02  MAX CHANGE= 0.263871E-01

SCF CYCLE      =        5      TIME      =   0.03
DIIS CYCLE     =        3      MAX ERROR = 0.308852E-02
RMS CHANGE     = 0.262949E-02  MAX CHANGE= 0.183148E-01

SCF CYCLE      =        6      TIME      =   0.03
DIIS CYCLE     =        4      MAX ERROR = 0.299208E-03
RMS CHANGE     = 0.311349E-03  MAX CHANGE= 0.215704E-02
DIIS FAILED !! RETURN TO NORMAL SCF. (NOT FATAL.)

SCF CYCLE      =        7      TIME      =     0.03
RMS CHANGE     = 0.153492E-04  MAX CHANGE= 0.106143E-03

SCF CYCLE      =        8      TIME      =   0.03
DIIS CYCLE     =        1      MAX ERROR = 0.789983E-05
RMS CHANGE     = 0.460369E-05  MAX CHANGE= 0.296430E-04

SCF CYCLE      =        9      TIME      =   0.03
DIIS CYCLE     =        2      MAX ERROR = 0.309476E-05
RMS CHANGE     = 0.280492E-05  MAX CHANGE= 0.193991E-04

SCF CYCLE      =       10      TIME      =   0.03
DIIS CYCLE     =        3      MAX ERROR = 0.113360E-05
RMS CHANGE     = 0.145469E-05  MAX CHANGE= 0.100644E-04
DIIS FAILED !! RETURN TO NORMAL SCF. (NOT FATAL.)

SCF CYCLE      =       11      TIME      =     0.03
RMS CHANGE     = 0.122690E-06  MAX CHANGE= 0.848305E-06
CONVERGED!!!!!
ELECTRONIC ENERGY    =     0.000000000
CORE_CORE REPULSION  =     0.000000000
TOTAL ENERGY         =     0.000000000

 @ End Energy calculation

 For Atom Kind =    3
 ELEMENT = N 
BASIS FUNCTIONS =    9

 @ Begin Energy Calculation

TOL:    0.000000000100000

SCF CYCLE      =        1      TIME      =     0.03
RMS CHANGE     = 0.150709E+00  MAX CHANGE= 0.817290E+00

SCF CYCLE      =        2      TIME      =     0.03
RMS CHANGE     = 0.903365E-01  MAX CHANGE= 0.322206E+00

SCF CYCLE      =        3      TIME      =   0.03
DIIS CYCLE     =        1      MAX ERROR = 0.232146E-01
RMS CHANGE     = 0.717180E-02  MAX CHANGE= 0.254087E-01

SCF CYCLE      =        4      TIME      =   0.03
DIIS CYCLE     =        2      MAX ERROR = 0.696787E-02
RMS CHANGE     = 0.238394E-02  MAX CHANGE= 0.162489E-01

SCF CYCLE      =        5      TIME      =   0.03
DIIS CYCLE     =        3      MAX ERROR = 0.203040E-02
RMS CHANGE     = 0.112750E-02  MAX CHANGE= 0.763565E-02

SCF CYCLE      =        6      TIME      =   0.03
DIIS CYCLE     =        4      MAX ERROR = 0.546784E-03
RMS CHANGE     = 0.310240E-03  MAX CHANGE= 0.209245E-02
DIIS FAILED !! RETURN TO NORMAL SCF. (NOT FATAL.)

SCF CYCLE      =        7      TIME      =     0.03
RMS CHANGE     = 0.309606E-05  MAX CHANGE= 0.208862E-04

SCF CYCLE      =        8      TIME      =   0.03
DIIS CYCLE     =        1      MAX ERROR = 0.183130E-05
RMS CHANGE     = 0.808789E-06  MAX CHANGE= 0.533082E-05
PREPARED FOR FINAL NO INTERPOLATION ITERATION

SCF CYCLE      =        9      TIME      =     0.03
RMS CHANGE     = 0.462530E-06  MAX CHANGE= 0.311564E-05
CONVERGED!!!!!
ELECTRONIC ENERGY    =     0.000000000
CORE_CORE REPULSION  =     0.000000000
TOTAL ENERGY         =     0.000000000

 @ End Energy calculation

 For Atom Kind =    4
 ELEMENT = H 
BASIS FUNCTIONS =    2

 @ Begin Energy Calculation

TOL:    0.000000000100000

SCF CYCLE      =        1      TIME      =     0.00
RMS CHANGE     = 0.256654E+00  MAX CHANGE= 0.291569E+00

SCF CYCLE      =        2      TIME      =     0.00
RMS CHANGE     = 0.152139E-01  MAX CHANGE= 0.238378E-01

SCF CYCLE      =        3      TIME      =   0.00
DIIS CYCLE     =        1      MAX ERROR = 0.543720E-02
RMS CHANGE     = 0.492246E-02  MAX CHANGE= 0.776945E-02

SCF CYCLE      =        4      TIME      =   0.00
DIIS CYCLE     =        2      MAX ERROR = 0.175010E-02
RMS CHANGE     = 0.234112E-02  MAX CHANGE= 0.370386E-02
DIIS FAILED !! RETURN TO NORMAL SCF. (NOT FATAL.)

SCF CYCLE      =        5      TIME      =     0.00
RMS CHANGE     = 0.142040E-10  MAX CHANGE= 0.224882E-10
CONVERGED!!!!!
ELECTRONIC ENERGY    =     0.000000000
CORE_CORE REPULSION  =     0.000000000
TOTAL ENERGY         =     0.000000000

 @ End Energy calculation


 @ Finish SAD initial guess


 @ Begin to Read Mol Info


 =========== Molecule Input ==========
| TOTAL MOLECULAR CHARGE  =    0    MULTIPLICITY                =    1
| TOTOAL ATOM NUMBER      =   87    NUMBER OF ATOM TYPES        =    4
| NUMBER OF HYDROGEN ATOM =   38    NUMBER OF NON-HYDROGEN ATOM =   49
| NUMBER OF ELECTRONS     =  370

 -- INPUT GEOMETRY -- :
    O         -21.4842      -0.3959      -0.0207
    O         -20.2759       1.4976      -0.0261
    C         -20.3305       0.2868      -0.0213
    C         -19.1460      -0.6252      -0.0153
    N         -17.9409       0.1705      -0.0163
    C         -16.7265      -0.4017      -0.0116
    O         -16.5729      -1.6236      -0.0063
    C         -15.5451       0.5404      -0.0132
    N         -14.3337      -0.2431      -0.0078
    C         -13.1238       0.3313      -0.0079
    O         -12.9701       1.5550      -0.0126
    C         -11.9392      -0.6077      -0.0019
    N         -10.7305       0.1805      -0.0030
    C          -9.5177      -0.3863       0.0014
    O          -9.3545      -1.6089       0.0067
    C          -8.3390       0.5607      -0.0004
    N          -7.1254      -0.2201       0.0047
    C          -5.9158       0.3531       0.0042
    O          -5.7585       1.5766      -0.0006
    C          -4.7322      -0.5878       0.0098
    N          -3.5227       0.1995       0.0082
    C          -2.3100      -0.3667       0.0121
    O          -2.1453      -1.5893       0.0173
    C          -1.1318       0.5812       0.0097
    N           0.0823      -0.1990       0.0141
    C           1.2917       0.3740       0.0130
    O           1.4495       1.5976       0.0082
    C           2.4752      -0.5671       0.0179
    N           3.6849       0.2197       0.0155
    C           4.8976      -0.3468       0.0187
    O           5.0618      -1.5695       0.0240
    C           6.0758       0.6009       0.0154
    N           7.2901      -0.1788       0.0189
    C           8.4994       0.3952       0.0170
    O           8.6554       1.6190       0.0125
    C           9.6832      -0.5453       0.0208
    N          10.8931       0.2406       0.0176
    C          12.1057      -0.3279       0.0204
    C          13.2843       0.6187       0.0159
    O          12.2661      -1.5509       0.0262
    N          14.4994      -0.1583       0.0188
    C          15.7084       0.4206       0.0177
    C          16.8938      -0.5166       0.0173
    O          15.8547       1.6457       0.0159
    N          18.1044       0.2643       0.0255
    C          19.3186      -0.3139       0.0279
    C          20.5054       0.6210       0.1045
    O          19.4592      -1.5376       0.0113
    N          21.6712      -0.0332      -0.4297
    H          22.5487       0.4009      -0.2688
    H           3.5586       1.2082       0.0112
    H          -0.0387      -1.1882       0.0179
    H         -18.0508       1.1597      -0.0206
    H         -19.1933      -1.2730      -0.8812
    H         -19.1966      -1.2659       0.8557
    H         -15.5884       1.1870       0.8554
    H         -15.5852       1.1799      -0.8873
    H         -14.4536      -1.2323      -0.0040
    H         -11.9775      -1.2544      -0.8705
    H         -11.9806      -1.2471       0.8720
    H         -10.8565       1.1690      -0.0073
    H          -8.3843       1.2068       0.8683
    H          -8.3814       1.1999      -0.8744
    H          -7.2463      -1.2092       0.0085
    H          -4.7714      -1.2344      -0.8588
    H          -4.7739      -1.2270       0.8838
    H          -3.6493       1.1879       0.0039
    H          -1.1770       1.2272       0.8784
    H          -1.1750       1.2204      -0.8642
    H         -22.2701       0.1464      -0.0244
    H           2.4352      -1.2138      -0.8507
    H           2.4338      -1.2063       0.8919
    H           6.0310       1.2469       0.8842
    H           6.0317       1.2402      -0.8583
    H           7.1699      -1.1680       0.0225
    H           9.6422      -1.1920      -0.8477
    H           9.6422      -1.1849       0.8946
    H          13.2391       1.2655       0.8843
    H          13.2385       1.2582      -0.8578
    H          14.3840      -1.1477       0.0204
    H          10.7686       1.2292       0.0128
    H          16.8540      -1.1565      -0.8568
    H          16.8478      -1.1659       0.8841
    H          17.9888       1.2523       0.0068
    H          20.6058       0.9088       1.1534
    H          20.2884       1.5260      -0.4506
    H          21.6647      -1.0259      -0.3704

============== BASIS INFOS ==============
| BASIS FUNCTIONS =  517
| NSHELL =  223 NPRIM  =  642
| JSHELL =  223 JBASIS =  642


RADII OF SIGNifIGANCE FOR THE BASIS FUNCTIONS
   1           2.034000
   2           4.731000
   3           4.909000
   4           4.909000
   5           4.909000
   6           8.965000
   7           9.314000
   8           9.314000
   9           9.314000
  10           2.034000
  11           4.731000
  12           4.909000
  13           4.909000
  14           4.909000
  15           8.965000
  16           9.314000
  17           9.314000
  18           9.314000
  19           2.728000
  20           6.391000
  21           6.635000
  22           6.635000
  23           6.635000
  24          11.249000
  25          11.692000
  26          11.692000
  27          11.692000
  28           2.728000
  29           6.391000
  30           6.635000
  31           6.635000
  32           6.635000
  33          11.249000
  34          11.692000
  35          11.692000
  36          11.692000
  37           2.328000
  38           5.397000
  39           5.601000
  40           5.601000
  41           5.601000
  42          10.075000
  43          10.469000
  44          10.469000
  45          10.469000
  46           2.728000
  47           6.391000
  48           6.635000
  49           6.635000
  50           6.635000
  51          11.249000
  52          11.692000
  53          11.692000
  54          11.692000
  55           2.034000
  56           4.731000
  57           4.909000
  58           4.909000
  59           4.909000
  60           8.965000
  61           9.314000
  62           9.314000
  63           9.314000
  64           2.728000
  65           6.391000
  66           6.635000
  67           6.635000
  68           6.635000
  69          11.249000
  70          11.692000
  71          11.692000
  72          11.692000
  73           2.328000
  74           5.397000
  75           5.601000
  76           5.601000
  77           5.601000
  78          10.075000
  79          10.469000
  80          10.469000
  81          10.469000
  82           2.728000
  83           6.391000
  84           6.635000
  85           6.635000
  86           6.635000
  87          11.249000
  88          11.692000
  89          11.692000
  90          11.692000
  91           2.034000
  92           4.731000
  93           4.909000
  94           4.909000
  95           4.909000
  96           8.965000
  97           9.314000
  98           9.314000
  99           9.314000
 100           2.728000
 101           6.391000
 102           6.635000
 103           6.635000
 104           6.635000
 105          11.249000
 106          11.692000
 107          11.692000
 108          11.692000
 109           2.328000
 110           5.397000
 111           5.601000
 112           5.601000
 113           5.601000
 114          10.075000
 115          10.469000
 116          10.469000
 117          10.469000
 118           2.728000
 119           6.391000
 120           6.635000
 121           6.635000
 122           6.635000
 123          11.249000
 124          11.692000
 125          11.692000
 126          11.692000
 127           2.034000
 128           4.731000
 129           4.909000
 130           4.909000
 131           4.909000
 132           8.965000
 133           9.314000
 134           9.314000
 135           9.314000
 136           2.728000
 137           6.391000
 138           6.635000
 139           6.635000
 140           6.635000
 141          11.249000
 142          11.692000
 143          11.692000
 144          11.692000
 145           2.328000
 146           5.397000
 147           5.601000
 148           5.601000
 149           5.601000
 150          10.075000
 151          10.469000
 152          10.469000
 153          10.469000
 154           2.728000
 155           6.391000
 156           6.635000
 157           6.635000
 158           6.635000
 159          11.249000
 160          11.692000
 161          11.692000
 162          11.692000
 163           2.034000
 164           4.731000
 165           4.909000
 166           4.909000
 167           4.909000
 168           8.965000
 169           9.314000
 170           9.314000
 171           9.314000
 172           2.728000
 173           6.391000
 174           6.635000
 175           6.635000
 176           6.635000
 177          11.249000
 178          11.692000
 179          11.692000
 180          11.692000
 181           2.328000
 182           5.397000
 183           5.601000
 184           5.601000
 185           5.601000
 186          10.075000
 187          10.469000
 188          10.469000
 189          10.469000
 190           2.728000
 191           6.391000
 192           6.635000
 193           6.635000
 194           6.635000
 195          11.249000
 196          11.692000
 197          11.692000
 198          11.692000
 199           2.034000
 200           4.731000
 201           4.909000
 202           4.909000
 203           4.909000
 204           8.965000
 205           9.314000
 206           9.314000
 207           9.314000
 208           2.728000
 209           6.391000
 210           6.635000
 211           6.635000
 212           6.635000
 213          11.249000
 214          11.692000
 215          11.692000
 216          11.692000
 217           2.328000
 218           5.397000
 219           5.601000
 220           5.601000
 221           5.601000
 222          10.075000
 223          10.469000
 224          10.469000
 225          10.469000
 226           2.728000
 227           6.391000
 228           6.635000
 229           6.635000
 230           6.635000
 231          11.249000
 232          11.692000
 233          11.692000
 234          11.692000
 235           2.034000
 236           4.731000
 237           4.909000
 238           4.909000
 239           4.909000
 240           8.965000
 241           9.314000
 242           9.314000
 243           9.314000
 244           2.728000
 245           6.391000
 246           6.635000
 247           6.635000
 248           6.635000
 249          11.249000
 250          11.692000
 251          11.692000
 252          11.692000
 253           2.328000
 254           5.397000
 255           5.601000
 256           5.601000
 257           5.601000
 258          10.075000
 259          10.469000
 260          10.469000
 261          10.469000
 262           2.728000
 263           6.391000
 264           6.635000
 265           6.635000
 266           6.635000
 267          11.249000
 268          11.692000
 269          11.692000
 270          11.692000
 271           2.034000
 272           4.731000
 273           4.909000
 274           4.909000
 275           4.909000
 276           8.965000
 277           9.314000
 278           9.314000
 279           9.314000
 280           2.728000
 281           6.391000
 282           6.635000
 283           6.635000
 284           6.635000
 285          11.249000
 286          11.692000
 287          11.692000
 288          11.692000
 289           2.328000
 290           5.397000
 291           5.601000
 292           5.601000
 293           5.601000
 294          10.075000
 295          10.469000
 296          10.469000
 297          10.469000
 298           2.728000
 299           6.391000
 300           6.635000
 301           6.635000
 302           6.635000
 303          11.249000
 304          11.692000
 305          11.692000
 306          11.692000
 307           2.034000
 308           4.731000
 309           4.909000
 310           4.909000
 311           4.909000
 312           8.965000
 313           9.314000
 314           9.314000
 315           9.314000
 316           2.728000
 317           6.391000
 318           6.635000
 319           6.635000
 320           6.635000
 321          11.249000
 322          11.692000
 323          11.692000
 324          11.692000
 325           2.328000
 326           5.397000
 327           5.601000
 328           5.601000
 329           5.601000
 330          10.075000
 331          10.469000
 332          10.469000
 333          10.469000
 334           2.728000
 335           6.391000
 336           6.635000
 337           6.635000
 338           6.635000
 339          11.249000
 340          11.692000
 341          11.692000
 342          11.692000
 343           2.728000
 344           6.391000
 345           6.635000
 346           6.635000
 347           6.635000
 348          11.249000
 349          11.692000
 350          11.692000
 351          11.692000
 352           2.034000
 353           4.731000
 354           4.909000
 355           4.909000
 356           4.909000
 357           8.965000
 358           9.314000
 359           9.314000
 360           9.314000
 361           2.328000
 362           5.397000
 363           5.601000
 364           5.601000
 365           5.601000
 366          10.075000
 367          10.469000
 368          10.469000
 369          10.469000
 370           2.728000
 371           6.391000
 372           6.635000
 373           6.635000
 374           6.635000
 375          11.249000
 376          11.692000
 377          11.692000
 378          11.692000
 379           2.728000
 380           6.391000
 381           6.635000
 382           6.635000
 383           6.635000
 384          11.249000
 385          11.692000
 386          11.692000
 387          11.692000
 388           2.034000
 389           4.731000
 390           4.909000
 391           4.909000
 392           4.909000
 393           8.965000
 394           9.314000
 395           9.314000
 396           9.314000
 397           2.328000
 398           5.397000
 399           5.601000
 400           5.601000
 401           5.601000
 402          10.075000
 403          10.469000
 404          10.469000
 405          10.469000
 406           2.728000
 407           6.391000
 408           6.635000
 409           6.635000
 410           6.635000
 411          11.249000
 412          11.692000
 413          11.692000
 414          11.692000
 415           2.728000
 416           6.391000
 417           6.635000
 418           6.635000
 419           6.635000
 420          11.249000
 421          11.692000
 422          11.692000
 423          11.692000
 424           2.034000
 425           4.731000
 426           4.909000
 427           4.909000
 428           4.909000
 429           8.965000
 430           9.314000
 431           9.314000
 432           9.314000
 433           2.328000
 434           5.397000
 435           5.601000
 436           5.601000
 437           5.601000
 438          10.075000
 439          10.469000
 440          10.469000
 441          10.469000
 442           5.909000
 443          11.497000
 444           5.909000
 445          11.497000
 446           5.909000
 447          11.497000
 448           5.909000
 449          11.497000
 450           5.909000
 451          11.497000
 452           5.909000
 453          11.497000
 454           5.909000
 455          11.497000
 456           5.909000
 457          11.497000
 458           5.909000
 459          11.497000
 460           5.909000
 461          11.497000
 462           5.909000
 463          11.497000
 464           5.909000
 465          11.497000
 466           5.909000
 467          11.497000
 468           5.909000
 469          11.497000
 470           5.909000
 471          11.497000
 472           5.909000
 473          11.497000
 474           5.909000
 475          11.497000
 476           5.909000
 477          11.497000
 478           5.909000
 479          11.497000
 480           5.909000
 481          11.497000
 482           5.909000
 483          11.497000
 484           5.909000
 485          11.497000
 486           5.909000
 487          11.497000
 488           5.909000
 489          11.497000
 490           5.909000
 491          11.497000
 492           5.909000
 493          11.497000
 494           5.909000
 495          11.497000
 496           5.909000
 497          11.497000
 498           5.909000
 499          11.497000
 500           5.909000
 501          11.497000
 502           5.909000
 503          11.497000
 504           5.909000
 505          11.497000
 506           5.909000
 507          11.497000
 508           5.909000
 509          11.497000
 510           5.909000
 511          11.497000
 512           5.909000
 513          11.497000
 514           5.909000
 515          11.497000
 516           5.909000
 517          11.497000

 @ End Reading Mol Info 


 @ Begin Energy Calculation

TOL:    0.000000000100000
                                         SCF ENERGY
------------------------------------------------------------------------------------------------------------------------
NCYC       ENERGY         DELTA_E      SCF_TIME  DII_CYC   DII_TIME   O_TIME  DIAG_TIME    MAX_ERR    RMS_CHG    MAX_CHG
------------------------------------------------------------------------------------------------------------------------
  1  -2578.504411947      ------         9.056     1        0.78      8.28      0.30    0.2333E+01  0.2109E-01  0.6400E+00
  2  -2568.948523182  -.955589E+01       9.465     2        0.37      9.10      0.23    0.3526E+00  0.3570E-01  0.3884E+01
  3  -2553.614466661  -.153341E+02       9.618     3        0.37      9.24      0.22    0.1127E+01  0.3197E-01  0.3826E+01
  4  -2570.215624163  0.166012E+02       9.452     4        0.39      9.06      0.22    0.3110E+00  0.4285E-02  0.3017E+00
  5  -2570.940675727  0.725052E+00       9.546     5        0.50      9.04      0.34    0.1243E+00  0.1825E-02  0.1398E+00
  6  -2570.968861744  0.281860E-01       9.481     6        0.36      9.11      0.22    0.8915E-01  0.1154E-02  0.9782E-01
  7  -2571.003018778  0.341570E-01       9.318     7        0.36      8.96      0.22    0.6188E-01  0.4396E-03  0.3852E-01
  8  -2571.011267785  0.824901E-02       9.349     8        0.38      8.97      0.22    0.1072E-01  0.1168E-03  0.8414E-02
  9  -2571.011383677  0.115892E-03       9.319     9        0.37      8.95      0.22    0.3676E-02  0.5350E-04  0.3416E-02
 10  -2571.011492169  0.108492E-03       9.542    10        0.39      9.15      0.22    0.1689E-02  0.2100E-04  0.1627E-02
 11  -2571.011563675  0.715066E-04       9.469     1        0.54      8.93      0.22    0.6965E-03  0.6252E-05  0.4389E-03
 12  -2571.011562142  -.153302E-05       9.514     2        0.54      8.97      0.22    0.1296E-03  0.1887E-05  0.1083E-03
 13  -2571.011555788  -.635477E-05       9.515     3        0.54      8.97      0.22    0.3620E-04  0.7578E-06  0.4578E-04
------------------------------------------------------------------------------------------------------------------------
 REACH CONVERGENCE AFTER  13 CYLCES
 MAX ERROR = 0.361958E-04   RMS CHANGE = 0.757845E-06   MAX CHANGE = 0.457824E-04
 -----------------------------------------------
ALPHA ELECTRON DENSITY    =  184.9993009455
BETA ELECTRON DENSITY     =  184.9993009455
ELECTRONIC ENERGY    = -7438.231015369
CORE_CORE REPULSION  =  4867.219459581
TOTAL ENERGY         = -2571.011555788

 @ End Energy calculation


 @ Output Timing Infomration

------------- TIMING ---------------
INITIAL GUESS TIME =     1.970775000(  1.51%)
TOTAL SCF TIME     =   125.859779000( 96.72%)
      TOTAL OP TIME      =   119.933593000( 92.17%)
            TOTAL 1e TIME      =    89.275053000( 68.61%)
            TOTAL 2e TIME      =    17.749818000( 13.64%)
            TOTAL Exchange TIME=    12.882772000(  9.90%)
            TOTAL ENERGY TIME  =     0.015187000(  0.01%)
      TOTAL DII TIME     =     5.893723000(  4.53%)
            TOTAL DIAG TIME    =     3.056040000(  2.35%)
TOTAL TIME         =   130.127585000
------------------------------------
 Job cpu time:  0 days  0 hours  2 minutes 10.1 seconds.

 @ Finish Output Timing Infomration

 Normal Terminatation. Task Finished on: Sun Jul 21 18:51:21 2019
