 *********************************************************************************************************
 **                                                                                                     **
 **           .?888888888+.                                                                             **
 **         =88888888888888~.                                                                           **
 **      .78888888888888887                                                                             **
 **     :888888O+. .. .+ZO                                                                              **
 **    ,88888? $,8.8=.                                                                                  **
 **   .8888I=,8:$Z.,+7ZI=.                               88888                       8888:              **
 **   =888~$~7=:888888888888Z                            88888                       8888:              **
 **   I88Z~=~78888888888888888?                          88888                       8888:              **
 **   788:7?:8888888: . I8888888                                        888888       8888:              **
 **   =88,$.88888I         888888    ,8888:     88888    88888        888888888I     8888:    888888    **
 **   .88+.88888$           88888:   ,8888:     88888    88888      $888888888888    8888:   888888     **
 **    I8Z 88888             88888   ,8888:     88888    88888    .888888     8888   8888: 888888       **
 **    .8Z 88888             88888   ,8888:     88888    88888    $88888             8888:88888         **
 **     8I 88888      .=88. .88888   ,8888:     88888    88888    88888              8888888888         **
 **    :8  88888      888888$8888$   ,8888:     88888    88888    8888O              88888888888        **
 **   ,7   +88888.     8888888888.   ,8888:     88888    88888    888888             88888O888888       **
 **         $888888:.   .8888888      88888....888888    88888     888888     8888   8888:  888888      **
 **          I8888888888888888888~    888888888888888    88888     O888888888888O    8888:   888888     **
 **            O88888888888888888=     88888888888888    88888       88888888888$    8888:    888888    **
 **              .~888888Z    O8        .8888I  88888    88888         8888888       8888:     888888   **
 **                                                                                                     **
 **                                                                                                     **
 **                                         Copyright (c) 2011                                          **
 **                                 Regents of the University of Florida                                **
 **                                        All Rights Reserved.                                         **
 **                                                                                                     **
 **                   This software provided pursuant to a license agreement containing                 **
 **                   restrictions on its disclosure, duplication, and use. This software               **
 **                   contains confidential and proprietary information, and may not be                 **
 **                   extracted or distributed, in whole or in part, for any purpose                    **
 **                   whatsoever, without the express written permission of the authors.                **
 **                   This notice, and the associated author list, must be attached to                  **
 **                   all copies, or extracts, of this software. Any additional                         **
 **                   restrictions set forth in the license agreement also apply to this                **
 **                   software.                                                                         **
 *********************************************************************************************************

 Cite this work as:                                                                                       
 Manathunga, M.; Miao, Y.; Mu, D.; He, X.; Ayers,K; Brothers, E.; Götz, A.; Merz,K. M. QUICK             
 University of Florida, Gainesville, FL, 2019 and Michigan State University, East Lansing, MI, 2019       

 If you have any comments or queries, please send us an email for technical support:                      
 quick.merzlab@gmail.com                                                                                  

 TASK STARTS ON: Mon Jun 24 12:17:07 2019
 INPUT FILE :    waterhf.in
 OUTPUT FILE:    waterhf.out
 DATE FILE  :    waterhf.dat
 BASIS SET PATH: /server-home1/madu/bin/quick/ifort18/basis

|------------ CUDA INFORMATION ---------------
|  CUDA version of Quick in use
|  Implemented by
|                      Yipu Miao (Florida)
|  CAUTION: CUDA Quick is currently experimental
|           and you may at risk to use it. Be sure
|           to check result carelly. Advise or 
|           bug report are welcome.
|---------------------------------------------

|------------ GPU INFORMATION ---------------
| CUDA ENABLED DEVICE         :        4
| CUDA DEVICE IN USE          :        0
| CUDA DEVICE NAME            : TITAN V
| CUDA DEVICE PM              :       80
| CUDA DEVICE CORE FREQ(GHZ)  :     1.46
| CUDA DEVICE MEMORY SIZE (MB):    12036
| SUPPORTING CUDA VERSION     :      7.0
|--------------------------------------------

 @ Read Job And Atom

  -------------------------------------
KEYWORD=HF BASIS=6-31GSS CUTOFF=1.0D-10 DENSERMS=1.0D-4 ENERGY                                                                                                                                                  
  -------------------------------------
 ============== JOB CARD =============
| METHOD = HATREE FOCK
| DIRECT SCF 
| SAD INITAL GUESS 
| USE DIIS SCF
| PRINT ENERGY EVERY CYCLE
| MAX SCF CYCLES =    200
| MAX DIIS CYCLES =   10
| DELTA DENSITY START CYCLE = 1000
| COMPUATIONAL CUTOFF: 
|      TWO-e INTEGRAL   =  0.100E-09
|      BASIS SET PRIME  =  0.100E-19
|      MATRIX ELEMENTS  =  0.100E-09
|      BASIS FUNCTION   =  0.100E-09
| DENSITY MATRIX MAXIMUM RMS FOR CONVERGENCE  =  0.100E-03
| BASIS SET = 6-31GSS
| BASIS FILE = /server-home1/madu/bin/quick/ifort18/basis/6-31GSS

 @ Finish reading job


 @ Begin SAD initial guess

 For Atom Kind =    1
 ELEMENT = O 
BASIS FUNCTIONS =   15

 @ Begin Energy Calculation

TOL:    0.000000000100000

SCF CYCLE      =        1      TIME      =     0.12
RMS CHANGE     = 0.118420E+00  MAX CHANGE= 0.838819E+00

SCF CYCLE      =        2      TIME      =     0.10
RMS CHANGE     = 0.664019E-01  MAX CHANGE= 0.387316E+00

SCF CYCLE      =        3      TIME      =   0.10
DIIS CYCLE     =        1      MAX ERROR = 0.360626E-01
RMS CHANGE     = 0.560015E-02  MAX CHANGE= 0.349127E-01

SCF CYCLE      =        4      TIME      =   0.10
DIIS CYCLE     =        2      MAX ERROR = 0.993170E-02
RMS CHANGE     = 0.202861E-02  MAX CHANGE= 0.142921E-01

SCF CYCLE      =        5      TIME      =   0.10
DIIS CYCLE     =        3      MAX ERROR = 0.471497E-02
RMS CHANGE     = 0.128176E-02  MAX CHANGE= 0.854475E-02

SCF CYCLE      =        6      TIME      =   0.10
DIIS CYCLE     =        4      MAX ERROR = 0.173561E-02
RMS CHANGE     = 0.829530E-03  MAX CHANGE= 0.492449E-02

SCF CYCLE      =        7      TIME      =   0.09
DIIS CYCLE     =        5      MAX ERROR = 0.801345E-04
RMS CHANGE     = 0.452638E-04  MAX CHANGE= 0.271115E-03
PREPARED FOR FINAL NO INTERPOLATION ITERATION

SCF CYCLE      =        8      TIME      =     0.10
RMS CHANGE     = 0.705520E-05  MAX CHANGE= 0.395245E-04
CONVERGED!!!!!
ELECTRONIC ENERGY    =     0.000000000
CORE_CORE REPULSION  =     0.000000000
TOTAL ENERGY         =     0.000000000

 @ End Energy calculation

 For Atom Kind =    2
 ELEMENT = H 
BASIS FUNCTIONS =    5

 @ Begin Energy Calculation

TOL:    0.000000000100000

SCF CYCLE      =        1      TIME      =     0.00
RMS CHANGE     = 0.124770E+00  MAX CHANGE= 0.375230E+00

SCF CYCLE      =        2      TIME      =     0.00
RMS CHANGE     = 0.225650E-01  MAX CHANGE= 0.909848E-01

SCF CYCLE      =        3      TIME      =   0.00
DIIS CYCLE     =        1      MAX ERROR = 0.192500E-01
RMS CHANGE     = 0.706671E-02  MAX CHANGE= 0.282222E-01

SCF CYCLE      =        4      TIME      =   0.00
DIIS CYCLE     =        2      MAX ERROR = 0.619788E-02
RMS CHANGE     = 0.332676E-02  MAX CHANGE= 0.132001E-01
DIIS FAILED !! RETURN TO NORMAL SCF. (NOT FATAL.)

SCF CYCLE      =        5      TIME      =     0.00
RMS CHANGE     = 0.643466E-10  MAX CHANGE= 0.254611E-09
CONVERGED!!!!!
ELECTRONIC ENERGY    =     0.000000000
CORE_CORE REPULSION  =     0.000000000
TOTAL ENERGY         =     0.000000000

 @ End Energy calculation


 @ Finish SAD initial guess


 @ Begin to Read Mol Info


 =========== Molecule Input ==========
| TOTAL MOLECULAR CHARGE  =    0    MULTIPLICITY                =    1
| TOTOAL ATOM NUMBER      =    3    NUMBER OF ATOM TYPES        =    2
| NUMBER OF HYDROGEN ATOM =    2    NUMBER OF NON-HYDROGEN ATOM =    1
| NUMBER OF ELECTRONS     =   10

 -- INPUT GEOMETRY -- :
    O          -0.0676      -0.3153       0.0000
    H           0.8924      -0.3153       0.0000
    H          -0.3880       0.5896       0.0000

 -- DISTANCE MATRIX -- :
              1           2           3
      1     0.00000
      2     1.81414     0.00000
      3     1.81414     2.96300     0.00000

============== BASIS INFOS ==============
| BASIS FUNCTIONS =   25
| NSHELL =   10 NPRIM  =   21
| JSHELL =   10 JBASIS =   21


 @ End Reading Mol Info 


 @ Begin Energy Calculation

TOL:    0.000000000100000
                                         SCF ENERGY
------------------------------------------------------------------------------------------------------------------------
NCYC       ENERGY         DELTA_E      SCF_TIME  DII_CYC   DII_TIME   O_TIME  DIAG_TIME    MAX_ERR    RMS_CHG    MAX_CHG
------------------------------------------------------------------------------------------------------------------------
  1    -75.957635760      ------         0.345     1        0.33      0.01      0.00    0.1768E+01  0.5243E-01  0.3979E+00
  2    -75.991847724  0.342120E-01       0.006     2        0.00      0.00      0.00    0.1596E+00  0.1268E-01  0.1196E+00
  3    -76.016049721  0.242020E-01       0.006     3        0.00      0.00      0.00    0.7605E-01  0.4640E-02  0.4414E-01
  4    -76.021970544  0.592082E-02       0.006     4        0.00      0.00      0.00    0.1358E-01  0.1699E-02  0.1402E-01
  5    -76.022457107  0.486563E-03       0.005     5        0.00      0.00      0.00    0.5118E-02  0.9993E-03  0.9224E-02
  6    -76.022541529  0.844220E-04       0.006     6        0.00      0.00      0.00    0.1226E-02  0.3435E-03  0.3446E-02
  7    -76.022547777  0.624879E-05       0.006     7        0.00      0.00      0.00    0.1703E-03  0.4782E-04  0.4897E-03
------------------------------------------------------------------------------------------------------------------------
 REACH CONVERGENCE AFTER   7 CYLCES
 MAX ERROR = 0.170302E-03   RMS CHANGE = 0.478179E-04   MAX CHANGE = 0.489700E-03
 -----------------------------------------------
ELECTRONIC ENERGY    =   -85.179663760
CORE_CORE REPULSION  =     9.157115983
TOTAL ENERGY         =   -76.022547777

 @ End Energy calculation


 @ Output Timing Infomration

------------- TIMING ---------------
INITIAL GUESS TIME =     0.851036000( 44.66%)
TOTAL SCF TIME     =     0.383240000( 20.11%)
      TOTAL OP TIME      =     0.040810000(  2.14%)
            TOTAL 1e TIME      =     0.002698000(  0.14%)
            TOTAL 2e TIME      =     0.037996000(  1.99%)
            TOTAL ENERGY TIME  =     0.000044000(  0.00%)
      TOTAL DII TIME     =     0.342334000( 17.97%)
            TOTAL DIAG TIME    =     0.000910000(  0.05%)
TOTAL TIME         =     1.905377000
------------------------------------
 Job cpu time:  0 days  0 hours  0 minutes  1.9 seconds.

 @ Finish Output Timing Infomration

 Normal Terminatation. Task Finished on: Mon Jun 24 12:17:09 2019
