  ******************************************************************************
 ***************************
  **             . .. ...                                                       
                          **
  **         . .?888888888+.                                                    
                          **
  **         =88888888888888~.                                                  
                          **
  **      .78888888888888887                                                    
                          **
  **     :888888O+. .. .+ZO  .                                                  
                          **
  **    ,88888? $,8.8=.                                    .  .                 
          . .             **
  **   .8888I=,8:$Z.,+7ZI=.                               Z8888:                
      ,8888:              **
  **   =888~$~7=:888888888888Z  .                         Z8888:                
      ,8888:              **
  **   I88Z~=~78888888888888888?                          Z8888:          . .   
      ,8888:              **
  **   788:7?:8888888: . I8888888 .                            ..               
      ,8888:              **
  **   =88,$.88888I         888888    ,8888:     88888    ?8888.       888888888
 I.   ,8888:   .888888.   **
  **   .88+.88888$           88888:   ,8888:     88888    ?8888.     $8888888888
 88.  ,8888: . 88888=.    **
  **    I8Z 88888..          .88888   ,8888:     88888    ?8888   ..888888I.~888
 8..  ,8888: Z88888       **
  **    .8Z 88888     .  ..   88888   ,8888:     88888    ?8888    $8888+      ~
      ,8888:88888.        **
  **     8I 88888      .=88. .88888   ,8888:     88888    ?8888    88888       .
      ,888888888?.        **
  **  ..:8..88888      888888$8888$   ,8888:     88888    ?8888    8888O        
      ,8888888888$ .      **
  **  .,7.. +88888..    8888888888.   ,8888?     88888    ?8888  ..88888        
      ,88888O88888O       **
  **    .    $888888:. . .8888888      88888....$88888    ?8888  . ,88888......8
 ~..  ,8888: .Z88888      **
  **          I8888888888888888888~    888888888888888    ?8888     O88888888888
 8O   ,8888:   88888Z .   **
  **            O88888888888888888=     88888888888888    ?8888     ..8888888888
 8$ . ,8888:  ..888888.   **
  **              .~888888Z..  O8        .8888I. 88888   .?8888 .      .=88888Z 
     .,8888:     O88888   **
  **                ..  .   . .  ...   .. .    .  .. .        ..          . .   
      .   ..     .        **
  **                                                                            
                          **
  **                                         Copyright (c) 2011                 
                          **
  **                                 Regents of the University of Florida       
                          **
  **                                        All Rights Reserved.                
                          **
  **                                                                            
                          **
  **                   This software provided pursuant to a license agreement co
 ntaining                 **
  **                   restrictions on its disclosure, duplication, and use. Thi
 s software               **
  **                   contains confidential and proprietary information, and ma
 y not be                 **
  **                   extracted or distributed, in whole or in part, for any pu
 rpose                    **
  **                   whatsoever, without the express written permission of the
  authors.                **
  **                   This notice, and the associated author list, must be atta
 ched to                  **
  **                   all copies, or extracts, of this software. Any additional
                          **
  **                   restrictions set forth in the license agreement also appl
 y to this                **
  **                   software.                                                
                          **
  ******************************************************************************
 ***************************
 
  Cite this work as:
  Manathunga, M.; Mu, D.; Miao,Y.; He, X.; Ayers,K; Brothers, E.; Götz, A.; Mer
 z,K. M. QUICK
  University of Florida, Gainesville, FL, 2019 and Michigan State University, Ea
 st Lansing, MI, 2019
 
  If you have any comments or queries, please send us an email for technical sup
 port:
  quick.merzlab@gmail.com
 
 TASK STARTS ON: Thu May 16 11:09:24 2019
 INPUT FILE :    waterhfopt.in
 OUTPUT FILE:    waterhfopt.out
 DATE FILE  :    waterhfopt.dat
 BASIS SET PATH: /users/PCS0202/bgs0374/bin/quick/ifort18/basis

 ! WARNING: NODE=1, TURN OFF MPI


 Madu: main.f90 ifdef test

 @ Read Job And Atom

  -------------------------------------
KEYWORD=HF BASIS=6-31GSS CUTOFF=1.0D-10 ENERGY DENSERMS=1.0D-8 OPTIMIZE                                                                                                                                         
  -------------------------------------
 ============== JOB CARD =============
| METHOD = HATREE FOCK
| DIRECT SCF 
| SAD INITAL GUESS 
| USE DIIS SCF
| PRINT ENERGY EVERY CYCLE
| GEOMETRY OPTIMIZATION| NUMERICAL GRADIENT
| REQUEST CRITERIA FOR GEOMETRY CONVERGENCE: 
|      MAX ALLOWED GEO CHANGE  =  0.189E+00
|      MAX GEOMETRY CHANGE     =  0.180E-02
|      GEOMETRY CHANGE RMS     =  0.120E-02
|      MAX GRADIENT CHANGE     =  0.100E-02
|      GRADIENT NORMALIZATION  =  0.300E-03
| GRADIENT CALCULATION
| MAX SCF CYCLES =    200
| MAX DIIS CYCLES =   10
| DELTA DENSITY START CYCLE = 1000
| COMPUATIONAL CUTOFF: 
|      TWO-e INTEGRAL   =  0.100E-09
|      BASIS SET PRIME  =  0.100E-19
|      MATRIX ELEMENTS  =  0.100E-09
|      BASIS FUNCTION   =  0.100E-09
|      GRADIENT CUTOFF  =  0.100E-09
| DENSITY MATRIX MAXIMUM RMS FOR CONVERGENCE  =  0.100E-07
| BASIS SET = 6-31GSS
| BASIS FILE = /users/PCS0202/bgs0374/bin/quick/ifort18/basis/6-31GSS

 @ Finish reading job


 @ Begin SAD initial guess

 For Atom Kind =    1
 ELEMENT = O 

 ! WARNING:  ONLY ONE ATOM, TURN OFF OPTIMIZATION.

BASIS FUNCTIONS =   15

 @ Begin Energy Calculation

TOL:    0.000000000100000

SCF CYCLE      =        1      TIME      =     0.06
RMS CHANGE     = 0.118420E+00  MAX CHANGE= 0.838819E+00

SCF CYCLE      =        2      TIME      =     0.05
RMS CHANGE     = 0.664020E-01  MAX CHANGE= 0.387965E+00

SCF CYCLE      =        3      TIME      =   0.03
DIIS CYCLE     =        1      MAX ERROR = 0.360607E-01
RMS CHANGE     = 0.560019E-02  MAX CHANGE= 0.352027E-01

SCF CYCLE      =        4      TIME      =   0.03
DIIS CYCLE     =        2      MAX ERROR = 0.993170E-02
RMS CHANGE     = 0.202862E-02  MAX CHANGE= 0.142921E-01

SCF CYCLE      =        5      TIME      =   0.03
DIIS CYCLE     =        3      MAX ERROR = 0.470740E-02
RMS CHANGE     = 0.128176E-02  MAX CHANGE= 0.854475E-02

SCF CYCLE      =        6      TIME      =   0.03
DIIS CYCLE     =        4      MAX ERROR = 0.171727E-02
RMS CHANGE     = 0.829531E-03  MAX CHANGE= 0.492449E-02

SCF CYCLE      =        7      TIME      =   0.03
DIIS CYCLE     =        5      MAX ERROR = 0.801345E-04
RMS CHANGE     = 0.452642E-04  MAX CHANGE= 0.294432E-03

SCF CYCLE      =        8      TIME      =   0.03
DIIS CYCLE     =        6      MAX ERROR = 0.874813E-05
RMS CHANGE     = 0.806405E-05  MAX CHANGE= 0.520374E-04

SCF CYCLE      =        9      TIME      =   0.03
DIIS CYCLE     =        7      MAX ERROR = 0.173363E-05
RMS CHANGE     = 0.225480E-13  MAX CHANGE= 0.925926E-13
PREPARED FOR FINAL NO INTERPOLATION ITERATION

SCF CYCLE      =       10      TIME      =     0.03
RMS CHANGE     = 0.228870E-05  MAX CHANGE= 0.135868E-04
NOT IMPROVING.  TRY MODifYING ALPHA DENSITY MATRIX.

SCF CYCLE      =       11      TIME      =     0.03
RMS CHANGE     = 0.195360E-05  MAX CHANGE= 0.135624E-04

SCF CYCLE      =       12      TIME      =   0.03
DIIS CYCLE     =        1      MAX ERROR = 0.255270E-05
RMS CHANGE     = 0.599793E-06  MAX CHANGE= 0.377252E-05

SCF CYCLE      =       13      TIME      =   0.03
DIIS CYCLE     =        2      MAX ERROR = 0.432878E-06
RMS CHANGE     = 0.211433E-06  MAX CHANGE= 0.132232E-05

SCF CYCLE      =       14      TIME      =   0.03
DIIS CYCLE     =        3      MAX ERROR = 0.209616E-06
RMS CHANGE     = 0.746085E-14  MAX CHANGE= 0.349165E-13
PREPARED FOR FINAL NO INTERPOLATION ITERATION

SCF CYCLE      =       15      TIME      =     0.03
RMS CHANGE     = 0.128989E-06  MAX CHANGE= 0.768695E-06
NOT IMPROVING.  TRY MODifYING BETA DENSITY MATRIX.

SCF CYCLE      =       16      TIME      =     0.03
RMS CHANGE     = 0.107488E-06  MAX CHANGE= 0.628290E-06

SCF CYCLE      =       17      TIME      =   0.03
DIIS CYCLE     =        1      MAX ERROR = 0.160602E-06
RMS CHANGE     = 0.414296E-07  MAX CHANGE= 0.289102E-06

SCF CYCLE      =       18      TIME      =   0.03
DIIS CYCLE     =        2      MAX ERROR = 0.568458E-07
RMS CHANGE     = 0.162865E-13  MAX CHANGE= 0.795197E-13
PREPARED FOR FINAL NO INTERPOLATION ITERATION

SCF CYCLE      =       19      TIME      =     0.03
RMS CHANGE     = 0.257749E-07  MAX CHANGE= 0.147698E-06
NOT IMPROVING.  TRY MODifYING BETA DENSITY MATRIX.

SCF CYCLE      =       20      TIME      =     0.03
RMS CHANGE     = 0.212773E-07  MAX CHANGE= 0.122429E-06

SCF CYCLE      =       21      TIME      =   0.03
DIIS CYCLE     =        1      MAX ERROR = 0.402867E-07
RMS CHANGE     = 0.769505E-08  MAX CHANGE= 0.524415E-07
PREPARED FOR FINAL NO INTERPOLATION ITERATION

SCF CYCLE      =       22      TIME      =     0.03
RMS CHANGE     = 0.503919E-08  MAX CHANGE= 0.285626E-07
CONVERGED!!!!!
ELECTRONIC ENERGY    =     0.000000000
CORE_CORE REPULSION  =     0.000000000
TOTAL ENERGY         =     0.000000000

 @ End Energy calculation

 For Atom Kind =    2
 ELEMENT = H 
BASIS FUNCTIONS =    5

 @ Begin Energy Calculation

TOL:    0.000000000100000

SCF CYCLE      =        1      TIME      =     0.00
RMS CHANGE     = 0.124770E+00  MAX CHANGE= 0.375230E+00

SCF CYCLE      =        2      TIME      =     0.00
RMS CHANGE     = 0.225650E-01  MAX CHANGE= 0.909848E-01

SCF CYCLE      =        3      TIME      =   0.00
DIIS CYCLE     =        1      MAX ERROR = 0.192500E-01
RMS CHANGE     = 0.706671E-02  MAX CHANGE= 0.282222E-01

SCF CYCLE      =        4      TIME      =   0.00
DIIS CYCLE     =        2      MAX ERROR = 0.619788E-02
RMS CHANGE     = 0.332676E-02  MAX CHANGE= 0.132001E-01

SCF CYCLE      =        5      TIME      =   0.00
DIIS CYCLE     =        3      MAX ERROR = 0.232798E-08
RMS CHANGE     = 0.000000E+00  MAX CHANGE= 0.000000E+00
PREPARED FOR FINAL NO INTERPOLATION ITERATION

SCF CYCLE      =        6      TIME      =     0.00
RMS CHANGE     = 0.643466E-10  MAX CHANGE= 0.254612E-09
CONVERGED!!!!!
ELECTRONIC ENERGY    =     0.000000000
CORE_CORE REPULSION  =     0.000000000
TOTAL ENERGY         =     0.000000000

 @ End Energy calculation


 @ Finish SAD initial guess


 @ Begin to Read Mol Info


 =========== Molecule Input ==========
| TOTAL MOLECULAR CHARGE  =    0    MULTIPLICITY                =    1
| TOTOAL ATOM NUMBER      =    3    NUMBER OF ATOM TYPES        =    2
| NUMBER OF HYDROGEN ATOM =    2    NUMBER OF NON-HYDROGEN ATOM =    1
| NUMBER OF ELECTRONS     =   10
 
 -- INPUT GEOMETRY -- :
    O          -0.0676      -0.3153       0.0000
    H           0.8924      -0.3153       0.0000
    H          -0.3880       0.5896       0.0000
 
 -- DISTANCE MATRIX -- :
              1           2           3
      1     0.00000
      2     1.81414     0.00000
      3     1.81414     2.96300     0.00000
 
============== BASIS INFOS ==============
| BASIS FUNCTIONS =   25
| NSHELL =   10 NPRIM  =   21
| JSHELL =   10 JBASIS =   21
 

 @ End Reading Mol Info 


 @ Begin Optimization Job


 @ Optimize for New Step

 
============  GEOMETRY FOR OPTIMIZATION STEP   1 OUT OF   27  ============
 
GEOMETRY INPUT
ELEMENT      X              Y              Z
  O          -0.067568      -0.315315       0.000000
  H           0.892433      -0.315315       0.000000
  H          -0.388022       0.589621       0.000000

 @ Begin Energy Calculation

TOL:    0.000000000100000
                                         SCF ENERGY
------------------------------------------------------------------------------------------------------------------------
NCYC       ENERGY         DELTA_E      SCF_TIME  DII_CYC   DII_TIME   O_TIME  DIAG_TIME    MAX_ERR    RMS_CHG    MAX_CHG
------------------------------------------------------------------------------------------------------------------------
  1    -75.943665756      ------         0.009     1        0.00      0.01      0.00    0.1768E+01  0.5180E-01  0.3951E+00
  2    -75.993865276  0.501995E-01       0.010     2        0.00      0.01      0.00    0.1491E+00  0.1238E-01  0.1135E+00
  3    -76.016437830  0.225726E-01       0.013     3        0.00      0.01      0.00    0.7431E-01  0.4491E-02  0.4215E-01
  4    -76.022037165  0.559934E-02       0.017     4        0.00      0.02      0.00    0.1234E-01  0.1630E-02  0.1288E-01
  5    -76.022465372  0.428207E-03       0.019     5        0.00      0.02      0.00    0.4981E-02  0.9667E-03  0.8591E-02
  6    -76.022541625  0.762531E-04       0.019     6        0.00      0.02      0.00    0.1230E-02  0.3494E-03  0.3349E-02
  7    -76.022547759  0.613393E-05       0.021     7        0.00      0.02      0.00    0.1595E-03  0.4661E-04  0.4512E-03
  8    -76.022547868  0.108437E-06       0.022     8        0.00      0.02      0.00    0.2193E-04  0.5976E-05  0.3759E-04
    --------------- 2E-INT CUTOFF CHANGE TO 0.1000E-08 -------------
  9    -76.022547905  0.376954E-07       0.023     9        0.00      0.02      0.00    0.5747E-05  0.1320E-05  0.7771E-05
 10    -76.022547906  0.137566E-09       0.022    10        0.00      0.02      0.00    0.1206E-05  0.2668E-06  0.1677E-05
    --------------- 2E-INT CUTOFF CHANGE TO 0.1000E-09 -------------
 11    -76.022547906  0.286118E-10       0.023     1        0.00      0.02      0.00    0.3410E-06  0.3527E-07  0.2703E-06
    --------------- 2E-INT CUTOFF CHANGE TO 0.1000E-10 -------------
 12    -76.022547906  0.139799E-11       0.023     2        0.00      0.02      0.00    0.1599E-06  0.1731E-07  0.1503E-06
 13    -76.022547906  0.119016E-12       0.023     3        0.00      0.02      0.00    0.7695E-07  0.8748E-08  0.8092E-07
------------------------------------------------------------------------------------------------------------------------
 REACH CONVERGENCE AFTER  13 CYLCES
 MAX ERROR = 0.769540E-07   RMS CHANGE = 0.874818E-08   MAX CHANGE = 0.809178E-07
 -----------------------------------------------
ELECTRONIC ENERGY    =   -85.179663889
CORE_CORE REPULSION  =     9.157115983
TOTAL ENERGY         =   -76.022547906

 @ End Energy calculation

  GRADIENT CALCULATION TIME    0.111206000 S

 ANALYTICAL GRADIENT: 
----------------------------------------------------------------------------
 VARIBLES    OLD_X            OLD_GRAD        NEW_GRAD          NEW_X
----------------------------------------------------------------------------
    1X    -0.0675675652     0.0000000000    -0.0073440128     0.0324324348
    1Y    -0.3153153341     0.0000000000    -0.0103915406    -0.2153153341
    1Z     0.0000000000     0.0000000000    -0.0000000104     0.0000001644
    2X     0.8924325081     0.0000000000     0.0207489740     0.7924325081
    2Y    -0.3153153341     0.0000000000    -0.0068730352    -0.2153153341
    2Z     0.0000000000     0.0000000000     0.0000000157    -0.0000002481
    3X    -0.3880221796     0.0000000000    -0.0134049612    -0.2880221796
    3Y     0.5896205650     0.0000000000     0.0172645757     0.4896205650
    3Z     0.0000000000     0.0000000000    -0.0000000053     0.0000000836
----------------------------------------------------------------------------
 OPTIMZATION STATISTICS:
 MAXIMUM GRADIENT ELEMENT=    0.2074897400E-01(REQUEST=    0.1000000000E-02)

 @ Finish Optimization for This Step


 @ Optimize for New Step

 
============  GEOMETRY FOR OPTIMIZATION STEP   2 OUT OF   27  ============
 
GEOMETRY INPUT
ELEMENT      X              Y              Z
  O           0.032432      -0.215315       0.000000
  H           0.792433      -0.215315      -0.000000
  H          -0.288022       0.489621       0.000000

 @ Begin Energy Calculation

TOL:    0.000000000100000
                                         SCF ENERGY
------------------------------------------------------------------------------------------------------------------------
NCYC       ENERGY         DELTA_E      SCF_TIME  DII_CYC   DII_TIME   O_TIME  DIAG_TIME    MAX_ERR    RMS_CHG    MAX_CHG
------------------------------------------------------------------------------------------------------------------------
  1    -76.261783357      ------         0.010     1        0.00      0.01      0.00    0.2728E+01  0.5631E-01  0.4193E+00
  2    -75.884177921  -.377605E+00       0.013     2        0.00      0.01      0.00    0.1666E+00  0.1311E-01  0.1452E+00
  3    -75.911185907  0.270080E-01       0.010     3        0.00      0.01      0.00    0.7876E-01  0.4042E-02  0.3936E-01
  4    -75.916487407  0.530150E-02       0.016     4        0.00      0.02      0.00    0.9573E-02  0.1174E-02  0.7794E-02
  5    -75.916708771  0.221364E-03       0.023     5        0.00      0.02      0.00    0.2199E-02  0.3772E-03  0.3266E-02
  6    -75.916722443  0.136721E-04       0.021     6        0.00      0.02      0.00    0.5289E-03  0.1373E-03  0.1354E-02
  7    -75.916723446  0.100349E-05       0.019     7        0.00      0.02      0.00    0.1042E-03  0.2827E-04  0.2895E-03
  8    -75.916723479  0.326389E-07       0.022     8        0.00      0.02      0.00    0.1179E-04  0.3149E-05  0.2880E-04
    --------------- 2E-INT CUTOFF CHANGE TO 0.1000E-08 -------------
  9    -75.916723515  0.357558E-07       0.022     9        0.00      0.02      0.00    0.1808E-05  0.4634E-06  0.3799E-05
    --------------- 2E-INT CUTOFF CHANGE TO 0.1000E-09 -------------
 10    -75.916723515  0.302141E-10       0.021    10        0.00      0.02      0.00    0.2539E-06  0.5705E-07  0.3845E-06
    --------------- 2E-INT CUTOFF CHANGE TO 0.1000E-10 -------------
 11    -75.916723515  0.192024E-11       0.020     1        0.00      0.02      0.00    0.1100E-06  0.2306E-07  0.1683E-06
 12    -75.916723515  0.159872E-13       0.024     2        0.00      0.02      0.00    0.4629E-07  0.9800E-08  0.7427E-07
------------------------------------------------------------------------------------------------------------------------
 REACH CONVERGENCE AFTER  12 CYLCES
 MAX ERROR = 0.462944E-07   RMS CHANGE = 0.980007E-08   MAX CHANGE = 0.742666E-07
 -----------------------------------------------
ELECTRONIC ENERGY    =   -87.364222269
CORE_CORE REPULSION  =    11.447498754
TOTAL ENERGY         =   -75.916723515

 @ End Energy calculation

  GRADIENT CALCULATION TIME    0.110971000 S

 ANALYTICAL GRADIENT: 
----------------------------------------------------------------------------
 VARIBLES    OLD_X            OLD_GRAD        NEW_GRAD          NEW_X
----------------------------------------------------------------------------
    1X     0.0324324348    -0.0073440128     0.2741818588    -0.0316295303
    1Y    -0.2153153341    -0.0103915406     0.3383134009    -0.2644641770
    1Z     0.0000001644    -0.0000000104    -0.0000002778     0.0000000508
    2X     0.7924325081     0.0207489740    -0.4252768071     0.7908970977
    2Y    -0.2153153341    -0.0068730352    -0.0017602162    -0.2816820351
    2Z    -0.0000002481     0.0000000157     0.0000002358    -0.0000000767
    3X    -0.2880221796    -0.0134049612     0.1510949483    -0.3224248041
    3Y     0.4896205650     0.0172645757    -0.3365531847     0.5051361089
    3Z     0.0000000836    -0.0000000053     0.0000000420     0.0000000258
----------------------------------------------------------------------------
 OPTIMZATION STATISTICS:
 ENERGY CHANGE           =    0.1058243907E+00 (REQUEST= 0.10000E-05)
 MAXIMUM GEOMETRY CHANGE =    0.6636670098E-01 (REQUEST= 0.18000E-02)
 GEOMETRY CHANGE RMS     =    0.3704458767E-01 (REQUEST= 0.12000E-02)
 GRADIENT NORM           =    0.2372511186E+00 (REQUEST= 0.30000E-03)

 @ Finish Optimization for This Step


 @ Optimize for New Step

 
============  GEOMETRY FOR OPTIMIZATION STEP   3 OUT OF   27  ============
 
GEOMETRY INPUT
ELEMENT      X              Y              Z
  O          -0.031630      -0.264464       0.000000
  H           0.790897      -0.281682      -0.000000
  H          -0.322425       0.505136       0.000000

 @ Begin Energy Calculation

TOL:    0.000000000100000
                                         SCF ENERGY
------------------------------------------------------------------------------------------------------------------------
NCYC       ENERGY         DELTA_E      SCF_TIME  DII_CYC   DII_TIME   O_TIME  DIAG_TIME    MAX_ERR    RMS_CHG    MAX_CHG
------------------------------------------------------------------------------------------------------------------------
  1    -76.188590717      ------         0.011     1        0.00      0.01      0.00    0.2409E+01  0.5476E-01  0.4144E+00
  2    -75.950201601  -.238389E+00       0.010     2        0.00      0.01      0.00    0.1495E+00  0.1265E-01  0.1304E+00
  3    -75.975103883  0.249023E-01       0.010     3        0.00      0.01      0.00    0.7602E-01  0.4094E-02  0.3850E-01
  4    -75.980280611  0.517673E-02       0.013     4        0.00      0.01      0.00    0.9119E-02  0.1267E-02  0.9119E-02
  5    -75.980534340  0.253729E-03       0.017     5        0.00      0.02      0.00    0.2873E-02  0.5054E-03  0.4530E-02
  6    -75.980556896  0.225561E-04       0.018     6        0.00      0.02      0.00    0.7070E-03  0.1873E-03  0.1863E-02
  7    -75.980558661  0.176548E-05       0.017     7        0.00      0.02      0.00    0.1197E-03  0.3317E-04  0.3388E-03
  8    -75.980558707  0.458579E-07       0.016     8        0.00      0.02      0.00    0.1181E-04  0.3359E-05  0.2817E-04
    --------------- 2E-INT CUTOFF CHANGE TO 0.1000E-08 -------------
  9    -75.980558768  0.609614E-07       0.017     9        0.00      0.02      0.00    0.2380E-05  0.5750E-06  0.4252E-05
    --------------- 2E-INT CUTOFF CHANGE TO 0.1000E-09 -------------
 10    -75.980558768  0.116511E-10       0.015    10        0.00      0.02      0.00    0.3565E-06  0.1191E-06  0.8481E-06
 11    -75.980558768  0.865086E-12       0.019     1        0.00      0.02      0.00    0.1096E-06  0.1412E-07  0.1134E-06
    --------------- 2E-INT CUTOFF CHANGE TO 0.1000E-10 -------------
 12    -75.980558768  0.149036E-11       0.023     2        0.00      0.02      0.00    0.4697E-07  0.6405E-08  0.5547E-07
------------------------------------------------------------------------------------------------------------------------
 REACH CONVERGENCE AFTER  12 CYLCES
 MAX ERROR = 0.469665E-07   RMS CHANGE = 0.640510E-08   MAX CHANGE = 0.554677E-07
 -----------------------------------------------
ELECTRONIC ENERGY    =   -86.660157547
CORE_CORE REPULSION  =    10.679598779
TOTAL ENERGY         =   -75.980558768

 @ End Energy calculation

  GRADIENT CALCULATION TIME    0.114326000 S

 ANALYTICAL GRADIENT: 
----------------------------------------------------------------------------
 VARIBLES    OLD_X            OLD_GRAD        NEW_GRAD          NEW_X
----------------------------------------------------------------------------
    1X    -0.0316295303     0.2741818588     0.1427229332    -0.0633112825
    1Y    -0.2644641770     0.3383134009     0.2019483167    -0.3092928318
    1Z     0.0000000508    -0.0000002778    -0.0000000459     0.0000000060
    2X     0.7908970977    -0.4252768071    -0.2180650361     0.8804072706
    2Y    -0.2816820351    -0.0017602162     0.0027056900    -0.3113320103
    2Z    -0.0000000767     0.0000002358     0.0000000404    -0.0000000091
    3X    -0.3224248041     0.1510949483     0.0753421030    -0.3802532247
    3Y     0.5051361089    -0.3365531847    -0.2046540067     0.5796147390
    3Z     0.0000000258     0.0000000420     0.0000000055     0.0000000031
----------------------------------------------------------------------------
 OPTIMZATION STATISTICS:
 ENERGY CHANGE           =   -0.6383525314E-01 (REQUEST= 0.10000E-05)
 MAXIMUM GEOMETRY CHANGE =    0.8951017293E-01 (REQUEST= 0.18000E-02)
 GEOMETRY CHANGE RMS     =    0.4806907806E-01 (REQUEST= 0.12000E-02)
 GRADIENT NORM           =    0.1317709856E+00 (REQUEST= 0.30000E-03)

 @ Finish Optimization for This Step


 @ Optimize for New Step

 
============  GEOMETRY FOR OPTIMIZATION STEP   4 OUT OF   27  ============
 
GEOMETRY INPUT
ELEMENT      X              Y              Z
  O          -0.063311      -0.309293       0.000000
  H           0.880407      -0.311332      -0.000000
  H          -0.380253       0.579615       0.000000

 @ Begin Energy Calculation

TOL:    0.000000000100000
                                         SCF ENERGY
------------------------------------------------------------------------------------------------------------------------
NCYC       ENERGY         DELTA_E      SCF_TIME  DII_CYC   DII_TIME   O_TIME  DIAG_TIME    MAX_ERR    RMS_CHG    MAX_CHG
------------------------------------------------------------------------------------------------------------------------
  1    -75.973538060      ------         0.012     1        0.00      0.01      0.00    0.1834E+01  0.5208E-01  0.3978E+00
  2    -75.994562963  0.210249E-01       0.022     2        0.00      0.02      0.00    0.1480E+00  0.1236E-01  0.1132E+00
  3    -76.017262399  0.226994E-01       0.022     3        0.00      0.02      0.00    0.7425E-01  0.4425E-02  0.4149E-01
  4    -76.022757447  0.549505E-02       0.019     4        0.00      0.02      0.00    0.1193E-01  0.1580E-02  0.1242E-01
  5    -76.023157221  0.399773E-03       0.019     5        0.00      0.02      0.00    0.4700E-02  0.9009E-03  0.8026E-02
  6    -76.023223710  0.664896E-04       0.020     6        0.00      0.02      0.00    0.1161E-02  0.3271E-03  0.3149E-02
  7    -76.023229059  0.534883E-05       0.019     7        0.00      0.02      0.00    0.1535E-03  0.4453E-04  0.4344E-03
  8    -76.023229155  0.961985E-07       0.020     8        0.00      0.02      0.00    0.1876E-04  0.5425E-05  0.3545E-04
    --------------- 2E-INT CUTOFF CHANGE TO 0.1000E-08 -------------
  9    -76.023229201  0.462158E-07       0.020     9        0.00      0.02      0.00    0.5044E-05  0.1184E-05  0.7109E-05
 10    -76.023229202  0.109281E-09       0.022    10        0.00      0.02      0.00    0.1035E-05  0.2455E-06  0.1559E-05
    --------------- 2E-INT CUTOFF CHANGE TO 0.1000E-09 -------------
 11    -76.023229202  0.313207E-10       0.024     1        0.00      0.02      0.00    0.2977E-06  0.3049E-07  0.2339E-06
    --------------- 2E-INT CUTOFF CHANGE TO 0.1000E-10 -------------
 12    -76.023229202  0.260059E-11       0.023     2        0.00      0.02      0.00    0.1372E-06  0.1477E-07  0.1268E-06
 13    -76.023229202  -.142109E-13       0.021     3        0.00      0.02      0.00    0.6487E-07  0.7357E-08  0.6777E-07
------------------------------------------------------------------------------------------------------------------------
 REACH CONVERGENCE AFTER  13 CYLCES
 MAX ERROR = 0.648744E-07   RMS CHANGE = 0.735681E-08   MAX CHANGE = 0.677653E-07
 -----------------------------------------------
ELECTRONIC ENERGY    =   -85.337784063
CORE_CORE REPULSION  =     9.314554861
TOTAL ENERGY         =   -76.023229202

 @ End Energy calculation

  GRADIENT CALCULATION TIME    0.109818000 S

 ANALYTICAL GRADIENT: 
----------------------------------------------------------------------------
 VARIBLES    OLD_X            OLD_GRAD        NEW_GRAD          NEW_X
----------------------------------------------------------------------------
    1X    -0.0633112825     0.1427229332     0.0042528160    -0.0652724984
    1Y    -0.3092928318     0.2019483167     0.0060175954    -0.3120678878
    1Z     0.0000000060    -0.0000000459    -0.0000000085     0.0000000122
    2X     0.8804072706    -0.2180650361     0.0027202539     0.8768958123
    2Y    -0.3113320103     0.0027056900    -0.0064340773    -0.3067698054
    2Z    -0.0000000091     0.0000000404     0.0000000126    -0.0000000182
    3X    -0.3802532247     0.0753421030    -0.0069730699    -0.3747805506
    3Y     0.5796147390    -0.2046540067     0.0004164819     0.5778275901
    3Z     0.0000000031     0.0000000055    -0.0000000041     0.0000000061
----------------------------------------------------------------------------
 OPTIMZATION STATISTICS:
 ENERGY CHANGE           =   -0.4267043356E-01 (REQUEST= 0.10000E-05)
 MAXIMUM GEOMETRY CHANGE =    0.5472674190E-02 (REQUEST= 0.18000E-02)
 GEOMETRY CHANGE RMS     =    0.2940812824E-02 (REQUEST= 0.12000E-02)
 GRADIENT NORM           =    0.4108151684E-02 (REQUEST= 0.30000E-03)

 @ Finish Optimization for This Step


 @ Optimize for New Step

 
============  GEOMETRY FOR OPTIMIZATION STEP   5 OUT OF   27  ============
 
GEOMETRY INPUT
ELEMENT      X              Y              Z
  O          -0.065272      -0.312068       0.000000
  H           0.876896      -0.306770      -0.000000
  H          -0.374781       0.577828       0.000000

 @ Begin Energy Calculation

TOL:    0.000000000100000
                                         SCF ENERGY
------------------------------------------------------------------------------------------------------------------------
NCYC       ENERGY         DELTA_E      SCF_TIME  DII_CYC   DII_TIME   O_TIME  DIAG_TIME    MAX_ERR    RMS_CHG    MAX_CHG
------------------------------------------------------------------------------------------------------------------------
  1    -75.977756033      ------         0.012     1        0.00      0.01      0.00    0.1845E+01  0.5212E-01  0.3977E+00
  2    -75.994655037  0.168990E-01       0.013     2        0.00      0.01      0.00    0.1485E+00  0.1238E-01  0.1131E+00
  3    -76.017424803  0.227698E-01       0.021     3        0.00      0.02      0.00    0.7420E-01  0.4430E-02  0.4150E-01
  4    -76.022924494  0.549969E-02       0.021     4        0.00      0.02      0.00    0.1193E-01  0.1576E-02  0.1242E-01
