  ******************************************************************************
 ***************************
  **             . .. ...                                                       
                          **
  **         . .?888888888+.                                                    
                          **
  **         =88888888888888~.                                                  
                          **
  **      .78888888888888887                                                    
                          **
  **     :888888O+. .. .+ZO  .                                                  
                          **
  **    ,88888? $,8.8=.                                    .  .                 
          . .             **
  **   .8888I=,8:$Z.,+7ZI=.                               Z8888:                
      ,8888:              **
  **   =888~$~7=:888888888888Z  .                         Z8888:                
      ,8888:              **
  **   I88Z~=~78888888888888888?                          Z8888:          . .   
      ,8888:              **
  **   788:7?:8888888: . I8888888 .                            ..               
      ,8888:              **
  **   =88,$.88888I         888888    ,8888:     88888    ?8888.       888888888
 I.   ,8888:   .888888.   **
  **   .88+.88888$           88888:   ,8888:     88888    ?8888.     $8888888888
 88.  ,8888: . 88888=.    **
  **    I8Z 88888..          .88888   ,8888:     88888    ?8888   ..888888I.~888
 8..  ,8888: Z88888       **
  **    .8Z 88888     .  ..   88888   ,8888:     88888    ?8888    $8888+      ~
      ,8888:88888.        **
  **     8I 88888      .=88. .88888   ,8888:     88888    ?8888    88888       .
      ,888888888?.        **
  **  ..:8..88888      888888$8888$   ,8888:     88888    ?8888    8888O        
      ,8888888888$ .      **
  **  .,7.. +88888..    8888888888.   ,8888?     88888    ?8888  ..88888        
      ,88888O88888O       **
  **    .    $888888:. . .8888888      88888....$88888    ?8888  . ,88888......8
 ~..  ,8888: .Z88888      **
  **          I8888888888888888888~    888888888888888    ?8888     O88888888888
 8O   ,8888:   88888Z .   **
  **            O88888888888888888=     88888888888888    ?8888     ..8888888888
 8$ . ,8888:  ..888888.   **
  **              .~888888Z..  O8        .8888I. 88888   .?8888 .      .=88888Z 
     .,8888:     O88888   **
  **                ..  .   . .  ...   .. .    .  .. .        ..          . .   
      .   ..     .        **
  **                                                                            
                          **
  **                                         Copyright (c) 2011                 
                          **
  **                                 Regents of the University of Florida       
                          **
  **                                        All Rights Reserved.                
                          **
  **                                                                            
                          **
  **                   This software provided pursuant to a license agreement co
 ntaining                 **
  **                   restrictions on its disclosure, duplication, and use. Thi
 s software               **
  **                   contains confidential and proprietary information, and ma
 y not be                 **
  **                   extracted or distributed, in whole or in part, for any pu
 rpose                    **
  **                   whatsoever, without the express written permission of the
  authors.                **
  **                   This notice, and the associated author list, must be atta
 ched to                  **
  **                   all copies, or extracts, of this software. Any additional
                          **
  **                   restrictions set forth in the license agreement also appl
 y to this                **
  **                   software.                                                
                          **
  ******************************************************************************
 ***************************
 
  Cite this work as:
  Manathunga, M.; Mu, D.; Miao,Y.; He, X.; Ayers,K; Brothers, E.; Götz, A.; Mer
 z,K. M. QUICK
  University of Florida, Gainesville, FL, 2019 and Michigan State University, Ea
 st Lansing, MI, 2019
 
  If you have any comments or queries, please send us an email for technical sup
 port:
  quick.merzlab@gmail.com
 
 TASK STARTS ON: Wed May  1 15:55:32 2019
 INPUT FILE :    water2blyp.in
 OUTPUT FILE:    water2blyp.out
 DATE FILE  :    water2blyp.dat
 BASIS SET PATH: /users/PCS0202/bgs0374/bin/quick/ifort18/basis

 ! WARNING: NODE=1, TURN OFF MPI


 Madu: main.f90 ifdef test

 @ Read Job And Atom

  -------------------------------------
KEYWORD=BLYP BASIS=6-31G CUTOFF=1.0D-10 ENERGY DENSERMS=1.0D-8                                                                                                                                                  
  -------------------------------------
 ============== JOB CARD =============
| METHOD = DENSTITY FUNCTIONAL THEORY
| DENSITY FUNCTIONAL = B3YP
| DIRECT SCF 
| SAD INITAL GUESS 
| USE DIIS SCF
| PRINT ENERGY EVERY CYCLE
| STANDARD GRID = SG1
| MAX SCF CYCLES =    200
| MAX DIIS CYCLES =   10
| DELTA DENSITY START CYCLE = 1000
| COMPUATIONAL CUTOFF: 
|      TWO-e INTEGRAL   =  0.100E-09
|      BASIS SET PRIME  =  0.100E-19
|      MATRIX ELEMENTS  =  0.100E-09
|      BASIS FUNCTION   =  0.100E-09
| DENSITY MATRIX MAXIMUM RMS FOR CONVERGENCE  =  0.100E-07
| BASIS SET = 6-31G
| BASIS FILE = /users/PCS0202/bgs0374/bin/quick/ifort18/basis/6-31G

 @ Finish reading job


 @ Begin SAD initial guess

 For Atom Kind =    1
 ELEMENT = O 
BASIS FUNCTIONS =    9

 @ Begin Energy Calculation

TOL:    0.000000000100000

SCF CYCLE      =        1      TIME      =     0.02
RMS CHANGE     = 0.150543E+00  MAX CHANGE= 0.709514E+00

SCF CYCLE      =        2      TIME      =     0.02
RMS CHANGE     = 0.813251E-01  MAX CHANGE= 0.297110E+00

SCF CYCLE      =        3      TIME      =   0.02
DIIS CYCLE     =        1      MAX ERROR = 0.237251E-01
RMS CHANGE     = 0.640345E-02  MAX CHANGE= 0.265223E-01

SCF CYCLE      =        4      TIME      =   0.01
DIIS CYCLE     =        2      MAX ERROR = 0.110463E-01
RMS CHANGE     = 0.233510E-02  MAX CHANGE= 0.117274E-01

SCF CYCLE      =        5      TIME      =   0.01
DIIS CYCLE     =        3      MAX ERROR = 0.298177E-02
RMS CHANGE     = 0.133240E-02  MAX CHANGE= 0.728669E-02

SCF CYCLE      =        6      TIME      =   0.01
DIIS CYCLE     =        4      MAX ERROR = 0.124783E-02
RMS CHANGE     = 0.986522E-03  MAX CHANGE= 0.552095E-02

SCF CYCLE      =        7      TIME      =   0.01
DIIS CYCLE     =        5      MAX ERROR = 0.368234E-04
RMS CHANGE     = 0.292852E-04  MAX CHANGE= 0.185010E-03

SCF CYCLE      =        8      TIME      =   0.01
DIIS CYCLE     =        6      MAX ERROR = 0.503962E-05
RMS CHANGE     = 0.583925E-14  MAX CHANGE= 0.163518E-13
PREPARED FOR FINAL NO INTERPOLATION ITERATION

SCF CYCLE      =        9      TIME      =     0.01
RMS CHANGE     = 0.515945E-05  MAX CHANGE= 0.302413E-04
NOT IMPROVING.  TRY MODifYING BETA DENSITY MATRIX.

SCF CYCLE      =       10      TIME      =     0.01
RMS CHANGE     = 0.428244E-05  MAX CHANGE= 0.252186E-04

SCF CYCLE      =       11      TIME      =   0.01
DIIS CYCLE     =        1      MAX ERROR = 0.434237E-05
RMS CHANGE     = 0.162326E-05  MAX CHANGE= 0.849648E-05

SCF CYCLE      =       12      TIME      =   0.01
DIIS CYCLE     =        2      MAX ERROR = 0.236693E-05
RMS CHANGE     = 0.721945E-06  MAX CHANGE= 0.421187E-05

SCF CYCLE      =       13      TIME      =   0.01
DIIS CYCLE     =        3      MAX ERROR = 0.832635E-06
RMS CHANGE     = 0.497515E-14  MAX CHANGE= 0.156526E-13
PREPARED FOR FINAL NO INTERPOLATION ITERATION

SCF CYCLE      =       14      TIME      =     0.01
RMS CHANGE     = 0.586670E-06  MAX CHANGE= 0.336372E-05
NOT IMPROVING.  TRY MODifYING ALPHA DENSITY MATRIX.

SCF CYCLE      =       15      TIME      =     0.01
RMS CHANGE     = 0.466593E-06  MAX CHANGE= 0.237285E-05

SCF CYCLE      =       16      TIME      =   0.01
DIIS CYCLE     =        1      MAX ERROR = 0.360128E-06
RMS CHANGE     = 0.116173E-06  MAX CHANGE= 0.691670E-06

SCF CYCLE      =       17      TIME      =   0.01
DIIS CYCLE     =        2      MAX ERROR = 0.756501E-07
RMS CHANGE     = 0.170373E-13  MAX CHANGE= 0.707212E-13
PREPARED FOR FINAL NO INTERPOLATION ITERATION

SCF CYCLE      =       18      TIME      =     0.01
RMS CHANGE     = 0.615033E-07  MAX CHANGE= 0.351040E-06
NOT IMPROVING.  TRY MODifYING ALPHA DENSITY MATRIX.

SCF CYCLE      =       19      TIME      =     0.01
RMS CHANGE     = 0.458158E-07  MAX CHANGE= 0.271085E-06

SCF CYCLE      =       20      TIME      =   0.01
DIIS CYCLE     =        1      MAX ERROR = 0.613695E-07
RMS CHANGE     = 0.147697E-07  MAX CHANGE= 0.929142E-07

SCF CYCLE      =       21      TIME      =   0.01
DIIS CYCLE     =        2      MAX ERROR = 0.570094E-08
RMS CHANGE     = 0.382897E-14  MAX CHANGE= 0.166256E-13
PREPARED FOR FINAL NO INTERPOLATION ITERATION

SCF CYCLE      =       22      TIME      =     0.01
RMS CHANGE     = 0.650685E-08  MAX CHANGE= 0.374504E-07
CONVERGED!!!!!
ELECTRONIC ENERGY    =     0.000000000
CORE_CORE REPULSION  =     0.000000000
TOTAL ENERGY         =     0.000000000

 @ End Energy calculation

 For Atom Kind =    2
 ELEMENT = H 
BASIS FUNCTIONS =    2

 @ Begin Energy Calculation

TOL:    0.000000000100000

SCF CYCLE      =        1      TIME      =     0.00
RMS CHANGE     = 0.256654E+00  MAX CHANGE= 0.291569E+00

SCF CYCLE      =        2      TIME      =     0.00
RMS CHANGE     = 0.152139E-01  MAX CHANGE= 0.238378E-01

SCF CYCLE      =        3      TIME      =   0.00
DIIS CYCLE     =        1      MAX ERROR = 0.543720E-02
RMS CHANGE     = 0.492246E-02  MAX CHANGE= 0.776945E-02

SCF CYCLE      =        4      TIME      =   0.00
DIIS CYCLE     =        2      MAX ERROR = 0.175010E-02
RMS CHANGE     = 0.234112E-02  MAX CHANGE= 0.370386E-02

SCF CYCLE      =        5      TIME      =   0.00
DIIS CYCLE     =        3      MAX ERROR = 0.282663E-10
RMS CHANGE     = 0.000000E+00  MAX CHANGE= 0.000000E+00
PREPARED FOR FINAL NO INTERPOLATION ITERATION

SCF CYCLE      =        6      TIME      =     0.00
RMS CHANGE     = 0.697876E-10  MAX CHANGE= 0.110491E-09
CONVERGED!!!!!
ELECTRONIC ENERGY    =     0.000000000
CORE_CORE REPULSION  =     0.000000000
TOTAL ENERGY         =     0.000000000

 @ End Energy calculation


 @ Finish SAD initial guess


 @ Begin to Read Mol Info


 =========== Molecule Input ==========
| TOTAL MOLECULAR CHARGE  =    0    MULTIPLICITY                =    1
| TOTOAL ATOM NUMBER      =    6    NUMBER OF ATOM TYPES        =    2
| NUMBER OF HYDROGEN ATOM =    4    NUMBER OF NON-HYDROGEN ATOM =    2
| NUMBER OF ELECTRONS     =   20
 
 -- INPUT GEOMETRY -- :
    O          -1.7945      -0.9234       2.7683
    O          -0.7415       1.7521       2.8963
    H          -1.2421       0.9212       2.9842
    H          -2.3382      -1.3597       3.4309
    H          -0.8795      -1.3030       2.8658
    H          -0.9205       2.0364       1.9840
 
 -- DISTANCE MATRIX -- :
              1           2           3           4           5
      1     0.00000
      2     5.43885     0.00000
      3     3.66153     1.84069     0.00000
      4     1.81759     6.68631     4.85619     0.00000
      5     1.88100     5.77953     4.26453     2.95829     0.00000
      6     6.01745     1.83707     2.89541     7.47284     6.52737
              6
      6     0.00000
 
============== BASIS INFOS ==============
| BASIS FUNCTIONS =   26
| NSHELL =   14 NPRIM  =   36
| JSHELL =   14 JBASIS =   36
 

RADII OF SIGNifIGANCE FOR THE BASIS FUNCTIONS
   1           2.034400
   2           4.731700
   3           4.909900
   4           4.909900
   5           4.909900
   6           8.965900
   7           9.314500
   8           9.314500
   9           9.314500
  10           2.034400
  11           4.731700
  12           4.909900
  13           4.909900
  14           4.909900
  15           8.965900
  16           9.314500
  17           9.314500
  18           9.314500
  19           5.909200
  20          11.497200
  21           5.909200
  22          11.497200
  23           5.909200
  24          11.497200
  25           5.909200
  26          11.497200

 @ End Reading Mol Info 


 @ Begin Energy Calculation

TOL:    0.000000000100000
                                         SCF ENERGY
------------------------------------------------------------------------------------------------------------------------
NCYC       ENERGY         DELTA_E      SCF_TIME  DII_CYC   DII_TIME   O_TIME  DIAG_TIME    MAX_ERR    RMS_CHG    MAX_CHG
------------------------------------------------------------------------------------------------------------------------
  1   -152.749997380      ------         0.067     1        0.00      0.07      0.00    0.1638E+01  0.7598E-01  0.4219E+00
  2   -152.587932103  -.162065E+00       0.069     2        0.00      0.07      0.00    0.2934E+00  0.6583E-01  0.4295E+00
  3   -152.376688483  -.211244E+00       0.066     3        0.00      0.07      0.00    0.4388E+00  0.4289E-01  0.3059E+00
  4   -152.746053460  0.369365E+00       0.066     4        0.00      0.07      0.00    0.9272E-02  0.1519E-02  0.9484E-02
  5   -152.746000809  -.526510E-04       0.065     5        0.00      0.06      0.00    0.1009E-01  0.8476E-03  0.5282E-02
  6   -152.746173074  0.172265E-03       0.064     6        0.00      0.06      0.00    0.8391E-03  0.6652E-04  0.4281E-03
  7   -152.746173894  0.819774E-06       0.065     7        0.00      0.06      0.00    0.1291E-03  0.1493E-04  0.7445E-04
  8   -152.746173918  0.235737E-07       0.065     8        0.00      0.06      0.00    0.1435E-04  0.1694E-05  0.7720E-05
  9   -152.746173918  0.370470E-09       0.065     9        0.00      0.06      0.00    0.3067E-06  0.3866E-07  0.1816E-06
    --------------- 2E-INT CUTOFF CHANGE TO 0.1000E-10 -------------
 10   -152.746173918  -.805045E-11       0.065    10        0.00      0.06      0.00    0.7172E-07  0.1085E-07  0.8015E-07
 11   -152.746173918  0.305533E-12       0.109     1        0.00      0.11      0.00    0.8864E-07  0.1564E-07  0.1310E-06
 12   -152.746173918  -.660805E-12       0.081     2        0.00      0.08      0.00    0.1545E-06  0.2735E-07  0.2281E-06
 13   -152.746173918  -.319744E-12       0.070     3        0.00      0.07      0.00    0.2780E-06  0.4883E-07  0.4067E-06
 14   -152.746173918  0.220268E-12       0.064     4        0.00      0.06      0.00    0.5011E-06  0.8749E-07  0.7306E-06
 15   -152.746173918  -.405009E-12       0.065     5        0.00      0.06      0.00    0.9031E-06  0.1570E-06  0.1316E-05
 16   -152.746173918  -.253664E-11       0.079     6        0.00      0.08      0.00    0.1629E-05  0.1009E-06  0.8491E-06
 17   -152.746173918  0.286349E-11       0.067     7        0.00      0.07      0.00    0.2681E-07  0.5059E-08  0.4073E-07
------------------------------------------------------------------------------------------------------------------------
 REACH CONVERGENCE AFTER  17 CYLCES
 MAX ERROR = 0.268139E-07   RMS CHANGE = 0.505870E-08   MAX CHANGE = 0.407261E-07
 -----------------------------------------------
ALPHA ELECTRON DENSITY    =   10.0000113599
BETA ELECTRON DENSITY     =   10.0000113599
ELECTRONIC ENERGY    =  -189.374655350
CORE_CORE REPULSION  =    36.628481432
TOTAL ENERGY         =  -152.746173918

 @ End Energy calculation


 @ Output Timing Infomration

------------- TIMING ---------------
INITIAL GUESS TIME =     0.249273000( 16.95%)
TOTAL SCF TIME     =     1.193486000( 81.15%)
      TOTAL OP TIME      =     1.189391000( 80.87%)
            TOTAL 1e TIME      =     0.105086000(  7.15%)
            TOTAL 2e TIME      =     0.338944000( 23.05%)
            TOTAL Exchange TIME=     0.744657000( 50.63%)
            TOTAL ENERGY TIME  =     0.000037000(  0.00%)
      TOTAL DII TIME     =     0.003987000(  0.27%)
            TOTAL DIAG TIME    =     0.001182000(  0.08%)
TOTAL TIME         =     1.470738000
------------------------------------
 Job cpu time:  0 days  0 hours  0 minutes  1.5 seconds.

 @ Finish Output Timing Infomration

 Normal Terminatation. Task Finished on: Wed May  1 15:55:34 2019
