  ******************************************************************************
 ***************************
  **             . .. ...                                                       
                          **
  **         . .?888888888+.                                                    
                          **
  **         =88888888888888~.                                                  
                          **
  **      .78888888888888887                                                    
                          **
  **     :888888O+. .. .+ZO  .                                                  
                          **
  **    ,88888? $,8.8=.                                    .  .                 
          . .             **
  **   .8888I=,8:$Z.,+7ZI=.                               Z8888:                
      ,8888:              **
  **   =888~$~7=:888888888888Z  .                         Z8888:                
      ,8888:              **
  **   I88Z~=~78888888888888888?                          Z8888:          . .   
      ,8888:              **
  **   788:7?:8888888: . I8888888 .                            ..               
      ,8888:              **
  **   =88,$.88888I         888888    ,8888:     88888    ?8888.       888888888
 I.   ,8888:   .888888.   **
  **   .88+.88888$           88888:   ,8888:     88888    ?8888.     $8888888888
 88.  ,8888: . 88888=.    **
  **    I8Z 88888..          .88888   ,8888:     88888    ?8888   ..888888I.~888
 8..  ,8888: Z88888       **
  **    .8Z 88888     .  ..   88888   ,8888:     88888    ?8888    $8888+      ~
      ,8888:88888.        **
  **     8I 88888      .=88. .88888   ,8888:     88888    ?8888    88888       .
      ,888888888?.        **
  **  ..:8..88888      888888$8888$   ,8888:     88888    ?8888    8888O        
      ,8888888888$ .      **
  **  .,7.. +88888..    8888888888.   ,8888?     88888    ?8888  ..88888        
      ,88888O88888O       **
  **    .    $888888:. . .8888888      88888....$88888    ?8888  . ,88888......8
 ~..  ,8888: .Z88888      **
  **          I8888888888888888888~    888888888888888    ?8888     O88888888888
 8O   ,8888:   88888Z .   **
  **            O88888888888888888=     88888888888888    ?8888     ..8888888888
 8$ . ,8888:  ..888888.   **
  **              .~888888Z..  O8        .8888I. 88888   .?8888 .      .=88888Z 
     .,8888:     O88888   **
  **                ..  .   . .  ...   .. .    .  .. .        ..          . .   
      .   ..     .        **
  **                                                                            
                          **
  **                                         Copyright (c) 2011                 
                          **
  **                                 Regents of the University of Florida       
                          **
  **                                        All Rights Reserved.                
                          **
  **                                                                            
                          **
  **                   This software provided pursuant to a license agreement co
 ntaining                 **
  **                   restrictions on its disclosure, duplication, and use. Thi
 s software               **
  **                   contains confidential and proprietary information, and ma
 y not be                 **
  **                   extracted or distributed, in whole or in part, for any pu
 rpose                    **
  **                   whatsoever, without the express written permission of the
  authors.                **
  **                   This notice, and the associated author list, must be atta
 ched to                  **
  **                   all copies, or extracts, of this software. Any additional
                          **
  **                   restrictions set forth in the license agreement also appl
 y to this                **
  **                   software.                                                
                          **
  ******************************************************************************
 ***************************
 
  Cite this work as:
  Manathunga, M.; Mu, D.; Miao,Y.; He, X.; Ayers,K; Brothers, E.; Götz, A.; Mer
 z,K. M. QUICK
  University of Florida, Gainesville, FL, 2019 and Michigan State University, Ea
 st Lansing, MI, 2019
 
  If you have any comments or queries, please send us an email for technical sup
 port:
  quick.merzlab@gmail.com
 
 TASK STARTS ON: Wed May  1 15:42:07 2019
 INPUT FILE :    waterb3lyp.in
 OUTPUT FILE:    waterb3lyp.out
 DATE FILE  :    waterb3lyp.dat
 BASIS SET PATH: /users/PCS0202/bgs0374/bin/quick/ifort18/basis

 ! WARNING: NODE=1, TURN OFF MPI


 Madu: main.f90 ifdef test

 @ Read Job And Atom

  -------------------------------------
KEYWORD=B3LYP BASIS=CC-PVDZ CUTOFF=1.0D-10 ENERGY DENSERMS=1.0D-8                                                                                                                                               
  -------------------------------------
 ============== JOB CARD =============
| METHOD = DENSTITY FUNCTIONAL THEORY
| DENSITY FUNCTIONAL = B3LYP
| DIRECT SCF 
| SAD INITAL GUESS 
| USE DIIS SCF
| PRINT ENERGY EVERY CYCLE
| STANDARD GRID = SG1
| MAX SCF CYCLES =    200
| MAX DIIS CYCLES =   10
| DELTA DENSITY START CYCLE = 1000
| COMPUATIONAL CUTOFF: 
|      TWO-e INTEGRAL   =  0.100E-09
|      BASIS SET PRIME  =  0.100E-19
|      MATRIX ELEMENTS  =  0.100E-09
|      BASIS FUNCTION   =  0.100E-09
| DENSITY MATRIX MAXIMUM RMS FOR CONVERGENCE  =  0.100E-07
| BASIS SET = CC-PVDZ
| BASIS FILE = /users/PCS0202/bgs0374/bin/quick/ifort18/basis/CC-PVDZ

 @ Finish reading job


 @ Begin SAD initial guess

 For Atom Kind =    1
 ELEMENT = O 
BASIS FUNCTIONS =   15

 @ Begin Energy Calculation

TOL:    0.000000000100000

SCF CYCLE      =        1      TIME      =     0.11
RMS CHANGE     = 0.110171E+00  MAX CHANGE= 0.803130E+00

SCF CYCLE      =        2      TIME      =     0.06
RMS CHANGE     = 0.599886E-01  MAX CHANGE= 0.385717E+00

SCF CYCLE      =        3      TIME      =   0.06
DIIS CYCLE     =        1      MAX ERROR = 0.250294E-01
RMS CHANGE     = 0.456696E-02  MAX CHANGE= 0.272739E-01

SCF CYCLE      =        4      TIME      =   0.06
DIIS CYCLE     =        2      MAX ERROR = 0.801598E-02
RMS CHANGE     = 0.168608E-02  MAX CHANGE= 0.102140E-01

SCF CYCLE      =        5      TIME      =   0.06
DIIS CYCLE     =        3      MAX ERROR = 0.248714E-02
RMS CHANGE     = 0.110228E-02  MAX CHANGE= 0.655181E-02

SCF CYCLE      =        6      TIME      =   0.06
DIIS CYCLE     =        4      MAX ERROR = 0.100330E-02
RMS CHANGE     = 0.713049E-03  MAX CHANGE= 0.426037E-02

SCF CYCLE      =        7      TIME      =   0.06
DIIS CYCLE     =        5      MAX ERROR = 0.465377E-04
RMS CHANGE     = 0.187973E-04  MAX CHANGE= 0.127829E-03

SCF CYCLE      =        8      TIME      =   0.06
DIIS CYCLE     =        6      MAX ERROR = 0.521179E-05
RMS CHANGE     = 0.672715E-05  MAX CHANGE= 0.445618E-04

SCF CYCLE      =        9      TIME      =   0.06
DIIS CYCLE     =        7      MAX ERROR = 0.738383E-06
RMS CHANGE     = 0.119217E-13  MAX CHANGE= 0.839329E-13
PREPARED FOR FINAL NO INTERPOLATION ITERATION

SCF CYCLE      =       10      TIME      =     0.06
RMS CHANGE     = 0.124105E-05  MAX CHANGE= 0.745722E-05
NOT IMPROVING.  TRY MODifYING ALPHA DENSITY MATRIX.

SCF CYCLE      =       11      TIME      =     0.06
RMS CHANGE     = 0.105478E-05  MAX CHANGE= 0.738620E-05

SCF CYCLE      =       12      TIME      =   0.06
DIIS CYCLE     =        1      MAX ERROR = 0.142329E-05
RMS CHANGE     = 0.313655E-06  MAX CHANGE= 0.205754E-05

SCF CYCLE      =       13      TIME      =   0.06
DIIS CYCLE     =        2      MAX ERROR = 0.366633E-06
RMS CHANGE     = 0.231817E-13  MAX CHANGE= 0.139000E-12
PREPARED FOR FINAL NO INTERPOLATION ITERATION

SCF CYCLE      =       14      TIME      =     0.06
RMS CHANGE     = 0.131406E-06  MAX CHANGE= 0.795681E-06
NOT IMPROVING.  TRY MODifYING ALPHA DENSITY MATRIX.

SCF CYCLE      =       15      TIME      =     0.06
RMS CHANGE     = 0.119219E-06  MAX CHANGE= 0.806740E-06

SCF CYCLE      =       16      TIME      =   0.06
DIIS CYCLE     =        1      MAX ERROR = 0.358562E-06
RMS CHANGE     = 0.428025E-07  MAX CHANGE= 0.261833E-06

SCF CYCLE      =       17      TIME      =   0.06
DIIS CYCLE     =        2      MAX ERROR = 0.351924E-06
RMS CHANGE     = 0.956788E-14  MAX CHANGE= 0.734968E-13
PREPARED FOR FINAL NO INTERPOLATION ITERATION

SCF CYCLE      =       18      TIME      =     0.06
RMS CHANGE     = 0.164743E-07  MAX CHANGE= 0.892816E-07
NOT IMPROVING.  TRY MODifYING ALPHA DENSITY MATRIX.

SCF CYCLE      =       19      TIME      =     0.06
RMS CHANGE     = 0.158266E-07  MAX CHANGE= 0.101369E-06

SCF CYCLE      =       20      TIME      =   0.06
DIIS CYCLE     =        1      MAX ERROR = 0.350278E-06
RMS CHANGE     = 0.599140E-08  MAX CHANGE= 0.342073E-07
PREPARED FOR FINAL NO INTERPOLATION ITERATION

SCF CYCLE      =       21      TIME      =     0.06
RMS CHANGE     = 0.236158E-08  MAX CHANGE= 0.120093E-07
CONVERGED!!!!!
ELECTRONIC ENERGY    =     0.000000000
CORE_CORE REPULSION  =     0.000000000
TOTAL ENERGY         =     0.000000000

 @ End Energy calculation

 For Atom Kind =    2
 ELEMENT = H 
BASIS FUNCTIONS =    5

 @ Begin Energy Calculation

TOL:    0.000000000100000

SCF CYCLE      =        1      TIME      =     0.00
RMS CHANGE     = 0.114405E+00  MAX CHANGE= 0.285522E+00

SCF CYCLE      =        2      TIME      =     0.00
RMS CHANGE     = 0.277097E-01  MAX CHANGE= 0.104675E+00

SCF CYCLE      =        3      TIME      =   0.00
DIIS CYCLE     =        1      MAX ERROR = 0.201387E-01
RMS CHANGE     = 0.100224E-01  MAX CHANGE= 0.358651E-01

SCF CYCLE      =        4      TIME      =   0.00
DIIS CYCLE     =        2      MAX ERROR = 0.734371E-02
RMS CHANGE     = 0.575793E-02  MAX CHANGE= 0.213025E-01

SCF CYCLE      =        5      TIME      =   0.00
DIIS CYCLE     =        3      MAX ERROR = 0.284085E-09
RMS CHANGE     = 0.000000E+00  MAX CHANGE= 0.000000E+00
PREPARED FOR FINAL NO INTERPOLATION ITERATION

SCF CYCLE      =        6      TIME      =     0.00
RMS CHANGE     = 0.549865E-10  MAX CHANGE= 0.205614E-09
CONVERGED!!!!!
ELECTRONIC ENERGY    =     0.000000000
CORE_CORE REPULSION  =     0.000000000
TOTAL ENERGY         =     0.000000000

 @ End Energy calculation


 @ Finish SAD initial guess


 @ Begin to Read Mol Info


 =========== Molecule Input ==========
| TOTAL MOLECULAR CHARGE  =    0    MULTIPLICITY                =    1
| TOTOAL ATOM NUMBER      =    3    NUMBER OF ATOM TYPES        =    2
| NUMBER OF HYDROGEN ATOM =    2    NUMBER OF NON-HYDROGEN ATOM =    1
| NUMBER OF ELECTRONS     =   10
 
 -- INPUT GEOMETRY -- :
    O          -0.0676      -0.3153       0.0000
    H           0.8924      -0.3153       0.0000
    H          -0.3880       0.5896       0.0000
 
 -- DISTANCE MATRIX -- :
              1           2           3
      1     0.00000
      2     1.81414     0.00000
      3     1.81414     2.96300     0.00000
 
============== BASIS INFOS ==============
| BASIS FUNCTIONS =   25
| NSHELL =   12 NPRIM  =   32
| JSHELL =   12 JBASIS =   32
 

RADII OF SIGNifIGANCE FOR THE BASIS FUNCTIONS
   1           4.733400
   2           4.733400
   3           8.490000
   4           4.836000
   5           4.836000
   6           4.836000
   7           9.227400
   8           9.227400
   9           9.227400
  10           4.693900
  11           4.693900
  12           4.693900
  13           4.693900
  14           4.693900
  15           4.693900
  16           7.047000
  17          13.153900
  18           5.767700
  19           5.767700
  20           5.767700
  21           7.047000
  22          13.153900
  23           5.767700
  24           5.767700
  25           5.767700

 @ End Reading Mol Info 


 @ Begin Energy Calculation

TOL:    0.000000000100000
                                         SCF ENERGY
------------------------------------------------------------------------------------------------------------------------
NCYC       ENERGY         DELTA_E      SCF_TIME  DII_CYC   DII_TIME   O_TIME  DIAG_TIME    MAX_ERR    RMS_CHG    MAX_CHG
------------------------------------------------------------------------------------------------------------------------
  1    -76.409106487      ------         0.043     1        0.00      0.04      0.00    0.1698E+01  0.6026E-01  0.4043E+00
  2    -76.354926853  -.541796E-01       0.045     2        0.00      0.04      0.00    0.2574E+00  0.3044E-01  0.2720E+00
  3    -76.327429796  -.274971E-01       0.054     3        0.00      0.05      0.00    0.3152E+00  0.1659E-01  0.1517E+00
  4    -76.420591634  0.931618E-01       0.045     4        0.00      0.04      0.00    0.5897E-02  0.4484E-03  0.4203E-02
  5    -76.420639611  0.479769E-04       0.089     5        0.00      0.09      0.00    0.1154E-02  0.8970E-04  0.6680E-03
  6    -76.420641809  0.219818E-05       0.090     6        0.00      0.09      0.00    0.1844E-03  0.1282E-04  0.1005E-03
  7    -76.420641850  0.408549E-07       0.068     7        0.00      0.07      0.00    0.3022E-04  0.3217E-05  0.2451E-04
  8    -76.420641852  0.154286E-08       0.055     8        0.00      0.05      0.00    0.3474E-05  0.4734E-06  0.3420E-05
  9    -76.420641852  0.223448E-10       0.090     9        0.00      0.09      0.00    0.3771E-06         NaN         NaN
 10              NaN           NaN       0.043    10        0.00      0.04      0.00    0.0000E+00         NaN         NaN
 11              NaN           NaN       0.044     1        0.00      0.04      0.00    0.0000E+00         NaN         NaN
 12              NaN           NaN       0.042     2        0.00      0.04      0.00    0.0000E+00         NaN         NaN
 13              NaN           NaN       0.043     3        0.00      0.04      0.00    0.0000E+00         NaN         NaN
 14              NaN           NaN       0.044     4        0.00      0.04      0.00    0.0000E+00         NaN         NaN
 15              NaN           NaN       0.049     5        0.00      0.05      0.00    0.0000E+00         NaN         NaN
 16              NaN           NaN       0.041     6        0.00      0.04      0.00    0.0000E+00         NaN         NaN
 17              NaN           NaN       0.051     7        0.00      0.05      0.00    0.0000E+00         NaN         NaN
 18              NaN           NaN       0.048     8        0.00      0.05      0.00    0.0000E+00         NaN         NaN
 19              NaN           NaN       0.046     9        0.00      0.05      0.00    0.0000E+00         NaN         NaN
 20              NaN           NaN       0.047    10        0.00      0.05      0.00    0.0000E+00         NaN         NaN
 21              NaN           NaN       0.044     1        0.00      0.04      0.00    0.0000E+00         NaN         NaN
 22              NaN           NaN       0.033     2        0.00      0.03      0.00    0.0000E+00         NaN         NaN
 23              NaN           NaN       0.035     3        0.00      0.03      0.00    0.0000E+00         NaN         NaN
 24              NaN           NaN       0.038     4        0.00      0.04      0.00    0.0000E+00         NaN         NaN
 25              NaN           NaN       0.037     5        0.00      0.04      0.00    0.0000E+00         NaN         NaN
 26              NaN           NaN       0.037     6        0.00      0.04      0.00    0.0000E+00         NaN         NaN
 27              NaN           NaN       0.037     7        0.00      0.04      0.00    0.0000E+00         NaN         NaN
 28              NaN           NaN       0.034     8        0.00      0.03      0.00    0.0000E+00         NaN         NaN
 29              NaN           NaN       0.027     9        0.00      0.03      0.00    0.0000E+00         NaN         NaN
 30              NaN           NaN       0.024    10        0.00      0.02      0.00    0.0000E+00         NaN         NaN
 31              NaN           NaN       0.025     1        0.00      0.02      0.00    0.0000E+00         NaN         NaN
 32              NaN           NaN       0.023     2        0.00      0.02      0.00    0.0000E+00         NaN         NaN
 33              NaN           NaN       0.023     3        0.00      0.02      0.00    0.0000E+00         NaN         NaN
 34              NaN           NaN       0.036     4        0.00      0.04      0.00    0.0000E+00         NaN         NaN
 35              NaN           NaN       0.037     5        0.00      0.04      0.00    0.0000E+00         NaN         NaN
 36              NaN           NaN       0.039     6        0.00      0.04      0.00    0.0000E+00         NaN         NaN
 37              NaN           NaN       0.040     7        0.00      0.04      0.00    0.0000E+00         NaN         NaN
 38              NaN           NaN       0.042     8        0.00      0.04      0.00    0.0000E+00         NaN         NaN
 39              NaN           NaN       0.050     9        0.00      0.05      0.00    0.0000E+00         NaN         NaN
 40              NaN           NaN       0.044    10        0.00      0.04      0.00    0.0000E+00         NaN         NaN
 41              NaN           NaN       0.041     1        0.00      0.04      0.00    0.0000E+00         NaN         NaN
 42              NaN           NaN       0.043     2        0.00      0.04      0.00    0.0000E+00         NaN         NaN
 43              NaN           NaN       0.039     3        0.00      0.04      0.00    0.0000E+00         NaN         NaN
 44              NaN           NaN       0.035     4        0.00      0.04      0.00    0.0000E+00         NaN         NaN
 45              NaN           NaN       0.034     5        0.00      0.03      0.00    0.0000E+00         NaN         NaN
 46              NaN           NaN       0.047     6        0.00      0.05      0.00    0.0000E+00         NaN         NaN
