  ******************************************************************************
 ***************************
  **             . .. ...                                                       
                          **
  **         . .?888888888+.                                                    
                          **
  **         =88888888888888~.                                                  
                          **
  **      .78888888888888887                                                    
                          **
  **     :888888O+. .. .+ZO  .                                                  
                          **
  **    ,88888? $,8.8=.                                    .  .                 
          . .             **
  **   .8888I=,8:$Z.,+7ZI=.                               Z8888:                
      ,8888:              **
  **   =888~$~7=:888888888888Z  .                         Z8888:                
      ,8888:              **
  **   I88Z~=~78888888888888888?                          Z8888:          . .   
      ,8888:              **
  **   788:7?:8888888: . I8888888 .                            ..               
      ,8888:              **
  **   =88,$.88888I         888888    ,8888:     88888    ?8888.       888888888
 I.   ,8888:   .888888.   **
  **   .88+.88888$           88888:   ,8888:     88888    ?8888.     $8888888888
 88.  ,8888: . 88888=.    **
  **    I8Z 88888..          .88888   ,8888:     88888    ?8888   ..888888I.~888
 8..  ,8888: Z88888       **
  **    .8Z 88888     .  ..   88888   ,8888:     88888    ?8888    $8888+      ~
      ,8888:88888.        **
  **     8I 88888      .=88. .88888   ,8888:     88888    ?8888    88888       .
      ,888888888?.        **
  **  ..:8..88888      888888$8888$   ,8888:     88888    ?8888    8888O        
      ,8888888888$ .      **
  **  .,7.. +88888..    8888888888.   ,8888?     88888    ?8888  ..88888        
      ,88888O88888O       **
  **    .    $888888:. . .8888888      88888....$88888    ?8888  . ,88888......8
 ~..  ,8888: .Z88888      **
  **          I8888888888888888888~    888888888888888    ?8888     O88888888888
 8O   ,8888:   88888Z .   **
  **            O88888888888888888=     88888888888888    ?8888     ..8888888888
 8$ . ,8888:  ..888888.   **
  **              .~888888Z..  O8        .8888I. 88888   .?8888 .      .=88888Z 
     .,8888:     O88888   **
  **                ..  .   . .  ...   .. .    .  .. .        ..          . .   
      .   ..     .        **
  **                                                                            
                          **
  **                                         Copyright (c) 2011                 
                          **
  **                                 Regents of the University of Florida       
                          **
  **                                        All Rights Reserved.                
                          **
  **                                                                            
                          **
  **                   This software provided pursuant to a license agreement co
 ntaining                 **
  **                   restrictions on its disclosure, duplication, and use. Thi
 s software               **
  **                   contains confidential and proprietary information, and ma
 y not be                 **
  **                   extracted or distributed, in whole or in part, for any pu
 rpose                    **
  **                   whatsoever, without the express written permission of the
  authors.                **
  **                   This notice, and the associated author list, must be atta
 ched to                  **
  **                   all copies, or extracts, of this software. Any additional
                          **
  **                   restrictions set forth in the license agreement also appl
 y to this                **
  **                   software.                                                
                          **
  ******************************************************************************
 ***************************
 
  Cite this work as:
  Manathunga, M.; Mu, D.; Miao,Y.; He, X.; Ayers,K; Brothers, E.; Götz, A.; Mer
 z,K. M. QUICK
  University of Florida, Gainesville, FL, 2019 and Michigan State University, Ea
 st Lansing, MI, 2019
 
  If you have any comments or queries, please send us an email for technical sup
 port:
  quick.merzlab@gmail.com
 
 TASK STARTS ON: Tue May 21 08:53:11 2019
 INPUT FILE :    gly12.in
 OUTPUT FILE:    gly12.out
 DATE FILE  :    gly12.dat
 BASIS SET PATH: /mnt/home/manathun/Work/QUICK/basis

 ! WARNING: NODE=1, TURN OFF MPI


 Madu: main.f90 ifdef test

 @ Read Job And Atom

  -------------------------------------
KEYWORD=B3LYP BASIS=STO-3G CUTOFF=1.0E-9 DENSERMS=1.0E-6 NCYC=3 ZMAKE ENERGY OPTIMIZE                                                                                                                           
  -------------------------------------
 ============== JOB CARD =============
| METHOD = DENSTITY FUNCTIONAL THEORY
| DENSITY FUNCTIONAL = B3LYP
| DIRECT SCF 
| SAD INITAL GUESS 
| USE DIIS SCF
| PRINT ENERGY EVERY CYCLE
| Z-MATRIX CONSTRUCTION
| STANDARD GRID = SG1
| GEOMETRY OPTIMIZATION| NUMERICAL GRADIENT
| REQUEST CRITERIA FOR GEOMETRY CONVERGENCE: 
|      MAX ALLOWED GEO CHANGE  =  0.189E+00
|      MAX GEOMETRY CHANGE     =  0.180E-02
|      GEOMETRY CHANGE RMS     =  0.120E-02
|      MAX GRADIENT CHANGE     =  0.100E-02
|      GRADIENT NORMALIZATION  =  0.300E-03
| GRADIENT CALCULATION
| MAX SCF CYCLES =    200
| MAX DIIS CYCLES =   10
| DELTA DENSITY START CYCLE =    3
| COMPUATIONAL CUTOFF: 
|      TWO-e INTEGRAL   =  0.100E-08
|      BASIS SET PRIME  =  0.100E-19
|      MATRIX ELEMENTS  =  0.100E-09
|      BASIS FUNCTION   =  0.100E-09
|      GRADIENT CUTOFF  =  0.100E-08
| DENSITY MATRIX MAXIMUM RMS FOR CONVERGENCE  =  0.100E-05
| BASIS SET = STO-3G
| BASIS FILE = /mnt/home/manathun/Work/QUICK/basis/STO-3G

 @ Finish reading job


 @ Begin SAD initial guess

 For Atom Kind =    1
 ELEMENT = O 

 ! WARNING:  ONLY ONE ATOM, TURN OFF OPTIMIZATION.

BASIS FUNCTIONS =    5

 @ Begin Energy Calculation

TOL:    0.000000000100000

SCF CYCLE      =        1      TIME      =     0.00
RMS CHANGE     = 0.238978E+00  MAX CHANGE= 0.597245E+00

SCF CYCLE      =        2      TIME      =     0.00
RMS CHANGE     = 0.343603E-10  MAX CHANGE= 0.977190E-10
CONVERGED!!!!!
ELECTRONIC ENERGY    =     0.000000000
CORE_CORE REPULSION  =     0.000000000
TOTAL ENERGY         =     0.000000000

 @ End Energy calculation

 For Atom Kind =    2
 ELEMENT = C 
BASIS FUNCTIONS =    5

 @ Begin Energy Calculation

TOL:    0.000000000100000

SCF CYCLE      =        1      TIME      =     0.00
RMS CHANGE     = 0.245482E+00  MAX CHANGE= 0.665739E+00

SCF CYCLE      =        2      TIME      =     0.00
RMS CHANGE     = 0.646334E-10  MAX CHANGE= 0.161530E-09
CONVERGED!!!!!
ELECTRONIC ENERGY    =     0.000000000
CORE_CORE REPULSION  =     0.000000000
TOTAL ENERGY         =     0.000000000

 @ End Energy calculation

 For Atom Kind =    3
 ELEMENT = N 
BASIS FUNCTIONS =    5

 @ Begin Energy Calculation

TOL:    0.000000000100000

SCF CYCLE      =        1      TIME      =     0.00
RMS CHANGE     = 0.242566E+00  MAX CHANGE= 0.658473E+00

SCF CYCLE      =        2      TIME      =     0.00
RMS CHANGE     = 0.605072E-10  MAX CHANGE= 0.152094E-09
CONVERGED!!!!!
ELECTRONIC ENERGY    =     0.000000000
CORE_CORE REPULSION  =     0.000000000
TOTAL ENERGY         =     0.000000000

 @ End Energy calculation

 For Atom Kind =    4
 ELEMENT = H 
BASIS FUNCTIONS =    1

 @ Begin Energy Calculation

TOL:    0.000000000100000

SCF CYCLE      =        1      TIME      =     0.00
RMS CHANGE     = 0.100000E-07  MAX CHANGE= 0.100000E-07
CONVERGED!!!!!
ELECTRONIC ENERGY    =     0.000000000
CORE_CORE REPULSION  =     0.000000000
TOTAL ENERGY         =     0.000000000

 @ End Energy calculation


 @ Finish SAD initial guess


 @ Begin to Read Mol Info


 =========== Molecule Input ==========
| TOTAL MOLECULAR CHARGE  =    0    MULTIPLICITY                =    1
| TOTOAL ATOM NUMBER      =   87    NUMBER OF ATOM TYPES        =    4
| NUMBER OF HYDROGEN ATOM =   38    NUMBER OF NON-HYDROGEN ATOM =   49
| NUMBER OF ELECTRONS     =  370
 
 -- INPUT GEOMETRY -- :
    O         -21.4842      -0.3959      -0.0207
    O         -20.2759       1.4976      -0.0261
    C         -20.3305       0.2868      -0.0213
    C         -19.1460      -0.6252      -0.0153
    N         -17.9409       0.1705      -0.0163
    C         -16.7265      -0.4017      -0.0116
    O         -16.5729      -1.6236      -0.0063
    C         -15.5451       0.5404      -0.0132
    N         -14.3337      -0.2431      -0.0078
    C         -13.1238       0.3313      -0.0079
    O         -12.9701       1.5550      -0.0126
    C         -11.9392      -0.6077      -0.0019
    N         -10.7305       0.1805      -0.0030
    C          -9.5177      -0.3863       0.0014
    O          -9.3545      -1.6089       0.0067
    C          -8.3390       0.5607      -0.0004
    N          -7.1254      -0.2201       0.0047
    C          -5.9158       0.3531       0.0042
    O          -5.7585       1.5766      -0.0006
    C          -4.7322      -0.5878       0.0098
    N          -3.5227       0.1995       0.0082
    C          -2.3100      -0.3667       0.0121
    O          -2.1453      -1.5893       0.0173
    C          -1.1318       0.5812       0.0097
    N           0.0823      -0.1990       0.0141
    C           1.2917       0.3740       0.0130
    O           1.4495       1.5976       0.0082
    C           2.4752      -0.5671       0.0179
    N           3.6849       0.2197       0.0155
    C           4.8976      -0.3468       0.0187
    O           5.0618      -1.5695       0.0240
    C           6.0758       0.6009       0.0154
    N           7.2901      -0.1788       0.0189
    C           8.4994       0.3952       0.0170
    O           8.6554       1.6190       0.0125
    C           9.6832      -0.5453       0.0208
    N          10.8931       0.2406       0.0176
    C          12.1057      -0.3279       0.0204
    C          13.2843       0.6187       0.0159
    O          12.2661      -1.5509       0.0262
    N          14.4994      -0.1583       0.0188
    C          15.7084       0.4206       0.0177
    C          16.8938      -0.5166       0.0173
    O          15.8547       1.6457       0.0159
    N          18.1044       0.2643       0.0255
    C          19.3186      -0.3139       0.0279
    C          20.5054       0.6210       0.1045
    O          19.4592      -1.5376       0.0113
    N          21.6712      -0.0332      -0.4297
    H          22.5487       0.4009      -0.2688
    H           3.5586       1.2082       0.0112
    H          -0.0387      -1.1882       0.0179
    H         -18.0508       1.1597      -0.0206
    H         -19.1933      -1.2730      -0.8812
    H         -19.1966      -1.2659       0.8557
    H         -15.5884       1.1870       0.8554
    H         -15.5852       1.1799      -0.8873
    H         -14.4536      -1.2323      -0.0040
    H         -11.9775      -1.2544      -0.8705
    H         -11.9806      -1.2471       0.8720
    H         -10.8565       1.1690      -0.0073
    H          -8.3843       1.2068       0.8683
    H          -8.3814       1.1999      -0.8744
    H          -7.2463      -1.2092       0.0085
    H          -4.7714      -1.2344      -0.8588
    H          -4.7739      -1.2270       0.8838
    H          -3.6493       1.1879       0.0039
    H          -1.1770       1.2272       0.8784
    H          -1.1750       1.2204      -0.8642
    H         -22.2701       0.1464      -0.0244
    H           2.4352      -1.2138      -0.8507
    H           2.4338      -1.2063       0.8919
    H           6.0310       1.2469       0.8842
    H           6.0317       1.2402      -0.8583
    H           7.1699      -1.1680       0.0225
    H           9.6422      -1.1920      -0.8477
    H           9.6422      -1.1849       0.8946
    H          13.2391       1.2655       0.8843
    H          13.2385       1.2582      -0.8578
    H          14.3840      -1.1477       0.0204
    H          10.7686       1.2292       0.0128
    H          16.8540      -1.1565      -0.8568
    H          16.8478      -1.1659       0.8841
    H          17.9888       1.2523       0.0068
    H          20.6058       0.9088       1.1534
    H          20.2884       1.5260      -0.4506
    H          21.6647      -1.0259      -0.3704
 
============== BASIS INFOS ==============
| BASIS FUNCTIONS =  283
| NSHELL =  136 NPRIM  =  408
| JSHELL =  136 JBASIS =  408
 

RADII OF SIGNifIGANCE FOR THE BASIS FUNCTIONS
   1           1.933300
   2           7.598400
   3           7.891400
   4           7.891400
   5           7.891400
   6           1.933300
   7           7.598400
   8           7.891400
   9           7.891400
  10           7.891400
  11           2.587200
  12           9.848200
  13          10.232900
  14          10.232900
  15          10.232900
  16           2.587200
  17           9.848200
  18          10.232900
  19          10.232900
  20          10.232900
  21           2.210600
  22           8.724400
  23           9.063200
  24           9.063200
  25           9.063200
  26           2.587200
  27           9.848200
  28          10.232900
  29          10.232900
  30          10.232900
  31           1.933300
  32           7.598400
  33           7.891400
  34           7.891400
  35           7.891400
  36           2.587200
  37           9.848200
  38          10.232900
  39          10.232900
  40          10.232900
  41           2.210600
  42           8.724400
  43           9.063200
  44           9.063200
  45           9.063200
  46           2.587200
  47           9.848200
  48          10.232900
  49          10.232900
  50          10.232900
  51           1.933300
  52           7.598400
  53           7.891400
  54           7.891400
  55           7.891400
  56           2.587200
  57           9.848200
  58          10.232900
  59          10.232900
  60          10.232900
  61           2.210600
  62           8.724400
  63           9.063200
  64           9.063200
  65           9.063200
  66           2.587200
  67           9.848200
  68          10.232900
  69          10.232900
  70          10.232900
  71           1.933300
  72           7.598400
  73           7.891400
  74           7.891400
  75           7.891400
  76           2.587200
  77           9.848200
  78          10.232900
  79          10.232900
  80          10.232900
  81           2.210600
  82           8.724400
  83           9.063200
  84           9.063200
  85           9.063200
  86           2.587200
  87           9.848200
  88          10.232900
  89          10.232900
  90          10.232900
  91           1.933300
  92           7.598400
  93           7.891400
  94           7.891400
  95           7.891400
  96           2.587200
  97           9.848200
  98          10.232900
  99          10.232900
 100          10.232900
 101           2.210600
 102           8.724400
 103           9.063200
 104           9.063200
 105           9.063200
 106           2.587200
 107           9.848200
 108          10.232900
 109          10.232900
 110          10.232900
 111           1.933300
 112           7.598400
 113           7.891400
 114           7.891400
 115           7.891400
 116           2.587200
 117           9.848200
 118          10.232900
 119          10.232900
 120          10.232900
 121           2.210600
 122           8.724400
 123           9.063200
 124           9.063200
 125           9.063200
 126           2.587200
 127           9.848200
 128          10.232900
 129          10.232900
 130          10.232900
 131           1.933300
 132           7.598400
 133           7.891400
 134           7.891400
 135           7.891400
 136           2.587200
 137           9.848200
 138          10.232900
 139          10.232900
 140          10.232900
 141           2.210600
 142           8.724400
 143           9.063200
 144           9.063200
 145           9.063200
 146           2.587200
 147           9.848200
 148          10.232900
 149          10.232900
 150          10.232900
 151           1.933300
 152           7.598400
 153           7.891400
 154           7.891400
 155           7.891400
 156           2.587200
 157           9.848200
 158          10.232900
 159          10.232900
 160          10.232900
 161           2.210600
 162           8.724400
 163           9.063200
 164           9.063200
 165           9.063200
 166           2.587200
 167           9.848200
 168          10.232900
 169          10.232900
 170          10.232900
 171           1.933300
 172           7.598400
 173           7.891400
 174           7.891400
 175           7.891400
 176           2.587200
 177           9.848200
 178          10.232900
 179          10.232900
 180          10.232900
 181           2.210600
 182           8.724400
 183           9.063200
 184           9.063200
 185           9.063200
 186           2.587200
 187           9.848200
 188          10.232900
 189          10.232900
 190          10.232900
 191           2.587200
 192           9.848200
 193          10.232900
 194          10.232900
 195          10.232900
 196           1.933300
 197           7.598400
 198           7.891400
 199           7.891400
 200           7.891400
 201           2.210600
 202           8.724400
 203           9.063200
 204           9.063200
 205           9.063200
 206           2.587200
 207           9.848200
 208          10.232900
 209          10.232900
 210          10.232900
 211           2.587200
 212           9.848200
 213          10.232900
 214          10.232900
 215          10.232900
 216           1.933300
 217           7.598400
 218           7.891400
 219           7.891400
 220           7.891400
 221           2.210600
 222           8.724400
 223           9.063200
 224           9.063200
 225           9.063200
 226           2.587200
 227           9.848200
 228          10.232900
 229          10.232900
 230          10.232900
 231           2.587200
 232           9.848200
 233          10.232900
 234          10.232900
 235          10.232900
 236           1.933300
 237           7.598400
 238           7.891400
 239           7.891400
 240           7.891400
 241           2.210600
 242           8.724400
 243           9.063200
 244           9.063200
 245           9.063200
 246          11.245300
 247          11.245300
 248          11.245300
 249          11.245300
 250          11.245300
 251          11.245300
 252          11.245300
 253          11.245300
 254          11.245300
 255          11.245300
 256          11.245300
 257          11.245300
 258          11.245300
 259          11.245300
 260          11.245300
 261          11.245300
 262          11.245300
 263          11.245300
 264          11.245300
 265          11.245300
 266          11.245300
 267          11.245300
 268          11.245300
 269          11.245300
 270          11.245300
 271          11.245300
 272          11.245300
 273          11.245300
 274          11.245300
 275          11.245300
 276          11.245300
 277          11.245300
 278          11.245300
 279          11.245300
 280          11.245300
 281          11.245300
 282          11.245300
 283          11.245300

 @ End Reading Mol Info 


 @ Begin Optimization Job


 @ Optimize for New Step

 
============  GEOMETRY FOR OPTIMIZATION STEP   1 OUT OF  783  ============
 
GEOMETRY INPUT
ELEMENT      X              Y              Z
  O         -21.484234      -0.395907      -0.020705
  O         -20.275938       1.497552      -0.026133
  C         -20.330524       0.286793      -0.021299
  C         -19.146026      -0.625189      -0.015322
  N         -17.940855       0.170480      -0.016284
  C         -16.726517      -0.401660      -0.011622
  O         -16.572876      -1.623596      -0.006302
  C         -15.545102       0.540426      -0.013236
  N         -14.333747      -0.243123      -0.007782
  C         -13.123791       0.331330      -0.007891
  O         -12.970140       1.554987      -0.012598
  C         -11.939246      -0.607699      -0.001871
  N         -10.730503       0.180541      -0.002990
  C          -9.517680      -0.386266       0.001432
  O          -9.354516      -1.608910       0.006732
  C          -8.339032       0.560706      -0.000429
  N          -7.125360      -0.220054       0.004652
  C          -5.915838       0.353084       0.004170
  O          -5.758458       1.576636      -0.000570
  C          -4.732194      -0.587812       0.009811
  N          -3.522684       0.199470       0.008175
  C          -2.309977      -0.366658       0.012076
  O          -2.145252      -1.589270       0.017341
  C          -1.131811       0.581184       0.009662
  N           0.082272      -0.199005       0.014083
  C           1.291720       0.374033       0.012963
  O           1.449480       1.597599       0.008197
  C           2.475200      -0.567148       0.017917
  N           3.684942       0.219699       0.015494
  C           4.897580      -0.346805       0.018673
  O           5.061755      -1.569484       0.023956
  C           6.075800       0.600893       0.015434
  N           7.290070      -0.178758       0.018867
  C           8.499415       0.395247       0.017008
  O           8.655434       1.619007       0.012476
  C           9.683175      -0.545326       0.020817
  N          10.893124       0.240615       0.017599
  C          12.105718      -0.327940       0.020357
  C          13.284326       0.618697       0.015911
  O          12.266129      -1.550923       0.026204
  N          14.499424      -0.158261       0.018812
  C          15.708389       0.420638       0.017665
  C          16.893781      -0.516608       0.017332
  O          15.854675       1.645670       0.015936
  N          18.104396       0.264337       0.025506
  C          19.318612      -0.313883       0.027911
  C          20.505438       0.621040       0.104547
  O          19.459223      -1.537585       0.011294
  N          21.671222      -0.033204      -0.429674
  H          22.548673       0.400919      -0.268847
  H           3.558618       1.208177       0.011176
  H          -0.038716      -1.188177       0.017912
  H         -18.050821       1.159657      -0.020566
  H         -19.193281      -1.273044      -0.881240
  H         -19.196580      -1.265946       0.855677
  H         -15.588445       1.186999       0.855410
  H         -15.585173       1.179917      -0.887264
  H         -14.453617      -1.232253      -0.003977
  H         -11.977479      -1.254354      -0.870542
  H         -11.980603      -1.247108       0.872007
  H         -10.856511       1.168993      -0.007290
  H          -8.384292       1.206845       0.868257
  H          -8.381444       1.199904      -0.874374
  H          -7.246287      -1.209211       0.008470
  H          -4.771406      -1.234361      -0.858845
  H          -4.773874      -1.226985       0.883799
  H          -3.649322       1.187925       0.003888
  H          -1.177013       1.227212       0.878415
  H          -1.175043       1.220366      -0.864237
  H         -22.270059       0.146405      -0.024423
  H           2.435224      -1.213755      -0.850665
  H           2.433831      -1.206288       0.891947
  H           6.031042       1.246929       0.884232
  H           6.031691       1.240242      -0.858326
  H           7.169940      -1.167980       0.022546
  H           9.642169      -1.191991      -0.847744
  H           9.642200      -1.184871       0.894633
  H          13.239148       1.265515       0.884251
  H          13.238462       1.258236      -0.857792
  H          14.383995      -1.147744       0.020380
  H          10.768573       1.229165       0.012846
  H          16.853990      -1.156476      -0.856810
  H          16.847807      -1.165898       0.884108
  H          17.988768       1.252340       0.006768
  H          20.605844       0.908764       1.153352
  H          20.288388       1.526037      -0.450632
  H          21.664736      -1.025948      -0.370417

 @ Begin Energy Calculation

TOL:    0.000000000100000
                                         SCF ENERGY
------------------------------------------------------------------------------------------------------------------------
NCYC       ENERGY         DELTA_E      SCF_TIME  DII_CYC   DII_TIME   O_TIME  DIAG_TIME    MAX_ERR    RMS_CHG    MAX_CHG
------------------------------------------------------------------------------------------------------------------------
  1  -2544.184559755      ------        16.211     1        0.11     16.10      0.02    0.1679E+01  0.5316E-01  0.1400E+01
  2  -2536.586202145  -.759836E+01      19.630     2        0.10     19.53      0.02    0.3493E+00  0.3291E-01  0.1216E+01
  3  -2529.450625369  -.713558E+01      19.685     3        0.10     19.58      0.02    0.7960E+00  0.2395E-01  0.8328E+00
  4  -2538.339590095  0.888896E+01      19.631     4        0.10     19.53      0.02    0.7807E-01  0.2808E-02  0.1292E+00
  5  -2538.377366171  0.377761E-01      20.062     5        0.10     19.96      0.02    0.3295E-01  0.1100E-02  0.5626E-01
  6  -2538.393840452  0.164743E-01      19.662     6        0.10     19.56      0.02    0.1312E-01  0.2528E-03  0.2180E-01
  7  -2538.394470404  0.629952E-03      19.715     7        0.11     19.61      0.02    0.6703E-02  0.8593E-04  0.7649E-02
  8  -2538.394575315  0.104911E-03      19.565     8        0.10     19.46      0.02    0.8112E-03  0.1944E-04  0.1039E-02
  9  -2538.394577414  0.209963E-05      20.019     9        0.10     19.91      0.02    0.3868E-03  0.1015E-04  0.7139E-03
 10  -2538.394578136  0.721362E-06      19.576    10        0.11     19.46      0.02    0.2010E-03  0.3648E-05  0.2601E-03
    --------------- 2E-INT CUTOFF CHANGE TO 0.1000E-08 -------------
 11  -2538.394565089  -.130470E-04      23.920     1        0.12     23.80      0.02    0.3422E-04  0.4900E-06  0.8337E-05
------------------------------------------------------------------------------------------------------------------------
 REACH CONVERGENCE AFTER  11 CYLCES
 MAX ERROR = 0.342244E-04   RMS CHANGE = 0.490000E-06   MAX CHANGE = 0.833714E-05
 -----------------------------------------------
ALPHA ELECTRON DENSITY    =  185.0003319017
BETA ELECTRON DENSITY     =  185.0003319017
ELECTRONIC ENERGY    = -7405.614024670
CORE_CORE REPULSION  =  4867.219459581
TOTAL ENERGY         = -2538.394565089

 @ End Energy calculation

 TIME of evaluation gradients of DFT1e-integral=        8.40
 TIME of evaluation gradients of DFT 2e-integral=        81.61
 TIME of evaluation numerical integral gradient of DFT=        64.12
 Cumulative time for dft gradient computation=      154.13
