 *********************************************************************************************************
 **                                                                                                     **
 **           .?888888888+.                                                                             **
 **         =88888888888888~.                                                                           **
 **      .78888888888888887                                                                             **
 **     :888888O+. .. .+ZO                                                                              **
 **    ,88888? $,8.8=.                                                                                  **
 **   .8888I=,8:$Z.,+7ZI=.                               88888                       8888:              **
 **   =888~$~7=:888888888888Z                            88888                       8888:              **
 **   I88Z~=~78888888888888888?                          88888                       8888:              **
 **   788:7?:8888888: . I8888888                                        888888       8888:              **
 **   =88,$.88888I         888888    ,8888:     88888    88888        888888888I     8888:    888888    **
 **   .88+.88888$           88888:   ,8888:     88888    88888      $888888888888    8888:   888888     **
 **    I8Z 88888             88888   ,8888:     88888    88888    .888888     8888   8888: 888888       **
 **    .8Z 88888             88888   ,8888:     88888    88888    $88888             8888:88888         **
 **     8I 88888      .=88. .88888   ,8888:     88888    88888    88888              8888888888         **
 **    :8  88888      888888$8888$   ,8888:     88888    88888    8888O              88888888888        **
 **   ,7   +88888.     8888888888.   ,8888:     88888    88888    888888             88888O888888       **
 **         $888888:.   .8888888      88888....888888    88888     888888     8888   8888:  888888      **
 **          I8888888888888888888~    888888888888888    88888     O888888888888O    8888:   888888     **
 **            O88888888888888888=     88888888888888    88888       88888888888$    8888:    888888    **
 **              .~888888Z    O8        .8888I  88888    88888         8888888       8888:     888888   **
 **                                                                                                     **
 **                                                                                                     **
 **                                         Copyright (c) 2011                                          **
 **                                 Regents of the University of Florida                                **
 **                                        All Rights Reserved.                                         **
 **                                                                                                     **
 **                   This software provided pursuant to a license agreement containing                 **
 **                   restrictions on its disclosure, duplication, and use. This software               **
 **                   contains confidential and proprietary information, and may not be                 **
 **                   extracted or distributed, in whole or in part, for any purpose                    **
 **                   whatsoever, without the express written permission of the authors.                **
 **                   This notice, and the associated author list, must be attached to                  **
 **                   all copies, or extracts, of this software. Any additional                         **
 **                   restrictions set forth in the license agreement also apply to this                **
 **                   software.                                                                         **
 *********************************************************************************************************

 Cite this work as:                                                                                       
 Manathunga, M.; Miao, Y.; Mu, D.; He, X.; Ayers,K; Brothers, E.; Götz, A.; Merz,K. M. QUICK             
 University of Florida, Gainesville, FL, 2019 and Michigan State University, East Lansing, MI, 2019       

 If you have any comments or queries, please send us an email for technical support:                      
 quick.merzlab@gmail.com                                                                                  

 TASK STARTS ON: Tue Jun  4 21:19:57 2019
 INPUT FILE :    waterpbe0.in
 OUTPUT FILE:    waterpbe0.out
 DATE FILE  :    waterpbe0.dat
 BASIS SET PATH: /users/PCS0202/bgs0374/bin/quick/ifort18/basis

 @ Read Job And Atom

  -------------------------------------
KEYWORD= LIBXC HYB_GGA_XC_PBEH BASIS=6-31G CUTOFF=1.0D-10 DENSERMS=1.0D-6 ENERGY                                                                                                                                
  -------------------------------------
 ============== JOB CARD =============
| METHOD = DENSTITY FUNCTIONAL THEORY
| USING LIBXC VERSION: 4.3.4
| FUNCTIONAL INFORMATION:
| NAME = PBEH (PBE0) FAMILY = HYBRID GGA KIND = EXCHANGE CORRELATION
| DIRECT SCF 
| SAD INITAL GUESS 
| USE DIIS SCF
| PRINT ENERGY EVERY CYCLE
| STANDARD GRID = SG1
| MAX SCF CYCLES =    200
| MAX DIIS CYCLES =   10
| DELTA DENSITY START CYCLE = 1000
| COMPUATIONAL CUTOFF: 
|      TWO-e INTEGRAL   =  0.100E-09
|      BASIS SET PRIME  =  0.100E-19
|      MATRIX ELEMENTS  =  0.100E-09
|      BASIS FUNCTION   =  0.100E-09
| DENSITY MATRIX MAXIMUM RMS FOR CONVERGENCE  =  0.100E-05
| BASIS SET = 6-31G
| BASIS FILE = /users/PCS0202/bgs0374/bin/quick/ifort18/basis/6-31G

 @ Finish reading job


 @ Begin SAD initial guess

 For Atom Kind =    1
 ELEMENT = O 
BASIS FUNCTIONS =    9

 @ Begin Energy Calculation

TOL:    0.000000000100000

SCF CYCLE      =        1      TIME      =     0.02
RMS CHANGE     = 0.150543E+00  MAX CHANGE= 0.709514E+00

SCF CYCLE      =        2      TIME      =     0.02
RMS CHANGE     = 0.813251E-01  MAX CHANGE= 0.297110E+00

SCF CYCLE      =        3      TIME      =   0.02
DIIS CYCLE     =        1      MAX ERROR = 0.237251E-01
RMS CHANGE     = 0.640345E-02  MAX CHANGE= 0.265223E-01

SCF CYCLE      =        4      TIME      =   0.02
DIIS CYCLE     =        2      MAX ERROR = 0.110463E-01
RMS CHANGE     = 0.233510E-02  MAX CHANGE= 0.117274E-01

SCF CYCLE      =        5      TIME      =   0.01
DIIS CYCLE     =        3      MAX ERROR = 0.298177E-02
RMS CHANGE     = 0.133240E-02  MAX CHANGE= 0.728669E-02

SCF CYCLE      =        6      TIME      =   0.01
DIIS CYCLE     =        4      MAX ERROR = 0.124783E-02
RMS CHANGE     = 0.986522E-03  MAX CHANGE= 0.552095E-02

SCF CYCLE      =        7      TIME      =   0.01
DIIS CYCLE     =        5      MAX ERROR = 0.368234E-04
RMS CHANGE     = 0.292852E-04  MAX CHANGE= 0.185010E-03

SCF CYCLE      =        8      TIME      =   0.01
DIIS CYCLE     =        6      MAX ERROR = 0.503962E-05
RMS CHANGE     = 0.583925E-14  MAX CHANGE= 0.163518E-13
PREPARED FOR FINAL NO INTERPOLATION ITERATION

SCF CYCLE      =        9      TIME      =     0.01
RMS CHANGE     = 0.515945E-05  MAX CHANGE= 0.302413E-04
NOT IMPROVING.  TRY MODifYING BETA DENSITY MATRIX.

SCF CYCLE      =       10      TIME      =     0.01
RMS CHANGE     = 0.428244E-05  MAX CHANGE= 0.252186E-04

SCF CYCLE      =       11      TIME      =   0.01
DIIS CYCLE     =        1      MAX ERROR = 0.434237E-05
RMS CHANGE     = 0.162326E-05  MAX CHANGE= 0.849648E-05

SCF CYCLE      =       12      TIME      =   0.01
DIIS CYCLE     =        2      MAX ERROR = 0.236693E-05
RMS CHANGE     = 0.721945E-06  MAX CHANGE= 0.421187E-05
PREPARED FOR FINAL NO INTERPOLATION ITERATION

SCF CYCLE      =       13      TIME      =     0.01
RMS CHANGE     = 0.586670E-06  MAX CHANGE= 0.336372E-05
CONVERGED!!!!!
ELECTRONIC ENERGY    =     0.000000000
CORE_CORE REPULSION  =     0.000000000
TOTAL ENERGY         =     0.000000000

 @ End Energy calculation

 For Atom Kind =    2
 ELEMENT = H 
BASIS FUNCTIONS =    2

 @ Begin Energy Calculation

TOL:    0.000000000100000

SCF CYCLE      =        1      TIME      =     0.00
RMS CHANGE     = 0.256654E+00  MAX CHANGE= 0.291569E+00

SCF CYCLE      =        2      TIME      =     0.00
RMS CHANGE     = 0.152139E-01  MAX CHANGE= 0.238378E-01

SCF CYCLE      =        3      TIME      =   0.00
DIIS CYCLE     =        1      MAX ERROR = 0.543720E-02
RMS CHANGE     = 0.492246E-02  MAX CHANGE= 0.776945E-02

SCF CYCLE      =        4      TIME      =   0.00
DIIS CYCLE     =        2      MAX ERROR = 0.175010E-02
RMS CHANGE     = 0.234112E-02  MAX CHANGE= 0.370386E-02

SCF CYCLE      =        5      TIME      =   0.00
DIIS CYCLE     =        3      MAX ERROR = 0.282663E-10
RMS CHANGE     = 0.000000E+00  MAX CHANGE= 0.000000E+00
PREPARED FOR FINAL NO INTERPOLATION ITERATION

SCF CYCLE      =        6      TIME      =     0.00
RMS CHANGE     = 0.697876E-10  MAX CHANGE= 0.110491E-09
CONVERGED!!!!!
ELECTRONIC ENERGY    =     0.000000000
CORE_CORE REPULSION  =     0.000000000
TOTAL ENERGY         =     0.000000000

 @ End Energy calculation


 @ Finish SAD initial guess


 @ Begin to Read Mol Info


 =========== Molecule Input ==========
| TOTAL MOLECULAR CHARGE  =    0    MULTIPLICITY                =    1
| TOTOAL ATOM NUMBER      =    3    NUMBER OF ATOM TYPES        =    2
| NUMBER OF HYDROGEN ATOM =    2    NUMBER OF NON-HYDROGEN ATOM =    1
| NUMBER OF ELECTRONS     =   10
 
 -- INPUT GEOMETRY -- :
    O          -0.0676      -0.3153       0.0000
    H           0.8924      -0.3153       0.0000
    H          -0.3880       0.5896       0.0000
 
 -- DISTANCE MATRIX -- :
              1           2           3
      1     0.00000
      2     1.81414     0.00000
      3     1.81414     2.96300     0.00000
 
============== BASIS INFOS ==============
| BASIS FUNCTIONS =   13
| NSHELL =    7 NPRIM  =   18
| JSHELL =    7 JBASIS =   18
 

RADII OF SIGNifIGANCE FOR THE BASIS FUNCTIONS
   1           2.034400
   2           4.731700
   3           4.909900
   4           4.909900
   5           4.909900
   6           8.965900
   7           9.314500
   8           9.314500
   9           9.314500
  10           5.909200
  11          11.497200
  12           5.909200
  13          11.497200

 @ End Reading Mol Info 


 @ Begin Energy Calculation

TOL:    0.000000000100000
                                         SCF ENERGY
------------------------------------------------------------------------------------------------------------------------
NCYC       ENERGY         DELTA_E      SCF_TIME  DII_CYC   DII_TIME   O_TIME  DIAG_TIME    MAX_ERR    RMS_CHG    MAX_CHG
------------------------------------------------------------------------------------------------------------------------
  1    -76.245913784      ------         0.016     1        0.00      0.02      0.00    0.1670E+01  0.9681E-01  0.4203E+00
  2    -76.250476524  0.456274E-02       0.016     2        0.00      0.02      0.00    0.2189E+00  0.5798E-01  0.2675E+00
  3    -76.234316565  -.161600E-01       0.016     3        0.00      0.02      0.00    0.2643E+00  0.3049E-01  0.1420E+00
  4    -76.301803036  0.674865E-01       0.016     4        0.00      0.02      0.00    0.8442E-03  0.2972E-03  0.9121E-03
  5    -76.301804968  0.193241E-05       0.016     5        0.00      0.02      0.00    0.2351E-03  0.4563E-04  0.1619E-03
  6    -76.301805038  0.691506E-07       0.016     6        0.00      0.02      0.00    0.1391E-04  0.5328E-05  0.1801E-04
  7    -76.301805038  0.467727E-09       0.036     7        0.00      0.04      0.00    0.1944E-05  0.7070E-06  0.2636E-05
------------------------------------------------------------------------------------------------------------------------
 REACH CONVERGENCE AFTER   7 CYLCES
 MAX ERROR = 0.194427E-05   RMS CHANGE = 0.706998E-06   MAX CHANGE = 0.263557E-05
 -----------------------------------------------
ALPHA ELECTRON DENSITY    =    4.9999945396
BETA ELECTRON DENSITY     =    4.9999945396
ELECTRONIC ENERGY    =   -85.458921021
CORE_CORE REPULSION  =     9.157115983
TOTAL ENERGY         =   -76.301805038

 @ End Energy calculation


 @ Output Timing Infomration

------------- TIMING ---------------
INITIAL GUESS TIME =     0.173480000( 53.64%)
TOTAL SCF TIME     =     0.132620000( 41.00%)
      TOTAL OP TIME      =     0.132228000( 40.88%)
            TOTAL 1e TIME      =     0.009462000(  2.93%)
            TOTAL 2e TIME      =     0.019151000(  5.92%)
            TOTAL Exchange TIME=     0.103360000( 31.96%)
            TOTAL ENERGY TIME  =     0.000016000(  0.00%)
      TOTAL DII TIME     =     0.000344000(  0.11%)
            TOTAL DIAG TIME    =     0.000138000(  0.04%)
TOTAL TIME         =     0.323438000
------------------------------------
 Job cpu time:  0 days  0 hours  0 minutes  0.3 seconds.

 @ Finish Output Timing Infomration

 Normal Terminatation. Task Finished on: Tue Jun  4 21:19:58 2019
