 *********************************************************************************************************
 **             . .. ...                                                                                **
 **         . .?888888888+.                                                                             **
 **         =88888888888888~.                                                                           **
 **      .78888888888888887                                                                             **
 **     :888888O+. .. .+ZO  .                                                                           **
 **    ,88888? $,8.8=.                                    .  .                          . .             **
 **   .8888I=,8:$Z.,+7ZI=.                               Z8888:                     ,8888:              **
 **   =888~$~7=:888888888888Z  .                         Z8888:                     ,8888:              **
 **   I88Z~=~78888888888888888?                          Z8888:          . .        ,8888:              **
 **   788:7?:8888888: . I8888888 .                            ..                    ,8888:              **
 **   =88,$.88888I         888888    ,8888:     88888    ?8888.       888888888I.   ,8888:   .888888.   **
 **   .88+.88888$           88888:   ,8888:     88888    ?8888.     $888888888888.  ,8888: . 88888=.    **
 **    I8Z 88888..          .88888   ,8888:     88888    ?8888   ..888888I.~8888..  ,8888: Z88888       **
 **    .8Z 88888     .  ..   88888   ,8888:     88888    ?8888    $8888+      ~     ,8888:88888.        **
 **     8I 88888      .=88. .88888   ,8888:     88888    ?8888    88888       .     ,888888888?.        **
 **  ..:8..88888      888888$8888$   ,8888:     88888    ?8888    8888O             ,8888888888$ .      **
 **  .,7.. +88888..    8888888888.   ,8888?     88888    ?8888  ..88888             ,88888O88888O       **
 **    .    $888888:. . .8888888      88888....$88888    ?8888  . ,88888......8~..  ,8888: .Z88888      **
 **          I8888888888888888888~    888888888888888    ?8888     O888888888888O   ,8888:   88888Z .   **
 **            O88888888888888888=     88888888888888    ?8888     ..88888888888$ . ,8888:  ..888888.   **
 **              .~888888Z..  O8        .8888I. 88888   .?8888 .      .=88888Z     .,8888:     O88888   **
 **                ..  .   . .  ...   .. .    .  .. .        ..          . .        .   ..     .        **
 **                                                                                                     **
 **                                         Copyright (c) 2011                                          **
 **                                 Regents of the University of Florida                                **
 **                                        All Rights Reserved.                                         **
 **                                                                                                     **
 **                   This software provided pursuant to a license agreement containing                 **
 **                   restrictions on its disclosure, duplication, and use. This software               **
 **                   contains confidential and proprietary information, and may not be                 **
 **                   extracted or distributed, in whole or in part, for any purpose                    **
 **                   whatsoever, without the express written permission of the authors.                **
 **                   This notice, and the associated author list, must be attached to                  **
 **                   all copies, or extracts, of this software. Any additional                         **
 **                   restrictions set forth in the license agreement also apply to this                **
 **                   software.                                                                         **
 *********************************************************************************************************

 Cite this work as:                                                                                       
 Manathunga, M.; Miao, Y.; Mu, D.; He, X.; Ayers,K; Brothers, E.; Götz, A.; Merz,K. M. QUICK             
 University of Florida, Gainesville, FL, 2019 and Michigan State University, East Lansing, MI, 2019       

 If you have any comments or queries, please send us an email for technical support:                      
 quick.merzlab@gmail.com                                                                                  

 TASK STARTS ON: Sun Jun  2 20:04:50 2019
 INPUT FILE :    waterb3lypopt.in
 OUTPUT FILE:    waterb3lypopt.out
 DATE FILE  :    waterb3lypopt.dat
 BASIS SET PATH: /users/PCS0202/bgs0374/bin/quick/ifort18/basis

 ! WARNING: NODE=1, TURN OFF MPI


 @ Read Job And Atom

  -------------------------------------
KEYWORD=LIBXC HYB_GGA_XC_B3LYP BASIS=6-31G CUTOFF=1.0D-10 DENSERMS=1.0D-6 OPTIMIZE                                                                                                                              
  -------------------------------------
 ============== JOB CARD =============
| METHOD = DENSTITY FUNCTIONAL THEORY
| USING LIBXC VERSION: 4.3.4
| FUNCTIONAL INFORMATION:
| NAME = B3LYP FAMILY = HYBRID GGA KIND = EXCHANGE CORRELATION
| DIRECT SCF 
| SAD INITAL GUESS 
| USE DIIS SCF
| PRINT ENERGY EVERY CYCLE
| STANDARD GRID = SG1
| GEOMETRY OPTIMIZATION| NUMERICAL GRADIENT
| REQUEST CRITERIA FOR GEOMETRY CONVERGENCE: 
|      MAX ALLOWED GEO CHANGE  =  0.189E+00
|      MAX GEOMETRY CHANGE     =  0.180E-02
|      GEOMETRY CHANGE RMS     =  0.120E-02
|      MAX GRADIENT CHANGE     =  0.100E-02
|      GRADIENT NORMALIZATION  =  0.300E-03
| GRADIENT CALCULATION
| MAX SCF CYCLES =    200
| MAX DIIS CYCLES =   10
| DELTA DENSITY START CYCLE = 1000
| COMPUATIONAL CUTOFF: 
|      TWO-e INTEGRAL   =  0.100E-09
|      BASIS SET PRIME  =  0.100E-19
|      MATRIX ELEMENTS  =  0.100E-09
|      BASIS FUNCTION   =  0.100E-09
|      GRADIENT CUTOFF  =  0.100E-09
| DENSITY MATRIX MAXIMUM RMS FOR CONVERGENCE  =  0.100E-05
| BASIS SET = 6-31G
| BASIS FILE = /users/PCS0202/bgs0374/bin/quick/ifort18/basis/6-31G

 @ Finish reading job


 @ Begin SAD initial guess

 For Atom Kind =    1
 ELEMENT = O 

 ! WARNING:  ONLY ONE ATOM, TURN OFF OPTIMIZATION.

BASIS FUNCTIONS =    9

 @ Begin Energy Calculation

TOL:    0.000000000100000

SCF CYCLE      =        1      TIME      =     0.02
RMS CHANGE     = 0.150543E+00  MAX CHANGE= 0.709514E+00

SCF CYCLE      =        2      TIME      =     0.02
RMS CHANGE     = 0.813251E-01  MAX CHANGE= 0.297110E+00

SCF CYCLE      =        3      TIME      =   0.02
DIIS CYCLE     =        1      MAX ERROR = 0.237251E-01
RMS CHANGE     = 0.640345E-02  MAX CHANGE= 0.265223E-01

SCF CYCLE      =        4      TIME      =   0.02
DIIS CYCLE     =        2      MAX ERROR = 0.110463E-01
RMS CHANGE     = 0.233510E-02  MAX CHANGE= 0.117274E-01

SCF CYCLE      =        5      TIME      =   0.01
DIIS CYCLE     =        3      MAX ERROR = 0.298177E-02
RMS CHANGE     = 0.133240E-02  MAX CHANGE= 0.728669E-02

SCF CYCLE      =        6      TIME      =   0.01
DIIS CYCLE     =        4      MAX ERROR = 0.124783E-02
RMS CHANGE     = 0.986522E-03  MAX CHANGE= 0.552095E-02

SCF CYCLE      =        7      TIME      =   0.01
DIIS CYCLE     =        5      MAX ERROR = 0.368234E-04
RMS CHANGE     = 0.292852E-04  MAX CHANGE= 0.185010E-03

SCF CYCLE      =        8      TIME      =   0.02
DIIS CYCLE     =        6      MAX ERROR = 0.503962E-05
RMS CHANGE     = 0.583925E-14  MAX CHANGE= 0.163518E-13
PREPARED FOR FINAL NO INTERPOLATION ITERATION

SCF CYCLE      =        9      TIME      =     0.02
RMS CHANGE     = 0.515945E-05  MAX CHANGE= 0.302413E-04
NOT IMPROVING.  TRY MODifYING BETA DENSITY MATRIX.

SCF CYCLE      =       10      TIME      =     0.02
RMS CHANGE     = 0.428244E-05  MAX CHANGE= 0.252186E-04

SCF CYCLE      =       11      TIME      =   0.02
DIIS CYCLE     =        1      MAX ERROR = 0.434237E-05
RMS CHANGE     = 0.162326E-05  MAX CHANGE= 0.849648E-05

SCF CYCLE      =       12      TIME      =   0.01
DIIS CYCLE     =        2      MAX ERROR = 0.236693E-05
RMS CHANGE     = 0.721945E-06  MAX CHANGE= 0.421187E-05
PREPARED FOR FINAL NO INTERPOLATION ITERATION

SCF CYCLE      =       13      TIME      =     0.01
RMS CHANGE     = 0.586670E-06  MAX CHANGE= 0.336372E-05
CONVERGED!!!!!
ELECTRONIC ENERGY    =     0.000000000
CORE_CORE REPULSION  =     0.000000000
TOTAL ENERGY         =     0.000000000

 @ End Energy calculation

 For Atom Kind =    2
 ELEMENT = H 
BASIS FUNCTIONS =    2

 @ Begin Energy Calculation

TOL:    0.000000000100000

SCF CYCLE      =        1      TIME      =     0.00
RMS CHANGE     = 0.256654E+00  MAX CHANGE= 0.291569E+00

SCF CYCLE      =        2      TIME      =     0.00
RMS CHANGE     = 0.152139E-01  MAX CHANGE= 0.238378E-01

SCF CYCLE      =        3      TIME      =   0.00
DIIS CYCLE     =        1      MAX ERROR = 0.543720E-02
RMS CHANGE     = 0.492246E-02  MAX CHANGE= 0.776945E-02

SCF CYCLE      =        4      TIME      =   0.00
DIIS CYCLE     =        2      MAX ERROR = 0.175010E-02
RMS CHANGE     = 0.234112E-02  MAX CHANGE= 0.370386E-02

SCF CYCLE      =        5      TIME      =   0.00
DIIS CYCLE     =        3      MAX ERROR = 0.282663E-10
RMS CHANGE     = 0.000000E+00  MAX CHANGE= 0.000000E+00
PREPARED FOR FINAL NO INTERPOLATION ITERATION

SCF CYCLE      =        6      TIME      =     0.00
RMS CHANGE     = 0.697876E-10  MAX CHANGE= 0.110491E-09
CONVERGED!!!!!
ELECTRONIC ENERGY    =     0.000000000
CORE_CORE REPULSION  =     0.000000000
TOTAL ENERGY         =     0.000000000

 @ End Energy calculation


 @ Finish SAD initial guess


 @ Begin to Read Mol Info


 =========== Molecule Input ==========
| TOTAL MOLECULAR CHARGE  =    0    MULTIPLICITY                =    1
| TOTOAL ATOM NUMBER      =    3    NUMBER OF ATOM TYPES        =    2
| NUMBER OF HYDROGEN ATOM =    2    NUMBER OF NON-HYDROGEN ATOM =    1
| NUMBER OF ELECTRONS     =   10
 
 -- INPUT GEOMETRY -- :
    O          -0.0676      -0.3153       0.0000
    H           0.8924      -0.3153       0.0000
    H          -0.3880       0.5896       0.0000
 
 -- DISTANCE MATRIX -- :
              1           2           3
      1     0.00000
      2     1.81414     0.00000
      3     1.81414     2.96300     0.00000
 
============== BASIS INFOS ==============
| BASIS FUNCTIONS =   13
| NSHELL =    7 NPRIM  =   18
| JSHELL =    7 JBASIS =   18
 

RADII OF SIGNifIGANCE FOR THE BASIS FUNCTIONS
   1           2.034400
   2           4.731700
   3           4.909900
   4           4.909900
   5           4.909900
   6           8.965900
   7           9.314500
   8           9.314500
   9           9.314500
  10           5.909200
  11          11.497200
  12           5.909200
  13          11.497200

 @ End Reading Mol Info 


 @ Begin Optimization Job


 @ Optimize for New Step

 
============  GEOMETRY FOR OPTIMIZATION STEP   1 OUT OF   27  ============
 
GEOMETRY INPUT
ELEMENT      X              Y              Z
  O          -0.067568      -0.315315       0.000000
  H           0.892433      -0.315315       0.000000
  H          -0.388022       0.589621       0.000000

 @ Begin Energy Calculation

TOL:    0.000000000100000
                                         SCF ENERGY
------------------------------------------------------------------------------------------------------------------------
NCYC       ENERGY         DELTA_E      SCF_TIME  DII_CYC   DII_TIME   O_TIME  DIAG_TIME    MAX_ERR    RMS_CHG    MAX_CHG
------------------------------------------------------------------------------------------------------------------------
  1    -76.335744676      ------         0.025     1        0.00      0.03      0.00    0.1669E+01  0.9767E-01  0.4212E+00
  2    -76.325089379  -.106553E-01       0.037     2        0.00      0.04      0.00    0.2384E+00  0.6696E-01  0.3104E+00
  3    -76.294223067  -.308663E-01       0.037     3        0.00      0.04      0.00    0.3105E+00  0.3651E-01  0.1766E+00
  4    -76.385683843  0.914608E-01       0.035     4        0.00      0.04      0.00    0.7709E-03  0.3599E-03  0.1553E-02
  5    -76.385686691  0.284779E-05       0.035     5        0.00      0.04      0.00    0.3412E-03  0.4355E-04  0.2024E-03
  6    -76.385686806  0.115119E-06       0.039     6        0.00      0.04      0.00    0.1815E-04  0.4248E-05  0.1561E-04
    --------------- 2E-INT CUTOFF CHANGE TO 0.1000E-08 -------------
  7    -76.385686792  -.142238E-07       0.033     7        0.00      0.03      0.00    0.1903E-05  0.4084E-06  0.1413E-05
------------------------------------------------------------------------------------------------------------------------
 REACH CONVERGENCE AFTER   7 CYLCES
 MAX ERROR = 0.190287E-05   RMS CHANGE = 0.408408E-06   MAX CHANGE = 0.141307E-05
 -----------------------------------------------
ALPHA ELECTRON DENSITY    =    4.9999946221
BETA ELECTRON DENSITY     =    4.9999946221
ELECTRONIC ENERGY    =   -85.542802775
CORE_CORE REPULSION  =     9.157115983
TOTAL ENERGY         =   -76.385686792

 @ End Energy calculation

 TIME of evaluation gradients of DFT1e-integral=        0.01
 TIME of evaluation gradients of DFT 2e-integral=         0.02
 TIME of evaluation numerical integral gradient of DFT=         0.04
 Cumulative time for dft gradient computation=        0.07

 ANALYTICAL GRADIENT: 
----------------------------------------------------------------------------
 VARIBLES    OLD_X            OLD_GRAD        NEW_GRAD          NEW_X
----------------------------------------------------------------------------
    1X    -0.0675675652     0.0000000000     0.0097420200    -0.1675675652
    1Y    -0.3153153341     0.0000000000     0.0140256881    -0.4153153341
    1Z     0.0000000000     0.0000000000    -0.0000000215     0.0000004326
    2X     0.8924325081     0.0000000000    -0.0140638708     0.9924325081
    2Y    -0.3153153341     0.0000000000    -0.0004533115    -0.3061956137
    2Z     0.0000000000     0.0000000000     0.0000000108    -0.0000002179
    3X    -0.3880221796     0.0000000000     0.0043463415    -0.4754618760
    3Y     0.5896205650     0.0000000000    -0.0135413299     0.6896205650
    3Z     0.0000000000     0.0000000000     0.0000000107    -0.0000002149
----------------------------------------------------------------------------
 OPTIMZATION STATISTICS:
 MAXIMUM GRADIENT ELEMENT=    0.1406387080E-01(REQUEST=    0.1000000000E-02)

 @ Finish Optimization for This Step


 @ Optimize for New Step

 
============  GEOMETRY FOR OPTIMIZATION STEP   2 OUT OF   27  ============
 
GEOMETRY INPUT
ELEMENT      X              Y              Z
  O          -0.167568      -0.415315       0.000000
  H           0.992433      -0.306196      -0.000000
  H          -0.475462       0.689621      -0.000000

 @ Begin Energy Calculation

TOL:    0.000000000100000
                                         SCF ENERGY
------------------------------------------------------------------------------------------------------------------------
NCYC       ENERGY         DELTA_E      SCF_TIME  DII_CYC   DII_TIME   O_TIME  DIAG_TIME    MAX_ERR    RMS_CHG    MAX_CHG
------------------------------------------------------------------------------------------------------------------------
  1    -76.158121025      ------         0.024     1        0.00      0.02      0.00    0.1112E+01  0.9094E-01  0.3878E+00
  2    -76.292059945  0.133939E+00       0.031     2        0.00      0.03      0.00    0.2403E+00  0.7684E-01  0.3615E+00
  3    -76.213111468  -.789485E-01       0.032     3        0.00      0.03      0.00    0.3597E+00  0.4570E-01  0.2298E+00
  4    -76.350530167  0.137419E+00       0.036     4        0.00      0.04      0.00    0.3944E-02  0.6375E-03  0.4316E-02
  5    -76.350549225  0.190580E-04       0.036     5        0.00      0.04      0.00    0.6875E-03  0.8861E-04  0.3838E-03
  6    -76.350549710  0.485525E-06       0.034     6        0.00      0.03      0.00    0.7415E-04  0.1462E-04  0.4938E-04
  7    -76.350549715  0.528293E-08       0.037     7        0.00      0.04      0.00    0.1185E-04  0.2211E-05  0.6256E-05
    --------------- 2E-INT CUTOFF CHANGE TO 0.1000E-08 -------------
  8    -76.350549652  -.638146E-07       0.029     8        0.00      0.03      0.00    0.3207E-05  0.4984E-06  0.1743E-05
------------------------------------------------------------------------------------------------------------------------
 REACH CONVERGENCE AFTER   8 CYLCES
 MAX ERROR = 0.320702E-05   RMS CHANGE = 0.498368E-06   MAX CHANGE = 0.174339E-05
 -----------------------------------------------
ALPHA ELECTRON DENSITY    =    4.9999775390
BETA ELECTRON DENSITY     =    4.9999775390
ELECTRONIC ENERGY    =   -83.973095474
CORE_CORE REPULSION  =     7.622545822
TOTAL ENERGY         =   -76.350549652

 @ End Energy calculation

 TIME of evaluation gradients of DFT1e-integral=        0.00
 TIME of evaluation gradients of DFT 2e-integral=         0.01
 TIME of evaluation numerical integral gradient of DFT=         0.03
 Cumulative time for dft gradient computation=        0.12

 ANALYTICAL GRADIENT: 
----------------------------------------------------------------------------
 VARIBLES    OLD_X            OLD_GRAD        NEW_GRAD          NEW_X
----------------------------------------------------------------------------
    1X    -0.1675675652     0.0097420200    -0.0650314481    -0.1266297993
    1Y    -0.4153153341     0.0140256881    -0.0881590594    -0.4003478509
    1Z     0.0000004326    -0.0000000215     0.0000000675     0.0000001304
    2X     0.9924325081    -0.0140638708     0.0872894430     0.9776965123
    2Y    -0.3061956137    -0.0004533115     0.0082012643    -0.3125670755
    2Z    -0.0000002179     0.0000000108    -0.0000000321    -0.0000000657
    3X    -0.4754618760     0.0043463415    -0.0222752649    -0.4143724275
    3Y     0.6896205650    -0.0135413299     0.0799835747     0.6717165989
    3Z    -0.0000002149     0.0000000107    -0.0000000357    -0.0000000648
----------------------------------------------------------------------------
 OPTIMZATION STATISTICS:
 ENERGY CHANGE           =    0.3513714048E-01 (REQUEST= 0.10000E-05)
 MAXIMUM GEOMETRY CHANGE =    0.6108944853E-01 (REQUEST= 0.18000E-02)
 GEOMETRY CHANGE RMS     =    0.2626815574E-01 (REQUEST= 0.12000E-02)
 GRADIENT NORM           =    0.5434598650E-01 (REQUEST= 0.30000E-03)

 @ Finish Optimization for This Step


 @ Optimize for New Step

 
============  GEOMETRY FOR OPTIMIZATION STEP   3 OUT OF   27  ============
 
GEOMETRY INPUT
ELEMENT      X              Y              Z
  O          -0.126630      -0.400348       0.000000
  H           0.977697      -0.312567      -0.000000
  H          -0.414372       0.671717      -0.000000

 @ Begin Energy Calculation

TOL:    0.000000000100000
                                         SCF ENERGY
------------------------------------------------------------------------------------------------------------------------
NCYC       ENERGY         DELTA_E      SCF_TIME  DII_CYC   DII_TIME   O_TIME  DIAG_TIME    MAX_ERR    RMS_CHG    MAX_CHG
------------------------------------------------------------------------------------------------------------------------
  1    -76.199167729      ------         0.017     1        0.00      0.02      0.00    0.1227E+01  0.9206E-01  0.3958E+00
  2    -76.307254008  0.108086E+00       0.017     2        0.00      0.02      0.00    0.2365E+00  0.7481E-01  0.3642E+00
  3    -76.241711043  -.655430E-01       0.017     3        0.00      0.02      0.00    0.3382E+00  0.4370E-01  0.2260E+00
  4    -76.364715650  0.123005E+00       0.038     4        0.00      0.04      0.00    0.3130E-02  0.5654E-03  0.3838E-02
