 *********************************************************************************************************
 **             . .. ...                                                                                **
 **         . .?888888888+.                                                                             **
 **         =88888888888888~.                                                                           **
 **      .78888888888888887                                                                             **
 **     :888888O+. .. .+ZO  .                                                                           **
 **    ,88888? $,8.8=.                                    .  .                          . .             **
 **   .8888I=,8:$Z.,+7ZI=.                               Z8888:                     ,8888:              **
 **   =888~$~7=:888888888888Z  .                         Z8888:                     ,8888:              **
 **   I88Z~=~78888888888888888?                          Z8888:          . .        ,8888:              **
 **   788:7?:8888888: . I8888888 .                            ..                    ,8888:              **
 **   =88,$.88888I         888888    ,8888:     88888    ?8888.       888888888I.   ,8888:   .888888.   **
 **   .88+.88888$           88888:   ,8888:     88888    ?8888.     $888888888888.  ,8888: . 88888=.    **
 **    I8Z 88888..          .88888   ,8888:     88888    ?8888   ..888888I.~8888..  ,8888: Z88888       **
 **    .8Z 88888     .  ..   88888   ,8888:     88888    ?8888    $8888+      ~     ,8888:88888.        **
 **     8I 88888      .=88. .88888   ,8888:     88888    ?8888    88888       .     ,888888888?.        **
 **  ..:8..88888      888888$8888$   ,8888:     88888    ?8888    8888O             ,8888888888$ .      **
 **  .,7.. +88888..    8888888888.   ,8888?     88888    ?8888  ..88888             ,88888O88888O       **
 **    .    $888888:. . .8888888      88888....$88888    ?8888  . ,88888......8~..  ,8888: .Z88888      **
 **          I8888888888888888888~    888888888888888    ?8888     O888888888888O   ,8888:   88888Z .   **
 **            O88888888888888888=     88888888888888    ?8888     ..88888888888$ . ,8888:  ..888888.   **
 **              .~888888Z..  O8        .8888I. 88888   .?8888 .      .=88888Z     .,8888:     O88888   **
 **                ..  .   . .  ...   .. .    .  .. .        ..          . .        .   ..     .        **
 **                                                                                                     **
 **                                         Copyright (c) 2011                                          **
 **                                 Regents of the University of Florida                                **
 **                                        All Rights Reserved.                                         **
 **                                                                                                     **
 **                   This software provided pursuant to a license agreement containing                 **
 **                   restrictions on its disclosure, duplication, and use. This software               **
 **                   contains confidential and proprietary information, and may not be                 **
 **                   extracted or distributed, in whole or in part, for any purpose                    **
 **                   whatsoever, without the express written permission of the authors.                **
 **                   This notice, and the associated author list, must be attached to                  **
 **                   all copies, or extracts, of this software. Any additional                         **
 **                   restrictions set forth in the license agreement also apply to this                **
 **                   software.                                                                         **
 *********************************************************************************************************

 Cite this work as:                                                                                       
 Manathunga, M.; Miao, Y.; Mu, D.; He, X.; Ayers,K; Brothers, E.; Götz, A.; Merz,K. M. QUICK             
 University of Florida, Gainesville, FL, 2019 and Michigan State University, East Lansing, MI, 2019       

 If you have any comments or queries, please send us an email for technical support:                      
 quick.merzlab@gmail.com                                                                                  

 TASK STARTS ON: Mon Jun  3 12:36:21 2019
 INPUT FILE :    waterpbe0opt.in
 OUTPUT FILE:    waterpbe0opt.out
 DATE FILE  :    waterpbe0opt.dat
 BASIS SET PATH: /users/PCS0202/bgs0374/bin/quick/ifort18/basis

 ! WARNING: NODE=1, TURN OFF MPI


 @ Read Job And Atom

  -------------------------------------
KEYWORD= LIBXC HYB_GGA_XC_PBEH BASIS=6-31G CUTOFF=1.0D-10 DENSERMS=1.0D-6 OPTIMIZE                                                                                                                              
  -------------------------------------
 ============== JOB CARD =============
| METHOD = DENSTITY FUNCTIONAL THEORY
| USING LIBXC VERSION: 4.3.4
| FUNCTIONAL INFORMATION:
| NAME = PBEH (PBE0) FAMILY = HYBRID GGA KIND = EXCHANGE CORRELATION
| DIRECT SCF 
| SAD INITAL GUESS 
| USE DIIS SCF
| PRINT ENERGY EVERY CYCLE
| STANDARD GRID = SG1
| GEOMETRY OPTIMIZATION| NUMERICAL GRADIENT
| REQUEST CRITERIA FOR GEOMETRY CONVERGENCE: 
|      MAX ALLOWED GEO CHANGE  =  0.189E+00
|      MAX GEOMETRY CHANGE     =  0.180E-02
|      GEOMETRY CHANGE RMS     =  0.120E-02
|      MAX GRADIENT CHANGE     =  0.100E-02
|      GRADIENT NORMALIZATION  =  0.300E-03
| GRADIENT CALCULATION
| MAX SCF CYCLES =    200
| MAX DIIS CYCLES =   10
| DELTA DENSITY START CYCLE = 1000
| COMPUATIONAL CUTOFF: 
|      TWO-e INTEGRAL   =  0.100E-09
|      BASIS SET PRIME  =  0.100E-19
|      MATRIX ELEMENTS  =  0.100E-09
|      BASIS FUNCTION   =  0.100E-09
|      GRADIENT CUTOFF  =  0.100E-09
| DENSITY MATRIX MAXIMUM RMS FOR CONVERGENCE  =  0.100E-05
| BASIS SET = 6-31G
| BASIS FILE = /users/PCS0202/bgs0374/bin/quick/ifort18/basis/6-31G

 @ Finish reading job


 @ Begin SAD initial guess

 For Atom Kind =    1
 ELEMENT = O 

 ! WARNING:  ONLY ONE ATOM, TURN OFF OPTIMIZATION.

BASIS FUNCTIONS =    9

 @ Begin Energy Calculation

TOL:    0.000000000100000

SCF CYCLE      =        1      TIME      =     0.02
RMS CHANGE     = 0.150543E+00  MAX CHANGE= 0.709514E+00

SCF CYCLE      =        2      TIME      =     0.02
RMS CHANGE     = 0.813251E-01  MAX CHANGE= 0.297110E+00

SCF CYCLE      =        3      TIME      =   0.02
DIIS CYCLE     =        1      MAX ERROR = 0.237251E-01
RMS CHANGE     = 0.640345E-02  MAX CHANGE= 0.265223E-01

SCF CYCLE      =        4      TIME      =   0.02
DIIS CYCLE     =        2      MAX ERROR = 0.110463E-01
RMS CHANGE     = 0.233510E-02  MAX CHANGE= 0.117274E-01

SCF CYCLE      =        5      TIME      =   0.01
DIIS CYCLE     =        3      MAX ERROR = 0.298177E-02
RMS CHANGE     = 0.133240E-02  MAX CHANGE= 0.728669E-02

SCF CYCLE      =        6      TIME      =   0.01
DIIS CYCLE     =        4      MAX ERROR = 0.124783E-02
RMS CHANGE     = 0.986522E-03  MAX CHANGE= 0.552095E-02

SCF CYCLE      =        7      TIME      =   0.01
DIIS CYCLE     =        5      MAX ERROR = 0.368234E-04
RMS CHANGE     = 0.292852E-04  MAX CHANGE= 0.185010E-03

SCF CYCLE      =        8      TIME      =   0.01
DIIS CYCLE     =        6      MAX ERROR = 0.503962E-05
RMS CHANGE     = 0.583925E-14  MAX CHANGE= 0.163518E-13
PREPARED FOR FINAL NO INTERPOLATION ITERATION

SCF CYCLE      =        9      TIME      =     0.01
RMS CHANGE     = 0.515945E-05  MAX CHANGE= 0.302413E-04
NOT IMPROVING.  TRY MODifYING BETA DENSITY MATRIX.

SCF CYCLE      =       10      TIME      =     0.01
RMS CHANGE     = 0.428244E-05  MAX CHANGE= 0.252186E-04

SCF CYCLE      =       11      TIME      =   0.01
DIIS CYCLE     =        1      MAX ERROR = 0.434237E-05
RMS CHANGE     = 0.162326E-05  MAX CHANGE= 0.849648E-05

SCF CYCLE      =       12      TIME      =   0.01
DIIS CYCLE     =        2      MAX ERROR = 0.236693E-05
RMS CHANGE     = 0.721945E-06  MAX CHANGE= 0.421187E-05
PREPARED FOR FINAL NO INTERPOLATION ITERATION

SCF CYCLE      =       13      TIME      =     0.01
RMS CHANGE     = 0.586670E-06  MAX CHANGE= 0.336372E-05
CONVERGED!!!!!
ELECTRONIC ENERGY    =     0.000000000
CORE_CORE REPULSION  =     0.000000000
TOTAL ENERGY         =     0.000000000

 @ End Energy calculation

 For Atom Kind =    2
 ELEMENT = H 
BASIS FUNCTIONS =    2

 @ Begin Energy Calculation

TOL:    0.000000000100000

SCF CYCLE      =        1      TIME      =     0.00
RMS CHANGE     = 0.256654E+00  MAX CHANGE= 0.291569E+00

SCF CYCLE      =        2      TIME      =     0.00
RMS CHANGE     = 0.152139E-01  MAX CHANGE= 0.238378E-01

SCF CYCLE      =        3      TIME      =   0.00
DIIS CYCLE     =        1      MAX ERROR = 0.543720E-02
RMS CHANGE     = 0.492246E-02  MAX CHANGE= 0.776945E-02

SCF CYCLE      =        4      TIME      =   0.00
DIIS CYCLE     =        2      MAX ERROR = 0.175010E-02
RMS CHANGE     = 0.234112E-02  MAX CHANGE= 0.370386E-02

SCF CYCLE      =        5      TIME      =   0.00
DIIS CYCLE     =        3      MAX ERROR = 0.282663E-10
RMS CHANGE     = 0.000000E+00  MAX CHANGE= 0.000000E+00
PREPARED FOR FINAL NO INTERPOLATION ITERATION

SCF CYCLE      =        6      TIME      =     0.00
RMS CHANGE     = 0.697876E-10  MAX CHANGE= 0.110491E-09
CONVERGED!!!!!
ELECTRONIC ENERGY    =     0.000000000
CORE_CORE REPULSION  =     0.000000000
TOTAL ENERGY         =     0.000000000

 @ End Energy calculation


 @ Finish SAD initial guess


 @ Begin to Read Mol Info


 =========== Molecule Input ==========
| TOTAL MOLECULAR CHARGE  =    0    MULTIPLICITY                =    1
| TOTOAL ATOM NUMBER      =    3    NUMBER OF ATOM TYPES        =    2
| NUMBER OF HYDROGEN ATOM =    2    NUMBER OF NON-HYDROGEN ATOM =    1
| NUMBER OF ELECTRONS     =   10
 
 -- INPUT GEOMETRY -- :
    O          -0.0676      -0.3153       0.0000
    H           0.8924      -0.3153       0.0000
    H          -0.3880       0.5896       0.0000
 
 -- DISTANCE MATRIX -- :
              1           2           3
      1     0.00000
      2     1.81414     0.00000
      3     1.81414     2.96300     0.00000
 
============== BASIS INFOS ==============
| BASIS FUNCTIONS =   13
| NSHELL =    7 NPRIM  =   18
| JSHELL =    7 JBASIS =   18
 

RADII OF SIGNifIGANCE FOR THE BASIS FUNCTIONS
   1           2.034400
   2           4.731700
   3           4.909900
   4           4.909900
   5           4.909900
   6           8.965900
   7           9.314500
   8           9.314500
   9           9.314500
  10           5.909200
  11          11.497200
  12           5.909200
  13          11.497200

 @ End Reading Mol Info 


 @ Begin Optimization Job


 @ Optimize for New Step

 
============  GEOMETRY FOR OPTIMIZATION STEP   1 OUT OF   27  ============
 
GEOMETRY INPUT
ELEMENT      X              Y              Z
  O          -0.067568      -0.315315       0.000000
  H           0.892433      -0.315315       0.000000
  H          -0.388022       0.589621       0.000000

 @ Begin Energy Calculation

TOL:    0.000000000100000
                                         SCF ENERGY
------------------------------------------------------------------------------------------------------------------------
NCYC       ENERGY         DELTA_E      SCF_TIME  DII_CYC   DII_TIME   O_TIME  DIAG_TIME    MAX_ERR    RMS_CHG    MAX_CHG
------------------------------------------------------------------------------------------------------------------------
  1    -76.245913775      ------         0.016     1        0.00      0.02      0.00    0.1670E+01  0.9681E-01  0.4203E+00
  2    -76.250476532  0.456276E-02       0.016     2        0.00      0.02      0.00    0.2189E+00  0.5798E-01  0.2675E+00
  3    -76.234316580  -.161600E-01       0.016     3        0.00      0.02      0.00    0.2643E+00  0.3049E-01  0.1420E+00
  4    -76.301803048  0.674865E-01       0.016     4        0.00      0.02      0.00    0.8442E-03  0.2972E-03  0.9121E-03
  5    -76.301804981  0.193243E-05       0.016     5        0.00      0.02      0.00    0.2351E-03  0.4563E-04  0.1619E-03
  6    -76.301805050  0.691514E-07       0.016     6        0.00      0.02      0.00    0.1391E-04  0.5328E-05  0.1801E-04
    --------------- 2E-INT CUTOFF CHANGE TO 0.1000E-08 -------------
  7    -76.301805038  -.116427E-07       0.016     7        0.00      0.02      0.00    0.1943E-05  0.7060E-06  0.2636E-05
------------------------------------------------------------------------------------------------------------------------
 REACH CONVERGENCE AFTER   7 CYLCES
 MAX ERROR = 0.194343E-05   RMS CHANGE = 0.706042E-06   MAX CHANGE = 0.263576E-05
 -----------------------------------------------
ALPHA ELECTRON DENSITY    =    4.9999945396
BETA ELECTRON DENSITY     =    4.9999945396
ELECTRONIC ENERGY    =   -85.458921021
CORE_CORE REPULSION  =     9.157115983
TOTAL ENERGY         =   -76.301805038

 @ End Energy calculation

 TIME of evaluation gradients of DFT1e-integral=        0.00
 TIME of evaluation gradients of DFT 2e-integral=         0.01
 TIME of evaluation numerical integral gradient of DFT=         0.03
 Cumulative time for dft gradient computation=        0.04

 ANALYTICAL GRADIENT: 
----------------------------------------------------------------------------
 VARIBLES    OLD_X            OLD_GRAD        NEW_GRAD          NEW_X
----------------------------------------------------------------------------
    1X    -0.0675675652     0.0000000000     0.0068131422    -0.1675675652
    1Y    -0.3153153341     0.0000000000     0.0098651990    -0.4153153341
    1Z     0.0000000000     0.0000000000    -0.0000000317     0.0000008910
    2X     0.8924325081     0.0000000000    -0.0101588929     0.9924325081
    2Y    -0.3153153341     0.0000000000    -0.0000805190    -0.3130488994
    2Z     0.0000000000     0.0000000000     0.0000000159    -0.0000004481
    3X    -0.3880221796     0.0000000000     0.0034240961    -0.4844030017
    3Y     0.5896205650     0.0000000000    -0.0097346130     0.6896205650
    3Z     0.0000000000     0.0000000000     0.0000000157    -0.0000004432
----------------------------------------------------------------------------
 OPTIMZATION STATISTICS:
 MAXIMUM GRADIENT ELEMENT=    0.1015889292E-01(REQUEST=    0.1000000000E-02)

 @ Finish Optimization for This Step


 @ Optimize for New Step

 
============  GEOMETRY FOR OPTIMIZATION STEP   2 OUT OF   27  ============
 
GEOMETRY INPUT
ELEMENT      X              Y              Z
  O          -0.167568      -0.415315       0.000001
  H           0.992433      -0.313049      -0.000000
  H          -0.484403       0.689621      -0.000000

 @ Begin Energy Calculation

TOL:    0.000000000100000
                                         SCF ENERGY
------------------------------------------------------------------------------------------------------------------------
NCYC       ENERGY         DELTA_E      SCF_TIME  DII_CYC   DII_TIME   O_TIME  DIAG_TIME    MAX_ERR    RMS_CHG    MAX_CHG
------------------------------------------------------------------------------------------------------------------------
  1    -76.056520232      ------         0.016     1        0.00      0.02      0.00    0.1104E+01  0.9039E-01  0.3856E+00
  2    -76.212810805  0.156291E+00       0.016     2        0.00      0.02      0.00    0.2237E+00  0.6667E-01  0.3113E+00
  3    -76.160168096  -.526427E-01       0.031     3        0.00      0.03      0.00    0.3123E+00  0.3836E-01  0.1885E+00
  4    -76.262953960  0.102786E+00       0.024     4        0.00      0.02      0.00    0.3617E-02  0.6108E-03  0.3916E-02
  5    -76.262970481  0.165215E-04       0.018     5        0.00      0.02      0.00    0.5849E-03  0.1063E-03  0.3923E-03
  6    -76.262970883  0.402056E-06       0.016     6        0.00      0.02      0.00    0.4391E-04  0.1820E-04  0.5877E-04
  7    -76.262970888  0.485908E-08       0.016     7        0.00      0.02      0.00    0.1403E-04  0.3224E-05  0.1096E-04
    --------------- 2E-INT CUTOFF CHANGE TO 0.1000E-08 -------------
  8    -76.262970828  -.600283E-07       0.016     8        0.00      0.02      0.00    0.1630E-05  0.3218E-06  0.8873E-06
------------------------------------------------------------------------------------------------------------------------
 REACH CONVERGENCE AFTER   8 CYLCES
 MAX ERROR = 0.162961E-05   RMS CHANGE = 0.321795E-06   MAX CHANGE = 0.887316E-06
 -----------------------------------------------
ALPHA ELECTRON DENSITY    =    4.9999764144
BETA ELECTRON DENSITY     =    4.9999764144
ELECTRONIC ENERGY    =   -83.877767543
CORE_CORE REPULSION  =     7.614796715
TOTAL ENERGY         =   -76.262970828

 @ End Energy calculation

 TIME of evaluation gradients of DFT1e-integral=        0.00
 TIME of evaluation gradients of DFT 2e-integral=         0.01
 TIME of evaluation numerical integral gradient of DFT=         0.02
 Cumulative time for dft gradient computation=        0.07

 ANALYTICAL GRADIENT: 
----------------------------------------------------------------------------
 VARIBLES    OLD_X            OLD_GRAD        NEW_GRAD          NEW_X
----------------------------------------------------------------------------
    1X    -0.1675675652     0.0068131422    -0.0671363314    -0.1192643005
    1Y    -0.4153153341     0.0098651990    -0.0924047562    -0.3901704555
    1Z     0.0000008910    -0.0000000317     0.0000001807     0.0000002402
    2X     0.9924325081    -0.0101588929     0.0922848275     0.9695161190
    2Y    -0.3130488994    -0.0000805190     0.0073735835    -0.3147043721
    2Z    -0.0000004481     0.0000000159    -0.0000000881    -0.0000001208
    3X    -0.4844030017     0.0034240961    -0.0251502847    -0.4140035234
    3Y     0.6896205650    -0.0097346130     0.0850429480     0.6634848259
    3Z    -0.0000004432     0.0000000157    -0.0000000931    -0.0000001195
----------------------------------------------------------------------------
 OPTIMZATION STATISTICS:
 ENERGY CHANGE           =    0.3883421010E-01 (REQUEST= 0.10000E-05)
 MAXIMUM GEOMETRY CHANGE =    0.7039947835E-01 (REQUEST= 0.18000E-02)
 GEOMETRY CHANGE RMS     =    0.3185476625E-01 (REQUEST= 0.12000E-02)
 GRADIENT NORM           =    0.5723404669E-01 (REQUEST= 0.30000E-03)

 @ Finish Optimization for This Step


 @ Optimize for New Step

 
============  GEOMETRY FOR OPTIMIZATION STEP   3 OUT OF   27  ============
 
GEOMETRY INPUT
ELEMENT      X              Y              Z
  O          -0.119264      -0.390170       0.000000
  H           0.969516      -0.314704      -0.000000
  H          -0.414004       0.663485      -0.000000

 @ Begin Energy Calculation

TOL:    0.000000000100000
                                         SCF ENERGY
------------------------------------------------------------------------------------------------------------------------
NCYC       ENERGY         DELTA_E      SCF_TIME  DII_CYC   DII_TIME   O_TIME  DIAG_TIME    MAX_ERR    RMS_CHG    MAX_CHG
------------------------------------------------------------------------------------------------------------------------
  1    -76.116039706      ------         0.016     1        0.00      0.02      0.00    0.1267E+01  0.9189E-01  0.3974E+00
  2    -76.234014054  0.117974E+00       0.016     2        0.00      0.02      0.00    0.2194E+00  0.6387E-01  0.3109E+00
  3    -76.195265880  -.387482E-01       0.016     3        0.00      0.02      0.00    0.2864E+00  0.3578E-01  0.1809E+00
  4    -76.282897768  0.876319E-01       0.016     4        0.00      0.02      0.00    0.2246E-02  0.4806E-03  0.3029E-02
  5    -76.282905448  0.767954E-05       0.016     5        0.00      0.02      0.00    0.4251E-03  0.8231E-04  0.3209E-03
  6    -76.282905666  0.218632E-06       0.016     6        0.00      0.02      0.00    0.3343E-04  0.1292E-04  0.3858E-04
  7    -76.282905669  0.266580E-08       0.016     7        0.00      0.02      0.00    0.8160E-05  0.2098E-05  0.7070E-05
    --------------- 2E-INT CUTOFF CHANGE TO 0.1000E-08 -------------
  8    -76.282905620  -.486948E-07       0.016     8        0.00      0.02      0.00    0.3970E-06  0.0000E+00  0.0000E+00
------------------------------------------------------------------------------------------------------------------------
 REACH CONVERGENCE AFTER   8 CYLCES
 MAX ERROR = 0.397039E-06   RMS CHANGE = 0.000000E+00   MAX CHANGE = 0.000000E+00
 -----------------------------------------------
ALPHA ELECTRON DENSITY    =    4.9999909241
BETA ELECTRON DENSITY     =    4.9999909241
ELECTRONIC ENERGY    =   -84.343435431
CORE_CORE REPULSION  =     8.060529811
TOTAL ENERGY         =   -76.282905620

 @ End Energy calculation

 TIME of evaluation gradients of DFT1e-integral=        0.00
 TIME of evaluation gradients of DFT 2e-integral=         0.01
 TIME of evaluation numerical integral gradient of DFT=         0.02
 Cumulative time for dft gradient computation=        0.11

 ANALYTICAL GRADIENT: 
----------------------------------------------------------------------------
 VARIBLES    OLD_X            OLD_GRAD        NEW_GRAD          NEW_X
----------------------------------------------------------------------------
    1X    -0.1192643005    -0.0671363314              NaN    -0.0675675652
    1Y    -0.3901704555    -0.0924047562              NaN    -0.3153153341
    1Z     0.0000002402     0.0000001807              NaN     0.0000000000
    2X     0.9695161190     0.0922848275              NaN     0.8924325081
    2Y    -0.3147043721     0.0073735835              NaN    -0.3153153341
    2Z    -0.0000001208    -0.0000000881              NaN    -0.0000000000
    3X    -0.4140035234    -0.0251502847              NaN    -0.3880221796
    3Y     0.6634848259     0.0850429480              NaN     0.5896205650
    3Z    -0.0000001195    -0.0000000931              NaN    -0.0000000000
----------------------------------------------------------------------------
 OPTIMZATION STATISTICS:
 ENERGY CHANGE           =   -0.1993479213E-01 (REQUEST= 0.10000E-05)
 MAXIMUM GEOMETRY CHANGE =    0.7708361083E-01 (REQUEST= 0.18000E-02)
 GEOMETRY CHANGE RMS     =    0.4755004057E-01 (REQUEST= 0.12000E-02)
 GRADIENT NORM           =                 NaN (REQUEST= 0.30000E-03)

 @ Finish Optimization for This Step


 @ Optimize for New Step

 
============  GEOMETRY FOR OPTIMIZATION STEP   4 OUT OF   27  ============
 
GEOMETRY INPUT
ELEMENT      X              Y              Z
  O          -0.067568      -0.315315       0.000000
  H           0.892433      -0.315315      -0.000000
  H          -0.388022       0.589621      -0.000000

 @ Begin Energy Calculation

TOL:    0.000000000100000
                                         SCF ENERGY
------------------------------------------------------------------------------------------------------------------------
NCYC       ENERGY         DELTA_E      SCF_TIME  DII_CYC   DII_TIME   O_TIME  DIAG_TIME    MAX_ERR    RMS_CHG    MAX_CHG
------------------------------------------------------------------------------------------------------------------------
  1    -76.245913775      ------         0.016     1        0.00      0.02      0.00    0.1670E+01  0.9681E-01  0.4203E+00
  2    -76.250476532  0.456276E-02       0.016     2        0.00      0.02      0.00    0.2189E+00  0.5798E-01  0.2675E+00
  3    -76.234316580  -.161600E-01       0.016     3        0.00      0.02      0.00    0.2643E+00  0.3049E-01  0.1420E+00
  4    -76.301803048  0.674865E-01       0.016     4        0.00      0.02      0.00    0.8442E-03  0.2972E-03  0.9121E-03
  5    -76.301804981  0.193243E-05       0.016     5        0.00      0.02      0.00    0.2351E-03  0.4563E-04  0.1619E-03
  6    -76.301805050  0.691514E-07       0.016     6        0.00      0.02      0.00    0.1391E-04  0.5328E-05  0.1801E-04
    --------------- 2E-INT CUTOFF CHANGE TO 0.1000E-08 -------------
  7    -76.301805038  -.116427E-07       0.016     7        0.00      0.02      0.00    0.1943E-05  0.7060E-06  0.2636E-05
------------------------------------------------------------------------------------------------------------------------
 REACH CONVERGENCE AFTER   7 CYLCES
 MAX ERROR = 0.194343E-05   RMS CHANGE = 0.706042E-06   MAX CHANGE = 0.263576E-05
 -----------------------------------------------
ALPHA ELECTRON DENSITY    =    4.9999945396
BETA ELECTRON DENSITY     =    4.9999945396
ELECTRONIC ENERGY    =   -85.458921021
CORE_CORE REPULSION  =     9.157115983
TOTAL ENERGY         =   -76.301805038

 @ End Energy calculation

 TIME of evaluation gradients of DFT1e-integral=        0.00
 TIME of evaluation gradients of DFT 2e-integral=         0.01
 TIME of evaluation numerical integral gradient of DFT=         0.03
 Cumulative time for dft gradient computation=        0.15

 ANALYTICAL GRADIENT: 
----------------------------------------------------------------------------
 VARIBLES    OLD_X            OLD_GRAD        NEW_GRAD          NEW_X
----------------------------------------------------------------------------
    1X    -0.0675675652              NaN     0.0068131422    -0.0675675652
    1Y    -0.3153153341              NaN     0.0098651990    -0.3153153341
    1Z     0.0000000000              NaN    -0.0000000317     0.0000000000
    2X     0.8924325081              NaN    -0.0101588929     0.8924325081
    2Y    -0.3153153341              NaN    -0.0000805190    -0.3153153341
    2Z    -0.0000000000              NaN     0.0000000159    -0.0000000000
    3X    -0.3880221796              NaN     0.0034240961    -0.3880221796
    3Y     0.5896205650              NaN    -0.0097346130     0.5896205650
    3Z    -0.0000000000              NaN     0.0000000157    -0.0000000000
----------------------------------------------------------------------------
 OPTIMZATION STATISTICS:
 ENERGY CHANGE           =   -0.1889941797E-01 (REQUEST= 0.10000E-05)
 MAXIMUM GEOMETRY CHANGE =    0.0000000000E+00 (REQUEST= 0.18000E-02)
 GEOMETRY CHANGE RMS     =    0.0000000000E+00 (REQUEST= 0.12000E-02)
 GRADIENT NORM           =    0.6266646896E-02 (REQUEST= 0.30000E-03)

 @ Finish Optimization for This Step


 @ Optimize for New Step

 
============  GEOMETRY FOR OPTIMIZATION STEP   5 OUT OF   27  ============
 
GEOMETRY INPUT
ELEMENT      X              Y              Z
  O          -0.067568      -0.315315       0.000000
  H           0.892433      -0.315315      -0.000000
  H          -0.388022       0.589621      -0.000000

 @ Begin Energy Calculation

TOL:    0.000000000100000
                                         SCF ENERGY
------------------------------------------------------------------------------------------------------------------------
NCYC       ENERGY         DELTA_E      SCF_TIME  DII_CYC   DII_TIME   O_TIME  DIAG_TIME    MAX_ERR    RMS_CHG    MAX_CHG
------------------------------------------------------------------------------------------------------------------------
  1    -76.245913775      ------         0.017     1        0.00      0.02      0.00    0.1670E+01  0.9681E-01  0.4203E+00
  2    -76.250476532  0.456276E-02       0.033     2        0.00      0.03      0.00    0.2189E+00  0.5798E-01  0.2675E+00
  3    -76.234316580  -.161600E-01       0.025     3        0.00      0.03      0.00    0.2643E+00  0.3049E-01  0.1420E+00
  4    -76.301803048  0.674865E-01       0.018     4        0.00      0.02      0.00    0.8442E-03  0.2972E-03  0.9121E-03
  5    -76.301804981  0.193243E-05       0.016     5        0.00      0.02      0.00    0.2351E-03  0.4563E-04  0.1619E-03
  6    -76.301805050  0.691514E-07       0.016     6        0.00      0.02      0.00    0.1391E-04  0.5328E-05  0.1801E-04
    --------------- 2E-INT CUTOFF CHANGE TO 0.1000E-08 -------------
  7    -76.301805038  -.116427E-07       0.016     7        0.00      0.02      0.00    0.1943E-05  0.7060E-06  0.2636E-05
------------------------------------------------------------------------------------------------------------------------
 REACH CONVERGENCE AFTER   7 CYLCES
 MAX ERROR = 0.194343E-05   RMS CHANGE = 0.706042E-06   MAX CHANGE = 0.263576E-05
 -----------------------------------------------
ALPHA ELECTRON DENSITY    =    4.9999945396
BETA ELECTRON DENSITY     =    4.9999945396
ELECTRONIC ENERGY    =   -85.458921021
CORE_CORE REPULSION  =     9.157115983
TOTAL ENERGY         =   -76.301805038

 @ End Energy calculation

 TIME of evaluation gradients of DFT1e-integral=        0.00
 TIME of evaluation gradients of DFT 2e-integral=         0.01
 TIME of evaluation numerical integral gradient of DFT=         0.03
 Cumulative time for dft gradient computation=        0.18

 ANALYTICAL GRADIENT: 
----------------------------------------------------------------------------
 VARIBLES    OLD_X            OLD_GRAD        NEW_GRAD          NEW_X
----------------------------------------------------------------------------
    1X    -0.0675675652     0.0068131422     0.0068131422    -0.0675675652
    1Y    -0.3153153341     0.0098651990     0.0098651990    -0.3153153341
    1Z     0.0000000000    -0.0000000317    -0.0000000317     0.0000000000
    2X     0.8924325081    -0.0101588929    -0.0101588929     0.8924325081
    2Y    -0.3153153341    -0.0000805190    -0.0000805190    -0.3153153341
    2Z    -0.0000000000     0.0000000159     0.0000000159    -0.0000000000
    3X    -0.3880221796     0.0034240961     0.0034240961    -0.3880221796
    3Y     0.5896205650    -0.0097346130    -0.0097346130     0.5896205650
    3Z    -0.0000000000     0.0000000157     0.0000000157    -0.0000000000
----------------------------------------------------------------------------
 OPTIMZATION STATISTICS:
 ENERGY CHANGE           =    0.0000000000E+00 (REQUEST= 0.10000E-05)
 MAXIMUM GEOMETRY CHANGE =    0.0000000000E+00 (REQUEST= 0.18000E-02)
 GEOMETRY CHANGE RMS     =    0.0000000000E+00 (REQUEST= 0.12000E-02)
 GRADIENT NORM           =    0.6266646896E-02 (REQUEST= 0.30000E-03)

 GEOMETRY OPTIMIZED AFTER    5 CYCLES

 @ Finish Optimization for This Step

================ OPTIMIZED GEOMETRY INFORMATION ==============
 
 OPTIMIZED GEOMETRY IN CARTESIAN
 ELEMENT      X         Y         Z
  O       -0.0676   -0.3153    0.0000
  H        0.8924   -0.3153   -0.0000
  H       -0.3880    0.5896   -0.0000
 
 FORCE
 ELEMENT      X         Y         Z
  O       -0.0036   -0.0052    0.0000
  H        0.0054    0.0000   -0.0000
  H       -0.0018    0.0052   -0.0000
 
 MINIMIZED ENERGY= -76.3018050381
===============================================================

 @ Finish Optimization Job


 @ Output Timing Infomration

------------- TIMING ---------------
INITIAL GUESS TIME =     0.174283000( 16.55%)
TOTAL SCF TIME     =     0.176527000( 16.77%)
      TOTAL OP TIME      =     0.176097000( 16.73%)
            TOTAL 1e TIME      =     0.045045000(  4.28%)
            TOTAL 2e TIME      =     0.085826000(  8.15%)
            TOTAL Exchange TIME=     0.513062000( 48.73%)
            TOTAL ENERGY TIME  =     0.000059000(  0.01%)
      TOTAL DII TIME     =     0.001943000(  0.18%)
            TOTAL DIAG TIME    =     0.000774000(  0.07%)
GRADIENT TIME      =     0.184464000( 17.52%)
TOTAL TIME         =     1.052794000
------------------------------------
 Job cpu time:  0 days  0 hours  0 minutes  1.1 seconds.

 @ Finish Output Timing Infomration

 Normal Terminatation. Task Finished on: Mon Jun  3 12:36:23 2019
