 *********************************************************************************************************
 **                                                                                                     **
 **           .?888888888+.                                                                             **
 **         =88888888888888~.                                                                           **
 **      .78888888888888887                                                                             **
 **     :888888O+. .. .+ZO                                                                              **
 **    ,88888? $,8.8=.                                                                                  **
 **   .8888I=,8:$Z.,+7ZI=.                               88888                       8888:              **
 **   =888~$~7=:888888888888Z                            88888                       8888:              **
 **   I88Z~=~78888888888888888?                          88888                       8888:              **
 **   788:7?:8888888: . I8888888                                        888888       8888:              **
 **   =88,$.88888I         888888    ,8888:     88888    88888        888888888I     8888:    888888    **
 **   .88+.88888$           88888:   ,8888:     88888    88888      $888888888888    8888:   888888     **
 **    I8Z 88888             88888   ,8888:     88888    88888    .888888     8888   8888: 888888       **
 **    .8Z 88888             88888   ,8888:     88888    88888    $88888             8888:88888         **
 **     8I 88888      .=88. .88888   ,8888:     88888    88888    88888              8888888888         **
 **    :8  88888      888888$8888$   ,8888:     88888    88888    8888O              88888888888        **
 **   ,7   +88888.     8888888888.   ,8888:     88888    88888    888888             88888O888888       **
 **         $888888:.   .8888888      88888....888888    88888     888888     8888   8888:  888888      **
 **          I8888888888888888888~    888888888888888    88888     O888888888888O    8888:   888888     **
 **            O88888888888888888=     88888888888888    88888       88888888888$    8888:    888888    **
 **              .~888888Z    O8        .8888I  88888    88888         8888888       8888:     888888   **
 **                                                                                                     **
 **                                                                                                     **
 **                                         Copyright (c) 2011                                          **
 **                                 Regents of the University of Florida                                **
 **                                        All Rights Reserved.                                         **
 **                                                                                                     **
 **                   This software provided pursuant to a license agreement containing                 **
 **                   restrictions on its disclosure, duplication, and use. This software               **
 **                   contains confidential and proprietary information, and may not be                 **
 **                   extracted or distributed, in whole or in part, for any purpose                    **
 **                   whatsoever, without the express written permission of the authors.                **
 **                   This notice, and the associated author list, must be attached to                  **
 **                   all copies, or extracts, of this software. Any additional                         **
 **                   restrictions set forth in the license agreement also apply to this                **
 **                   software.                                                                         **
 *********************************************************************************************************

 Cite this work as:                                                                                       
 Manathunga, M.; Miao, Y.; Mu, D.; He, X.; Ayers,K; Brothers, E.; Götz, A.; Merz,K. M. QUICK             
 University of Florida, Gainesville, FL, 2019 and Michigan State University, East Lansing, MI, 2019       

 If you have any comments or queries, please send us an email for technical support:                      
 quick.merzlab@gmail.com                                                                                  

 TASK STARTS ON: Sun Jun 23 06:16:08 2019
 INPUT FILE :    waterhf.in
 OUTPUT FILE:    waterhf.out
 DATE FILE  :    waterhf.dat
 BASIS SET PATH: /server-home1/madu/bin/quick/ifort18/basis

 @ Read Job And Atom

  -------------------------------------
KEYWORD=HF BASIS=6-31GSS CUTOFF=1.0D-10 DENSERMS=1.0D-4 ENERGY                                                                                                                                                  
  -------------------------------------
 ============== JOB CARD =============
| METHOD = HATREE FOCK
| DIRECT SCF 
| SAD INITAL GUESS 
| USE DIIS SCF
| PRINT ENERGY EVERY CYCLE
| MAX SCF CYCLES =    200
| MAX DIIS CYCLES =   10
| DELTA DENSITY START CYCLE = 1000
| COMPUATIONAL CUTOFF: 
|      TWO-e INTEGRAL   =  0.100E-09
|      BASIS SET PRIME  =  0.100E-19
|      MATRIX ELEMENTS  =  0.100E-09
|      BASIS FUNCTION   =  0.100E-09
| DENSITY MATRIX MAXIMUM RMS FOR CONVERGENCE  =  0.100E-03
| BASIS SET = 6-31GSS
| BASIS FILE = /server-home1/madu/bin/quick/ifort18/basis/6-31GSS

 @ Finish reading job


 @ Begin SAD initial guess

 For Atom Kind =    1
 ELEMENT = O 
BASIS FUNCTIONS =   15

 @ Begin Energy Calculation

TOL:    0.000000000100000

SCF CYCLE      =        1      TIME      =     0.13
RMS CHANGE     = 0.118420E+00  MAX CHANGE= 0.838819E+00

SCF CYCLE      =        2      TIME      =     0.10
RMS CHANGE     = 0.664019E-01  MAX CHANGE= 0.387316E+00

SCF CYCLE      =        3      TIME      =   0.10
DIIS CYCLE     =        1      MAX ERROR = 0.360626E-01
RMS CHANGE     = 0.560015E-02  MAX CHANGE= 0.349127E-01

SCF CYCLE      =        4      TIME      =   0.10
DIIS CYCLE     =        2      MAX ERROR = 0.993170E-02
RMS CHANGE     = 0.202861E-02  MAX CHANGE= 0.142921E-01

SCF CYCLE      =        5      TIME      =   0.10
DIIS CYCLE     =        3      MAX ERROR = 0.471497E-02
RMS CHANGE     = 0.128176E-02  MAX CHANGE= 0.854475E-02

SCF CYCLE      =        6      TIME      =   0.09
DIIS CYCLE     =        4      MAX ERROR = 0.173561E-02
RMS CHANGE     = 0.829530E-03  MAX CHANGE= 0.492449E-02

SCF CYCLE      =        7      TIME      =   0.08
DIIS CYCLE     =        5      MAX ERROR = 0.801345E-04
RMS CHANGE     = 0.452638E-04  MAX CHANGE= 0.271115E-03
PREPARED FOR FINAL NO INTERPOLATION ITERATION

SCF CYCLE      =        8      TIME      =     0.07
RMS CHANGE     = 0.705520E-05  MAX CHANGE= 0.395245E-04
CONVERGED!!!!!
ELECTRONIC ENERGY    =     0.000000000
CORE_CORE REPULSION  =     0.000000000
TOTAL ENERGY         =     0.000000000

 @ End Energy calculation

 For Atom Kind =    2
 ELEMENT = H 
BASIS FUNCTIONS =    5

 @ Begin Energy Calculation

TOL:    0.000000000100000

SCF CYCLE      =        1      TIME      =     0.00
RMS CHANGE     = 0.124770E+00  MAX CHANGE= 0.375230E+00

SCF CYCLE      =        2      TIME      =     0.00
RMS CHANGE     = 0.225650E-01  MAX CHANGE= 0.909848E-01

SCF CYCLE      =        3      TIME      =   0.00
DIIS CYCLE     =        1      MAX ERROR = 0.192500E-01
RMS CHANGE     = 0.706671E-02  MAX CHANGE= 0.282222E-01

SCF CYCLE      =        4      TIME      =   0.00
DIIS CYCLE     =        2      MAX ERROR = 0.619788E-02
RMS CHANGE     = 0.332676E-02  MAX CHANGE= 0.132001E-01
DIIS FAILED !! RETURN TO NORMAL SCF. (NOT FATAL.)

SCF CYCLE      =        5      TIME      =     0.00
RMS CHANGE     = 0.643466E-10  MAX CHANGE= 0.254611E-09
CONVERGED!!!!!
ELECTRONIC ENERGY    =     0.000000000
CORE_CORE REPULSION  =     0.000000000
TOTAL ENERGY         =     0.000000000

 @ End Energy calculation


 @ Finish SAD initial guess


 @ Begin to Read Mol Info


 =========== Molecule Input ==========
| TOTAL MOLECULAR CHARGE  =    0    MULTIPLICITY                =    1
| TOTOAL ATOM NUMBER      =    3    NUMBER OF ATOM TYPES        =    2
| NUMBER OF HYDROGEN ATOM =    2    NUMBER OF NON-HYDROGEN ATOM =    1
| NUMBER OF ELECTRONS     =   10

 -- INPUT GEOMETRY -- :
    O          -0.0676      -0.3153       0.0000
    H           0.8924      -0.3153       0.0000
    H          -0.3880       0.5896       0.0000

 -- DISTANCE MATRIX -- :
              1           2           3
      1     0.00000
      2     1.81414     0.00000
      3     1.81414     2.96300     0.00000

============== BASIS INFOS ==============
| BASIS FUNCTIONS =   25
| NSHELL =   10 NPRIM  =   21
| JSHELL =   10 JBASIS =   21


 @ End Reading Mol Info 


 @ Begin Energy Calculation

TOL:    0.000000000100000
                                         SCF ENERGY
------------------------------------------------------------------------------------------------------------------------
NCYC       ENERGY         DELTA_E      SCF_TIME  DII_CYC   DII_TIME   O_TIME  DIAG_TIME    MAX_ERR    RMS_CHG    MAX_CHG
------------------------------------------------------------------------------------------------------------------------
  1    -69.529067929      ------         0.011     1        0.00      0.01      0.00    0.1731E+01  0.7632E-01  0.5515E+00
  2    -69.469156874  -.599111E-01       0.026     2        0.00      0.03      0.00    0.3714E+00  0.6051E-01  0.7957E+00
  3    -69.587542739  0.118386E+00       0.027     3        0.00      0.03      0.00    0.3677E+00  0.4086E-01  0.5788E+00
  4    -69.631378558  0.438358E-01       0.027     4        0.00      0.03      0.00    0.2737E+00  0.1932E-01  0.1504E+00
  5    -69.708432167  0.770536E-01       0.026     5        0.00      0.03      0.00    0.3759E-01  0.1162E-01  0.1021E+00
  6    -69.714854993  0.642283E-02       0.025     6        0.00      0.02      0.00    0.4980E-01  0.1897E-02  0.1823E-01
  7    -69.715608969  0.753976E-03       0.027     7        0.00      0.03      0.00    0.4221E-01  0.2124E-02  0.1156E-01
  8    -69.717032920  0.142395E-02       0.026     8        0.00      0.03      0.00    0.3282E-01  0.6144E-03  0.5261E-02
  9    -69.717346276  0.313356E-03       0.026     9        0.00      0.03      0.00    0.2083E-01  0.6902E-03  0.7556E-02
 10    -69.717592086  0.245810E-03       0.026    10        0.00      0.02      0.00    0.1114E-01  0.5413E-03  0.6505E-02
 11    -69.717670089  0.780027E-04       0.026     1        0.00      0.03      0.00    0.2350E-02  0.9851E-04  0.1272E-02
------------------------------------------------------------------------------------------------------------------------
 REACH CONVERGENCE AFTER  11 CYLCES
 MAX ERROR = 0.235021E-02   RMS CHANGE = 0.985126E-04   MAX CHANGE = 0.127182E-02
 -----------------------------------------------
ELECTRONIC ENERGY    =   -78.874786072
CORE_CORE REPULSION  =     9.157115983
TOTAL ENERGY         =   -69.717670089

 @ End Energy calculation


 @ Output Timing Infomration

------------- TIMING ---------------
INITIAL GUESS TIME =     0.797578000( 72.42%)
TOTAL SCF TIME     =     0.275039000( 24.97%)
      TOTAL OP TIME      =     0.269625000( 24.48%)
            TOTAL 1e TIME      =     0.001915000(  0.17%)
            TOTAL 2e TIME      =     0.267524000( 24.29%)
            TOTAL ENERGY TIME  =     0.000066000(  0.01%)
      TOTAL DII TIME     =     0.005287000(  0.48%)
            TOTAL DIAG TIME    =     0.001341000(  0.12%)
TOTAL TIME         =     1.101366000
------------------------------------
 Job cpu time:  0 days  0 hours  0 minutes  1.1 seconds.

 @ Finish Output Timing Infomration

 Normal Terminatation. Task Finished on: Sun Jun 23 06:16:11 2019
