Performing C SOURCE FILE Test CMAKE_HAVE_LIBC_PTHREAD failed with the following output:
Change Dir: /home/liz7/isilon/Zhen/QUICK/builddir/CMakeFiles/CMakeTmp

Run Build Command(s):/usr/bin/gmake cmTC_1fc9a/fast && /usr/bin/gmake  -f CMakeFiles/cmTC_1fc9a.dir/build.make CMakeFiles/cmTC_1fc9a.dir/build
gmake[1]: Entering directory '/mnt/isilon/w_ccls/merzklab/Zhen/QUICK/builddir/CMakeFiles/CMakeTmp'
Building C object CMakeFiles/cmTC_1fc9a.dir/src.c.o
/cm/local/apps/gcc/11.2.0/bin/gcc   -DCMAKE_HAVE_LIBC_PTHREAD   -std=gnu99 -o CMakeFiles/cmTC_1fc9a.dir/src.c.o   -c /home/liz7/isilon/Zhen/QUICK/builddir/CMakeFiles/CMakeTmp/src.c
Linking C executable cmTC_1fc9a
/cm/shared/apps/cmake/3.17.1/bin/cmake -E cmake_link_script CMakeFiles/cmTC_1fc9a.dir/link.txt --verbose=1
/cm/local/apps/gcc/11.2.0/bin/gcc  -DCMAKE_HAVE_LIBC_PTHREAD    CMakeFiles/cmTC_1fc9a.dir/src.c.o  -o cmTC_1fc9a 
CMakeFiles/cmTC_1fc9a.dir/src.c.o: In function `main':
src.c:(.text+0x2d): undefined reference to `pthread_create'
src.c:(.text+0x39): undefined reference to `pthread_detach'
src.c:(.text+0x45): undefined reference to `pthread_cancel'
src.c:(.text+0x56): undefined reference to `pthread_join'
collect2: error: ld returned 1 exit status
gmake[1]: *** [CMakeFiles/cmTC_1fc9a.dir/build.make:107: cmTC_1fc9a] Error 1
gmake[1]: Leaving directory '/mnt/isilon/w_ccls/merzklab/Zhen/QUICK/builddir/CMakeFiles/CMakeTmp'
gmake: *** [Makefile:141: cmTC_1fc9a/fast] Error 2


Source file was:
#include <pthread.h>

void* test_func(void* data)
{
  return data;
}

int main(void)
{
  pthread_t thread;
  pthread_create(&thread, NULL, test_func, NULL);
  pthread_detach(thread);
  pthread_cancel(thread);
  pthread_join(thread, NULL);
  pthread_atfork(NULL, NULL, NULL);
  pthread_exit(NULL);

  return 0;
}

Determining if the function pthread_create exists in the pthreads failed with the following output:
Change Dir: /home/liz7/isilon/Zhen/QUICK/builddir/CMakeFiles/CMakeTmp

Run Build Command(s):/usr/bin/gmake cmTC_c61fb/fast && /usr/bin/gmake  -f CMakeFiles/cmTC_c61fb.dir/build.make CMakeFiles/cmTC_c61fb.dir/build
gmake[1]: Entering directory '/mnt/isilon/w_ccls/merzklab/Zhen/QUICK/builddir/CMakeFiles/CMakeTmp'
Building C object CMakeFiles/cmTC_c61fb.dir/CheckFunctionExists.c.o
/cm/local/apps/gcc/11.2.0/bin/gcc   -DCHECK_FUNCTION_EXISTS=pthread_create   -std=gnu99 -o CMakeFiles/cmTC_c61fb.dir/CheckFunctionExists.c.o   -c /cm/shared/apps/cmake/3.17.1/share/cmake-3.17/Modules/CheckFunctionExists.c
Linking C executable cmTC_c61fb
/cm/shared/apps/cmake/3.17.1/bin/cmake -E cmake_link_script CMakeFiles/cmTC_c61fb.dir/link.txt --verbose=1
/cm/local/apps/gcc/11.2.0/bin/gcc  -DCHECK_FUNCTION_EXISTS=pthread_create    CMakeFiles/cmTC_c61fb.dir/CheckFunctionExists.c.o  -o cmTC_c61fb  -lpthreads 
/usr/bin/ld: cannot find -lpthreads
collect2: error: ld returned 1 exit status
gmake[1]: *** [CMakeFiles/cmTC_c61fb.dir/build.make:107: cmTC_c61fb] Error 1
gmake[1]: Leaving directory '/mnt/isilon/w_ccls/merzklab/Zhen/QUICK/builddir/CMakeFiles/CMakeTmp'
gmake: *** [Makefile:141: cmTC_c61fb/fast] Error 2



Performing C SOURCE FILE Test CMath_LINKS_WITHOUT_M failed with the following output:
Change Dir: /home/liz7/isilon/Zhen/QUICK/builddir/CMakeFiles/CMakeTmp

Run Build Command(s):/usr/bin/gmake cmTC_26762/fast && /usr/bin/gmake  -f CMakeFiles/cmTC_26762.dir/build.make CMakeFiles/cmTC_26762.dir/build
gmake[1]: Entering directory '/mnt/isilon/w_ccls/merzklab/Zhen/QUICK/builddir/CMakeFiles/CMakeTmp'
Building C object CMakeFiles/cmTC_26762.dir/src.c.o
/cm/local/apps/gcc/11.2.0/bin/gcc   -DCMath_LINKS_WITHOUT_M -fPIE   -std=gnu99 -o CMakeFiles/cmTC_26762.dir/src.c.o   -c /home/liz7/isilon/Zhen/QUICK/builddir/CMakeFiles/CMakeTmp/src.c
Linking C executable cmTC_26762
/cm/shared/apps/cmake/3.17.1/bin/cmake -E cmake_link_script CMakeFiles/cmTC_26762.dir/link.txt --verbose=1
/cm/local/apps/gcc/11.2.0/bin/gcc  -DCMath_LINKS_WITHOUT_M    CMakeFiles/cmTC_26762.dir/src.c.o  -o cmTC_26762 
CMakeFiles/cmTC_26762.dir/src.c.o: In function `main':
src.c:(.text+0x28): undefined reference to `sin'
collect2: error: ld returned 1 exit status
gmake[1]: *** [CMakeFiles/cmTC_26762.dir/build.make:107: cmTC_26762] Error 1
gmake[1]: Leaving directory '/mnt/isilon/w_ccls/merzklab/Zhen/QUICK/builddir/CMakeFiles/CMakeTmp'
gmake: *** [Makefile:141: cmTC_26762/fast] Error 2


Source file was:
#include <math.h>

int main(int argc, char** argv)
{
        return sin(argc - 1);
}
