 *********************************************************************************************************
 **                                                                                                     **
 **           .?888888888+.                                                                             **
 **         =88888888888888~.                                                                           **
 **      .78888888888888887                                                                             **
 **     :888888O+. .. .+ZO                                                                              **
 **    ,88888? $,8.8=.                                                                                  **
 **   .8888I=,8:$Z.,+7ZI=.                               88888                       8888:              **
 **   =888~$~7=:888888888888Z                            88888                       8888:              **
 **   I88Z~=~78888888888888888?                          88888                       8888:              **
 **   788:7?:8888888: . I8888888                                        888888       8888:              **
 **   =88,$.88888I         888888    ,8888:     88888    88888        888888888I     8888:    888888    **
 **   .88+.88888$           88888:   ,8888:     88888    88888      $888888888888    8888:   888888     **
 **    I8Z 88888             88888   ,8888:     88888    88888    .888888     8888   8888: 888888       **
 **    .8Z 88888             88888   ,8888:     88888    88888    $88888             8888:88888         **
 **     8I 88888      .=88. .88888   ,8888:     88888    88888    88888              8888888888         **
 **    :8  88888      888888$8888$   ,8888:     88888    88888    8888O              88888888888        **
 **   ,7   +88888.     8888888888.   ,8888:     88888    88888    888888             88888O888888       **
 **         $888888:.   .8888888      88888....888888    88888     888888     8888   8888:  888888      **
 **          I8888888888888888888~    888888888888888    88888     O888888888888O    8888:   888888     **
 **            O88888888888888888=     88888888888888    88888       88888888888$    8888:    888888    **
 **              .~888888Z    O8        .8888I  88888    88888         8888888       8888:     888888   **
 **                                                                                                     **
 **                                                                                                     **
 **                                         Copyright (c) 2011                                          **
 **                                 Regents of the University of Florida                                **
 **                                        All Rights Reserved.                                         **
 **                                                                                                     **
 **                   This software provided pursuant to a license agreement containing                 **
 **                   restrictions on its disclosure, duplication, and use. This software               **
 **                   contains confidential and proprietary information, and may not be                 **
 **                   extracted or distributed, in whole or in part, for any purpose                    **
 **                   whatsoever, without the express written permission of the authors.                **
 **                   This notice, and the associated author list, must be attached to                  **
 **                   all copies, or extracts, of this software. Any additional                         **
 **                   restrictions set forth in the license agreement also apply to this                **
 **                   software.                                                                         **
 *********************************************************************************************************

 Cite this work as:                                                                                       
 Manathunga, M.; Miao, Y.; Mu, D.; He, X.; Ayers,K; Brothers, E.; Götz, A.; Merz,K. M. QUICK             
 University of Florida, Gainesville, FL, 2019 and Michigan State University, East Lansing, MI, 2019       

 If you have any comments or queries, please send us an email for technical support:                      
 quick.merzlab@gmail.com                                                                                  

 TASK STARTS ON: Fri Aug  9 15:16:32 2019
 INPUT FILE :    taxol_b3lyp.in
 OUTPUT FILE:    taxol_b3lyp.out
 DATE FILE  :    taxol_b3lyp.dat
 BASIS SET PATH: /server-home1/madu/bin/quick/ifort18/basis

|------------ CUDA INFORMATION ---------------
|  CUDA version of Quick in use
|  Implemented by
|                      Yipu Miao (Florida)
|  CAUTION: CUDA Quick is currently experimental
|           and you may at risk to use it. Be sure
|           to check result carelly. Advise or 
|           bug report are welcome.
|---------------------------------------------

|------------ GPU INFORMATION ---------------
| CUDA ENABLED DEVICE         :        4
| CUDA DEVICE IN USE          :        0
| CUDA DEVICE NAME            : TITAN V
| CUDA DEVICE PM              :       80
| CUDA DEVICE CORE FREQ(GHZ)  :     1.46
| CUDA DEVICE MEMORY SIZE (MB):    12036
| SUPPORTING CUDA VERSION     :      7.0
|--------------------------------------------

 @ Read Job And Atom

  -------------------------------------
KEYWORD=LIBXC HYB_GGA_XC_B3LYP BASIS=CC-PVDZ CUTOFF=1.0E-10 DENSERMS=1.0E-6 NCYC=1000 ZMAKE ENERGY                                                                                                              
  -------------------------------------
 ============== JOB CARD =============
| METHOD = DENSTITY FUNCTIONAL THEORY
| USING LIBXC VERSION: 4.3.4
| FUNCTIONAL INFORMATION:
| NAME = B3LYP FAMILY = HYBRID GGA KIND = EXCHANGE CORRELATION
| DIRECT SCF 
| SAD INITAL GUESS 
| USE DIIS SCF
| PRINT ENERGY EVERY CYCLE
| Z-MATRIX CONSTRUCTION
| STANDARD GRID = SG1
| MAX SCF CYCLES =    200
| MAX DIIS CYCLES =   10
| DELTA DENSITY START CYCLE = 1000
| COMPUATIONAL CUTOFF: 
|      TWO-e INTEGRAL   =  0.100E-09
|      BASIS SET PRIME  =  0.100E-19
|      MATRIX ELEMENTS  =  0.100E-09
|      BASIS FUNCTION   =  0.100E-09
| DENSITY MATRIX MAXIMUM RMS FOR CONVERGENCE  =  0.100E-05
| BASIS SET = CC-PVDZ
| BASIS FILE = /server-home1/madu/bin/quick/ifort18/basis/CC-PVDZ

 @ Finish reading job


 @ Begin SAD initial guess

 For Atom Kind =    1
 ELEMENT = C 
BASIS FUNCTIONS =   15

 @ Begin Energy Calculation

TOL:    0.000000000100000

SCF CYCLE      =        1      TIME      =     0.18
RMS CHANGE     = 0.110539E+00  MAX CHANGE= 0.871452E+00

SCF CYCLE      =        2      TIME      =     0.17
RMS CHANGE     = 0.607919E-01  MAX CHANGE= 0.449220E+00

SCF CYCLE      =        3      TIME      =   0.17
DIIS CYCLE     =        1      MAX ERROR = 0.458960E-01
RMS CHANGE     = 0.946564E-02  MAX CHANGE= 0.685991E-01

SCF CYCLE      =        4      TIME      =   0.18
DIIS CYCLE     =        2      MAX ERROR = 0.919926E-02
RMS CHANGE     = 0.257586E-02  MAX CHANGE= 0.292029E-01

SCF CYCLE      =        5      TIME      =   0.19
DIIS CYCLE     =        3      MAX ERROR = 0.424546E-02
RMS CHANGE     = 0.208960E-02  MAX CHANGE= 0.241467E-01

SCF CYCLE      =        6      TIME      =   0.17
DIIS CYCLE     =        4      MAX ERROR = 0.556102E-03
RMS CHANGE     = 0.324735E-03  MAX CHANGE= 0.383424E-02

SCF CYCLE      =        7      TIME      =   0.17
DIIS CYCLE     =        5      MAX ERROR = 0.185335E-04
RMS CHANGE     = 0.117565E-04  MAX CHANGE= 0.143306E-03

SCF CYCLE      =        8      TIME      =   0.17
DIIS CYCLE     =        6      MAX ERROR = 0.156619E-05
RMS CHANGE     = 0.139773E-05  MAX CHANGE= 0.155348E-04
DIIS FAILED !! RETURN TO NORMAL SCF. (NOT FATAL.)

SCF CYCLE      =        9      TIME      =     0.19
RMS CHANGE     = 0.196345E-06  MAX CHANGE= 0.213462E-05
CONVERGED!!!!!
ELECTRONIC ENERGY    =     0.000000000
CORE_CORE REPULSION  =     0.000000000
TOTAL ENERGY         =     0.000000000

 @ End Energy calculation

 For Atom Kind =    2
 ELEMENT = O 
BASIS FUNCTIONS =   15

 @ Begin Energy Calculation

TOL:    0.000000000100000

SCF CYCLE      =        1      TIME      =     0.19
RMS CHANGE     = 0.110171E+00  MAX CHANGE= 0.803130E+00

SCF CYCLE      =        2      TIME      =     0.17
RMS CHANGE     = 0.599917E-01  MAX CHANGE= 0.385717E+00

SCF CYCLE      =        3      TIME      =   0.17
DIIS CYCLE     =        1      MAX ERROR = 0.265525E-01
RMS CHANGE     = 0.456939E-02  MAX CHANGE= 0.300281E-01

SCF CYCLE      =        4      TIME      =   0.17
DIIS CYCLE     =        2      MAX ERROR = 0.143402E-01
RMS CHANGE     = 0.168649E-02  MAX CHANGE= 0.152164E-01

SCF CYCLE      =        5      TIME      =   0.18
DIIS CYCLE     =        3      MAX ERROR = 0.367157E-02
RMS CHANGE     = 0.110260E-02  MAX CHANGE= 0.105592E-01

SCF CYCLE      =        6      TIME      =   0.19
DIIS CYCLE     =        4      MAX ERROR = 0.155135E-02
RMS CHANGE     = 0.713159E-03  MAX CHANGE= 0.686621E-02

SCF CYCLE      =        7      TIME      =   0.17
DIIS CYCLE     =        5      MAX ERROR = 0.465365E-04
RMS CHANGE     = 0.188086E-04  MAX CHANGE= 0.194609E-03

SCF CYCLE      =        8      TIME      =   0.17
DIIS CYCLE     =        6      MAX ERROR = 0.600081E-05
RMS CHANGE     = 0.672493E-05  MAX CHANGE= 0.678328E-04
DIIS FAILED !! RETURN TO NORMAL SCF. (NOT FATAL.)

SCF CYCLE      =        9      TIME      =     0.17
RMS CHANGE     = 0.124282E-05  MAX CHANGE= 0.120310E-04

SCF CYCLE      =       10      TIME      =   0.18
DIIS CYCLE     =        1      MAX ERROR = 0.231767E-05
RMS CHANGE     = 0.540930E-06  MAX CHANGE= 0.535257E-05
PREPARED FOR FINAL NO INTERPOLATION ITERATION

SCF CYCLE      =       11      TIME      =     0.19
RMS CHANGE     = 0.305299E-06  MAX CHANGE= 0.293267E-05
CONVERGED!!!!!
ELECTRONIC ENERGY    =     0.000000000
CORE_CORE REPULSION  =     0.000000000
TOTAL ENERGY         =     0.000000000

 @ End Energy calculation

 For Atom Kind =    3
 ELEMENT = N 
BASIS FUNCTIONS =   15

 @ Begin Energy Calculation

TOL:    0.000000000100000

SCF CYCLE      =        1      TIME      =     0.17
RMS CHANGE     = 0.112025E+00  MAX CHANGE= 0.872929E+00

SCF CYCLE      =        2      TIME      =     0.17
RMS CHANGE     = 0.668443E-01  MAX CHANGE= 0.408262E+00

SCF CYCLE      =        3      TIME      =   0.17
DIIS CYCLE     =        1      MAX ERROR = 0.243932E-01
RMS CHANGE     = 0.470069E-02  MAX CHANGE= 0.268601E-01

SCF CYCLE      =        4      TIME      =   0.17
DIIS CYCLE     =        2      MAX ERROR = 0.802922E-02
RMS CHANGE     = 0.165474E-02  MAX CHANGE= 0.192507E-01

SCF CYCLE      =        5      TIME      =   0.20
DIIS CYCLE     =        3      MAX ERROR = 0.228493E-02
RMS CHANGE     = 0.820131E-03  MAX CHANGE= 0.973594E-02

SCF CYCLE      =        6      TIME      =   0.18
DIIS CYCLE     =        4      MAX ERROR = 0.666450E-03
RMS CHANGE     = 0.243820E-03  MAX CHANGE= 0.287733E-02

SCF CYCLE      =        7      TIME      =   0.17
DIIS CYCLE     =        5      MAX ERROR = 0.656160E-05
RMS CHANGE     = 0.506354E-05  MAX CHANGE= 0.594450E-04
DIIS FAILED !! RETURN TO NORMAL SCF. (NOT FATAL.)

SCF CYCLE      =        8      TIME      =     0.17
RMS CHANGE     = 0.603133E-06  MAX CHANGE= 0.713257E-05
CONVERGED!!!!!
ELECTRONIC ENERGY    =     0.000000000
CORE_CORE REPULSION  =     0.000000000
TOTAL ENERGY         =     0.000000000

 @ End Energy calculation

 For Atom Kind =    4
 ELEMENT = H 
BASIS FUNCTIONS =    5

 @ Begin Energy Calculation

TOL:    0.000000000100000

SCF CYCLE      =        1      TIME      =     0.00
RMS CHANGE     = 0.114405E+00  MAX CHANGE= 0.285522E+00

SCF CYCLE      =        2      TIME      =     0.00
RMS CHANGE     = 0.277097E-01  MAX CHANGE= 0.104675E+00

SCF CYCLE      =        3      TIME      =   0.00
DIIS CYCLE     =        1      MAX ERROR = 0.201387E-01
RMS CHANGE     = 0.100224E-01  MAX CHANGE= 0.358651E-01

SCF CYCLE      =        4      TIME      =   0.00
DIIS CYCLE     =        2      MAX ERROR = 0.734371E-02
RMS CHANGE     = 0.575793E-02  MAX CHANGE= 0.213025E-01
DIIS FAILED !! RETURN TO NORMAL SCF. (NOT FATAL.)

SCF CYCLE      =        5      TIME      =     0.00
RMS CHANGE     = 0.549865E-10  MAX CHANGE= 0.205614E-09
CONVERGED!!!!!
ELECTRONIC ENERGY    =     0.000000000
CORE_CORE REPULSION  =     0.000000000
TOTAL ENERGY         =     0.000000000

 @ End Energy calculation


 @ Finish SAD initial guess


 @ Begin to Read Mol Info


 =========== Molecule Input ==========
| TOTAL MOLECULAR CHARGE  =    0    MULTIPLICITY                =    1
| TOTOAL ATOM NUMBER      =  110    NUMBER OF ATOM TYPES        =    4
| NUMBER OF HYDROGEN ATOM =   49    NUMBER OF NON-HYDROGEN ATOM =   61
| NUMBER OF ELECTRONS     =  446

 -- INPUT GEOMETRY -- :
    C          -6.3961       1.6376      -1.0167
    C          -5.5976       1.9480       0.3157
    C          -4.1358       1.3889       0.3062
    C          -4.0900      -0.2069       0.0760
    C          -5.3005      -0.5560      -0.7831
    C          -5.6408       0.5560      -1.7454
    C          -2.8203      -0.7723      -0.5951
    C          -3.4405       1.9810       1.5955
    C          -1.5723      -0.0770      -0.1719
    O          -2.6953      -2.1590      -0.1698
    O          -1.8693       1.2309      -0.7751
    C          -1.3334      -0.1176       1.4102
    C          -0.8881       1.2875       1.4845
    C           0.3196       1.5771       0.9641
    O          -4.0361       2.4498       2.5048
    O          -1.9505       2.1871       1.7492
    C          -0.2199      -0.3744      -0.8072
    C           0.8361       0.5393      -0.0882
    O          -6.3706      -0.7461       0.1815
    C          -7.5080      -1.5313       0.1764
    O          -7.7343      -2.1872       1.1532
    C          -8.4523      -1.4158      -0.9939
    C          -5.4161      -1.5091      -2.0070
    O          -6.2193      -0.4454      -2.6903
    O          -5.4268       3.3774       0.3776
    O          -1.6122       4.1801       0.0344
    C          -0.7941       5.2258       0.2991
    O          -0.3049       5.8646      -0.5895
    C          -0.5432       5.4737       1.7764
    C           1.2299       2.7853       1.0315
    O           1.9361      -0.3334       0.3600
    C           3.1924       0.0393       0.0732
    O           3.4565       1.0474      -0.5230
    C           4.1742      -1.0075       0.5409
    C           5.5923      -0.5508       0.2305
    C           6.6535      -1.6277       0.4268
    C           6.3531      -2.9590       0.6578
    C           7.3484      -3.9223       0.5946
    C           8.6553      -3.5578       0.3263
    C           8.9721      -2.2174       0.1751
    C           7.9781      -1.2615       0.2323
    O           4.0118      -1.2781       1.9326
    N           5.9708       0.6810       0.8873
    C           6.1083       1.9571       0.3956
    O           6.3193       2.8804       1.1683
    C           5.8856       2.2295      -1.0684
    C           6.1183       1.3531      -2.1154
    C           5.5666       1.5986      -3.3628
    C           4.8505       2.7661      -3.5881
    C           4.7601       3.7103      -2.5860
    C           5.2758       3.4420      -1.3327
    C          -2.1367      -3.0476      -1.0301
    O          -2.1452      -2.8534      -2.2329
    C          -1.5034      -4.2030      -0.3691
    C          -1.4396      -4.3267       1.0054
    C          -0.7639      -5.3990       1.5627
    C          -0.1729      -6.3469       0.7428
    C          -0.2556      -6.2275      -0.6353
    C          -0.9156      -5.1510      -1.1911
    C          -0.2097      -1.1547       1.8364
    C          -2.4301      -0.4562       2.4708
    H          -3.6492       1.8683      -0.5156
    H          -4.2442      -0.7298       0.9946
    H          -6.1319       1.5762       1.1739
    H          -6.4278       2.5627      -1.5682
    H          -7.3896       1.3053      -0.7745
    H          -4.7466       0.9454      -2.2120
    H          -2.8856      -0.7190      -1.6683
    H          -1.1756       1.8958      -0.6851
    H          -1.8482       3.6442       0.8092
    H          -0.3040      -0.0417      -1.8339
    H           0.0915      -1.3953      -0.8029
    H           1.2665       1.1760      -0.8368
    H          -7.9448      -1.4088      -1.9397
    H          -8.9861      -0.4737      -0.9254
    H          -9.1715      -2.2206      -0.9250
    H          -5.9697      -2.4207      -1.8715
    H          -4.4957      -1.6916      -2.5342
    H          -6.1859       3.7990       0.8058
    H          -0.4047       4.5303       2.2919
    H          -1.4092       5.9590       2.2202
    H           0.3171       6.0932       1.8872
    H           1.4833       3.0343       2.0569
    H           0.8689       3.6688       0.5366
    H           2.1685       2.5342       0.5368
    H           3.9670      -1.8925      -0.0573
    H           5.5542      -0.3517      -0.8218
    H           5.3545      -3.2557       0.9039
    H           7.0989      -4.9514       0.7469
    H           9.4172      -4.3037       0.2408
    H           9.9857      -1.9178       0.0023
    H           8.2255      -0.2253       0.1253
    H           3.1299      -1.6338       2.1084
    H           6.0936       0.6251       1.8860
    H           6.7084       0.4705      -1.9833
    H           5.6744       0.8728      -4.1413
    H           4.3798       2.9274      -4.5336
    H           4.2564       4.6442      -2.7661
    H           5.1747       4.1495      -0.5327
    H          -1.9016      -3.5962       1.6316
    H          -0.6960      -5.4955       2.6284
    H           0.3482      -7.1761       1.1766
    H           0.1935      -6.9648      -1.2689
    H          -0.9826      -5.0259      -2.2518
    H           0.6895      -0.6503       2.1318
    H           0.0409      -1.8507       1.0571
    H          -0.5497      -1.7388       2.6731
    H          -2.6865      -1.5071       2.3903
    H          -3.3390       0.1001       2.4689
    H          -1.9770      -0.2959       3.4410

============== BASIS INFOS ==============
| BASIS FUNCTIONS = 1160
| NSHELL =  513 NPRIM  = 1587
| JSHELL =  513 JBASIS = 1587


RADII OF SIGNifIGANCE FOR THE BASIS FUNCTIONS
   1           6.524000
   2           6.524000
   3          11.555000
   4           6.627000
   5           6.627000
   6           6.627000
   7          12.308000
   8          12.308000
   9          12.308000
  10           6.810000
  11           6.810000
  12           6.810000
  13           6.810000
  14           6.810000
  15           6.810000
  16           6.524000
  17           6.524000
  18          11.555000
  19           6.627000
  20           6.627000
  21           6.627000
  22          12.308000
  23          12.308000
  24          12.308000
  25           6.810000
  26           6.810000
  27           6.810000
  28           6.810000
  29           6.810000
  30           6.810000
  31           6.524000
  32           6.524000
  33          11.555000
  34           6.627000
  35           6.627000
  36           6.627000
  37          12.308000
  38          12.308000
  39          12.308000
  40           6.810000
  41           6.810000
  42           6.810000
  43           6.810000
  44           6.810000
  45           6.810000
  46           6.524000
  47           6.524000
  48          11.555000
  49           6.627000
  50           6.627000
  51           6.627000
  52          12.308000
  53          12.308000
  54          12.308000
  55           6.810000
  56           6.810000
  57           6.810000
  58           6.810000
  59           6.810000
  60           6.810000
  61           6.524000
  62           6.524000
  63          11.555000
  64           6.627000
  65           6.627000
  66           6.627000
  67          12.308000
  68          12.308000
  69          12.308000
  70           6.810000
  71           6.810000
  72           6.810000
  73           6.810000
  74           6.810000
  75           6.810000
  76           6.524000
  77           6.524000
  78          11.555000
  79           6.627000
  80           6.627000
  81           6.627000
  82          12.308000
  83          12.308000
  84          12.308000
  85           6.810000
  86           6.810000
  87           6.810000
  88           6.810000
  89           6.810000
  90           6.810000
  91           6.524000
  92           6.524000
  93          11.555000
  94           6.627000
  95           6.627000
  96           6.627000
  97          12.308000
  98          12.308000
  99          12.308000
 100           6.810000
 101           6.810000
 102           6.810000
 103           6.810000
 104           6.810000
 105           6.810000
 106           6.524000
 107           6.524000
 108          11.555000
 109           6.627000
 110           6.627000
 111           6.627000
 112          12.308000
 113          12.308000
 114          12.308000
 115           6.810000
 116           6.810000
 117           6.810000
 118           6.810000
 119           6.810000
 120           6.810000
 121           6.524000
 122           6.524000
 123          11.555000
 124           6.627000
 125           6.627000
 126           6.627000
 127          12.308000
 128          12.308000
 129          12.308000
 130           6.810000
 131           6.810000
 132           6.810000
 133           6.810000
 134           6.810000
 135           6.810000
 136           4.733000
 137           4.733000
 138           8.490000
 139           4.836000
 140           4.836000
 141           4.836000
 142           9.227000
 143           9.227000
 144           9.227000
 145           4.693000
 146           4.693000
 147           4.693000
 148           4.693000
 149           4.693000
 150           4.693000
 151           4.733000
 152           4.733000
 153           8.490000
 154           4.836000
 155           4.836000
 156           4.836000
 157           9.227000
 158           9.227000
 159           9.227000
 160           4.693000
 161           4.693000
 162           4.693000
 163           4.693000
 164           4.693000
 165           4.693000
 166           6.524000
 167           6.524000
 168          11.555000
 169           6.627000
 170           6.627000
 171           6.627000
 172          12.308000
 173          12.308000
 174          12.308000
 175           6.810000
 176           6.810000
 177           6.810000
 178           6.810000
 179           6.810000
 180           6.810000
 181           6.524000
 182           6.524000
 183          11.555000
 184           6.627000
 185           6.627000
 186           6.627000
 187          12.308000
 188          12.308000
 189          12.308000
 190           6.810000
 191           6.810000
 192           6.810000
 193           6.810000
 194           6.810000
 195           6.810000
 196           6.524000
 197           6.524000
 198          11.555000
 199           6.627000
 200           6.627000
 201           6.627000
 202          12.308000
 203          12.308000
 204          12.308000
 205           6.810000
 206           6.810000
 207           6.810000
 208           6.810000
 209           6.810000
 210           6.810000
 211           4.733000
 212           4.733000
 213           8.490000
 214           4.836000
 215           4.836000
 216           4.836000
 217           9.227000
 218           9.227000
 219           9.227000
 220           4.693000
 221           4.693000
 222           4.693000
 223           4.693000
 224           4.693000
 225           4.693000
 226           4.733000
 227           4.733000
 228           8.490000
 229           4.836000
 230           4.836000
 231           4.836000
 232           9.227000
 233           9.227000
 234           9.227000
 235           4.693000
 236           4.693000
 237           4.693000
 238           4.693000
 239           4.693000
 240           4.693000
 241           6.524000
 242           6.524000
 243          11.555000
 244           6.627000
 245           6.627000
 246           6.627000
 247          12.308000
 248          12.308000
 249          12.308000
 250           6.810000
 251           6.810000
 252           6.810000
 253           6.810000
 254           6.810000
 255           6.810000
 256           6.524000
 257           6.524000
 258          11.555000
 259           6.627000
 260           6.627000
 261           6.627000
 262          12.308000
 263          12.308000
 264          12.308000
 265           6.810000
 266           6.810000
 267           6.810000
 268           6.810000
 269           6.810000
 270           6.810000
 271           4.733000
 272           4.733000
 273           8.490000
 274           4.836000
 275           4.836000
 276           4.836000
 277           9.227000
 278           9.227000
 279           9.227000
 280           4.693000
 281           4.693000
 282           4.693000
 283           4.693000
 284           4.693000
 285           4.693000
 286           6.524000
 287           6.524000
 288          11.555000
 289           6.627000
 290           6.627000
 291           6.627000
 292          12.308000
 293          12.308000
 294          12.308000
 295           6.810000
 296           6.810000
 297           6.810000
 298           6.810000
 299           6.810000
 300           6.810000
 301           4.733000
 302           4.733000
 303           8.490000
 304           4.836000
 305           4.836000
 306           4.836000
 307           9.227000
 308           9.227000
 309           9.227000
 310           4.693000
 311           4.693000
 312           4.693000
 313           4.693000
 314           4.693000
 315           4.693000
 316           6.524000
 317           6.524000
 318          11.555000
 319           6.627000
 320           6.627000
 321           6.627000
 322          12.308000
 323          12.308000
 324          12.308000
 325           6.810000
 326           6.810000
 327           6.810000
 328           6.810000
 329           6.810000
 330           6.810000
 331           6.524000
 332           6.524000
 333          11.555000
 334           6.627000
 335           6.627000
 336           6.627000
 337          12.308000
 338          12.308000
 339          12.308000
 340           6.810000
 341           6.810000
 342           6.810000
 343           6.810000
 344           6.810000
 345           6.810000
 346           4.733000
 347           4.733000
 348           8.490000
 349           4.836000
 350           4.836000
 351           4.836000
 352           9.227000
 353           9.227000
 354           9.227000
 355           4.693000
 356           4.693000
 357           4.693000
 358           4.693000
 359           4.693000
 360           4.693000
 361           4.733000
 362           4.733000
 363           8.490000
 364           4.836000
 365           4.836000
 366           4.836000
 367           9.227000
 368           9.227000
 369           9.227000
 370           4.693000
 371           4.693000
 372           4.693000
 373           4.693000
 374           4.693000
 375           4.693000
 376           4.733000
 377           4.733000
 378           8.490000
 379           4.836000
 380           4.836000
 381           4.836000
 382           9.227000
 383           9.227000
 384           9.227000
 385           4.693000
 386           4.693000
 387           4.693000
 388           4.693000
 389           4.693000
 390           4.693000
 391           6.524000
 392           6.524000
 393          11.555000
 394           6.627000
 395           6.627000
 396           6.627000
 397          12.308000
 398          12.308000
 399          12.308000
 400           6.810000
 401           6.810000
 402           6.810000
 403           6.810000
 404           6.810000
 405           6.810000
 406           4.733000
 407           4.733000
 408           8.490000
 409           4.836000
 410           4.836000
 411           4.836000
 412           9.227000
 413           9.227000
 414           9.227000
 415           4.693000
 416           4.693000
 417           4.693000
 418           4.693000
 419           4.693000
 420           4.693000
 421           6.524000
 422           6.524000
 423          11.555000
 424           6.627000
 425           6.627000
 426           6.627000
 427          12.308000
 428          12.308000
 429          12.308000
 430           6.810000
 431           6.810000
 432           6.810000
 433           6.810000
 434           6.810000
 435           6.810000
 436           6.524000
 437           6.524000
 438          11.555000
 439           6.627000
 440           6.627000
 441           6.627000
 442          12.308000
 443          12.308000
 444          12.308000
 445           6.810000
 446           6.810000
 447           6.810000
 448           6.810000
 449           6.810000
 450           6.810000
 451           4.733000
 452           4.733000
 453           8.490000
 454           4.836000
 455           4.836000
 456           4.836000
 457           9.227000
 458           9.227000
 459           9.227000
 460           4.693000
 461           4.693000
 462           4.693000
 463           4.693000
 464           4.693000
 465           4.693000
 466           6.524000
 467           6.524000
 468          11.555000
 469           6.627000
 470           6.627000
 471           6.627000
 472          12.308000
 473          12.308000
 474          12.308000
 475           6.810000
 476           6.810000
 477           6.810000
 478           6.810000
 479           6.810000
 480           6.810000
 481           4.733000
 482           4.733000
 483           8.490000
 484           4.836000
 485           4.836000
 486           4.836000
 487           9.227000
 488           9.227000
 489           9.227000
 490           4.693000
 491           4.693000
 492           4.693000
 493           4.693000
 494           4.693000
 495           4.693000
 496           6.524000
 497           6.524000
 498          11.555000
 499           6.627000
 500           6.627000
 501           6.627000
 502          12.308000
 503          12.308000
 504          12.308000
 505           6.810000
 506           6.810000
 507           6.810000
 508           6.810000
 509           6.810000
 510           6.810000
 511           6.524000
 512           6.524000
 513          11.555000
 514           6.627000
 515           6.627000
 516           6.627000
 517          12.308000
 518          12.308000
 519          12.308000
 520           6.810000
 521           6.810000
 522           6.810000
 523           6.810000
 524           6.810000
 525           6.810000
 526           6.524000
 527           6.524000
 528          11.555000
 529           6.627000
 530           6.627000
 531           6.627000
 532          12.308000
 533          12.308000
 534          12.308000
 535           6.810000
 536           6.810000
 537           6.810000
 538           6.810000
 539           6.810000
 540           6.810000
 541           6.524000
 542           6.524000
 543          11.555000
 544           6.627000
 545           6.627000
 546           6.627000
 547          12.308000
 548          12.308000
 549          12.308000
 550           6.810000
 551           6.810000
 552           6.810000
 553           6.810000
 554           6.810000
 555           6.810000
 556           6.524000
 557           6.524000
 558          11.555000
 559           6.627000
 560           6.627000
 561           6.627000
 562          12.308000
 563          12.308000
 564          12.308000
 565           6.810000
 566           6.810000
 567           6.810000
 568           6.810000
 569           6.810000
 570           6.810000
 571           6.524000
 572           6.524000
 573          11.555000
 574           6.627000
 575           6.627000
 576           6.627000
 577          12.308000
 578          12.308000
 579          12.308000
 580           6.810000
 581           6.810000
 582           6.810000
 583           6.810000
 584           6.810000
 585           6.810000
 586           6.524000
 587           6.524000
 588          11.555000
 589           6.627000
 590           6.627000
 591           6.627000
 592          12.308000
 593          12.308000
 594          12.308000
 595           6.810000
 596           6.810000
 597           6.810000
 598           6.810000
 599           6.810000
 600           6.810000
 601           6.524000
 602           6.524000
 603          11.555000
 604           6.627000
 605           6.627000
 606           6.627000
 607          12.308000
 608          12.308000
 609          12.308000
 610           6.810000
 611           6.810000
 612           6.810000
 613           6.810000
 614           6.810000
 615           6.810000
 616           4.733000
 617           4.733000
 618           8.490000
 619           4.836000
 620           4.836000
 621           4.836000
 622           9.227000
 623           9.227000
 624           9.227000
 625           4.693000
 626           4.693000
 627           4.693000
 628           4.693000
 629           4.693000
 630           4.693000
 631           5.485000
 632           5.485000
 633           9.794000
 634           5.515000
 635           5.515000
 636           5.515000
 637          10.318000
 638          10.318000
 639          10.318000
 640           5.621000
 641           5.621000
 642           5.621000
 643           5.621000
 644           5.621000
 645           5.621000
 646           6.524000
 647           6.524000
 648          11.555000
 649           6.627000
 650           6.627000
 651           6.627000
 652          12.308000
 653          12.308000
 654          12.308000
 655           6.810000
 656           6.810000
 657           6.810000
 658           6.810000
 659           6.810000
 660           6.810000
 661           4.733000
 662           4.733000
 663           8.490000
 664           4.836000
 665           4.836000
 666           4.836000
 667           9.227000
 668           9.227000
 669           9.227000
 670           4.693000
 671           4.693000
 672           4.693000
 673           4.693000
 674           4.693000
 675           4.693000
 676           6.524000
 677           6.524000
 678          11.555000
 679           6.627000
 680           6.627000
 681           6.627000
 682          12.308000
 683          12.308000
 684          12.308000
 685           6.810000
 686           6.810000
 687           6.810000
 688           6.810000
 689           6.810000
 690           6.810000
 691           6.524000
 692           6.524000
 693          11.555000
 694           6.627000
 695           6.627000
 696           6.627000
 697          12.308000
 698          12.308000
 699          12.308000
 700           6.810000
 701           6.810000
 702           6.810000
 703           6.810000
 704           6.810000
 705           6.810000
 706           6.524000
 707           6.524000
 708          11.555000
 709           6.627000
 710           6.627000
 711           6.627000
 712          12.308000
 713          12.308000
 714          12.308000
 715           6.810000
 716           6.810000
 717           6.810000
 718           6.810000
 719           6.810000
 720           6.810000
 721           6.524000
 722           6.524000
 723          11.555000
 724           6.627000
 725           6.627000
 726           6.627000
 727          12.308000
 728          12.308000
 729          12.308000
 730           6.810000
 731           6.810000
 732           6.810000
 733           6.810000
 734           6.810000
 735           6.810000
 736           6.524000
 737           6.524000
 738          11.555000
 739           6.627000
 740           6.627000
 741           6.627000
 742          12.308000
 743          12.308000
 744          12.308000
 745           6.810000
 746           6.810000
 747           6.810000
 748           6.810000
 749           6.810000
 750           6.810000
 751           6.524000
 752           6.524000
 753          11.555000
 754           6.627000
 755           6.627000
 756           6.627000
 757          12.308000
 758          12.308000
 759          12.308000
 760           6.810000
 761           6.810000
 762           6.810000
 763           6.810000
 764           6.810000
 765           6.810000
 766           6.524000
 767           6.524000
 768          11.555000
 769           6.627000
 770           6.627000
 771           6.627000
 772          12.308000
 773          12.308000
 774          12.308000
 775           6.810000
 776           6.810000
 777           6.810000
 778           6.810000
 779           6.810000
 780           6.810000
 781           4.733000
 782           4.733000
 783           8.490000
 784           4.836000
 785           4.836000
 786           4.836000
 787           9.227000
 788           9.227000
 789           9.227000
 790           4.693000
 791           4.693000
 792           4.693000
 793           4.693000
 794           4.693000
 795           4.693000
 796           6.524000
 797           6.524000
 798          11.555000
 799           6.627000
 800           6.627000
 801           6.627000
 802          12.308000
 803          12.308000
 804          12.308000
 805           6.810000
 806           6.810000
 807           6.810000
 808           6.810000
 809           6.810000
 810           6.810000
 811           6.524000
 812           6.524000
 813          11.555000
 814           6.627000
 815           6.627000
 816           6.627000
 817          12.308000
 818          12.308000
 819          12.308000
 820           6.810000
 821           6.810000
 822           6.810000
 823           6.810000
 824           6.810000
 825           6.810000
 826           6.524000
 827           6.524000
 828          11.555000
 829           6.627000
 830           6.627000
 831           6.627000
 832          12.308000
 833          12.308000
 834          12.308000
 835           6.810000
 836           6.810000
 837           6.810000
 838           6.810000
 839           6.810000
 840           6.810000
 841           6.524000
 842           6.524000
 843          11.555000
 844           6.627000
 845           6.627000
 846           6.627000
 847          12.308000
 848          12.308000
 849          12.308000
 850           6.810000
 851           6.810000
 852           6.810000
 853           6.810000
 854           6.810000
 855           6.810000
 856           6.524000
 857           6.524000
 858          11.555000
 859           6.627000
 860           6.627000
 861           6.627000
 862          12.308000
 863          12.308000
 864          12.308000
 865           6.810000
 866           6.810000
 867           6.810000
 868           6.810000
 869           6.810000
 870           6.810000
 871           6.524000
 872           6.524000
 873          11.555000
 874           6.627000
 875           6.627000
 876           6.627000
 877          12.308000
 878          12.308000
 879          12.308000
 880           6.810000
 881           6.810000
 882           6.810000
 883           6.810000
 884           6.810000
 885           6.810000
 886           6.524000
 887           6.524000
 888          11.555000
 889           6.627000
 890           6.627000
 891           6.627000
 892          12.308000
 893          12.308000
 894          12.308000
 895           6.810000
 896           6.810000
 897           6.810000
 898           6.810000
 899           6.810000
 900           6.810000
 901           6.524000
 902           6.524000
 903          11.555000
 904           6.627000
 905           6.627000
 906           6.627000
 907          12.308000
 908          12.308000
 909          12.308000
 910           6.810000
 911           6.810000
 912           6.810000
 913           6.810000
 914           6.810000
 915           6.810000
 916           7.047000
 917          13.153000
 918           5.767000
 919           5.767000
 920           5.767000
 921           7.047000
 922          13.153000
 923           5.767000
 924           5.767000
 925           5.767000
 926           7.047000
 927          13.153000
 928           5.767000
 929           5.767000
 930           5.767000
 931           7.047000
 932          13.153000
 933           5.767000
 934           5.767000
 935           5.767000
 936           7.047000
 937          13.153000
 938           5.767000
 939           5.767000
 940           5.767000
 941           7.047000
 942          13.153000
 943           5.767000
 944           5.767000
 945           5.767000
 946           7.047000
 947          13.153000
 948           5.767000
 949           5.767000
 950           5.767000
 951           7.047000
 952          13.153000
 953           5.767000
 954           5.767000
 955           5.767000
 956           7.047000
 957          13.153000
 958           5.767000
 959           5.767000
 960           5.767000
 961           7.047000
 962          13.153000
 963           5.767000
 964           5.767000
 965           5.767000
 966           7.047000
 967          13.153000
 968           5.767000
 969           5.767000
 970           5.767000
 971           7.047000
 972          13.153000
 973           5.767000
 974           5.767000
 975           5.767000
 976           7.047000
 977          13.153000
 978           5.767000
 979           5.767000
 980           5.767000
 981           7.047000
 982          13.153000
 983           5.767000
 984           5.767000
 985           5.767000
 986           7.047000
 987          13.153000
 988           5.767000
 989           5.767000
 990           5.767000
 991           7.047000
 992          13.153000
 993           5.767000
 994           5.767000
 995           5.767000
 996           7.047000
 997          13.153000
 998           5.767000
 999           5.767000
1000           5.767000
1001           7.047000
1002          13.153000
1003           5.767000
1004           5.767000
1005           5.767000
1006           7.047000
1007          13.153000
1008           5.767000
1009           5.767000
1010           5.767000
1011           7.047000
1012          13.153000
1013           5.767000
1014           5.767000
1015           5.767000
1016           7.047000
1017          13.153000
1018           5.767000
1019           5.767000
1020           5.767000
1021           7.047000
1022          13.153000
1023           5.767000
1024           5.767000
1025           5.767000
1026           7.047000
1027          13.153000
1028           5.767000
1029           5.767000
1030           5.767000
1031           7.047000
1032          13.153000
1033           5.767000
1034           5.767000
1035           5.767000
1036           7.047000
1037          13.153000
1038           5.767000
1039           5.767000
1040           5.767000
1041           7.047000
1042          13.153000
1043           5.767000
1044           5.767000
1045           5.767000
1046           7.047000
1047          13.153000
1048           5.767000
1049           5.767000
1050           5.767000
1051           7.047000
1052          13.153000
1053           5.767000
1054           5.767000
1055           5.767000
1056           7.047000
1057          13.153000
1058           5.767000
1059           5.767000
1060           5.767000
1061           7.047000
1062          13.153000
1063           5.767000
1064           5.767000
1065           5.767000
1066           7.047000
1067          13.153000
1068           5.767000
1069           5.767000
1070           5.767000
1071           7.047000
1072          13.153000
1073           5.767000
1074           5.767000
1075           5.767000
1076           7.047000
1077          13.153000
1078           5.767000
1079           5.767000
1080           5.767000
1081           7.047000
1082          13.153000
1083           5.767000
1084           5.767000
1085           5.767000
1086           7.047000
1087          13.153000
1088           5.767000
1089           5.767000
1090           5.767000
1091           7.047000
1092          13.153000
1093           5.767000
1094           5.767000
1095           5.767000
1096           7.047000
1097          13.153000
1098           5.767000
1099           5.767000
1100           5.767000
1101           7.047000
1102          13.153000
1103           5.767000
1104           5.767000
1105           5.767000
1106           7.047000
1107          13.153000
1108           5.767000
1109           5.767000
1110           5.767000
1111           7.047000
1112          13.153000
1113           5.767000
1114           5.767000
1115           5.767000
1116           7.047000
1117          13.153000
1118           5.767000
1119           5.767000
1120           5.767000
1121           7.047000
1122          13.153000
1123           5.767000
1124           5.767000
1125           5.767000
1126           7.047000
1127          13.153000
1128           5.767000
1129           5.767000
1130           5.767000
1131           7.047000
1132          13.153000
1133           5.767000
1134           5.767000
1135           5.767000
1136           7.047000
1137          13.153000
1138           5.767000
1139           5.767000
1140           5.767000
1141           7.047000
1142          13.153000
1143           5.767000
1144           5.767000
1145           5.767000
1146           7.047000
1147          13.153000
1148           5.767000
1149           5.767000
1150           5.767000
1151           7.047000
1152          13.153000
1153           5.767000
1154           5.767000
1155           5.767000
1156           7.047000
1157          13.153000
1158           5.767000
1159           5.767000
1160           5.767000

 @ End Reading Mol Info 


 @ Begin Energy Calculation

TOL:    0.000000000100000
                                         SCF ENERGY
------------------------------------------------------------------------------------------------------------------------
NCYC       ENERGY         DELTA_E      SCF_TIME  DII_CYC   DII_TIME   O_TIME  DIAG_TIME    MAX_ERR    RMS_CHG    MAX_CHG
------------------------------------------------------------------------------------------------------------------------
  1  -2940.817958677      ------        23.161     1        3.41     19.73      2.46    0.2162E+01  0.1071E-01  0.5440E+00
  2  -2925.860797675  -.149572E+02      59.681     2        3.12     56.54      2.44    0.2737E+00  0.5415E-02  0.4515E+00
  3  -2924.245434202  -.161536E+01      60.512     3        3.22     57.27      2.49    0.5148E+00  0.3599E-02  0.3778E+00
  4  -2927.158491883  0.291306E+01      59.909     4        3.24     56.66      2.49    0.1411E+00  0.1011E-02  0.1241E+00
  5  -2927.366091713  0.207600E+00      59.906     5        3.23     56.66      2.45    0.4699E-01  0.2889E-03  0.3560E-01
  6  -2927.381586865  0.154952E-01      59.936     6        3.26     56.66      2.46    0.1894E-01  0.1183E-03  0.1469E-01
  7  -2927.384217437  0.263057E-02      59.996     7        3.33     56.65      2.49    0.8479E-02  0.4500E-04  0.6090E-02
  8  -2927.384568165  0.350727E-03      60.141     8        3.46     56.66      2.55    0.2370E-02  0.1628E-04  0.1755E-02
  9  -2927.384636508  0.683429E-04      60.036     9        3.36     56.66      2.45    0.7439E-03  0.4536E-05  0.5021E-03
 10  -2927.384639934  0.342634E-05      60.074    10        3.39     56.67      2.45    0.1647E-03  0.1700E-05  0.1522E-03
 11  -2927.384640347  0.413618E-06      61.128     1        4.45     56.66      2.44    0.7835E-04  0.6611E-06  0.5772E-04
------------------------------------------------------------------------------------------------------------------------
 REACH CONVERGENCE AFTER  11 CYLCES
 MAX ERROR = 0.783493E-04   RMS CHANGE = 0.661143E-06   MAX CHANGE = 0.577154E-04
 -----------------------------------------------
ALPHA ELECTRON DENSITY    =  223.0008179670
BETA ELECTRON DENSITY     =  223.0008179670
ELECTRONIC ENERGY    =-12594.454515017
CORE_CORE REPULSION  =  9667.069874670
TOTAL ENERGY         = -2927.384640347

 @ End Energy calculation


 @ Begin Zmake conversion

  
 Z-MATRIX:

   ATOM  ELEMENTAL  BOND LENGTH    BOND ANGLE    DIHEDRAL ANGLE
  NUMBER  SYMBOL    (ANGSTROMS)    (DEGREES)       (DEGREES)
     I                 I-NA         I-NA-NB        I-NA-NB-NC      NA   NB   NC

     1      C        0.00000  0     0.00000  0      0.00000  0      0    0    0
     2      C        1.58405  1     0.00000  0      0.00000  0      1    0    0
     3      C        2.63068  1    33.11856  1      0.00000  0      1    2    0
     4      C        3.14866  1    56.88710  1     28.65112  1      1    2    3
     5      C        2.46299  1    82.56116  1     41.52511  1      1    2    3
     6      C        1.50700  1   107.14229  1     15.90325  1      1    2    3
     7      C        4.33259  1    67.11610  1     15.56372  1      1    2    3
     8      C        3.95941  1    18.52140  1    -10.31996  1      1    2    3
     9      C        5.18864  1    57.26077  1      3.07893  1      1    2    3
    10      O        5.36906  1    70.02834  1     28.26051  1      1    2    3
    11      O        4.55136  1    58.09756  1    -15.46631  1      1    2    3
    12      C        5.88226  1    43.74756  1     11.58705  1      1    2    3
    13      C        6.05942  1    37.43143  1     -7.88715  1      1    2    3
    14      C        7.00196  1    43.96934  1    -16.16534  1      1    2    3
    15      O        4.31631  1     2.87815  1    -20.06136  1      1    2    3
    16      O        5.26456  1    27.37298  1    -19.98035  1      1    2    3
    17      C        6.49902  1    63.54634  1     -1.99000  1      1    2    3
    18      C        7.37380  1    55.17224  1     -9.95672  1      1    2    3
    19      O        2.66804  1    78.02398  1     74.29093  1      1    2    3
    20      C        3.56390  1    92.85978  1     87.25535  1      1    2    3
    21      O        4.59661  1    84.99291  1     90.75693  1      1    2    3
    22      C        3.68122  1   116.03266  1     93.59935  1      1    2    3
    23      C        3.44127  1   106.12261  1     37.04034  1      1    2    3
    24      O        2.67786  1   130.15308  1     31.50437  1      1    2    3
    25      O        2.43126  1    34.55261  1   -114.09417  1      1    2    3
    26      O        5.51855  1    46.57145  1    -56.11016  1      1    2    3
    27      C        6.78150  1    46.89948  1    -62.36893  1      1    2    3
    28      O        7.42648  1    55.01555  1    -63.51828  1      1    2    3
    29      C        7.53481  1    36.57099  1    -65.88045  1      1    2    3
    30      C        7.97918  1    43.46015  1    -29.00159  1      1    2    3
    31      O        8.67210  1    55.01955  1     -3.86044  1      1    2    3
    32      C        9.78166  1    56.23334  1     -9.35089  1      1    2    3
    33      O        9.88252  1    57.80144  1    -17.45711  1      1    2    3
    34      C       11.00692  1    56.21977  1     -3.49241  1      1    2    3
    35      C       12.25012  1    57.04857  1     -8.58433  1      1    2    3
    36      C       13.52910  1    58.08586  1     -4.38374  1      1    2    3
    37      C       13.65556  1    59.48320  1      2.21563  1      1    2    3
    38      C       14.91376  1    61.15974  1      4.09419  1      1    2    3
    39      C       15.97934  1    61.19878  1      0.35858  1      1    2    3
    40      C       15.88906  1    59.79551  1     -5.12408  1      1    2    3
    41      C       14.71670  1    58.32383  1     -7.80459  1      1    2    3
    42      O       11.20367  1    50.30622  1      1.84952  1      1    2    3
    43      N       12.54912  1    52.45162  1    -14.29029  1      1    2    3
    44      C       12.58793  1    53.12540  1    -22.11548  1      1    2    3
    45      O       12.96147  1    49.07432  1    -26.35251  1      1    2    3
    46      C       12.29605  1    59.37816  1    -25.35455  1      1    2    3
    47      C       12.56569  1    64.91139  1    -22.02811  1      1    2    3
    48      C       12.19060  1    70.60145  1    -24.63191  1      1    2    3
    49      C       11.59183  1    71.24380  1    -30.98540  1      1    2    3
    50      C       11.45502  1    65.72369  1    -35.31280  1      1    2    3
    51      C       11.81478  1    59.64193  1    -32.50336  1      1    2    3
    52      C        6.33193  1    78.91264  1     25.04247  1      1    2    3
    53      O        6.30219  1    87.82023  1     18.42653  1      1    2    3
    54      C        7.64657  1    75.87206  1     29.73007  1      1    2    3
    55      C        8.01425  1    67.78133  1     35.47981  1      1    2    3
    56      C        9.37485  1    67.22079  1     37.21041  1      1    2    3
    57      C       10.27497  1    72.71919  1     34.26880  1      1    2    3
    58      C        9.98552  1    79.17873  1     30.00073  1      1    2    3
    59      C        8.72641  1    81.52857  1     27.42101  1      1    2    3
    60      C        7.36262  1    47.53257  1     16.14230  1      1    2    3
    61      C        5.68118  1    37.24894  1     33.23079  1      1    2    3
    62      H        2.80175  1    48.63994  1    -25.19451  1      1    2    3
    63      H        3.77894  1    52.26815  1     45.37122  1      1    2    3
    64      H        2.20740  1    27.17198  1    124.30037  1      1    2    3
    65      H        1.07755  1   106.08579  1   -104.53669  1      1    2    3
    66      H        1.07529  1   109.68243  1    135.87876  1      1    2    3
    67      H        2.15143  1    98.27422  1    -11.26004  1      1    2    3
    68      H        4.27804  1    79.77125  1      8.49869  1      1    2    3
    69      H        5.23731  1    55.57232  1    -24.50683  1      1    2    3
    70      H        5.29565  1    37.14021  1    -50.96168  1      1    2    3
    71      H        6.37185  1    71.19130  1     -8.25742  1      1    2    3
    72      H        7.16468  1    66.51047  1      5.01940  1      1    2    3
    73      H        7.67858  1    59.27308  1    -17.90728  1      1    2    3
    74      H        3.53984  1   127.48002  1     78.83384  1      1    2    3
    75      H        3.34273  1   119.42895  1    112.32250  1      1    2    3
    76      H        4.75357  1   115.92020  1     95.73578  1      1    2    3
    77      H        4.16912  1   108.15900  1     49.40792  1      1    2    3
    78      H        4.12277  1   103.62025  1     24.15774  1      1    2    3
    79      H        2.83510  1    43.32375  1   -141.75460  1      1    2    3
    80      H        7.43040  1    30.98829  1    -54.86453  1      1    2    3
    81      H        7.34993  1    34.14085  1    -79.54741  1      1    2    3
    82      H        8.56456  1    38.53354  1    -65.78368  1      1    2    3
    83      H        8.57218  1    37.16948  1    -29.52218  1      1    2    3
    84      H        7.70187  1    45.82970  1    -39.28332  1      1    2    3
    85      H        8.75036  1    48.48845  1    -26.72603  1      1    2    3
    86      H       10.98973  1    60.93455  1      0.20134  1      1    2    3
    87      H       12.11624  1    61.41149  1    -11.43348  1      1    2    3
    88      H       12.87278  1    59.26108  1      5.87373  1      1    2    3
    89      H       15.12082  1    62.44622  1      8.39831  1      1    2    3
    90      H       16.93927  1    62.33720  1      1.70405  1      1    2    3
    91      H       16.79412  1    59.91778  1     -7.44260  1      1    2    3
    92      H       14.78391  1    57.39717  1    -12.58457  1      1    2    3
    93      H       10.54575  1    49.92461  1      6.69328  1      1    2    3
    94      H       12.86245  1    48.40588  1    -12.32329  1      1    2    3
    95      H       13.19182  1    65.05450  1    -17.76960  1      1    2    3
    96      H       12.49174  1    74.65258  1    -21.99719  1      1    2    3
    97      H       11.40843  1    76.17407  1    -32.85410  1      1    2    3
    98      H       11.20602  1    66.39483  1    -41.06227  1      1    2    3
    99      H       11.85021  1    55.38418  1    -36.03047  1      1    2    3
   100      H        7.38959  1    62.01478  1     38.66590  1      1    2    3
   101      H        9.83152  1    62.48832  1     40.90130  1      1    2    3
   102      H       11.31272  1    71.88560  1     35.46452  1      1    2    3
   103      H       10.83910  1    82.45269  1     28.58017  1      1    2    3
   104      H        8.67365  1    87.46224  1     23.60630  1      1    2    3
   105      H        8.08414  1    44.44346  1      9.15393  1      1    2    3
   106      H        7.60938  1    55.54187  1     15.89048  1      1    2    3
   107      H        7.69377  1    45.53873  1     26.53416  1      1    2    3
   108      H        5.93785  1    46.07150  1     41.58966  1      1    2    3
   109      H        4.88456  1    31.34770  1     42.05678  1      1    2    3
   110      H        6.56794  1    31.53164  1     35.25662  1      1    2    3

 @ End Zmake conversion


 @ Output Timing Infomration

------------- TIMING ---------------
INITIAL GUESS TIME =    12.746274000(  1.92%)
TOTAL SCF TIME     =   643.342476000( 96.68%)
      TOTAL OP TIME      =   605.680363000( 91.02%)
            TOTAL 1e TIME      =    18.861741000(  2.83%)
            TOTAL 2e TIME      =   522.296231000( 78.49%)
            TOTAL Exchange TIME=    64.253072000(  9.66%)
            TOTAL ENERGY TIME  =     0.133385000(  0.02%)
      TOTAL DII TIME     =    37.477742000(  5.63%)
            TOTAL DIAG TIME    =    27.156432000(  4.08%)
TOTAL TIME         =   665.437791000
------------------------------------
 Job cpu time:  0 days  0 hours 11 minutes  5.4 seconds.

 @ Finish Output Timing Infomration

 Normal Terminatation. Task Finished on: Fri Aug  9 15:27:56 2019
